2024-12-15 23:00:21,832 - INFO - Logs will be saved to finetuing_results/logs/2024-12-15_23-00-21
2024-12-15 23:00:21,833 - INFO - Loading dataset...
2024-12-15 23:00:21,840 - INFO - Dataset loaded successfully
2024-12-15 23:00:21,840 - INFO - Initializing model and trainer...
2024-12-15 23:00:24,267 - INFO - Starting training...
2024-12-15 23:00:31,731 - INFO - Epoch 1/40:
2024-12-15 23:00:31,732 - INFO -   Train Loss: 24.555368
2024-12-15 23:00:31,732 - INFO -   Val Loss: 25.390089
2024-12-15 23:00:38,588 - INFO - Epoch 2/40:
2024-12-15 23:00:38,589 - INFO -   Train Loss: 24.527453
2024-12-15 23:00:38,589 - INFO -   Val Loss: 25.357529
2024-12-15 23:00:45,442 - INFO - Epoch 3/40:
2024-12-15 23:00:45,442 - INFO -   Train Loss: 24.488422
2024-12-15 23:00:45,442 - INFO -   Val Loss: 25.311646
2024-12-15 23:00:52,303 - INFO - Epoch 4/40:
2024-12-15 23:00:52,303 - INFO -   Train Loss: 24.434892
2024-12-15 23:00:52,303 - INFO -   Val Loss: 25.247893
2024-12-15 23:00:59,170 - INFO - Epoch 5/40:
2024-12-15 23:00:59,171 - INFO -   Train Loss: 24.359807
2024-12-15 23:00:59,171 - INFO -   Val Loss: 25.160498
2024-12-15 23:01:06,044 - INFO - Epoch 6/40:
2024-12-15 23:01:06,044 - INFO -   Train Loss: 24.254311
2024-12-15 23:01:06,044 - INFO -   Val Loss: 25.036377
2024-12-15 23:01:12,910 - INFO - Epoch 7/40:
2024-12-15 23:01:12,910 - INFO -   Train Loss: 24.111365
2024-12-15 23:01:12,910 - INFO -   Val Loss: 24.874492
2024-12-15 23:01:19,784 - INFO - Epoch 8/40:
2024-12-15 23:01:19,784 - INFO -   Train Loss: 23.922486
2024-12-15 23:01:19,784 - INFO -   Val Loss: 24.660241
2024-12-15 23:01:26,663 - INFO - Epoch 9/40:
2024-12-15 23:01:26,663 - INFO -   Train Loss: 23.677829
2024-12-15 23:01:26,663 - INFO -   Val Loss: 24.391025
2024-12-15 23:01:33,536 - INFO - Epoch 10/40:
2024-12-15 23:01:33,536 - INFO -   Train Loss: 23.372572
2024-12-15 23:01:33,536 - INFO -   Val Loss: 24.059284
2024-12-15 23:01:40,406 - INFO - Epoch 11/40:
2024-12-15 23:01:40,406 - INFO -   Train Loss: 23.002906
2024-12-15 23:01:40,406 - INFO -   Val Loss: 23.663514
2024-12-15 23:01:47,270 - INFO - Epoch 12/40:
2024-12-15 23:01:47,270 - INFO -   Train Loss: 22.571168
2024-12-15 23:01:47,271 - INFO -   Val Loss: 23.209896
2024-12-15 23:01:54,147 - INFO - Epoch 13/40:
2024-12-15 23:01:54,147 - INFO -   Train Loss: 22.081541
2024-12-15 23:01:54,148 - INFO -   Val Loss: 22.702679
2024-12-15 23:02:01,019 - INFO - Epoch 14/40:
2024-12-15 23:02:01,019 - INFO -   Train Loss: 21.540702
2024-12-15 23:02:01,019 - INFO -   Val Loss: 22.152281
2024-12-15 23:02:07,892 - INFO - Epoch 15/40:
2024-12-15 23:02:07,892 - INFO -   Train Loss: 20.956251
2024-12-15 23:02:07,892 - INFO -   Val Loss: 21.562540
2024-12-15 23:02:14,766 - INFO - Epoch 16/40:
2024-12-15 23:02:14,767 - INFO -   Train Loss: 20.343709
2024-12-15 23:02:14,767 - INFO -   Val Loss: 20.965000
2024-12-15 23:02:21,645 - INFO - Epoch 17/40:
2024-12-15 23:02:21,646 - INFO -   Train Loss: 19.719715
2024-12-15 23:02:21,646 - INFO -   Val Loss: 20.356615
2024-12-15 23:02:28,524 - INFO - Epoch 18/40:
2024-12-15 23:02:28,526 - INFO -   Train Loss: 19.088588
2024-12-15 23:02:28,526 - INFO -   Val Loss: 19.750205
2024-12-15 23:02:35,401 - INFO - Epoch 19/40:
2024-12-15 23:02:35,401 - INFO -   Train Loss: 18.461951
2024-12-15 23:02:35,401 - INFO -   Val Loss: 19.155792
2024-12-15 23:02:42,264 - INFO - Epoch 20/40:
2024-12-15 23:02:42,264 - INFO -   Train Loss: 17.868199
2024-12-15 23:02:42,264 - INFO -   Val Loss: 18.588401
2024-12-15 23:02:49,116 - INFO - Epoch 21/40:
2024-12-15 23:02:49,116 - INFO -   Train Loss: 17.280356
2024-12-15 23:02:49,116 - INFO -   Val Loss: 18.047663
2024-12-15 23:02:55,985 - INFO - Epoch 22/40:
2024-12-15 23:02:55,986 - INFO -   Train Loss: 16.735601
2024-12-15 23:02:55,986 - INFO -   Val Loss: 17.533386
2024-12-15 23:03:02,848 - INFO - Epoch 23/40:
2024-12-15 23:03:02,848 - INFO -   Train Loss: 16.225711
2024-12-15 23:03:02,848 - INFO -   Val Loss: 17.065867
2024-12-15 23:03:09,710 - INFO - Epoch 24/40:
2024-12-15 23:03:09,710 - INFO -   Train Loss: 15.768325
2024-12-15 23:03:09,710 - INFO -   Val Loss: 16.639677
2024-12-15 23:03:16,580 - INFO - Epoch 25/40:
2024-12-15 23:03:16,580 - INFO -   Train Loss: 15.339669
2024-12-15 23:03:16,580 - INFO -   Val Loss: 16.249760
2024-12-15 23:03:23,455 - INFO - Epoch 26/40:
2024-12-15 23:03:23,456 - INFO -   Train Loss: 14.952383
2024-12-15 23:03:23,456 - INFO -   Val Loss: 15.902344
2024-12-15 23:03:30,324 - INFO - Epoch 27/40:
2024-12-15 23:03:30,325 - INFO -   Train Loss: 14.615667
2024-12-15 23:03:30,325 - INFO -   Val Loss: 15.597582
2024-12-15 23:03:37,197 - INFO - Epoch 28/40:
2024-12-15 23:03:37,197 - INFO -   Train Loss: 14.314955
2024-12-15 23:03:37,197 - INFO -   Val Loss: 15.330198
2024-12-15 23:03:44,068 - INFO - Epoch 29/40:
2024-12-15 23:03:44,069 - INFO -   Train Loss: 14.056665
2024-12-15 23:03:44,069 - INFO -   Val Loss: 15.098116
2024-12-15 23:03:50,935 - INFO - Epoch 30/40:
2024-12-15 23:03:50,935 - INFO -   Train Loss: 13.833579
2024-12-15 23:03:50,935 - INFO -   Val Loss: 14.901412
2024-12-15 23:03:57,806 - INFO - Epoch 31/40:
2024-12-15 23:03:57,807 - INFO -   Train Loss: 13.649700
2024-12-15 23:03:57,807 - INFO -   Val Loss: 14.739984
2024-12-15 23:04:04,676 - INFO - Epoch 32/40:
2024-12-15 23:04:04,676 - INFO -   Train Loss: 13.496754
2024-12-15 23:04:04,676 - INFO -   Val Loss: 14.608488
2024-12-15 23:04:11,547 - INFO - Epoch 33/40:
2024-12-15 23:04:11,547 - INFO -   Train Loss: 13.367664
2024-12-15 23:04:11,547 - INFO -   Val Loss: 14.499357
2024-12-15 23:04:18,398 - INFO - Epoch 34/40:
2024-12-15 23:04:18,399 - INFO -   Train Loss: 13.271487
2024-12-15 23:04:18,399 - INFO -   Val Loss: 14.416870
2024-12-15 23:04:25,262 - INFO - Epoch 35/40:
2024-12-15 23:04:25,262 - INFO -   Train Loss: 13.193662
2024-12-15 23:04:25,262 - INFO -   Val Loss: 14.352711
2024-12-15 23:04:32,134 - INFO - Epoch 36/40:
2024-12-15 23:04:32,134 - INFO -   Train Loss: 13.138101
2024-12-15 23:04:32,134 - INFO -   Val Loss: 14.307814
2024-12-15 23:04:39,008 - INFO - Epoch 37/40:
2024-12-15 23:04:39,009 - INFO -   Train Loss: 13.097830
2024-12-15 23:04:39,009 - INFO -   Val Loss: 14.275018
2024-12-15 23:04:45,874 - INFO - Epoch 38/40:
2024-12-15 23:04:45,875 - INFO -   Train Loss: 13.069476
2024-12-15 23:04:45,875 - INFO -   Val Loss: 14.252949
2024-12-15 23:04:52,751 - INFO - Epoch 39/40:
2024-12-15 23:04:52,752 - INFO -   Train Loss: 13.050528
2024-12-15 23:04:52,752 - INFO -   Val Loss: 14.238004
2024-12-15 23:04:59,625 - INFO - Epoch 40/40:
2024-12-15 23:04:59,627 - INFO -   Train Loss: 13.036825
2024-12-15 23:04:59,627 - INFO -   Val Loss: 14.226355
2024-12-15 23:04:59,639 - INFO - Model saved to finetuing_results/checkpoints/chgnet_finetuned.pth
2024-12-15 23:05:00,105 - INFO - Training curves saved to finetuing_results/training_curves.png
2024-12-15 23:05:00,105 - INFO - Training completed successfully
2024-12-15 23:11:25,302 - INFO - Logs will be saved to finetuing_results/logs/2024-12-15_23-11-25
2024-12-15 23:11:25,302 - INFO - Loading dataset...
2024-12-15 23:11:25,309 - INFO - Dataset loaded successfully
2024-12-15 23:11:25,309 - INFO - Initializing model and trainer...
2024-12-15 23:11:26,385 - INFO - Starting training...
2024-12-15 23:11:35,455 - INFO - Epoch 1/25:
2024-12-15 23:11:35,455 - INFO -   Train Loss: 24.581219
2024-12-15 23:11:35,455 - INFO -   Val Loss: 22.374509
2024-12-15 23:11:44,120 - INFO - Epoch 2/25:
2024-12-15 23:11:44,120 - INFO -   Train Loss: 24.577906
2024-12-15 23:11:44,120 - INFO -   Val Loss: 22.371270
2024-12-15 23:11:52,794 - INFO - Epoch 3/25:
2024-12-15 23:11:52,794 - INFO -   Train Loss: 24.574678
2024-12-15 23:11:52,794 - INFO -   Val Loss: 22.368045
2024-12-15 23:12:01,480 - INFO - Epoch 4/25:
2024-12-15 23:12:01,480 - INFO -   Train Loss: 24.571496
2024-12-15 23:12:01,480 - INFO -   Val Loss: 22.364870
2024-12-15 23:12:10,167 - INFO - Epoch 5/25:
2024-12-15 23:12:10,167 - INFO -   Train Loss: 24.568374
2024-12-15 23:12:10,167 - INFO -   Val Loss: 22.361755
2024-12-15 23:12:18,846 - INFO - Epoch 6/25:
2024-12-15 23:12:18,846 - INFO -   Train Loss: 24.565305
2024-12-15 23:12:18,846 - INFO -   Val Loss: 22.358704
2024-12-15 23:12:27,535 - INFO - Epoch 7/25:
2024-12-15 23:12:27,535 - INFO -   Train Loss: 24.562300
2024-12-15 23:12:27,536 - INFO -   Val Loss: 22.355727
2024-12-15 23:12:36,206 - INFO - Epoch 8/25:
2024-12-15 23:12:36,206 - INFO -   Train Loss: 24.559449
2024-12-15 23:12:36,206 - INFO -   Val Loss: 22.352910
2024-12-15 23:12:44,862 - INFO - Epoch 9/25:
2024-12-15 23:12:44,862 - INFO -   Train Loss: 24.556697
2024-12-15 23:12:44,862 - INFO -   Val Loss: 22.350224
2024-12-15 23:12:53,519 - INFO - Epoch 10/25:
2024-12-15 23:12:53,519 - INFO -   Train Loss: 24.554076
2024-12-15 23:12:53,519 - INFO -   Val Loss: 22.347685
2024-12-15 23:13:02,169 - INFO - Epoch 11/25:
2024-12-15 23:13:02,169 - INFO -   Train Loss: 24.551689
2024-12-15 23:13:02,169 - INFO -   Val Loss: 22.345363
2024-12-15 23:13:10,833 - INFO - Epoch 12/25:
2024-12-15 23:13:10,833 - INFO -   Train Loss: 24.549486
2024-12-15 23:13:10,833 - INFO -   Val Loss: 22.343222
2024-12-15 23:13:19,460 - INFO - Epoch 13/25:
2024-12-15 23:13:19,460 - INFO -   Train Loss: 24.547464
2024-12-15 23:13:19,460 - INFO -   Val Loss: 22.341266
2024-12-15 23:13:28,091 - INFO - Epoch 14/25:
2024-12-15 23:13:28,093 - INFO -   Train Loss: 24.545683
2024-12-15 23:13:28,093 - INFO -   Val Loss: 22.339575
2024-12-15 23:13:36,720 - INFO - Epoch 15/25:
2024-12-15 23:13:36,720 - INFO -   Train Loss: 24.544101
2024-12-15 23:13:36,720 - INFO -   Val Loss: 22.338093
2024-12-15 23:13:45,339 - INFO - Epoch 16/25:
2024-12-15 23:13:45,339 - INFO -   Train Loss: 24.542732
2024-12-15 23:13:45,339 - INFO -   Val Loss: 22.336821
2024-12-15 23:13:53,972 - INFO - Epoch 17/25:
2024-12-15 23:13:53,972 - INFO -   Train Loss: 24.541596
2024-12-15 23:13:53,972 - INFO -   Val Loss: 22.335786
2024-12-15 23:14:02,582 - INFO - Epoch 18/25:
2024-12-15 23:14:02,583 - INFO -   Train Loss: 24.540666
2024-12-15 23:14:02,583 - INFO -   Val Loss: 22.334944
2024-12-15 23:14:11,180 - INFO - Epoch 19/25:
2024-12-15 23:14:11,181 - INFO -   Train Loss: 24.539923
2024-12-15 23:14:11,181 - INFO -   Val Loss: 22.334290
2024-12-15 23:14:19,816 - INFO - Epoch 20/25:
2024-12-15 23:14:19,816 - INFO -   Train Loss: 24.539354
2024-12-15 23:14:19,816 - INFO -   Val Loss: 22.333798
2024-12-15 23:14:28,432 - INFO - Epoch 21/25:
2024-12-15 23:14:28,432 - INFO -   Train Loss: 24.538942
2024-12-15 23:14:28,432 - INFO -   Val Loss: 22.333454
2024-12-15 23:14:37,046 - INFO - Epoch 22/25:
2024-12-15 23:14:37,046 - INFO -   Train Loss: 24.538658
2024-12-15 23:14:37,046 - INFO -   Val Loss: 22.333225
2024-12-15 23:14:45,660 - INFO - Epoch 23/25:
2024-12-15 23:14:45,660 - INFO -   Train Loss: 24.538479
2024-12-15 23:14:45,660 - INFO -   Val Loss: 22.333088
2024-12-15 23:14:54,302 - INFO - Epoch 24/25:
2024-12-15 23:14:54,302 - INFO -   Train Loss: 24.538378
2024-12-15 23:14:54,302 - INFO -   Val Loss: 22.333013
2024-12-15 23:15:02,923 - INFO - Epoch 25/25:
2024-12-15 23:15:02,924 - INFO -   Train Loss: 24.538321
2024-12-15 23:15:02,924 - INFO -   Val Loss: 22.332970
2024-12-15 23:15:02,931 - INFO - Model saved to finetuing_results/checkpoints/chgnet_finetuned.pth
2024-12-15 23:15:03,288 - INFO - Training curves saved to finetuing_results/training_curves.png
2024-12-15 23:15:03,289 - INFO - Training completed successfully
2024-12-15 23:24:14,997 - INFO - Logs will be saved to finetuing_results/logs/2024-12-15_23-24-14
2024-12-15 23:24:14,997 - INFO - Loading dataset...
2024-12-15 23:24:15,004 - INFO - Dataset loaded successfully
2024-12-15 23:24:15,004 - INFO - Initializing model and trainer...
2024-12-15 23:24:16,048 - INFO - Starting training...
2024-12-15 23:24:22,800 - INFO - Epoch 1/25:
2024-12-15 23:24:22,801 - INFO -   Train Loss: 24.201174
2024-12-15 23:24:22,801 - INFO -   Val Loss: 25.355093
2024-12-15 23:24:29,166 - INFO - Epoch 2/25:
2024-12-15 23:24:29,166 - INFO -   Train Loss: 24.186972
2024-12-15 23:24:29,166 - INFO -   Val Loss: 25.340383
2024-12-15 23:24:35,560 - INFO - Epoch 3/25:
2024-12-15 23:24:35,560 - INFO -   Train Loss: 24.171465
2024-12-15 23:24:35,560 - INFO -   Val Loss: 25.324081
2024-12-15 23:24:41,861 - INFO - Epoch 4/25:
2024-12-15 23:24:41,862 - INFO -   Train Loss: 24.154241
2024-12-15 23:24:41,862 - INFO -   Val Loss: 25.305653
2024-12-15 23:24:48,143 - INFO - Epoch 5/25:
2024-12-15 23:24:48,144 - INFO -   Train Loss: 24.134038
2024-12-15 23:24:48,144 - INFO -   Val Loss: 25.284607
2024-12-15 23:24:54,399 - INFO - Epoch 6/25:
2024-12-15 23:24:54,399 - INFO -   Train Loss: 24.111424
2024-12-15 23:24:54,399 - INFO -   Val Loss: 25.260862
2024-12-15 23:25:00,714 - INFO - Epoch 7/25:
2024-12-15 23:25:00,714 - INFO -   Train Loss: 24.086066
2024-12-15 23:25:00,714 - INFO -   Val Loss: 25.234777
2024-12-15 23:25:07,011 - INFO - Epoch 8/25:
2024-12-15 23:25:07,012 - INFO -   Train Loss: 24.058440
2024-12-15 23:25:07,012 - INFO -   Val Loss: 25.206848
2024-12-15 23:25:13,293 - INFO - Epoch 9/25:
2024-12-15 23:25:13,294 - INFO -   Train Loss: 24.028251
2024-12-15 23:25:13,294 - INFO -   Val Loss: 25.177006
2024-12-15 23:25:19,661 - INFO - Epoch 10/25:
2024-12-15 23:25:19,662 - INFO -   Train Loss: 23.997332
2024-12-15 23:25:19,662 - INFO -   Val Loss: 25.146001
2024-12-15 23:25:26,005 - INFO - Epoch 11/25:
2024-12-15 23:25:26,005 - INFO -   Train Loss: 23.965006
2024-12-15 23:25:26,005 - INFO -   Val Loss: 25.114249
2024-12-15 23:25:32,323 - INFO - Epoch 12/25:
2024-12-15 23:25:32,323 - INFO -   Train Loss: 23.932469
2024-12-15 23:25:32,323 - INFO -   Val Loss: 25.083156
2024-12-15 23:25:38,667 - INFO - Epoch 13/25:
2024-12-15 23:25:38,667 - INFO -   Train Loss: 23.900713
2024-12-15 23:25:38,667 - INFO -   Val Loss: 25.052957
2024-12-15 23:25:45,037 - INFO - Epoch 14/25:
2024-12-15 23:25:45,037 - INFO -   Train Loss: 23.870793
2024-12-15 23:25:45,037 - INFO -   Val Loss: 25.024965
2024-12-15 23:25:51,486 - INFO - Epoch 15/25:
2024-12-15 23:25:51,486 - INFO -   Train Loss: 23.843019
2024-12-15 23:25:51,486 - INFO -   Val Loss: 24.999378
2024-12-15 23:25:57,912 - INFO - Epoch 16/25:
2024-12-15 23:25:57,912 - INFO -   Train Loss: 23.817874
2024-12-15 23:25:57,912 - INFO -   Val Loss: 24.976541
2024-12-15 23:26:04,314 - INFO - Epoch 17/25:
2024-12-15 23:26:04,314 - INFO -   Train Loss: 23.796365
2024-12-15 23:26:04,314 - INFO -   Val Loss: 24.957549
2024-12-15 23:26:10,720 - INFO - Epoch 18/25:
2024-12-15 23:26:10,721 - INFO -   Train Loss: 23.778302
2024-12-15 23:26:10,721 - INFO -   Val Loss: 24.941800
2024-12-15 23:26:17,098 - INFO - Epoch 19/25:
2024-12-15 23:26:17,098 - INFO -   Train Loss: 23.763834
2024-12-15 23:26:17,098 - INFO -   Val Loss: 24.929467
2024-12-15 23:26:23,441 - INFO - Epoch 20/25:
2024-12-15 23:26:23,442 - INFO -   Train Loss: 23.752727
2024-12-15 23:26:23,442 - INFO -   Val Loss: 24.920291
2024-12-15 23:26:29,739 - INFO - Epoch 21/25:
2024-12-15 23:26:29,739 - INFO -   Train Loss: 23.744610
2024-12-15 23:26:29,739 - INFO -   Val Loss: 24.913858
2024-12-15 23:26:36,143 - INFO - Epoch 22/25:
2024-12-15 23:26:36,143 - INFO -   Train Loss: 23.739167
2024-12-15 23:26:36,143 - INFO -   Val Loss: 24.909672
2024-12-15 23:26:42,548 - INFO - Epoch 23/25:
2024-12-15 23:26:42,548 - INFO -   Train Loss: 23.735771
2024-12-15 23:26:42,548 - INFO -   Val Loss: 24.907182
2024-12-15 23:26:48,917 - INFO - Epoch 24/25:
2024-12-15 23:26:48,917 - INFO -   Train Loss: 23.733819
2024-12-15 23:26:48,918 - INFO -   Val Loss: 24.905830
2024-12-15 23:26:55,294 - INFO - Epoch 25/25:
2024-12-15 23:26:55,294 - INFO -   Train Loss: 23.732755
2024-12-15 23:26:55,295 - INFO -   Val Loss: 24.905054
2024-12-15 23:26:55,303 - INFO - Model saved to finetuing_results/checkpoints/chgnet_finetuned.pth
2024-12-15 23:26:55,714 - INFO - Training curves saved to finetuing_results/training_curves.png
2024-12-15 23:26:55,714 - INFO - Training completed successfully
2024-12-15 23:28:05,217 - INFO - Logs will be saved to finetuing_results/logs/2024-12-15_23-28-05
2024-12-15 23:28:05,217 - INFO - Loading dataset...
2024-12-15 23:28:05,224 - INFO - Dataset loaded successfully
2024-12-15 23:28:05,224 - INFO - Initializing model and trainer...
2024-12-15 23:28:06,297 - INFO - Starting training...
2024-12-15 23:28:12,920 - INFO - Epoch 1/25:
2024-12-15 23:28:12,921 - INFO -   Train Loss: 24.679513
2024-12-15 23:28:12,921 - INFO -   Val Loss: 25.057814
2024-12-15 23:28:19,190 - INFO - Epoch 2/25:
2024-12-15 23:28:19,190 - INFO -   Train Loss: 24.110319
2024-12-15 23:28:19,190 - INFO -   Val Loss: 23.978959
2024-12-15 23:28:25,457 - INFO - Epoch 3/25:
2024-12-15 23:28:25,457 - INFO -   Train Loss: 22.044828
2024-12-15 23:28:25,457 - INFO -   Val Loss: 20.507366
2024-12-15 23:28:31,648 - INFO - Epoch 4/25:
2024-12-15 23:28:31,648 - INFO -   Train Loss: 16.693011
2024-12-15 23:28:31,648 - INFO -   Val Loss: 13.126779
2024-12-15 23:28:37,883 - INFO - Epoch 5/25:
2024-12-15 23:28:37,884 - INFO -   Train Loss: 8.966231
2024-12-15 23:28:37,884 - INFO -   Val Loss: 5.230252
2024-12-15 23:28:44,135 - INFO - Epoch 6/25:
2024-12-15 23:28:44,135 - INFO -   Train Loss: 5.491963
2024-12-15 23:28:44,136 - INFO -   Val Loss: 3.433261
2024-12-15 23:28:50,359 - INFO - Epoch 7/25:
2024-12-15 23:28:50,359 - INFO -   Train Loss: 5.183974
2024-12-15 23:28:50,359 - INFO -   Val Loss: 3.495410
2024-12-15 23:28:56,548 - INFO - Epoch 8/25:
2024-12-15 23:28:56,549 - INFO -   Train Loss: 5.078476
2024-12-15 23:28:56,549 - INFO -   Val Loss: 3.486653
2024-12-15 23:29:02,765 - INFO - Epoch 9/25:
2024-12-15 23:29:02,765 - INFO -   Train Loss: 4.972613
2024-12-15 23:29:02,765 - INFO -   Val Loss: 3.552754
2024-12-15 23:29:08,951 - INFO - Epoch 10/25:
2024-12-15 23:29:08,951 - INFO -   Train Loss: 4.890025
2024-12-15 23:29:08,951 - INFO -   Val Loss: 3.471340
2024-12-15 23:29:15,169 - INFO - Epoch 11/25:
2024-12-15 23:29:15,170 - INFO -   Train Loss: 4.661260
2024-12-15 23:29:15,170 - INFO -   Val Loss: 3.326536
2024-12-15 23:29:21,369 - INFO - Epoch 12/25:
2024-12-15 23:29:21,369 - INFO -   Train Loss: 4.235641
2024-12-15 23:29:21,369 - INFO -   Val Loss: 3.112789
2024-12-15 23:29:27,588 - INFO - Epoch 13/25:
2024-12-15 23:29:27,588 - INFO -   Train Loss: 3.690534
2024-12-15 23:29:27,588 - INFO -   Val Loss: 3.101761
2024-12-15 23:29:33,810 - INFO - Epoch 14/25:
2024-12-15 23:29:33,811 - INFO -   Train Loss: 3.424691
2024-12-15 23:29:33,811 - INFO -   Val Loss: 3.055384
2024-12-15 23:29:40,036 - INFO - Epoch 15/25:
2024-12-15 23:29:40,037 - INFO -   Train Loss: 3.113085
2024-12-15 23:29:40,037 - INFO -   Val Loss: 3.101880
2024-12-15 23:29:46,273 - INFO - Epoch 16/25:
2024-12-15 23:29:46,274 - INFO -   Train Loss: 2.857739
2024-12-15 23:29:46,274 - INFO -   Val Loss: 3.158953
2024-12-15 23:29:52,546 - INFO - Epoch 17/25:
2024-12-15 23:29:52,546 - INFO -   Train Loss: 2.640555
2024-12-15 23:29:52,546 - INFO -   Val Loss: 3.137317
2024-12-15 23:29:58,804 - INFO - Epoch 18/25:
2024-12-15 23:29:58,804 - INFO -   Train Loss: 2.411040
2024-12-15 23:29:58,804 - INFO -   Val Loss: 3.031571
2024-12-15 23:30:04,992 - INFO - Epoch 19/25:
2024-12-15 23:30:04,992 - INFO -   Train Loss: 2.341169
2024-12-15 23:30:04,992 - INFO -   Val Loss: 3.119656
2024-12-15 23:30:11,179 - INFO - Epoch 20/25:
2024-12-15 23:30:11,180 - INFO -   Train Loss: 2.213108
2024-12-15 23:30:11,180 - INFO -   Val Loss: 3.182766
2024-12-15 23:30:17,375 - INFO - Epoch 21/25:
2024-12-15 23:30:17,375 - INFO -   Train Loss: 2.136898
2024-12-15 23:30:17,375 - INFO -   Val Loss: 3.241500
2024-12-15 23:30:23,562 - INFO - Epoch 22/25:
2024-12-15 23:30:23,562 - INFO -   Train Loss: 2.080986
2024-12-15 23:30:23,562 - INFO -   Val Loss: 3.241044
2024-12-15 23:30:29,760 - INFO - Epoch 23/25:
2024-12-15 23:30:29,760 - INFO -   Train Loss: 2.047563
2024-12-15 23:30:29,760 - INFO -   Val Loss: 3.233992
2024-12-15 23:30:35,979 - INFO - Epoch 24/25:
2024-12-15 23:30:35,979 - INFO -   Train Loss: 2.030289
2024-12-15 23:30:35,980 - INFO -   Val Loss: 3.242196
2024-12-15 23:30:42,224 - INFO - Epoch 25/25:
2024-12-15 23:30:42,224 - INFO -   Train Loss: 2.018842
2024-12-15 23:30:42,224 - INFO -   Val Loss: 3.243225
2024-12-15 23:30:42,232 - INFO - Model saved to finetuing_results/checkpoints/chgnet_finetuned.pth
2024-12-15 23:30:42,632 - INFO - Training curves saved to finetuing_results/training_curves.png
2024-12-15 23:30:42,633 - INFO - Training completed successfully
2024-12-15 23:31:55,556 - INFO - Logs will be saved to finetuing_results/logs/2024-12-15_23-31-55
2024-12-15 23:31:55,556 - INFO - Loading dataset...
2024-12-15 23:31:55,563 - INFO - Dataset loaded successfully
2024-12-15 23:31:55,563 - INFO - Initializing model and trainer...
2024-12-15 23:31:56,624 - INFO - Starting training...
2024-12-15 23:32:03,320 - INFO - Epoch 1/18:
2024-12-15 23:32:03,320 - INFO -   Train Loss: 24.461902
2024-12-15 23:32:03,320 - INFO -   Val Loss: 21.037044
2024-12-15 23:32:09,621 - INFO - Epoch 2/18:
2024-12-15 23:32:09,621 - INFO -   Train Loss: 23.692886
2024-12-15 23:32:09,621 - INFO -   Val Loss: 19.633942
2024-12-15 23:32:15,956 - INFO - Epoch 3/18:
2024-12-15 23:32:15,957 - INFO -   Train Loss: 20.057121
2024-12-15 23:32:15,957 - INFO -   Val Loss: 13.810640
2024-12-15 23:32:22,189 - INFO - Epoch 4/18:
2024-12-15 23:32:22,189 - INFO -   Train Loss: 11.202104
2024-12-15 23:32:22,189 - INFO -   Val Loss: 5.761063
2024-12-15 23:32:28,453 - INFO - Epoch 5/18:
2024-12-15 23:32:28,454 - INFO -   Train Loss: 5.126862
2024-12-15 23:32:28,454 - INFO -   Val Loss: 5.595955
2024-12-15 23:32:34,749 - INFO - Epoch 6/18:
2024-12-15 23:32:34,749 - INFO -   Train Loss: 4.734043
2024-12-15 23:32:34,749 - INFO -   Val Loss: 5.757663
2024-12-15 23:32:41,056 - INFO - Epoch 7/18:
2024-12-15 23:32:41,056 - INFO -   Train Loss: 4.529693
2024-12-15 23:32:41,056 - INFO -   Val Loss: 5.762952
2024-12-15 23:32:47,394 - INFO - Epoch 8/18:
2024-12-15 23:32:47,394 - INFO -   Train Loss: 4.493369
2024-12-15 23:32:47,395 - INFO -   Val Loss: 5.839955
2024-12-15 23:32:53,696 - INFO - Epoch 9/18:
2024-12-15 23:32:53,696 - INFO -   Train Loss: 4.360538
2024-12-15 23:32:53,696 - INFO -   Val Loss: 5.828286
2024-12-15 23:32:59,998 - INFO - Epoch 10/18:
2024-12-15 23:32:59,998 - INFO -   Train Loss: 4.293996
2024-12-15 23:32:59,998 - INFO -   Val Loss: 5.890294
2024-12-15 23:33:06,276 - INFO - Epoch 11/18:
2024-12-15 23:33:06,276 - INFO -   Train Loss: 4.128866
2024-12-15 23:33:06,276 - INFO -   Val Loss: 5.860294
2024-12-15 23:33:12,603 - INFO - Epoch 12/18:
2024-12-15 23:33:12,603 - INFO -   Train Loss: 4.008195
2024-12-15 23:33:12,603 - INFO -   Val Loss: 5.766534
2024-12-15 23:33:18,912 - INFO - Epoch 13/18:
2024-12-15 23:33:18,912 - INFO -   Train Loss: 3.905576
2024-12-15 23:33:18,912 - INFO -   Val Loss: 5.801286
2024-12-15 23:33:25,245 - INFO - Epoch 14/18:
2024-12-15 23:33:25,246 - INFO -   Train Loss: 3.812193
2024-12-15 23:33:25,246 - INFO -   Val Loss: 5.758825
2024-12-15 23:33:31,585 - INFO - Epoch 15/18:
2024-12-15 23:33:31,586 - INFO -   Train Loss: 3.736093
2024-12-15 23:33:31,586 - INFO -   Val Loss: 5.698383
2024-12-15 23:33:37,886 - INFO - Epoch 16/18:
2024-12-15 23:33:37,886 - INFO -   Train Loss: 3.677501
2024-12-15 23:33:37,886 - INFO -   Val Loss: 5.692711
2024-12-15 23:33:44,135 - INFO - Epoch 17/18:
2024-12-15 23:33:44,135 - INFO -   Train Loss: 3.651671
2024-12-15 23:33:44,135 - INFO -   Val Loss: 5.697001
2024-12-15 23:33:50,435 - INFO - Epoch 18/18:
2024-12-15 23:33:50,436 - INFO -   Train Loss: 3.641794
2024-12-15 23:33:50,436 - INFO -   Val Loss: 5.695783
2024-12-15 23:33:50,443 - INFO - Model saved to finetuing_results/checkpoints/chgnet_finetuned.pth
2024-12-15 23:33:50,860 - INFO - Training curves saved to finetuing_results/training_curves.png
2024-12-15 23:33:50,860 - INFO - Training completed successfully
2024-12-15 23:34:32,686 - INFO - Logs will be saved to finetuing_results/logs/2024-12-15_23-34-32
2024-12-15 23:34:32,687 - INFO - Loading dataset...
2024-12-15 23:34:32,694 - INFO - Dataset loaded successfully
2024-12-15 23:34:32,694 - INFO - Initializing model and trainer...
2024-12-15 23:34:35,075 - INFO - Starting training...
2024-12-15 23:34:44,049 - INFO - Epoch 1/20:
2024-12-15 23:34:44,049 - INFO -   Train Loss: 24.316395
2024-12-15 23:34:44,049 - INFO -   Val Loss: 22.860501
2024-12-15 23:34:52,635 - INFO - Epoch 2/20:
2024-12-15 23:34:52,635 - INFO -   Train Loss: 18.933674
2024-12-15 23:34:52,635 - INFO -   Val Loss: 9.406520
2024-12-15 23:35:01,245 - INFO - Epoch 3/20:
2024-12-15 23:35:01,245 - INFO -   Train Loss: 5.826523
2024-12-15 23:35:01,245 - INFO -   Val Loss: 5.731201
2024-12-15 23:35:09,881 - INFO - Epoch 4/20:
2024-12-15 23:35:09,882 - INFO -   Train Loss: 5.045880
2024-12-15 23:35:09,882 - INFO -   Val Loss: 5.914835
2024-12-15 23:35:18,496 - INFO - Epoch 5/20:
2024-12-15 23:35:18,496 - INFO -   Train Loss: 4.909779
2024-12-15 23:35:18,496 - INFO -   Val Loss: 6.149411
2024-12-15 23:35:27,113 - INFO - Epoch 6/20:
2024-12-15 23:35:27,113 - INFO -   Train Loss: 4.612354
2024-12-15 23:35:27,113 - INFO -   Val Loss: 6.182272
2024-12-15 23:35:35,720 - INFO - Epoch 7/20:
2024-12-15 23:35:35,721 - INFO -   Train Loss: 4.318116
2024-12-15 23:35:35,721 - INFO -   Val Loss: 6.425262
2024-12-15 23:35:44,343 - INFO - Epoch 8/20:
2024-12-15 23:35:44,343 - INFO -   Train Loss: 3.939211
2024-12-15 23:35:44,343 - INFO -   Val Loss: 6.151427
2024-12-15 23:35:52,931 - INFO - Epoch 9/20:
2024-12-15 23:35:52,931 - INFO -   Train Loss: 3.402372
2024-12-15 23:35:52,931 - INFO -   Val Loss: 5.917734
2024-12-15 23:36:01,470 - INFO - Epoch 10/20:
2024-12-15 23:36:01,471 - INFO -   Train Loss: 2.930869
2024-12-15 23:36:01,472 - INFO -   Val Loss: 5.788406
2024-12-15 23:36:10,012 - INFO - Epoch 11/20:
2024-12-15 23:36:10,012 - INFO -   Train Loss: 2.467548
2024-12-15 23:36:10,012 - INFO -   Val Loss: 5.620971
2024-12-15 23:36:18,587 - INFO - Epoch 12/20:
2024-12-15 23:36:18,587 - INFO -   Train Loss: 2.128637
2024-12-15 23:36:18,587 - INFO -   Val Loss: 5.876557
2024-12-15 23:36:27,188 - INFO - Epoch 13/20:
2024-12-15 23:36:27,188 - INFO -   Train Loss: 1.930426
2024-12-15 23:36:27,188 - INFO -   Val Loss: 5.550344
2024-12-15 23:36:35,781 - INFO - Epoch 14/20:
2024-12-15 23:36:35,781 - INFO -   Train Loss: 1.831605
2024-12-15 23:36:35,781 - INFO -   Val Loss: 5.549583
2024-12-15 23:36:44,366 - INFO - Epoch 15/20:
2024-12-15 23:36:44,367 - INFO -   Train Loss: 1.623178
2024-12-15 23:36:44,367 - INFO -   Val Loss: 5.630326
2024-12-15 23:36:52,943 - INFO - Epoch 16/20:
2024-12-15 23:36:52,944 - INFO -   Train Loss: 1.547672
2024-12-15 23:36:52,944 - INFO -   Val Loss: 5.828844
2024-12-15 23:37:01,521 - INFO - Epoch 17/20:
2024-12-15 23:37:01,521 - INFO -   Train Loss: 1.501892
2024-12-15 23:37:01,521 - INFO -   Val Loss: 5.817667
2024-12-15 23:37:10,116 - INFO - Epoch 18/20:
2024-12-15 23:37:10,116 - INFO -   Train Loss: 1.437576
2024-12-15 23:37:10,116 - INFO -   Val Loss: 5.748289
2024-12-15 23:37:18,717 - INFO - Epoch 19/20:
2024-12-15 23:37:18,717 - INFO -   Train Loss: 1.403330
2024-12-15 23:37:18,717 - INFO -   Val Loss: 5.751871
2024-12-15 23:37:27,310 - INFO - Epoch 20/20:
2024-12-15 23:37:27,310 - INFO -   Train Loss: 1.385841
2024-12-15 23:37:27,310 - INFO -   Val Loss: 5.750254
2024-12-15 23:37:27,323 - INFO - Model saved to finetuing_results/checkpoints/chgnet_finetuned.pth
2024-12-15 23:37:27,782 - INFO - Training curves saved to finetuing_results/training_curves.png
2024-12-15 23:37:27,782 - INFO - Training completed successfully
2024-12-15 23:42:36,069 - INFO - Logs will be saved to finetuing_results/logs/2024-12-15_23-42-36
2024-12-15 23:42:36,070 - INFO - Loading dataset...
2024-12-15 23:42:36,078 - INFO - Dataset loaded successfully
2024-12-15 23:42:36,078 - INFO - Initializing model and trainer...
2024-12-15 23:42:38,496 - INFO - Starting training...
2024-12-15 23:42:38,572 - ERROR - Training failed: 's'
2024-12-15 23:42:38,572 - ERROR - Program failed: 's'
2024-12-15 23:44:01,697 - INFO - Logs will be saved to finetuing_results/logs/2024-12-15_23-44-01
2024-12-15 23:44:01,697 - INFO - Loading dataset...
2024-12-15 23:44:01,704 - INFO - Dataset loaded successfully
2024-12-15 23:44:01,704 - INFO - Initializing model and trainer...
2024-12-15 23:44:02,776 - INFO - Starting training...
2024-12-15 23:44:11,657 - INFO - Epoch 1/25:
2024-12-15 23:44:11,657 - INFO -   Train Loss: 24.595950
2024-12-15 23:44:11,657 - INFO -   Val Loss: 22.956339
2024-12-15 23:44:20,150 - INFO - Epoch 2/25:
2024-12-15 23:44:20,150 - INFO -   Train Loss: 24.561332
2024-12-15 23:44:20,150 - INFO -   Val Loss: 22.919466
2024-12-15 23:44:28,558 - INFO - Epoch 3/25:
2024-12-15 23:44:28,558 - INFO -   Train Loss: 24.520529
2024-12-15 23:44:28,558 - INFO -   Val Loss: 22.874623
2024-12-15 23:44:37,041 - INFO - Epoch 4/25:
2024-12-15 23:44:37,041 - INFO -   Train Loss: 24.469779
2024-12-15 23:44:37,041 - INFO -   Val Loss: 22.817825
2024-12-15 23:44:45,539 - INFO - Epoch 5/25:
2024-12-15 23:44:45,539 - INFO -   Train Loss: 24.404069
2024-12-15 23:44:45,539 - INFO -   Val Loss: 22.745503
2024-12-15 23:44:54,040 - INFO - Epoch 6/25:
2024-12-15 23:44:54,040 - INFO -   Train Loss: 24.320119
2024-12-15 23:44:54,040 - INFO -   Val Loss: 22.653703
2024-12-15 23:45:02,537 - INFO - Epoch 7/25:
2024-12-15 23:45:02,538 - INFO -   Train Loss: 24.215364
2024-12-15 23:45:02,538 - INFO -   Val Loss: 22.540665
2024-12-15 23:45:11,054 - INFO - Epoch 8/25:
2024-12-15 23:45:11,054 - INFO -   Train Loss: 24.086364
2024-12-15 23:45:11,054 - INFO -   Val Loss: 22.406524
2024-12-15 23:45:19,547 - INFO - Epoch 9/25:
2024-12-15 23:45:19,547 - INFO -   Train Loss: 23.939414
2024-12-15 23:45:19,547 - INFO -   Val Loss: 22.251321
2024-12-15 23:45:28,057 - INFO - Epoch 10/25:
2024-12-15 23:45:28,057 - INFO -   Train Loss: 23.770218
2024-12-15 23:45:28,057 - INFO -   Val Loss: 22.080391
2024-12-15 23:45:36,579 - INFO - Epoch 11/25:
2024-12-15 23:45:36,579 - INFO -   Train Loss: 23.592302
2024-12-15 23:45:36,579 - INFO -   Val Loss: 21.901609
2024-12-15 23:45:45,100 - INFO - Epoch 12/25:
2024-12-15 23:45:45,100 - INFO -   Train Loss: 23.408017
2024-12-15 23:45:45,100 - INFO -   Val Loss: 21.718385
2024-12-15 23:45:53,630 - INFO - Epoch 13/25:
2024-12-15 23:45:53,630 - INFO -   Train Loss: 23.224299
2024-12-15 23:45:53,630 - INFO -   Val Loss: 21.539969
2024-12-15 23:46:02,137 - INFO - Epoch 14/25:
2024-12-15 23:46:02,137 - INFO -   Train Loss: 23.047614
2024-12-15 23:46:02,137 - INFO -   Val Loss: 21.373102
2024-12-15 23:46:10,599 - INFO - Epoch 15/25:
2024-12-15 23:46:10,599 - INFO -   Train Loss: 22.883725
2024-12-15 23:46:10,599 - INFO -   Val Loss: 21.218074
2024-12-15 23:46:19,088 - INFO - Epoch 16/25:
2024-12-15 23:46:19,088 - INFO -   Train Loss: 22.736090
2024-12-15 23:46:19,088 - INFO -   Val Loss: 21.083107
2024-12-15 23:46:27,598 - INFO - Epoch 17/25:
2024-12-15 23:46:27,598 - INFO -   Train Loss: 22.609937
2024-12-15 23:46:27,598 - INFO -   Val Loss: 20.970800
2024-12-15 23:46:36,117 - INFO - Epoch 18/25:
2024-12-15 23:46:36,118 - INFO -   Train Loss: 22.504116
2024-12-15 23:46:36,118 - INFO -   Val Loss: 20.877338
2024-12-15 23:46:44,625 - INFO - Epoch 19/25:
2024-12-15 23:46:44,625 - INFO -   Train Loss: 22.420427
2024-12-15 23:46:44,626 - INFO -   Val Loss: 20.805368
2024-12-15 23:46:53,142 - INFO - Epoch 20/25:
2024-12-15 23:46:53,143 - INFO -   Train Loss: 22.357742
2024-12-15 23:46:53,143 - INFO -   Val Loss: 20.752383
2024-12-15 23:47:01,657 - INFO - Epoch 21/25:
2024-12-15 23:47:01,657 - INFO -   Train Loss: 22.311221
2024-12-15 23:47:01,657 - INFO -   Val Loss: 20.714889
2024-12-15 23:47:10,177 - INFO - Epoch 22/25:
2024-12-15 23:47:10,177 - INFO -   Train Loss: 22.280839
2024-12-15 23:47:10,177 - INFO -   Val Loss: 20.691208
2024-12-15 23:47:20,455 - INFO - Logs will be saved to finetuing_results/logs/2024-12-15_23-47-20
2024-12-15 23:47:20,456 - INFO - Loading dataset...
2024-12-15 23:47:20,462 - INFO - Dataset loaded successfully
2024-12-15 23:47:20,462 - INFO - Initializing model and trainer...
2024-12-15 23:47:21,511 - INFO - Starting training...
2024-12-15 23:47:30,242 - INFO - Epoch 1/100:
2024-12-15 23:47:30,243 - INFO -   Train Loss: 24.517502
2024-12-15 23:47:30,243 - INFO -   Val Loss: 24.541114
2024-12-15 23:47:38,577 - INFO - Epoch 2/100:
2024-12-15 23:47:38,577 - INFO -   Train Loss: 24.489851
2024-12-15 23:47:38,577 - INFO -   Val Loss: 24.510442
2024-12-15 23:47:46,922 - INFO - Epoch 3/100:
2024-12-15 23:47:46,922 - INFO -   Train Loss: 24.454163
2024-12-15 23:47:46,922 - INFO -   Val Loss: 24.467881
2024-12-15 23:47:55,277 - INFO - Epoch 4/100:
2024-12-15 23:47:55,277 - INFO -   Train Loss: 24.402991
2024-12-15 23:47:55,277 - INFO -   Val Loss: 24.405475
2024-12-15 23:48:03,621 - INFO - Epoch 5/100:
2024-12-15 23:48:03,622 - INFO -   Train Loss: 24.326723
2024-12-15 23:48:03,622 - INFO -   Val Loss: 24.311669
2024-12-15 23:48:11,965 - INFO - Epoch 6/100:
2024-12-15 23:48:11,965 - INFO -   Train Loss: 24.210103
2024-12-15 23:48:11,965 - INFO -   Val Loss: 24.173624
2024-12-15 23:48:20,312 - INFO - Epoch 7/100:
2024-12-15 23:48:20,312 - INFO -   Train Loss: 24.045226
2024-12-15 23:48:20,312 - INFO -   Val Loss: 23.971914
2024-12-15 23:48:28,653 - INFO - Epoch 8/100:
2024-12-15 23:48:28,654 - INFO -   Train Loss: 23.791925
2024-12-15 23:48:28,654 - INFO -   Val Loss: 23.675741
2024-12-15 23:48:36,987 - INFO - Epoch 9/100:
2024-12-15 23:48:36,987 - INFO -   Train Loss: 23.438090
2024-12-15 23:48:36,987 - INFO -   Val Loss: 23.253255
2024-12-15 23:48:45,337 - INFO - Epoch 10/100:
2024-12-15 23:48:45,337 - INFO -   Train Loss: 22.937861
2024-12-15 23:48:45,337 - INFO -   Val Loss: 22.660868
2024-12-15 23:48:53,691 - INFO - Epoch 11/100:
2024-12-15 23:48:53,691 - INFO -   Train Loss: 22.238832
2024-12-15 23:48:53,691 - INFO -   Val Loss: 21.858031
2024-12-15 23:49:02,037 - INFO - Epoch 12/100:
2024-12-15 23:49:02,038 - INFO -   Train Loss: 21.323143
2024-12-15 23:49:02,038 - INFO -   Val Loss: 20.823176
2024-12-15 23:49:10,395 - INFO - Epoch 13/100:
2024-12-15 23:49:10,395 - INFO -   Train Loss: 20.184188
2024-12-15 23:49:10,395 - INFO -   Val Loss: 19.568160
2024-12-15 23:49:18,774 - INFO - Epoch 14/100:
2024-12-15 23:49:18,774 - INFO -   Train Loss: 18.824587
2024-12-15 23:49:18,774 - INFO -   Val Loss: 18.083025
2024-12-15 23:49:27,118 - INFO - Epoch 15/100:
2024-12-15 23:49:27,118 - INFO -   Train Loss: 17.294034
2024-12-15 23:49:27,118 - INFO -   Val Loss: 16.482580
2024-12-15 23:49:35,465 - INFO - Epoch 16/100:
2024-12-15 23:49:35,465 - INFO -   Train Loss: 15.650474
2024-12-15 23:49:35,465 - INFO -   Val Loss: 14.831336
2024-12-15 23:49:43,807 - INFO - Epoch 17/100:
2024-12-15 23:49:43,807 - INFO -   Train Loss: 13.961753
2024-12-15 23:49:43,807 - INFO -   Val Loss: 13.111849
2024-12-15 23:49:52,145 - INFO - Epoch 18/100:
2024-12-15 23:49:52,146 - INFO -   Train Loss: 12.300864
2024-12-15 23:49:52,146 - INFO -   Val Loss: 11.421074
2024-12-15 23:50:00,493 - INFO - Epoch 19/100:
2024-12-15 23:50:00,493 - INFO -   Train Loss: 10.722957
2024-12-15 23:50:00,493 - INFO -   Val Loss: 9.784906
2024-12-15 23:50:08,824 - INFO - Epoch 20/100:
2024-12-15 23:50:08,825 - INFO -   Train Loss: 9.305573
2024-12-15 23:50:08,825 - INFO -   Val Loss: 8.237903
2024-12-15 23:50:17,160 - INFO - Epoch 21/100:
2024-12-15 23:50:17,160 - INFO -   Train Loss: 8.110407
2024-12-15 23:50:17,160 - INFO -   Val Loss: 7.113192
2024-12-15 23:50:25,494 - INFO - Epoch 22/100:
2024-12-15 23:50:25,494 - INFO -   Train Loss: 7.125490
2024-12-15 23:50:25,494 - INFO -   Val Loss: 6.383507
2024-12-15 23:50:33,843 - INFO - Epoch 23/100:
2024-12-15 23:50:33,843 - INFO -   Train Loss: 6.311026
2024-12-15 23:50:33,843 - INFO -   Val Loss: 5.759757
2024-12-15 23:50:42,191 - INFO - Epoch 24/100:
2024-12-15 23:50:42,191 - INFO -   Train Loss: 5.842298
2024-12-15 23:50:42,191 - INFO -   Val Loss: 5.219098
2024-12-15 23:50:50,536 - INFO - Epoch 25/100:
2024-12-15 23:50:50,536 - INFO -   Train Loss: 5.488780
2024-12-15 23:50:50,536 - INFO -   Val Loss: 4.790779
2024-12-15 23:50:58,880 - INFO - Epoch 26/100:
2024-12-15 23:50:58,880 - INFO -   Train Loss: 5.272035
2024-12-15 23:50:58,880 - INFO -   Val Loss: 4.424226
2024-12-15 23:51:07,221 - INFO - Epoch 27/100:
2024-12-15 23:51:07,222 - INFO -   Train Loss: 5.091726
2024-12-15 23:51:07,222 - INFO -   Val Loss: 4.150862
2024-12-15 23:51:15,567 - INFO - Epoch 28/100:
2024-12-15 23:51:15,568 - INFO -   Train Loss: 4.988977
2024-12-15 23:51:15,568 - INFO -   Val Loss: 3.990613
2024-12-15 23:51:23,899 - INFO - Epoch 29/100:
2024-12-15 23:51:23,900 - INFO -   Train Loss: 4.913696
2024-12-15 23:51:23,900 - INFO -   Val Loss: 3.874568
2024-12-15 23:51:32,244 - INFO - Epoch 30/100:
2024-12-15 23:51:32,244 - INFO -   Train Loss: 4.870266
2024-12-15 23:51:32,244 - INFO -   Val Loss: 3.812445
2024-12-15 23:51:40,591 - INFO - Epoch 31/100:
2024-12-15 23:51:40,592 - INFO -   Train Loss: 4.845899
2024-12-15 23:51:40,592 - INFO -   Val Loss: 3.794154
2024-12-15 23:51:48,943 - INFO - Epoch 32/100:
2024-12-15 23:51:48,944 - INFO -   Train Loss: 4.829153
2024-12-15 23:51:48,944 - INFO -   Val Loss: 3.786206
2024-12-15 23:51:57,287 - INFO - Epoch 33/100:
2024-12-15 23:51:57,287 - INFO -   Train Loss: 4.816062
2024-12-15 23:51:57,287 - INFO -   Val Loss: 3.785892
2024-12-15 23:52:05,628 - INFO - Epoch 34/100:
2024-12-15 23:52:05,628 - INFO -   Train Loss: 4.792112
2024-12-15 23:52:05,628 - INFO -   Val Loss: 3.790335
2024-12-15 23:52:13,968 - INFO - Epoch 35/100:
2024-12-15 23:52:13,968 - INFO -   Train Loss: 4.770820
2024-12-15 23:52:13,968 - INFO -   Val Loss: 3.789366
2024-12-15 23:52:22,307 - INFO - Epoch 36/100:
2024-12-15 23:52:22,307 - INFO -   Train Loss: 4.760304
2024-12-15 23:52:22,307 - INFO -   Val Loss: 3.797723
2024-12-15 23:52:30,644 - INFO - Epoch 37/100:
2024-12-15 23:52:30,644 - INFO -   Train Loss: 4.754544
2024-12-15 23:52:30,644 - INFO -   Val Loss: 3.816743
2024-12-15 23:52:38,990 - INFO - Epoch 38/100:
2024-12-15 23:52:38,990 - INFO -   Train Loss: 4.717750
2024-12-15 23:52:38,990 - INFO -   Val Loss: 3.828931
2024-12-15 23:52:47,336 - INFO - Epoch 39/100:
2024-12-15 23:52:47,336 - INFO -   Train Loss: 4.699398
2024-12-15 23:52:47,336 - INFO -   Val Loss: 3.851079
2024-12-15 23:52:55,685 - INFO - Epoch 40/100:
2024-12-15 23:52:55,685 - INFO -   Train Loss: 4.669081
2024-12-15 23:52:55,685 - INFO -   Val Loss: 3.874162
2024-12-15 23:53:04,024 - INFO - Epoch 41/100:
2024-12-15 23:53:04,024 - INFO -   Train Loss: 4.646699
2024-12-15 23:53:04,024 - INFO -   Val Loss: 3.880427
2024-12-15 23:53:12,387 - INFO - Epoch 42/100:
2024-12-15 23:53:12,387 - INFO -   Train Loss: 4.630150
2024-12-15 23:53:12,387 - INFO -   Val Loss: 3.952973
2024-12-15 23:53:20,725 - INFO - Epoch 43/100:
2024-12-15 23:53:20,725 - INFO -   Train Loss: 4.599038
2024-12-15 23:53:20,725 - INFO -   Val Loss: 3.978903
2024-12-15 23:53:29,069 - INFO - Epoch 44/100:
2024-12-15 23:53:29,069 - INFO -   Train Loss: 4.582146
2024-12-15 23:53:29,069 - INFO -   Val Loss: 4.005447
2024-12-15 23:53:37,411 - INFO - Epoch 45/100:
2024-12-15 23:53:37,412 - INFO -   Train Loss: 4.553837
2024-12-15 23:53:37,412 - INFO -   Val Loss: 4.021840
2024-12-15 23:53:45,761 - INFO - Epoch 46/100:
2024-12-15 23:53:45,763 - INFO -   Train Loss: 4.541281
2024-12-15 23:53:45,763 - INFO -   Val Loss: 4.071742
2024-12-15 23:53:54,103 - INFO - Epoch 47/100:
2024-12-15 23:53:54,104 - INFO -   Train Loss: 4.518428
2024-12-15 23:53:54,104 - INFO -   Val Loss: 4.077574
2024-12-15 23:54:02,445 - INFO - Epoch 48/100:
2024-12-15 23:54:02,445 - INFO -   Train Loss: 4.493256
2024-12-15 23:54:02,445 - INFO -   Val Loss: 4.112587
2024-12-15 23:54:10,779 - INFO - Epoch 49/100:
2024-12-15 23:54:10,779 - INFO -   Train Loss: 4.478718
2024-12-15 23:54:10,779 - INFO -   Val Loss: 4.141296
2024-12-15 23:54:19,110 - INFO - Epoch 50/100:
2024-12-15 23:54:19,110 - INFO -   Train Loss: 4.451212
2024-12-15 23:54:19,110 - INFO -   Val Loss: 4.164079
2024-12-15 23:54:27,460 - INFO - Epoch 51/100:
2024-12-15 23:54:27,460 - INFO -   Train Loss: 4.434413
2024-12-15 23:54:27,460 - INFO -   Val Loss: 4.165195
2024-12-15 23:54:35,810 - INFO - Epoch 52/100:
2024-12-15 23:54:35,810 - INFO -   Train Loss: 4.418203
2024-12-15 23:54:35,810 - INFO -   Val Loss: 4.207941
2024-12-15 23:54:44,154 - INFO - Epoch 53/100:
2024-12-15 23:54:44,155 - INFO -   Train Loss: 4.390080
2024-12-15 23:54:44,155 - INFO -   Val Loss: 4.221805
2024-12-15 23:54:52,504 - INFO - Epoch 54/100:
2024-12-15 23:54:52,505 - INFO -   Train Loss: 4.378098
2024-12-15 23:54:52,505 - INFO -   Val Loss: 4.243675
2024-12-15 23:55:00,856 - INFO - Epoch 55/100:
2024-12-15 23:55:00,856 - INFO -   Train Loss: 4.350987
2024-12-15 23:55:00,856 - INFO -   Val Loss: 4.256811
2024-12-15 23:55:09,195 - INFO - Epoch 56/100:
2024-12-15 23:55:09,195 - INFO -   Train Loss: 4.344355
2024-12-15 23:55:09,196 - INFO -   Val Loss: 4.267270
2024-12-15 23:56:05,816 - INFO - Logs will be saved to finetuing_results/logs/2024-12-15_23-56-05
2024-12-15 23:56:05,816 - INFO - Loading dataset...
2024-12-15 23:56:05,824 - INFO - Dataset loaded successfully
2024-12-15 23:56:05,824 - INFO - Initializing model and trainer...
2024-12-15 23:56:08,198 - INFO - Starting training...
2024-12-15 23:56:17,278 - INFO - Epoch 1/50:
2024-12-15 23:56:17,278 - INFO -   Train Loss: 24.833051
2024-12-15 23:56:17,278 - INFO -   Val Loss: 24.096119
2024-12-15 23:56:25,830 - INFO - Epoch 2/50:
2024-12-15 23:56:25,830 - INFO -   Train Loss: 24.799981
2024-12-15 23:56:25,830 - INFO -   Val Loss: 24.059289
2024-12-15 23:56:34,375 - INFO - Epoch 3/50:
2024-12-15 23:56:34,375 - INFO -   Train Loss: 24.758812
2024-12-15 23:56:34,375 - INFO -   Val Loss: 24.012045
2024-12-15 23:56:42,918 - INFO - Epoch 4/50:
2024-12-15 23:56:42,918 - INFO -   Train Loss: 24.706741
2024-12-15 23:56:42,918 - INFO -   Val Loss: 23.951355
2024-12-15 23:56:51,462 - INFO - Epoch 5/50:
2024-12-15 23:56:51,462 - INFO -   Train Loss: 24.639400
2024-12-15 23:56:51,462 - INFO -   Val Loss: 23.872422
2024-12-15 23:57:00,002 - INFO - Epoch 6/50:
2024-12-15 23:57:00,002 - INFO -   Train Loss: 24.548955
2024-12-15 23:57:00,002 - INFO -   Val Loss: 23.765379
2024-12-15 23:57:08,535 - INFO - Epoch 7/50:
2024-12-15 23:57:08,536 - INFO -   Train Loss: 24.429404
2024-12-15 23:57:08,536 - INFO -   Val Loss: 23.626019
2024-12-15 23:57:17,096 - INFO - Epoch 8/50:
2024-12-15 23:57:17,096 - INFO -   Train Loss: 24.273170
2024-12-15 23:57:17,096 - INFO -   Val Loss: 23.442757
2024-12-15 23:57:25,658 - INFO - Epoch 9/50:
2024-12-15 23:57:25,658 - INFO -   Train Loss: 24.070294
2024-12-15 23:57:25,658 - INFO -   Val Loss: 23.209534
2024-12-15 23:57:34,207 - INFO - Epoch 10/50:
2024-12-15 23:57:34,208 - INFO -   Train Loss: 23.814081
2024-12-15 23:57:34,208 - INFO -   Val Loss: 22.917461
2024-12-15 23:57:42,751 - INFO - Epoch 11/50:
2024-12-15 23:57:42,751 - INFO -   Train Loss: 23.491300
2024-12-15 23:57:42,751 - INFO -   Val Loss: 22.554201
2024-12-15 23:57:51,295 - INFO - Epoch 12/50:
2024-12-15 23:57:51,295 - INFO -   Train Loss: 23.100422
2024-12-15 23:57:51,295 - INFO -   Val Loss: 22.113655
2024-12-15 23:57:59,824 - INFO - Epoch 13/50:
2024-12-15 23:57:59,824 - INFO -   Train Loss: 22.616906
2024-12-15 23:57:59,824 - INFO -   Val Loss: 21.584844
2024-12-15 23:58:08,359 - INFO - Epoch 14/50:
2024-12-15 23:58:08,359 - INFO -   Train Loss: 22.051879
2024-12-15 23:58:08,359 - INFO -   Val Loss: 20.975211
2024-12-15 23:58:16,916 - INFO - Epoch 15/50:
2024-12-15 23:58:16,917 - INFO -   Train Loss: 21.416026
2024-12-15 23:58:16,918 - INFO -   Val Loss: 20.290652
2024-12-15 23:58:25,469 - INFO - Epoch 16/50:
2024-12-15 23:58:25,469 - INFO -   Train Loss: 20.696389
2024-12-15 23:58:25,470 - INFO -   Val Loss: 19.520876
2024-12-15 23:58:34,020 - INFO - Epoch 17/50:
2024-12-15 23:58:34,021 - INFO -   Train Loss: 19.915232
2024-12-15 23:58:34,021 - INFO -   Val Loss: 18.719618
2024-12-15 23:58:42,576 - INFO - Epoch 18/50:
2024-12-15 23:58:42,576 - INFO -   Train Loss: 19.106068
2024-12-15 23:58:42,576 - INFO -   Val Loss: 17.890858
2024-12-15 23:58:51,123 - INFO - Epoch 19/50:
2024-12-15 23:58:51,123 - INFO -   Train Loss: 18.261204
2024-12-15 23:58:51,123 - INFO -   Val Loss: 17.022860
2024-12-15 23:58:59,669 - INFO - Epoch 20/50:
2024-12-15 23:58:59,669 - INFO -   Train Loss: 17.387871
2024-12-15 23:58:59,669 - INFO -   Val Loss: 16.167179
2024-12-15 23:59:08,212 - INFO - Epoch 21/50:
2024-12-15 23:59:08,212 - INFO -   Train Loss: 16.551373
2024-12-15 23:59:08,212 - INFO -   Val Loss: 15.317122
2024-12-15 23:59:16,764 - INFO - Epoch 22/50:
2024-12-15 23:59:16,764 - INFO -   Train Loss: 15.695120
2024-12-15 23:59:16,764 - INFO -   Val Loss: 14.487262
2024-12-15 23:59:25,312 - INFO - Epoch 23/50:
2024-12-15 23:59:25,312 - INFO -   Train Loss: 14.871913
2024-12-15 23:59:25,312 - INFO -   Val Loss: 13.675137
2024-12-15 23:59:33,862 - INFO - Epoch 24/50:
2024-12-15 23:59:33,862 - INFO -   Train Loss: 14.101849
2024-12-15 23:59:33,862 - INFO -   Val Loss: 12.913005
2024-12-15 23:59:42,415 - INFO - Epoch 25/50:
2024-12-15 23:59:42,415 - INFO -   Train Loss: 13.368492
2024-12-15 23:59:42,415 - INFO -   Val Loss: 12.181646
2024-12-15 23:59:50,972 - INFO - Epoch 26/50:
2024-12-15 23:59:50,972 - INFO -   Train Loss: 12.643013
2024-12-15 23:59:50,973 - INFO -   Val Loss: 11.495963
2024-12-15 23:59:59,524 - INFO - Epoch 27/50:
2024-12-15 23:59:59,524 - INFO -   Train Loss: 12.014779
2024-12-15 23:59:59,524 - INFO -   Val Loss: 10.859074
2024-12-16 00:00:08,071 - INFO - Epoch 28/50:
2024-12-16 00:00:08,072 - INFO -   Train Loss: 11.430973
2024-12-16 00:00:08,072 - INFO -   Val Loss: 10.350977
2024-12-16 00:00:16,619 - INFO - Epoch 29/50:
2024-12-16 00:00:16,620 - INFO -   Train Loss: 10.869795
2024-12-16 00:00:16,620 - INFO -   Val Loss: 9.928237
2024-12-16 00:00:25,171 - INFO - Epoch 30/50:
2024-12-16 00:00:25,171 - INFO -   Train Loss: 10.382195
2024-12-16 00:00:25,171 - INFO -   Val Loss: 9.578578
2024-12-16 00:00:33,730 - INFO - Epoch 31/50:
2024-12-16 00:00:33,730 - INFO -   Train Loss: 9.937858
2024-12-16 00:00:33,730 - INFO -   Val Loss: 9.255235
2024-12-16 00:00:42,299 - INFO - Epoch 32/50:
2024-12-16 00:00:42,299 - INFO -   Train Loss: 9.532626
2024-12-16 00:00:42,299 - INFO -   Val Loss: 8.976453
2024-12-16 00:00:50,874 - INFO - Epoch 33/50:
2024-12-16 00:00:50,874 - INFO -   Train Loss: 9.160400
2024-12-16 00:00:50,874 - INFO -   Val Loss: 8.767456
2024-12-16 00:00:59,444 - INFO - Epoch 34/50:
2024-12-16 00:00:59,445 - INFO -   Train Loss: 8.864187
2024-12-16 00:00:59,445 - INFO -   Val Loss: 8.580916
2024-12-16 00:01:08,025 - INFO - Epoch 35/50:
2024-12-16 00:01:08,026 - INFO -   Train Loss: 8.583800
2024-12-16 00:01:08,026 - INFO -   Val Loss: 8.410507
2024-12-16 00:01:16,599 - INFO - Epoch 36/50:
2024-12-16 00:01:16,599 - INFO -   Train Loss: 8.344372
2024-12-16 00:01:16,599 - INFO -   Val Loss: 8.262742
2024-12-16 00:01:25,198 - INFO - Epoch 37/50:
2024-12-16 00:01:25,199 - INFO -   Train Loss: 8.136796
2024-12-16 00:01:25,199 - INFO -   Val Loss: 8.139374
2024-12-16 00:01:33,809 - INFO - Epoch 38/50:
2024-12-16 00:01:33,809 - INFO -   Train Loss: 7.957939
2024-12-16 00:01:33,809 - INFO -   Val Loss: 8.028108
2024-12-16 00:01:42,419 - INFO - Epoch 39/50:
2024-12-16 00:01:42,419 - INFO -   Train Loss: 7.806241
2024-12-16 00:01:42,419 - INFO -   Val Loss: 7.932019
2024-12-16 00:01:50,997 - INFO - Epoch 40/50:
2024-12-16 00:01:50,997 - INFO -   Train Loss: 7.680433
2024-12-16 00:01:50,997 - INFO -   Val Loss: 7.849236
2024-12-16 00:01:59,587 - INFO - Epoch 41/50:
2024-12-16 00:01:59,587 - INFO -   Train Loss: 7.583897
2024-12-16 00:01:59,587 - INFO -   Val Loss: 7.783923
2024-12-16 00:02:08,186 - INFO - Epoch 42/50:
2024-12-16 00:02:08,186 - INFO -   Train Loss: 7.501318
2024-12-16 00:02:08,186 - INFO -   Val Loss: 7.726332
2024-12-16 00:02:16,742 - INFO - Epoch 43/50:
2024-12-16 00:02:16,742 - INFO -   Train Loss: 7.437216
2024-12-16 00:02:16,742 - INFO -   Val Loss: 7.682582
2024-12-16 00:02:25,286 - INFO - Epoch 44/50:
2024-12-16 00:02:25,286 - INFO -   Train Loss: 7.384678
2024-12-16 00:02:25,286 - INFO -   Val Loss: 7.646829
2024-12-16 00:02:33,837 - INFO - Epoch 45/50:
2024-12-16 00:02:33,837 - INFO -   Train Loss: 7.342703
2024-12-16 00:02:33,837 - INFO -   Val Loss: 7.619403
2024-12-16 00:02:42,380 - INFO - Epoch 46/50:
2024-12-16 00:02:42,381 - INFO -   Train Loss: 7.309631
2024-12-16 00:02:42,381 - INFO -   Val Loss: 7.597759
2024-12-16 00:02:50,925 - INFO - Epoch 47/50:
2024-12-16 00:02:50,925 - INFO -   Train Loss: 7.286984
2024-12-16 00:02:50,925 - INFO -   Val Loss: 7.582640
2024-12-16 00:02:59,471 - INFO - Epoch 48/50:
2024-12-16 00:02:59,472 - INFO -   Train Loss: 7.269676
2024-12-16 00:02:59,472 - INFO -   Val Loss: 7.570661
2024-12-16 00:03:08,014 - INFO - Epoch 49/50:
2024-12-16 00:03:08,014 - INFO -   Train Loss: 7.256418
2024-12-16 00:03:08,014 - INFO -   Val Loss: 7.562108
2024-12-16 00:03:16,572 - INFO - Epoch 50/50:
2024-12-16 00:03:16,572 - INFO -   Train Loss: 7.246243
2024-12-16 00:03:16,572 - INFO -   Val Loss: 7.554674
2024-12-16 00:03:16,582 - INFO - Model saved to finetuing_results/checkpoints/chgnet_finetuned.pth
2024-12-16 00:03:17,037 - INFO - Training curves saved to finetuing_results/training_curves.png
2024-12-16 00:03:17,038 - INFO - Training completed successfully
