2024-12-13 11:15:15,402 - INFO - Logs will be saved to finetuning_results/logs/2024-12-13_11-15-15
2024-12-13 11:15:15,402 - INFO - Loading dataset...
2024-12-13 11:15:15,408 - INFO - Dataset loaded successfully
2024-12-13 11:15:15,408 - INFO - Initializing model...
2024-12-13 11:15:15,453 - INFO - Model layers frozen for finetuning
2024-12-13 11:15:16,098 - INFO - Starting finetuning...
2024-12-13 11:15:24,815 - INFO - Epoch 1/100:
2024-12-13 11:15:24,816 - INFO -   Train Loss: 7.603978
2024-12-13 11:15:24,816 - INFO -   Val Loss: 4.664839
2024-12-13 11:15:33,330 - INFO - Epoch 2/100:
2024-12-13 11:15:33,331 - INFO -   Train Loss: 5.790314
2024-12-13 11:15:33,331 - INFO -   Val Loss: 4.295747
2024-12-13 11:15:42,223 - INFO - Epoch 3/100:
2024-12-13 11:15:42,224 - INFO -   Train Loss: 4.554310
2024-12-13 11:15:42,224 - INFO -   Val Loss: 3.940496
2024-12-13 11:15:49,946 - INFO - Epoch 4/100:
2024-12-13 11:15:49,946 - INFO -   Train Loss: 5.322500
2024-12-13 11:15:49,946 - INFO -   Val Loss: 8.027423
2024-12-13 11:15:59,611 - INFO - Epoch 5/100:
2024-12-13 11:15:59,612 - INFO -   Train Loss: 5.131202
2024-12-13 11:15:59,612 - INFO -   Val Loss: 3.727673
2024-12-13 11:16:08,432 - INFO - Epoch 6/100:
2024-12-13 11:16:08,432 - INFO -   Train Loss: 4.056451
2024-12-13 11:16:08,432 - INFO -   Val Loss: 3.430931
2024-12-13 11:16:17,390 - INFO - Epoch 7/100:
2024-12-13 11:16:17,390 - INFO -   Train Loss: 3.488255
2024-12-13 11:16:17,390 - INFO -   Val Loss: 7.879716
2024-12-13 11:16:26,367 - INFO - Epoch 8/100:
2024-12-13 11:16:26,367 - INFO -   Train Loss: 2.820249
2024-12-13 11:16:26,367 - INFO -   Val Loss: 6.157137
2024-12-13 11:16:34,968 - INFO - Epoch 9/100:
2024-12-13 11:16:34,968 - INFO -   Train Loss: 2.250612
2024-12-13 11:16:34,968 - INFO -   Val Loss: 3.387280
2024-12-13 11:16:43,134 - INFO - Epoch 10/100:
2024-12-13 11:16:43,135 - INFO -   Train Loss: 2.597316
2024-12-13 11:16:43,135 - INFO -   Val Loss: 3.838342
2024-12-13 11:16:51,771 - INFO - Epoch 11/100:
2024-12-13 11:16:51,773 - INFO -   Train Loss: 2.287109
2024-12-13 11:16:51,773 - INFO -   Val Loss: 2.987321
2024-12-13 11:16:59,561 - INFO - Epoch 12/100:
2024-12-13 11:16:59,561 - INFO -   Train Loss: 2.249844
2024-12-13 11:16:59,561 - INFO -   Val Loss: 6.007813
2024-12-13 11:17:07,221 - INFO - Epoch 13/100:
2024-12-13 11:17:07,221 - INFO -   Train Loss: 2.223140
2024-12-13 11:17:07,222 - INFO -   Val Loss: 2.801570
2024-12-13 11:17:14,820 - INFO - Epoch 14/100:
2024-12-13 11:17:14,820 - INFO -   Train Loss: 1.911259
2024-12-13 11:17:14,820 - INFO -   Val Loss: 2.791331
2024-12-13 11:17:22,823 - INFO - Epoch 15/100:
2024-12-13 11:17:22,824 - INFO -   Train Loss: 1.766336
2024-12-13 11:17:22,824 - INFO -   Val Loss: 3.966903
2024-12-13 11:17:30,546 - INFO - Epoch 16/100:
2024-12-13 11:17:30,546 - INFO -   Train Loss: 1.899949
2024-12-13 11:17:30,546 - INFO -   Val Loss: 4.370056
2024-12-13 11:17:38,835 - INFO - Epoch 17/100:
2024-12-13 11:17:38,836 - INFO -   Train Loss: 1.434116
2024-12-13 11:17:38,836 - INFO -   Val Loss: 3.697057
2024-12-13 11:17:47,961 - INFO - Epoch 18/100:
2024-12-13 11:17:47,966 - INFO -   Train Loss: 1.248445
2024-12-13 11:17:47,966 - INFO -   Val Loss: 4.417121
2024-12-13 11:17:56,725 - INFO - Epoch 19/100:
2024-12-13 11:17:56,726 - INFO -   Train Loss: 1.827138
2024-12-13 11:17:56,726 - INFO -   Val Loss: 3.817564
2024-12-13 11:18:04,965 - INFO - Epoch 20/100:
2024-12-13 11:18:04,966 - INFO -   Train Loss: 1.223004
2024-12-13 11:18:04,966 - INFO -   Val Loss: 4.952159
2024-12-13 11:18:12,986 - INFO - Epoch 21/100:
2024-12-13 11:18:12,987 - INFO -   Train Loss: 1.701027
2024-12-13 11:18:12,987 - INFO -   Val Loss: 4.117978
2024-12-13 11:18:21,668 - INFO - Epoch 22/100:
2024-12-13 11:18:21,668 - INFO -   Train Loss: 1.379850
2024-12-13 11:18:21,668 - INFO -   Val Loss: 3.763198
2024-12-13 11:18:30,374 - INFO - Epoch 23/100:
2024-12-13 11:18:30,375 - INFO -   Train Loss: 1.090862
2024-12-13 11:18:30,375 - INFO -   Val Loss: 3.509009
2024-12-13 11:18:39,204 - INFO - Epoch 24/100:
2024-12-13 11:18:39,204 - INFO -   Train Loss: 0.904203
2024-12-13 11:18:39,204 - INFO -   Val Loss: 3.774228
2024-12-13 11:18:47,385 - INFO - Epoch 25/100:
2024-12-13 11:18:47,385 - INFO -   Train Loss: 0.778628
2024-12-13 11:18:47,385 - INFO -   Val Loss: 3.677718
2024-12-13 11:18:56,030 - INFO - Epoch 26/100:
2024-12-13 11:18:56,030 - INFO -   Train Loss: 0.920133
2024-12-13 11:18:56,030 - INFO -   Val Loss: 3.298275
2024-12-13 11:19:04,315 - INFO - Epoch 27/100:
2024-12-13 11:19:04,315 - INFO -   Train Loss: 0.959202
2024-12-13 11:19:04,315 - INFO -   Val Loss: 3.589695
2024-12-13 11:19:11,826 - INFO - Epoch 28/100:
2024-12-13 11:19:11,826 - INFO -   Train Loss: 0.915956
2024-12-13 11:19:11,826 - INFO -   Val Loss: 3.336871
2024-12-13 11:19:19,536 - INFO - Epoch 29/100:
2024-12-13 11:19:19,536 - INFO -   Train Loss: 0.831977
2024-12-13 11:19:19,536 - INFO -   Val Loss: 3.376745
2024-12-13 11:19:27,053 - INFO - Epoch 30/100:
2024-12-13 11:19:27,053 - INFO -   Train Loss: 0.870745
2024-12-13 11:19:27,053 - INFO -   Val Loss: 3.497350
2024-12-13 11:19:34,715 - INFO - Epoch 31/100:
2024-12-13 11:19:34,715 - INFO -   Train Loss: 0.753108
2024-12-13 11:19:34,715 - INFO -   Val Loss: 3.458550
2024-12-13 11:19:42,395 - INFO - Epoch 32/100:
2024-12-13 11:19:42,395 - INFO -   Train Loss: 0.573276
2024-12-13 11:19:42,395 - INFO -   Val Loss: 3.056113
2024-12-13 11:19:49,973 - INFO - Epoch 33/100:
2024-12-13 11:19:49,973 - INFO -   Train Loss: 0.582605
2024-12-13 11:19:49,974 - INFO -   Val Loss: 3.827468
2024-12-13 11:19:57,491 - INFO - Epoch 34/100:
2024-12-13 11:19:57,491 - INFO -   Train Loss: 0.462607
2024-12-13 11:19:57,491 - INFO -   Val Loss: 3.551135
2024-12-13 11:20:05,142 - INFO - Epoch 35/100:
2024-12-13 11:20:05,142 - INFO -   Train Loss: 0.381000
2024-12-13 11:20:05,142 - INFO -   Val Loss: 3.363489
2024-12-13 11:20:12,584 - INFO - Epoch 36/100:
2024-12-13 11:20:12,584 - INFO -   Train Loss: 0.395108
2024-12-13 11:20:12,584 - INFO -   Val Loss: 3.549779
2024-12-13 11:20:20,152 - INFO - Epoch 37/100:
2024-12-13 11:20:20,152 - INFO -   Train Loss: 0.563343
2024-12-13 11:20:20,152 - INFO -   Val Loss: 3.950992
2024-12-13 11:20:27,634 - INFO - Epoch 38/100:
2024-12-13 11:20:27,634 - INFO -   Train Loss: 0.464719
2024-12-13 11:20:27,634 - INFO -   Val Loss: 3.625000
2024-12-13 11:20:35,116 - INFO - Epoch 39/100:
2024-12-13 11:20:35,117 - INFO -   Train Loss: 0.470542
2024-12-13 11:20:35,117 - INFO -   Val Loss: 3.738888
2024-12-13 11:20:43,042 - INFO - Epoch 40/100:
2024-12-13 11:20:43,042 - INFO -   Train Loss: 0.291198
2024-12-13 11:20:43,042 - INFO -   Val Loss: 3.712417
2024-12-13 11:20:50,696 - INFO - Epoch 41/100:
2024-12-13 11:20:50,698 - INFO -   Train Loss: 0.235319
2024-12-13 11:20:50,698 - INFO -   Val Loss: 3.520764
2024-12-13 11:20:58,266 - INFO - Epoch 42/100:
2024-12-13 11:20:58,266 - INFO -   Train Loss: 0.199822
2024-12-13 11:20:58,266 - INFO -   Val Loss: 3.617507
2024-12-13 11:21:05,753 - INFO - Epoch 43/100:
2024-12-13 11:21:05,753 - INFO -   Train Loss: 0.165181
2024-12-13 11:21:05,753 - INFO -   Val Loss: 3.704880
2024-12-13 11:21:13,300 - INFO - Epoch 44/100:
2024-12-13 11:21:13,300 - INFO -   Train Loss: 0.202836
2024-12-13 11:21:13,300 - INFO -   Val Loss: 3.551425
2024-12-13 11:21:20,863 - INFO - Epoch 45/100:
2024-12-13 11:21:20,863 - INFO -   Train Loss: 0.142299
2024-12-13 11:21:20,863 - INFO -   Val Loss: 3.548893
2024-12-13 11:21:28,559 - INFO - Epoch 46/100:
2024-12-13 11:21:28,559 - INFO -   Train Loss: 0.143207
2024-12-13 11:21:28,559 - INFO -   Val Loss: 3.522259
2024-12-13 11:21:36,095 - INFO - Epoch 47/100:
2024-12-13 11:21:36,095 - INFO -   Train Loss: 0.155020
2024-12-13 11:21:36,096 - INFO -   Val Loss: 3.498081
2024-12-13 11:21:43,776 - INFO - Epoch 48/100:
2024-12-13 11:21:43,776 - INFO -   Train Loss: 0.142372
2024-12-13 11:21:43,776 - INFO -   Val Loss: 3.599705
2024-12-13 11:21:51,190 - INFO - Epoch 49/100:
2024-12-13 11:21:51,190 - INFO -   Train Loss: 0.102850
2024-12-13 11:21:51,190 - INFO -   Val Loss: 3.600669
2024-12-13 11:21:58,652 - INFO - Epoch 50/100:
2024-12-13 11:21:58,652 - INFO -   Train Loss: 0.134989
2024-12-13 11:21:58,652 - INFO -   Val Loss: 3.563898
2024-12-13 11:22:06,027 - INFO - Epoch 51/100:
2024-12-13 11:22:06,027 - INFO -   Train Loss: 0.147005
2024-12-13 11:22:06,027 - INFO -   Val Loss: 3.629955
2024-12-13 11:22:13,485 - INFO - Epoch 52/100:
2024-12-13 11:22:13,485 - INFO -   Train Loss: 0.153746
2024-12-13 11:22:13,485 - INFO -   Val Loss: 3.645862
2024-12-13 11:22:21,035 - INFO - Epoch 53/100:
2024-12-13 11:22:21,035 - INFO -   Train Loss: 0.142831
2024-12-13 11:22:21,035 - INFO -   Val Loss: 3.584562
2024-12-13 11:22:28,453 - INFO - Epoch 54/100:
2024-12-13 11:22:28,453 - INFO -   Train Loss: 0.157181
2024-12-13 11:22:28,453 - INFO -   Val Loss: 3.501520
2024-12-13 11:22:35,869 - INFO - Epoch 55/100:
2024-12-13 11:22:35,869 - INFO -   Train Loss: 0.124931
2024-12-13 11:22:35,869 - INFO -   Val Loss: 3.674609
2024-12-13 11:22:43,261 - INFO - Epoch 56/100:
2024-12-13 11:22:43,261 - INFO -   Train Loss: 0.125010
2024-12-13 11:22:43,261 - INFO -   Val Loss: 3.517585
2024-12-13 11:22:50,735 - INFO - Epoch 57/100:
2024-12-13 11:22:50,735 - INFO -   Train Loss: 0.095473
2024-12-13 11:22:50,735 - INFO -   Val Loss: 3.521133
2024-12-13 11:22:58,295 - INFO - Epoch 58/100:
2024-12-13 11:22:58,295 - INFO -   Train Loss: 0.083917
2024-12-13 11:22:58,295 - INFO -   Val Loss: 3.554441
2024-12-13 11:23:05,625 - INFO - Epoch 59/100:
2024-12-13 11:23:05,626 - INFO -   Train Loss: 0.062640
2024-12-13 11:23:05,626 - INFO -   Val Loss: 3.540262
2024-12-13 11:23:13,151 - INFO - Epoch 60/100:
2024-12-13 11:23:13,151 - INFO -   Train Loss: 0.089620
2024-12-13 11:23:13,151 - INFO -   Val Loss: 3.628751
2024-12-13 11:23:22,694 - INFO - Epoch 61/100:
2024-12-13 11:23:22,700 - INFO -   Train Loss: 0.107621
2024-12-13 11:23:22,700 - INFO -   Val Loss: 3.549369
2024-12-13 11:23:30,065 - INFO - Epoch 62/100:
2024-12-13 11:23:30,065 - INFO -   Train Loss: 0.097692
2024-12-13 11:23:30,065 - INFO -   Val Loss: 3.574455
2024-12-13 11:23:38,215 - INFO - Epoch 63/100:
2024-12-13 11:23:38,215 - INFO -   Train Loss: 0.078652
2024-12-13 11:23:38,215 - INFO -   Val Loss: 3.497515
2024-12-13 11:23:46,847 - INFO - Epoch 64/100:
2024-12-13 11:23:46,848 - INFO -   Train Loss: 0.077245
2024-12-13 11:23:46,848 - INFO -   Val Loss: 3.550329
2024-12-13 11:23:54,950 - INFO - Epoch 65/100:
2024-12-13 11:23:54,950 - INFO -   Train Loss: 0.082544
2024-12-13 11:23:54,950 - INFO -   Val Loss: 3.586726
2024-12-13 11:24:03,740 - INFO - Epoch 66/100:
2024-12-13 11:24:03,741 - INFO -   Train Loss: 0.064092
2024-12-13 11:24:03,741 - INFO -   Val Loss: 3.566142
2024-12-13 11:24:12,192 - INFO - Epoch 67/100:
2024-12-13 11:24:12,192 - INFO -   Train Loss: 0.054987
2024-12-13 11:24:12,192 - INFO -   Val Loss: 3.553170
2024-12-13 11:24:20,557 - INFO - Epoch 68/100:
2024-12-13 11:24:20,557 - INFO -   Train Loss: 0.030895
2024-12-13 11:24:20,557 - INFO -   Val Loss: 3.547035
2024-12-13 11:24:28,891 - INFO - Epoch 69/100:
2024-12-13 11:24:28,892 - INFO -   Train Loss: 0.022980
2024-12-13 11:24:28,892 - INFO -   Val Loss: 3.562156
2024-12-13 11:24:37,830 - INFO - Epoch 70/100:
2024-12-13 11:24:37,830 - INFO -   Train Loss: 0.012703
2024-12-13 11:24:37,830 - INFO -   Val Loss: 3.561972
2024-12-13 11:24:46,258 - INFO - Epoch 71/100:
2024-12-13 11:24:46,259 - INFO -   Train Loss: 0.011445
2024-12-13 11:24:46,259 - INFO -   Val Loss: 3.556658
2024-12-13 11:24:54,508 - INFO - Epoch 72/100:
2024-12-13 11:24:54,509 - INFO -   Train Loss: 0.007650
2024-12-13 11:24:54,509 - INFO -   Val Loss: 3.557505
2024-12-13 11:25:02,940 - INFO - Epoch 73/100:
2024-12-13 11:25:02,941 - INFO -   Train Loss: 0.006751
2024-12-13 11:25:02,941 - INFO -   Val Loss: 3.560962
2024-12-13 11:25:11,002 - INFO - Epoch 74/100:
2024-12-13 11:25:11,002 - INFO -   Train Loss: 0.005782
2024-12-13 11:25:11,002 - INFO -   Val Loss: 3.559797
2024-12-13 11:25:18,889 - INFO - Epoch 75/100:
2024-12-13 11:25:18,889 - INFO -   Train Loss: 0.005148
2024-12-13 11:25:18,889 - INFO -   Val Loss: 3.557537
2024-12-13 11:25:28,243 - INFO - Epoch 76/100:
2024-12-13 11:25:28,243 - INFO -   Train Loss: 0.004655
2024-12-13 11:25:28,243 - INFO -   Val Loss: 3.556580
2024-12-13 11:25:36,881 - INFO - Epoch 77/100:
2024-12-13 11:25:36,881 - INFO -   Train Loss: 0.003836
2024-12-13 11:25:36,881 - INFO -   Val Loss: 3.558357
2024-12-13 11:25:45,102 - INFO - Epoch 78/100:
2024-12-13 11:25:45,102 - INFO -   Train Loss: 0.003150
2024-12-13 11:25:45,102 - INFO -   Val Loss: 3.559809
2024-12-13 11:25:53,047 - INFO - Epoch 79/100:
2024-12-13 11:25:53,050 - INFO -   Train Loss: 0.002772
2024-12-13 11:25:53,050 - INFO -   Val Loss: 3.557073
2024-12-13 11:26:00,828 - INFO - Epoch 80/100:
2024-12-13 11:26:00,830 - INFO -   Train Loss: 0.002698
2024-12-13 11:26:00,830 - INFO -   Val Loss: 3.557539
2024-12-13 11:26:09,151 - INFO - Epoch 81/100:
2024-12-13 11:26:09,151 - INFO -   Train Loss: 0.001983
2024-12-13 11:26:09,151 - INFO -   Val Loss: 3.557166
2024-12-13 11:26:17,780 - INFO - Epoch 82/100:
2024-12-13 11:26:17,781 - INFO -   Train Loss: 0.001952
2024-12-13 11:26:17,781 - INFO -   Val Loss: 3.557718
2024-12-13 11:26:25,848 - INFO - Epoch 83/100:
2024-12-13 11:26:25,848 - INFO -   Train Loss: 0.001705
2024-12-13 11:26:25,848 - INFO -   Val Loss: 3.557884
2024-12-13 11:26:33,893 - INFO - Epoch 84/100:
2024-12-13 11:26:33,893 - INFO -   Train Loss: 0.001785
2024-12-13 11:26:33,893 - INFO -   Val Loss: 3.558201
2024-12-13 11:26:42,375 - INFO - Epoch 85/100:
2024-12-13 11:26:42,375 - INFO -   Train Loss: 0.001565
2024-12-13 11:26:42,375 - INFO -   Val Loss: 3.558563
2024-12-13 11:26:50,536 - INFO - Epoch 86/100:
2024-12-13 11:26:50,537 - INFO -   Train Loss: 0.001498
2024-12-13 11:26:50,537 - INFO -   Val Loss: 3.557736
2024-12-13 11:26:59,036 - INFO - Epoch 87/100:
2024-12-13 11:26:59,037 - INFO -   Train Loss: 0.001319
2024-12-13 11:26:59,037 - INFO -   Val Loss: 3.557077
2024-12-13 11:27:07,220 - INFO - Epoch 88/100:
2024-12-13 11:27:07,221 - INFO -   Train Loss: 0.001301
2024-12-13 11:27:07,221 - INFO -   Val Loss: 3.557396
2024-12-13 11:27:15,834 - INFO - Epoch 89/100:
2024-12-13 11:27:15,834 - INFO -   Train Loss: 0.001095
2024-12-13 11:27:15,834 - INFO -   Val Loss: 3.557753
2024-12-13 11:27:23,806 - INFO - Epoch 90/100:
2024-12-13 11:27:23,806 - INFO -   Train Loss: 0.001166
2024-12-13 11:27:23,807 - INFO -   Val Loss: 3.557767
2024-12-13 11:27:31,626 - INFO - Epoch 91/100:
2024-12-13 11:27:31,627 - INFO -   Train Loss: 0.001109
2024-12-13 11:27:31,627 - INFO -   Val Loss: 3.557899
2024-12-13 11:27:39,420 - INFO - Epoch 92/100:
2024-12-13 11:27:39,420 - INFO -   Train Loss: 0.001053
2024-12-13 11:27:39,420 - INFO -   Val Loss: 3.557997
2024-12-13 11:27:47,094 - INFO - Epoch 93/100:
2024-12-13 11:27:47,094 - INFO -   Train Loss: 0.000961
2024-12-13 11:27:47,094 - INFO -   Val Loss: 3.557811
2024-12-13 11:27:54,696 - INFO - Epoch 94/100:
2024-12-13 11:27:54,696 - INFO -   Train Loss: 0.000930
2024-12-13 11:27:54,696 - INFO -   Val Loss: 3.557782
2024-12-13 11:28:02,259 - INFO - Epoch 95/100:
2024-12-13 11:28:02,260 - INFO -   Train Loss: 0.001034
2024-12-13 11:28:02,260 - INFO -   Val Loss: 3.557693
2024-12-13 11:28:10,021 - INFO - Epoch 96/100:
2024-12-13 11:28:10,022 - INFO -   Train Loss: 0.000875
2024-12-13 11:28:10,022 - INFO -   Val Loss: 3.557781
2024-12-13 11:28:17,754 - INFO - Epoch 97/100:
2024-12-13 11:28:17,754 - INFO -   Train Loss: 0.000856
2024-12-13 11:28:17,754 - INFO -   Val Loss: 3.557920
2024-12-13 11:28:25,489 - INFO - Epoch 98/100:
2024-12-13 11:28:25,490 - INFO -   Train Loss: 0.000906
2024-12-13 11:28:25,490 - INFO -   Val Loss: 3.557864
2024-12-13 11:28:33,117 - INFO - Epoch 99/100:
2024-12-13 11:28:33,118 - INFO -   Train Loss: 0.000863
2024-12-13 11:28:33,118 - INFO -   Val Loss: 3.557820
2024-12-13 11:28:40,784 - INFO - Epoch 100/100:
2024-12-13 11:28:40,784 - INFO -   Train Loss: 0.000787
2024-12-13 11:28:40,784 - INFO -   Val Loss: 3.557813
2024-12-13 11:28:40,823 - INFO - Model saved to finetuning_results/checkpoints/chgnet_finetuned.pth
2024-12-13 11:28:42,858 - INFO - Training curves saved to finetuning_results/finetuning_curves.png
2024-12-13 11:28:42,859 - INFO - Finetuning completed successfully
