Time[ps]      Etot[eV]     Epot[eV]     Ekin[eV]    T[K]
0.0000        -1168.330    -1182.925       14.596   818.2
0.0050        -1168.108    -1181.903       13.795   773.3
0.0100        -1167.795    -1179.528       11.734   657.8
0.0150        -1167.270    -1177.206        9.935   557.0
0.0200        -1166.626    -1175.943        9.317   522.3
0.0250        -1165.933    -1174.858        8.924   500.3
0.0300        -1165.205    -1173.844        8.639   484.3
0.0350        -1164.462    -1173.188        8.726   489.2
0.0400        -1163.755    -1173.109        9.354   524.4
0.0450        -1163.114    -1173.012        9.898   554.9
0.0500        -1162.502    -1172.422        9.919   556.1
0.0550        -1161.885    -1171.743        9.859   552.7
0.0600        -1161.281    -1171.591       10.310   578.0
0.0650        -1160.740    -1171.761       11.021   617.8
0.0700        -1160.259    -1171.568       11.309   634.0
0.0750        -1159.770    -1170.806       11.036   618.7
0.0800        -1159.271    -1170.361       11.089   621.7
0.0850        -1158.761    -1169.655       10.894   610.7
0.0900        -1158.256    -1169.350       11.094   622.0
0.0950        -1157.761    -1168.877       11.116   623.1
0.1000        -1157.265    -1168.232       10.966   614.8
0.1050        -1156.733    -1167.134       10.401   583.1
0.1100        -1156.167    -1166.602       10.434   585.0
0.1150        -1155.636    -1166.630       10.994   616.3
0.1200        -1155.170    -1167.097       11.927   668.6
0.1250        -1154.770    -1167.093       12.322   690.8
0.1300        -1154.437    -1167.684       13.247   742.6
0.1350        -1154.174    -1167.958       13.784   772.7
0.1400        -1153.970    -1168.457       14.487   812.1
0.1450        -1153.820    -1168.326       14.506   813.2
0.1500        -1153.644    -1167.994       14.350   804.5
0.1550        -1153.491    -1168.192       14.701   824.2
0.1600        -1153.349    -1168.080       14.731   825.8
0.1650        -1153.251    -1168.564       15.313   858.5
0.1700        -1153.197    -1168.631       15.434   865.2
0.1750        -1153.144    -1168.571       15.428   864.9
0.1800        -1153.053    -1168.033       14.981   839.8
0.1850        -1152.929    -1167.896       14.966   839.0
0.1900        -1152.826    -1168.078       15.253   855.1
0.1950        -1152.736    -1167.922       15.187   851.4
0.2000        -1152.673    -1168.180       15.507   869.3
0.2050        -1152.647    -1168.505       15.858   889.0
0.2100        -1152.664    -1169.305       16.641   932.9
0.2150        -1152.728    -1169.642       16.914   948.2
0.2200        -1152.806    -1169.783       16.976   951.7
0.2250        -1152.892    -1169.890       16.998   952.9
0.2300        -1152.969    -1169.999       17.030   954.7
0.2350        -1153.081    -1170.302       17.221   965.4
0.2400        -1153.171    -1170.080       16.909   948.0
0.2450        -1153.247    -1169.960       16.713   937.0
0.2500        -1153.290    -1169.847       16.558   928.2
0.2550        -1153.364    -1170.397       17.033   954.9
0.2600        -1153.440    -1170.109       16.669   934.5
0.2650        -1153.493    -1169.770       16.277   912.5
0.2700        -1153.503    -1169.402       15.899   891.3
0.2750        -1153.502    -1169.503       16.001   897.0
0.2800        -1153.490    -1169.475       15.985   896.2
0.2850        -1153.505    -1169.857       16.352   916.7
0.2900        -1153.518    -1169.647       16.129   904.2
0.2950        -1153.526    -1169.442       15.915   892.2
0.3000        -1153.496    -1168.983       15.487   868.2
0.3050        -1153.454    -1169.011       15.557   872.1
0.3100        -1153.427    -1169.036       15.609   875.1
0.3150        -1153.396    -1168.959       15.562   872.4
0.3200        -1153.339    -1168.484       15.144   849.0
0.3250        -1153.240    -1168.307       15.067   844.7
0.3300        -1153.124    -1167.979       14.855   832.8
0.3350        -1152.980    -1167.671       14.691   823.6
0.3400        -1152.863    -1167.907       15.043   843.3
0.3450        -1152.794    -1168.194       15.400   863.3
0.3500        -1152.745    -1168.356       15.611   875.1
0.3550        -1152.678    -1167.914       15.237   854.2
0.3600        -1152.551    -1166.937       14.386   806.5
0.3650        -1152.374    -1166.340       13.966   783.0
0.3700        -1152.180    -1166.352       14.172   794.5
0.3750        -1152.024    -1167.004       14.981   839.8
0.3800        -1151.928    -1167.330       15.403   863.5
0.3850        -1151.862    -1167.555       15.692   879.7
0.3900        -1151.830    -1167.493       15.663   878.1
0.3950        -1151.740    -1166.579       14.839   831.9
0.4000        -1151.590    -1165.864       14.274   800.2
0.4050        -1151.395    -1165.550       14.156   793.6
0.4100        -1151.243    -1166.140       14.896   835.1
0.4150        -1151.175    -1166.756       15.582   873.5
0.4200        -1151.133    -1166.856       15.723   881.5
0.4250        -1151.112    -1167.133       16.021   898.1
0.4300        -1151.108    -1167.013       15.905   891.6
0.4350        -1151.090    -1166.996       15.905   891.7
0.4400        -1151.069    -1166.922       15.854   888.8
0.4450        -1151.061    -1167.164       16.103   902.8
0.4500        -1151.068    -1167.304       16.236   910.2
0.4550        -1151.111    -1167.940       16.828   943.4
0.4600        -1151.204    -1168.240       17.036   955.0
0.4650        -1151.307    -1168.560       17.253   967.2
0.4700        -1151.427    -1168.458       17.032   954.8
0.4750        -1151.505    -1168.115       16.610   931.2
0.4800        -1151.538    -1167.911       16.373   917.9
0.4850        -1151.582    -1168.485       16.903   947.6
0.4900        -1151.689    -1169.074       17.385   974.6
0.4950        -1151.807    -1168.953       17.146   961.2
0.5000        -1151.892    -1168.457       16.566   928.7
Time[ps]      Etot[eV]     Epot[eV]     Ekin[eV]    T[K]
0.0000        -1164.917    -1180.286       15.370   867.9
0.0050        -1164.729    -1178.958       14.229   803.5
0.0100        -1164.441    -1176.087       11.646   657.7
0.0150        -1163.921    -1173.927       10.006   565.1
0.0200        -1163.315    -1173.194        9.879   557.8
0.0250        -1162.704    -1172.306        9.602   542.2
0.0300        -1162.021    -1170.525        8.503   480.2
0.0350        -1161.238    -1169.134        7.897   445.9
0.0400        -1160.460    -1169.148        8.688   490.6
0.0450        -1159.787    -1169.543        9.756   550.9
0.0500        -1159.178    -1168.987        9.809   553.9
0.0550        -1158.544    -1168.011        9.467   534.6
0.0600        -1157.915    -1168.081       10.166   574.0
0.0650        -1157.412    -1169.274       11.862   669.9
0.0700        -1157.058    -1169.865       12.806   723.2
0.0750        -1156.723    -1168.809       12.087   682.5
0.0800        -1156.275    -1167.130       10.854   612.9
0.0850        -1155.746    -1166.385       10.638   600.8
0.0900        -1155.232    -1166.177       10.946   618.1
0.0950        -1154.718    -1165.218       10.499   592.9
0.1000        -1154.134    -1163.886        9.752   550.7
0.1050        -1153.519    -1163.554       10.035   566.7
0.1100        -1152.972    -1164.045       11.073   625.3
0.1150        -1152.530    -1164.525       11.994   677.3
0.1200        -1152.169    -1164.875       12.706   717.5
0.1250        -1151.883    -1165.442       13.559   765.7
0.1300        -1151.691    -1166.306       14.615   825.3
0.1350        -1151.614    -1167.331       15.717   887.5
0.1400        -1151.615    -1167.577       15.962   901.4
0.1450        -1151.596    -1167.022       15.426   871.1
0.1500        -1151.530    -1166.650       15.120   853.8
0.1550        -1151.448    -1166.474       15.027   848.6
0.1600        -1151.350    -1166.207       14.857   839.0
0.1650        -1151.243    -1166.095       14.852   838.7
0.1700        -1151.143    -1166.121       14.978   845.8
0.1750        -1151.054    -1166.176       15.122   853.9
0.1800        -1150.985    -1166.248       15.263   861.9
0.1850        -1150.912    -1165.966       15.054   850.1
0.1900        -1150.820    -1165.866       15.047   849.7
0.1950        -1150.756    -1166.351       15.596   880.7
0.2000        -1150.743    -1166.711       15.968   901.7
0.2050        -1150.749    -1166.813       16.064   907.1
0.2100        -1150.765    -1166.870       16.106   909.5
0.2150        -1150.778    -1166.781       16.002   903.7
0.2200        -1150.803    -1167.174       16.371   924.5
0.2250        -1150.833    -1166.921       16.088   908.5
0.2300        -1150.798    -1165.907       15.108   853.2
0.2350        -1150.687    -1165.214       14.528   820.4
0.2400        -1150.571    -1165.723       15.153   855.7
0.2450        -1150.550    -1166.951       16.400   926.1
0.2500        -1150.628    -1167.549       16.921   955.5
0.2550        -1150.720    -1167.531       16.811   949.3
0.2600        -1150.794    -1167.454       16.660   940.8
0.2650        -1150.871    -1167.682       16.811   949.3
0.2700        -1150.968    -1167.950       16.982   959.0
0.2750        -1151.070    -1167.800       16.730   944.7
0.2800        -1151.118    -1166.961       15.843   894.6
0.2850        -1151.067    -1165.901       14.834   837.7
0.2900        -1150.931    -1165.162       14.231   803.6
0.2950        -1150.761    -1164.877       14.116   797.1
0.3000        -1150.575    -1164.418       13.842   781.7
0.3050        -1150.353    -1163.865       13.511   763.0
0.3100        -1150.107    -1163.537       13.430   758.4
0.3150        -1149.853    -1163.315       13.462   760.2
0.3200        -1149.611    -1163.323       13.711   774.3
0.3250        -1149.402    -1163.600       14.198   801.8
0.3300        -1149.259    -1164.237       14.978   845.8
0.3350        -1149.197    -1165.125       15.928   899.4
0.3400        -1149.239    -1166.149       16.909   954.9
0.3450        -1149.356    -1166.767       17.411   983.2
0.3500        -1149.486    -1166.405       16.919   955.4
0.3550        -1149.532    -1165.537       16.004   903.8
0.3600        -1149.513    -1165.146       15.633   882.8
0.3650        -1149.482    -1165.362       15.880   896.8
0.3700        -1149.511    -1166.168       16.657   940.6
0.3750        -1149.597    -1166.609       17.012   960.7
0.3800        -1149.690    -1166.254       16.564   935.4
0.3850        -1149.707    -1165.518       15.811   892.9
0.3900        -1149.678    -1165.274       15.596   880.7
0.3950        -1149.631    -1165.114       15.484   874.3
0.4000        -1149.587    -1165.104       15.518   876.3
0.4050        -1149.539    -1165.163       15.624   882.3
0.4100        -1149.520    -1165.520       16.000   903.5
0.4150        -1149.538    -1165.972       16.434   928.0
0.4200        -1149.599    -1166.297       16.699   943.0
0.4250        -1149.668    -1166.428       16.759   946.4
0.4300        -1149.767    -1166.956       17.190   970.7
0.4350        -1149.903    -1167.401       17.498   988.1
0.4400        -1150.043    -1166.930       16.887   953.6
0.4450        -1150.057    -1165.153       15.096   852.5
0.4500        -1149.922    -1164.131       14.209   802.4
0.4550        -1149.751    -1164.030       14.279   806.3
0.4600        -1149.637    -1165.068       15.431   871.4
0.4650        -1149.622    -1165.645       16.024   904.9
0.4700        -1149.617    -1165.170       15.553   878.3
0.4750        -1149.537    -1164.370       14.832   837.6
0.4800        -1149.422    -1164.308       14.886   840.6
0.4850        -1149.317    -1164.375       15.058   850.3
0.4900        -1149.221    -1164.238       15.018   848.0
0.4950        -1149.125    -1164.125       14.999   847.0
0.5000        -1149.050    -1164.533       15.484   874.4
0.5050        -1149.048    -1165.353       16.306   920.8
0.5100        -1149.109    -1165.880       16.771   947.0
0.5150        -1149.215    -1166.496       17.281   975.9
0.5200        -1149.368    -1167.105       17.737  1001.6
0.5250        -1149.550    -1167.310       17.760  1002.9
0.5300        -1149.702    -1166.814       17.112   966.3
0.5350        -1149.788    -1166.392       16.603   937.6
0.5400        -1149.855    -1166.409       16.554   934.8
0.5450        -1149.914    -1166.263       16.348   923.2
0.5500        -1149.944    -1165.964       16.020   904.6
0.5550        -1149.950    -1165.946       15.995   903.3
0.5600        -1149.968    -1166.147       16.179   913.6
0.5650        -1149.977    -1165.757       15.780   891.1
0.5700        -1149.934    -1165.199       15.265   862.0
0.5750        -1149.852    -1164.831       14.979   845.9
0.5800        -1149.758    -1164.892       15.134   854.6
0.5850        -1149.706    -1165.482       15.776   890.8
0.5900        -1149.714    -1165.959       16.245   917.4
0.5950        -1149.760    -1166.322       16.562   935.3
0.6000        -1149.835    -1166.629       16.795   948.4
0.6050        -1149.916    -1166.446       16.530   933.4
0.6100        -1149.930    -1165.413       15.484   874.4
0.6150        -1149.848    -1164.679       14.831   837.5
0.6200        -1149.741    -1164.780       15.039   849.2
0.6250        -1149.677    -1165.220       15.543   877.7
0.6300        -1149.642    -1165.155       15.513   876.0
0.6350        -1149.582    -1164.672       15.089   852.1
0.6400        -1149.474    -1164.171       14.697   830.0
0.6450        -1149.342    -1163.863       14.521   820.0
0.6500        -1149.184    -1163.367       14.184   800.9
0.6550        -1149.005    -1163.283       14.278   806.3
0.6600        -1148.867    -1163.886       15.019   848.1
0.6650        -1148.814    -1164.687       15.873   896.3
0.6700        -1148.837    -1165.267       16.430   927.8
0.6750        -1148.888    -1165.304       16.416   927.0
0.6800        -1148.919    -1165.040       16.121   910.4
0.6850        -1148.938    -1165.195       16.257   918.0
0.6900        -1148.984    -1165.540       16.556   934.9
0.6950        -1149.068    -1166.202       17.135   967.6
0.7000        -1149.221    -1167.091       17.869  1009.1
0.7050        -1149.429    -1167.555       18.126  1023.6
0.7100        -1149.624    -1167.091       17.467   986.4
0.7150        -1149.705    -1165.794       16.089   908.5
0.7200        -1149.684    -1165.277       15.593   880.5
0.7250        -1149.659    -1165.713       16.054   906.6
0.7300        -1149.696    -1166.315       16.620   938.5
0.7350        -1149.761    -1166.409       16.648   940.1
0.7400        -1149.818    -1166.219       16.401   926.2
0.7450        -1149.848    -1165.984       16.136   911.2
0.7500        -1149.856    -1165.926       16.070   907.4
0.7550        -1149.881    -1166.332       16.451   929.0
0.7600        -1149.946    -1166.595       16.649   940.2
0.7650        -1150.012    -1166.570       16.558   935.0
0.7700        -1150.063    -1166.449       16.386   925.3
0.7750        -1150.105    -1166.518       16.413   926.9
0.7800        -1150.154    -1166.639       16.485   930.9
0.7850        -1150.217    -1166.956       16.739   945.3
0.7900        -1150.296    -1166.933       16.637   939.5
0.7950        -1150.342    -1166.405       16.062   907.0
0.8000        -1150.318    -1165.489       15.171   856.7
0.8050        -1150.195    -1164.422       14.227   803.4
0.8100        -1150.010    -1163.887       13.877   783.6
0.8150        -1149.802    -1163.579       13.777   778.0
0.8200        -1149.589    -1163.293       13.704   773.9
0.8250        -1149.375    -1163.238       13.863   782.9
0.8300        -1149.200    -1163.792       14.592   824.0
0.8350        -1149.105    -1164.409       15.305   864.3
0.8400        -1149.065    -1164.769       15.704   886.8
0.8450        -1149.060    -1165.019       15.959   901.2
0.8500        -1149.058    -1164.791       15.733   888.4
0.8550        -1149.019    -1164.385       15.366   867.7
0.8600        -1148.977    -1164.779       15.803   892.4
0.8650        -1148.990    -1165.401       16.411   926.7
0.8700        -1149.059    -1165.816       16.757   946.2
0.8750        -1149.139    -1165.790       16.651   940.3
0.8800        -1149.192    -1165.330       16.139   911.4
0.8850        -1149.165    -1164.337       15.172   856.7
0.8900        -1149.068    -1163.891       14.822   837.0
0.8950        -1148.968    -1164.034       15.066   850.8
0.9000        -1148.904    -1164.578       15.675   885.2
0.9050        -1148.898    -1165.074       16.176   913.5
0.9100        -1148.940    -1165.587       16.647   940.0
0.9150        -1149.020    -1165.831       16.811   949.3
0.9200        -1149.102    -1165.870       16.768   946.9
0.9250        -1149.184    -1166.025       16.841   951.0
0.9300        -1149.289    -1166.609       17.321   978.1
0.9350        -1149.452    -1167.262       17.811  1005.8
0.9400        -1149.629    -1167.203       17.574   992.4
0.9450        -1149.762    -1166.605       16.843   951.1
0.9500        -1149.802    -1165.681       15.879   896.7
0.9550        -1149.769    -1165.157       15.388   868.9
0.9600        -1149.707    -1165.112       15.404   869.9
0.9650        -1149.670    -1165.421       15.751   889.5
0.9700        -1149.661    -1165.702       16.041   905.9
0.9750        -1149.707    -1166.440       16.733   944.9
0.9800        -1149.814    -1166.987       17.173   969.7
0.9850        -1149.936    -1167.011       17.076   964.3
0.9900        -1150.029    -1166.702       16.673   941.5
0.9950        -1150.084    -1166.338       16.254   917.8
1.0000        -1150.091    -1165.698       15.607   881.3
1.0050        -1150.024    -1164.827       14.803   835.9
1.0100        -1149.906    -1164.939       15.033   848.9
1.0150        -1149.860    -1165.818       15.958   901.2
1.0200        -1149.879    -1166.038       16.159   912.5
1.0250        -1149.899    -1165.837       15.938   900.0
1.0300        -1149.884    -1165.386       15.503   875.4
1.0350        -1149.834    -1165.118       15.285   863.1
1.0400        -1149.767    -1165.146       15.379   868.5
1.0450        -1149.744    -1165.974       16.229   916.5
1.0500        -1149.803    -1166.560       16.757   946.3
1.0550        -1149.864    -1166.177       16.314   921.2
1.0600        -1149.873    -1165.589       15.716   887.5
1.0650        -1149.819    -1164.964       15.145   855.2
1.0700        -1149.729    -1164.664       14.935   843.4
1.0750        -1149.633    -1164.718       15.085   851.8
1.0800        -1149.572    -1165.146       15.575   879.5
1.0850        -1149.564    -1165.758       16.194   914.5
1.0900        -1149.615    -1166.147       16.532   933.5
1.0950        -1149.657    -1165.700       16.043   906.0
1.1000        -1149.640    -1164.989       15.349   866.8
1.1050        -1149.546    -1164.225       14.679   828.9
1.1100        -1149.411    -1163.996       14.585   823.6
1.1150        -1149.302    -1164.507       15.204   858.6
1.1200        -1149.267    -1165.140       15.873   896.4
1.1250        -1149.274    -1165.357       16.083   908.2
1.1300        -1149.302    -1165.653       16.351   923.3
1.1350        -1149.356    -1165.913       16.557   935.0
1.1400        -1149.418    -1165.965       16.546   934.4
1.1450        -1149.489    -1166.157       16.668   941.2
1.1500        -1149.576    -1166.432       16.856   951.9
1.1550        -1149.651    -1165.991       16.340   922.7
1.1600        -1149.666    -1165.388       15.722   887.8
1.1650        -1149.631    -1165.139       15.507   875.7
1.1700        -1149.606    -1165.421       15.815   893.1
1.1750        -1149.590    -1165.117       15.527   876.8
1.1800        -1149.526    -1164.473       14.947   844.0
1.1850        -1149.401    -1163.862       14.461   816.6
1.1900        -1149.271    -1164.237       14.966   845.1
1.1950        -1149.218    -1165.053       15.835   894.2
1.2000        -1149.227    -1165.367       16.141   911.5
1.2050        -1149.258    -1165.552       16.295   920.1
1.2100        -1149.313    -1165.991       16.678   941.8
1.2150        -1149.418    -1166.685       17.268   975.1
1.2200        -1149.577    -1167.096       17.520   989.3
1.2250        -1149.715    -1166.567       16.852   951.7
1.2300        -1149.757    -1165.541       15.784   891.3
1.2350        -1149.724    -1165.191       15.467   873.4
1.2400        -1149.694    -1165.415       15.721   887.7
1.2450        -1149.664    -1165.040       15.375   868.2
1.2500        -1149.599    -1164.812       15.213   859.1
1.2550        -1149.529    -1165.158       15.629   882.6
1.2600        -1149.540    -1166.133       16.593   937.0
1.2650        -1149.618    -1166.232       16.615   938.2
1.2700        -1149.638    -1165.335       15.697   886.4
1.2750        -1149.594    -1165.117       15.522   876.5
1.2800        -1149.573    -1165.710       16.137   911.2
1.2850        -1149.611    -1166.017       16.406   926.4
1.2900        -1149.635    -1165.601       15.966   901.6
1.2950        -1149.641    -1165.765       16.124   910.5
1.3000        -1149.692    -1166.402       16.710   943.6
1.3050        -1149.790    -1166.879       17.088   965.0
1.3100        -1149.901    -1166.689       16.788   948.0
1.3150        -1149.969    -1166.337       16.369   924.3
1.3200        -1149.987    -1165.755       15.768   890.4
1.3250        -1149.940    -1165.160       15.220   859.5
1.3300        -1149.852    -1164.990       15.138   854.8
1.3350        -1149.788    -1165.578       15.790   891.7
1.3400        -1149.803    -1166.312       16.509   932.3
1.3450        -1149.864    -1166.549       16.685   942.2
1.3500        -1149.925    -1166.334       16.410   926.6
1.3550        -1149.953    -1166.069       16.116   910.1
1.3600        -1149.956    -1165.743       15.787   891.5
1.3650        -1149.916    -1165.196       15.279   862.8
1.3700        -1149.822    -1164.506       14.684   829.2
1.3750        -1149.702    -1164.641       14.939   843.6
1.3800        -1149.642    -1165.384       15.742   889.0
1.3850        -1149.638    -1165.519       15.881   896.8
1.3900        -1149.615    -1165.039       15.424   871.0
1.3950        -1149.552    -1164.855       15.303   864.1
1.4000        -1149.511    -1165.319       15.808   892.6
1.4050        -1149.514    -1165.511       15.997   903.4
1.4100        -1149.503    -1164.977       15.474   873.8
1.4150        -1149.422    -1164.307       14.885   840.6
1.4200        -1149.331    -1164.610       15.279   862.8
1.4250        -1149.288    -1164.948       15.660   884.3
1.4300        -1149.249    -1164.509       15.260   861.7
1.4350        -1149.150    -1163.885       14.734   832.0
1.4400        -1149.037    -1163.991       14.954   844.4
1.4450        -1148.954    -1164.149       15.195   858.1
1.4500        -1148.878    -1163.925       15.047   849.7
1.4550        -1148.777    -1163.596       14.819   836.8
1.4600        -1148.680    -1163.888       15.208   858.8
1.4650        -1148.644    -1164.783       16.139   911.4
1.4700        -1148.726    -1166.172       17.446   985.2
1.4750        -1148.904    -1166.721       17.817  1006.1
1.4800        -1149.081    -1166.625       17.544   990.7
1.4850        -1149.233    -1166.593       17.360   980.3
1.4900        -1149.373    -1166.643       17.270   975.2
1.4950        -1149.498    -1166.503       17.005   960.3
1.5000        -1149.589    -1166.226       16.638   939.5
1.5050        -1149.649    -1166.091       16.442   928.5
1.5100        -1149.701    -1166.202       16.501   931.8
1.5150        -1149.767    -1166.424       16.656   940.6
1.5200        -1149.842    -1166.504       16.662   940.9
1.5250        -1149.913    -1166.550       16.637   939.5
1.5300        -1149.989    -1166.802       16.812   949.4
1.5350        -1150.086    -1167.036       16.950   957.2
1.5400        -1150.170    -1166.575       16.404   926.3
1.5450        -1150.166    -1165.471       15.305   864.3
1.5500        -1150.067    -1164.653       14.587   823.7
1.5550        -1149.915    -1164.278       14.363   811.1
1.5600        -1149.777    -1164.626       14.849   838.5
1.5650        -1149.690    -1164.983       15.292   863.6
1.5700        -1149.636    -1165.140       15.504   875.5
1.5750        -1149.593    -1165.121       15.528   876.9
1.5800        -1149.547    -1164.877       15.330   865.7
1.5850        -1149.461    -1164.268       14.806   836.1
1.5900        -1149.338    -1164.017       14.678   828.9
1.5950        -1149.220    -1164.107       14.887   840.6
1.6000        -1149.130    -1164.232       15.102   852.8
1.6050        -1149.041    -1164.137       15.095   852.4
1.6100        -1148.981    -1164.593       15.612   881.6
1.6150        -1148.967    -1165.002       16.035   905.5
1.6200        -1148.994    -1165.425       16.431   927.8
1.6250        -1149.058    -1165.782       16.724   944.4
1.6300        -1149.142    -1165.977       16.835   950.7
1.6350        -1149.237    -1166.143       16.906   954.7
1.6400        -1149.323    -1165.897       16.575   936.0
1.6450        -1149.367    -1165.533       16.166   912.9
1.6500        -1149.361    -1164.862       15.501   875.3
1.6550        -1149.299    -1164.668       15.368   867.8
1.6600        -1149.281    -1165.521       16.240   917.0
1.6650        -1149.328    -1165.917       16.590   936.8
1.6700        -1149.378    -1165.654       16.277   919.1
1.6750        -1149.385    -1165.426       16.040   905.8
1.6800        -1149.407    -1165.901       16.494   931.4
1.6850        -1149.482    -1166.520       17.038   962.2
1.6900        -1149.591    -1166.710       17.119   966.7
1.6950        -1149.701    -1166.928       17.227   972.8
1.7000        -1149.850    -1167.538       17.688   998.8
1.7050        -1150.017    -1167.503       17.486   987.4
1.7100        -1150.135    -1166.857       16.722   944.3
1.7150        -1150.170    -1166.091       15.921   899.1
1.7200        -1150.158    -1165.812       15.655   884.0
1.7250        -1150.121    -1165.431       15.310   864.5
1.7300        -1150.039    -1164.808       14.769   834.0
1.7350        -1149.901    -1164.082       14.181   800.8
1.7400        -1149.721    -1163.797       14.076   794.9
1.7450        -1149.556    -1163.985       14.429   814.8
1.7500        -1149.440    -1164.522       15.082   851.7
1.7550        -1149.391    -1164.998       15.607   881.3
1.7600        -1149.367    -1165.009       15.642   883.3
1.7650        -1149.339    -1164.924       15.585   880.1
1.7700        -1149.317    -1165.128       15.811   892.9
1.7750        -1149.313    -1165.277       15.964   901.5
1.7800        -1149.315    -1165.118       15.803   892.4
1.7850        -1149.279    -1164.767       15.488   874.6
1.7900        -1149.247    -1165.210       15.962   901.4
1.7950        -1149.287    -1166.229       16.943   956.7
1.8000        -1149.424    -1166.984       17.560   991.6
1.8050        -1149.559    -1166.430       16.871   952.7
1.8100        -1149.598    -1165.346       15.748   889.3
1.8150        -1149.545    -1164.903       15.358   867.2
1.8200        -1149.508    -1165.427       15.919   898.9
1.8250        -1149.523    -1165.814       16.290   919.9
1.8300        -1149.554    -1165.526       15.972   901.9
1.8350        -1149.526    -1164.725       15.199   858.3
1.8400        -1149.438    -1164.320       14.882   840.4
1.8450        -1149.342    -1164.387       15.044   849.5
1.8500        -1149.278    -1164.803       15.524   876.7
1.8550        -1149.273    -1165.459       16.187   914.1
1.8600        -1149.339    -1166.327       16.987   959.3
1.8650        -1149.469    -1166.944       17.475   986.8
1.8700        -1149.619    -1167.023       17.404   982.8
1.8750        -1149.751    -1166.739       16.988   959.3
1.8800        -1149.834    -1166.326       16.492   931.3
1.8850        -1149.889    -1166.366       16.477   930.5
1.8900        -1149.939    -1166.312       16.374   924.6
1.8950        -1149.954    -1165.598       15.644   883.4
1.9000        -1149.878    -1164.568       14.690   829.5
1.9050        -1149.737    -1164.315       14.578   823.2
1.9100        -1149.615    -1164.464       14.849   838.5
1.9150        -1149.524    -1164.501       14.977   845.7
1.9200        -1149.432    -1164.343       14.910   842.0
1.9250        -1149.322    -1164.272       14.950   844.2
1.9300        -1149.257    -1165.169       15.911   898.5
1.9350        -1149.288    -1166.086       16.798   948.6
1.9400        -1149.383    -1166.490       17.107   966.0
1.9450        -1149.484    -1166.286       16.802   948.8
1.9500        -1149.534    -1165.843       16.308   920.9
1.9550        -1149.584    -1166.115       16.531   933.5
1.9600        -1149.661    -1166.370       16.709   943.6
1.9650        -1149.746    -1166.328       16.582   936.4
1.9700        -1149.792    -1165.734       15.942   900.2
1.9750        -1149.788    -1165.669       15.881   896.8
1.9800        -1149.806    -1166.003       16.197   914.6
1.9850        -1149.849    -1166.207       16.359   923.8
1.9900        -1149.885    -1165.728       15.844   894.7
1.9950        -1149.820    -1164.645       14.825   837.2
2.0000        -1149.709    -1164.525       14.816   836.6
2.0050        -1149.595    -1164.544       14.949   844.2
2.0100        -1149.489    -1164.260       14.772   834.2
2.0150        -1149.366    -1164.033       14.667   828.3
2.0200        -1149.245    -1164.207       14.962   844.9
2.0250        -1149.198    -1165.378       16.179   913.6
2.0300        -1149.274    -1166.191       16.917   955.3
2.0350        -1149.348    -1165.673       16.326   921.9
2.0400        -1149.362    -1165.206       15.844   894.7
2.0450        -1149.348    -1165.256       15.908   898.3
2.0500        -1149.365    -1165.586       16.221   916.0
2.0550        -1149.376    -1165.007       15.631   882.7
2.0600        -1149.313    -1164.270       14.957   844.6
2.0650        -1149.216    -1164.289       15.072   851.1
2.0700        -1149.178    -1165.227       16.049   906.3
2.0750        -1149.234    -1166.462       17.227   972.8
2.0800        -1149.392    -1167.042       17.651   996.7
2.0850        -1149.540    -1166.531       16.991   959.5
2.0900        -1149.611    -1165.867       16.256   918.0
2.0950        -1149.634    -1165.710       16.076   907.8
2.1000        -1149.660    -1165.894       16.234   916.8
2.1050        -1149.700    -1165.970       16.270   918.8
2.1100        -1149.715    -1165.656       15.941   900.2
2.1150        -1149.724    -1165.807       16.082   908.2
2.1200        -1149.738    -1165.722       15.984   902.6
2.1250        -1149.741    -1165.672       15.931   899.6
2.1300        -1149.733    -1165.522       15.789   891.6
2.1350        -1149.720    -1165.549       15.829   893.8
2.1400        -1149.705    -1165.325       15.620   882.1
2.1450        -1149.662    -1165.096       15.434   871.5
2.1500        -1149.609    -1165.154       15.545   877.8
2.1550        -1149.589    -1165.673       16.084   908.2
2.1600        -1149.607    -1165.619       16.012   904.2
2.1650        -1149.578    -1164.935       15.357   867.2
2.1700        -1149.484    -1164.391       14.906   841.8
2.1750        -1149.378    -1164.466       15.088   852.0
2.1800        -1149.294    -1164.368       15.074   851.2
2.1850        -1149.186    -1164.095       14.909   841.9
2.1900        -1149.097    -1164.452       15.355   867.1
2.1950        -1149.057    -1164.922       15.865   895.9
2.2000        -1149.052    -1164.992       15.940   900.1
2.2050        -1149.039    -1164.930       15.891   897.4
2.2100        -1149.048    -1165.463       16.415   927.0
2.2150        -1149.133    -1166.417       17.283   976.0
2.2200        -1149.281    -1166.807       17.526   989.7
2.2250        -1149.415    -1166.438       17.023   961.3
2.2300        -1149.491    -1165.994       16.504   932.0
2.2350        -1149.538    -1166.121       16.583   936.4
2.2400        -1149.605    -1166.253       16.648   940.1
2.2450        -1149.649    -1165.857       16.208   915.3
2.2500        -1149.650    -1165.530       15.880   896.7
2.2550        -1149.648    -1165.912       16.264   918.4
2.2600        -1149.697    -1166.305       16.607   937.8
2.2650        -1149.736    -1165.764       16.027   905.0
2.2700        -1149.712    -1165.114       15.402   869.7
2.2750        -1149.671    -1165.556       15.884   897.0
2.2800        -1149.731    -1166.851       17.120   966.8
2.2850        -1149.868    -1167.088       17.219   972.4
2.2900        -1149.951    -1166.173       16.222   916.1
2.2950        -1149.944    -1165.384       15.440   871.9
2.3000        -1149.894    -1165.345       15.450   872.5
2.3050        -1149.848    -1165.345       15.497   875.1
2.3100        -1149.803    -1165.217       15.414   870.4
2.3150        -1149.728    -1164.636       14.907   841.8
2.3200        -1149.607    -1164.218       14.611   825.1
2.3250        -1149.486    -1164.314       14.828   837.3
2.3300        -1149.384    -1164.255       14.871   839.8
2.3350        -1149.271    -1164.053       14.782   834.7
2.3400        -1149.158    -1164.086       14.929   843.0
2.3450        -1149.069    -1164.411       15.342   866.3
2.3500        -1149.042    -1165.016       15.974   902.0
2.3550        -1149.065    -1165.419       16.354   923.5
2.3600        -1149.123    -1165.699       16.576   936.0
2.3650        -1149.185    -1165.703       16.518   932.8
2.3700        -1149.252    -1165.911       16.659   940.7
2.3750        -1149.324    -1165.986       16.663   940.9
2.3800        -1149.391    -1165.829       16.438   928.3
2.3850        -1149.409    -1165.173       15.764   890.2
2.3900        -1149.365    -1164.686       15.321   865.2
2.3950        -1149.298    -1164.665       15.368   867.8
2.4000        -1149.258    -1165.042       15.784   891.3
2.4050        -1149.245    -1165.135       15.890   897.3
2.4100        -1149.226    -1164.913       15.687   885.8
2.4150        -1149.191    -1164.980       15.789   891.6
2.4200        -1149.201    -1165.752       16.551   934.6
2.4250        -1149.289    -1166.491       17.203   971.4
2.4300        -1149.411    -1166.556       17.145   968.2
2.4350        -1149.501    -1166.188       16.687   942.3
2.4400        -1149.563    -1166.154       16.591   936.9
2.4450        -1149.630    -1166.441       16.811   949.3
2.4500        -1149.727    -1166.751       17.024   961.4
2.4550        -1149.817    -1166.436       16.619   938.5
2.4600        -1149.855    -1165.798       15.943   900.3
2.4650        -1149.834    -1165.443       15.608   881.4
2.4700        -1149.821    -1165.803       15.982   902.5
2.4750        -1149.840    -1165.857       16.016   904.4
2.4800        -1149.833    -1165.319       15.486   874.5
2.4850        -1149.769    -1164.906       15.136   854.7
2.4900        -1149.710    -1165.425       15.715   887.4
2.4950        -1149.718    -1166.027       16.309   921.0
2.5000        -1149.760    -1166.110       16.350   923.3
2.5050        -1149.782    -1165.814       16.033   905.4
2.5100        -1149.774    -1165.587       15.813   892.9
2.5150        -1149.749    -1165.391       15.642   883.3
2.5200        -1149.708    -1165.301       15.593   880.5
2.5250        -1149.677    -1165.462       15.785   891.4
2.5300        -1149.668    -1165.756       16.088   908.5
2.5350        -1149.694    -1166.063       16.369   924.3
2.5400        -1149.736    -1166.113       16.377   924.8
2.5450        -1149.781    -1166.160       16.379   924.9
2.5500        -1149.825    -1166.126       16.301   920.5
2.5550        -1149.857    -1165.875       16.018   904.6
2.5600        -1149.847    -1165.326       15.478   874.1
2.5650        -1149.789    -1164.893       15.104   852.9
2.5700        -1149.709    -1164.792       15.083   851.7
2.5750        -1149.639    -1165.001       15.362   867.5
2.5800        -1149.581    -1164.893       15.313   864.7
2.5850        -1149.505    -1164.582       15.078   851.4
2.5900        -1149.432    -1164.792       15.360   867.4
2.5950        -1149.414    -1165.480       16.066   907.2
2.6000        -1149.452    -1165.979       16.527   933.3
2.6050        -1149.510    -1166.070       16.561   935.2
2.6100        -1149.567    -1166.228       16.661   940.8
2.6150        -1149.654    -1166.603       16.949   957.1
2.6200        -1149.754    -1166.436       16.682   942.0
2.6250        -1149.801    -1165.691       15.890   897.3
2.6300        -1149.750    -1164.655       14.905   841.7
2.6350        -1149.603    -1163.764       14.160   799.6
2.6400        -1149.412    -1163.508       14.096   796.0
2.6450        -1149.256    -1164.245       14.989   846.4
2.6500        -1149.206    -1165.249       16.043   905.9
2.6550        -1149.233    -1165.688       16.456   929.3
2.6600        -1149.277    -1165.561       16.284   919.6
2.6650        -1149.288    -1165.149       15.861   895.7
2.6700        -1149.266    -1164.841       15.575   879.5
2.6750        -1149.222    -1164.621       15.398   869.5
2.6800        -1149.177    -1164.665       15.487   874.6
2.6850        -1149.147    -1164.780       15.633   882.8
2.6900        -1149.133    -1165.010       15.876   896.5
2.6950        -1149.147    -1165.292       16.145   911.7
2.7000        -1149.179    -1165.377       16.198   914.7
2.7050        -1149.201    -1165.125       15.925   899.3
2.7100        -1149.197    -1165.018       15.821   893.4
2.7150        -1149.198    -1165.255       16.056   906.7
2.7200        -1149.239    -1165.843       16.604   937.6
2.7250        -1149.334    -1166.412       17.078   964.4
2.7300        -1149.465    -1166.712       17.247   973.9
2.7350        -1149.592    -1166.657       17.065   963.6
2.7400        -1149.705    -1166.653       16.948   957.1
2.7450        -1149.797    -1166.393       16.595   937.1
2.7500        -1149.846    -1165.984       16.139   911.4
2.7550        -1149.861    -1165.970       16.109   909.7
2.7600        -1149.908    -1166.659       16.750   945.9
2.7650        -1150.018    -1167.215       17.196   971.1
2.7700        -1150.140    -1167.016       16.877   953.0
2.7750        -1150.194    -1166.161       15.967   901.7
2.7800        -1150.166    -1165.561       15.396   869.4
2.7850        -1150.107    -1165.505       15.398   869.5
2.7900        -1150.062    -1165.613       15.551   878.2
2.7950        -1150.007    -1165.188       15.181   857.2
2.8000        -1149.917    -1164.897       14.980   845.9
2.8050        -1149.824    -1165.019       15.195   858.1
2.8100        -1149.765    -1165.235       15.471   873.6
2.8150        -1149.707    -1164.856       15.150   855.5
2.8200        -1149.613    -1164.504       14.892   840.9
2.8250        -1149.521    -1164.805       15.284   863.1
2.8300        -1149.497    -1165.581       16.084   908.3
2.8350        -1149.531    -1165.852       16.321   921.6
2.8400        -1149.563    -1165.649       16.086   908.4
2.8450        -1149.565    -1165.430       15.865   895.9
2.8500        -1149.558    -1165.467       15.908   898.3
2.8550        -1149.551    -1165.294       15.743   889.0
2.8600        -1149.519    -1164.848       15.328   865.6
2.8650        -1149.426    -1164.026       14.600   824.5
2.8700        -1149.277    -1163.659       14.382   812.1
2.8750        -1149.134    -1163.738       14.604   824.7
2.8800        -1149.012    -1163.858       14.845   838.3
2.8850        -1148.895    -1163.572       14.676   828.8
2.8900        -1148.751    -1163.251       14.500   818.8
2.8950        -1148.636    -1164.033       15.397   869.4
2.9000        -1148.658    -1165.763       17.105   965.9
2.9050        -1148.836    -1167.007       18.171  1026.1
2.9100        -1149.048    -1166.818       17.770  1003.4
2.9150        -1149.209    -1166.459       17.250   974.1
2.9200        -1149.351    -1166.743       17.391   982.1
2.9250        -1149.510    -1166.898       17.388   981.9
2.9300        -1149.630    -1166.232       16.602   937.5
2.9350        -1149.665    -1165.672       16.006   903.9
2.9400        -1149.666    -1165.748       16.082   908.1
2.9450        -1149.684    -1165.900       16.216   915.7
2.9500        -1149.701    -1165.726       16.025   904.9
2.9550        -1149.691    -1165.507       15.816   893.1
2.9600        -1149.688    -1165.774       16.086   908.4
2.9650        -1149.714    -1166.131       16.418   927.1
2.9700        -1149.774    -1166.325       16.552   934.7
2.9750        -1149.817    -1166.033       16.217   915.7
2.9800        -1149.841    -1165.897       16.057   906.7
2.9850        -1149.844    -1165.618       15.774   890.8
2.9900        -1149.818    -1165.276       15.458   872.9
2.9950        -1149.772    -1165.251       15.480   874.1
3.0000        -1149.755    -1165.778       16.022   904.8
3.0050        -1149.795    -1166.401       16.606   937.7
3.0100        -1149.896    -1167.128       17.231   973.0
3.0150        -1150.039    -1167.425       17.386   981.8
3.0200        -1150.166    -1166.964       16.798   948.6
3.0250        -1150.202    -1165.934       15.732   888.4
3.0300        -1150.151    -1165.240       15.090   852.1
3.0350        -1150.047    -1164.814       14.767   833.9
3.0400        -1149.926    -1164.542       14.616   825.4
3.0450        -1149.784    -1164.240       14.456   816.3
3.0500        -1149.647    -1164.363       14.716   831.0
3.0550        -1149.550    -1164.835       15.285   863.1
3.0600        -1149.518    -1165.343       15.825   893.6
3.0650        -1149.504    -1165.103       15.599   880.9
3.0700        -1149.454    -1164.521       15.067   850.8
3.0750        -1149.355    -1164.172       14.817   836.7
3.0800        -1149.259    -1164.391       15.132   854.5
3.0850        -1149.172    -1164.141       14.969   845.3
3.0900        -1149.060    -1163.829       14.769   834.0
3.0950        -1148.940    -1163.848       14.908   841.9
3.1000        -1148.858    -1164.328       15.470   873.6
3.1050        -1148.830    -1164.631       15.801   892.3
3.1100        -1148.822    -1164.871       16.049   906.3
3.1150        -1148.843    -1165.110       16.267   918.6
3.1200        -1148.877    -1165.290       16.412   926.8
3.1250        -1148.933    -1165.582       16.649   940.2
3.1300        -1149.008    -1165.748       16.740   945.3
3.1350        -1149.076    -1165.604       16.527   933.3
3.1400        -1149.123    -1165.495       16.373   924.6
3.1450        -1149.168    -1165.783       16.615   938.2
3.1500        -1149.269    -1166.606       17.337   979.0
3.1550        -1149.414    -1166.793       17.379   981.4
3.1600        -1149.536    -1166.428       16.893   953.9
3.1650        -1149.610    -1166.173       16.563   935.3
3.1700        -1149.665    -1166.201       16.536   933.8
3.1750        -1149.731    -1166.487       16.756   946.2
3.1800        -1149.818    -1166.682       16.864   952.3
3.1850        -1149.902    -1166.549       16.647   940.1
3.1900        -1149.956    -1166.234       16.278   919.2
3.1950        -1149.980    -1165.972       15.992   903.1
3.2000        -1149.981    -1165.774       15.793   891.8
3.2050        -1149.958    -1165.483       15.525   876.7
3.2100        -1149.913    -1165.457       15.545   877.8
3.2150        -1149.901    -1166.157       16.256   918.0
3.2200        -1149.964    -1166.845       16.881   953.3
3.2250        -1150.047    -1166.546       16.499   931.7
3.2300        -1150.054    -1165.539       15.485   874.4
3.2350        -1149.979    -1164.987       15.009   847.5
3.2400        -1149.888    -1165.087       15.199   858.3
3.2450        -1149.821    -1165.173       15.352   866.9
3.2500        -1149.749    -1164.823       15.074   851.2
3.2550        -1149.643    -1164.463       14.820   836.9
3.2600        -1149.549    -1164.938       15.390   869.0
3.2650        -1149.526    -1165.562       16.036   905.5
3.2700        -1149.537    -1165.474       15.937   899.9
3.2750        -1149.502    -1164.682       15.180   857.2
3.2800        -1149.396    -1164.121       14.725   831.5
3.2850        -1149.281    -1164.354       15.072   851.1
3.2900        -1149.226    -1165.026       15.800   892.2
3.2950        -1149.226    -1165.336       16.110   909.7
3.3000        -1149.243    -1165.421       16.178   913.6
3.3050        -1149.265    -1165.481       16.216   915.7
3.3100        -1149.287    -1165.422       16.136   911.2
3.3150        -1149.287    -1165.026       15.740   888.8
3.3200        -1149.249    -1164.779       15.530   877.0
3.3250        -1149.218    -1165.056       15.837   894.3
3.3300        -1149.226    -1165.469       16.243   917.2
3.3350        -1149.271    -1165.739       16.467   929.9
3.3400        -1149.319    -1165.671       16.352   923.4
3.3450        -1149.357    -1165.648       16.291   920.0
3.3500        -1149.386    -1165.636       16.251   917.7
3.3550        -1149.422    -1165.855       16.433   927.9
3.3600        -1149.480    -1166.205       16.724   944.4
3.3650        -1149.571    -1166.532       16.962   957.8
3.3700        -1149.668    -1166.535       16.867   952.5
3.3750        -1149.745    -1166.295       16.550   934.6
3.3800        -1149.793    -1166.263       16.471   930.1
3.3850        -1149.856    -1166.598       16.742   945.4
3.3900        -1149.937    -1166.695       16.758   946.3
3.3950        -1150.000    -1166.296       16.296   920.2
3.4000        -1149.999    -1165.585       15.587   880.2
3.4050        -1149.942    -1165.167       15.225   859.8
3.4100        -1149.862    -1165.007       15.145   855.3
3.4150        -1149.776    -1164.820       15.045   849.6
3.4200        -1149.685    -1164.884       15.199   858.3
3.4250        -1149.629    -1165.277       15.648   883.6
3.4300        -1149.601    -1165.202       15.602   881.0
3.4350        -1149.537    -1164.458       14.921   842.6
3.4400        -1149.403    -1163.785       14.382   812.1
3.4450        -1149.259    -1163.909       14.650   827.3
3.4500        -1149.152    -1164.239       15.087   851.9
3.4550        -1149.084    -1164.570       15.486   874.5
3.4600        -1149.054    -1164.923       15.869   896.1
3.4650        -1149.059    -1165.214       16.155   912.3
3.4700        -1149.088    -1165.280       16.192   914.3
3.4750        -1149.107    -1165.142       16.035   905.5
3.4800        -1149.119    -1165.271       16.152   912.1
3.4850        -1149.158    -1165.733       16.574   936.0
3.4900        -1149.234    -1166.003       16.768   946.9
3.4950        -1149.295    -1165.440       16.145   911.7
3.5000        -1149.265    -1164.398       15.134   854.6
3.5050        -1149.168    -1164.242       15.074   851.2
3.5100        -1149.133    -1165.322       16.189   914.2
3.5150        -1149.203    -1166.187       16.984   959.1
3.5200        -1149.309    -1166.090       16.780   947.6
3.5250        -1149.372    -1165.649       16.277   919.2
3.5300        -1149.398    -1165.538       16.140   911.4
3.5350        -1149.424    -1165.743       16.319   921.5
3.5400        -1149.468    -1165.817       16.349   923.2
3.5450        -1149.486    -1165.403       15.918   898.9
3.5500        -1149.477    -1165.473       15.996   903.3
3.5550        -1149.511    -1166.274       16.763   946.6
3.5600        -1149.629    -1167.144       17.515   989.1
3.5650        -1149.789    -1167.270       17.482   987.2
3.5700        -1149.913    -1166.786       16.872   952.8
3.5750        -1149.977    -1166.323       16.347   923.1
3.5800        -1150.004    -1166.207       16.202   914.9
3.5850        -1150.026    -1166.164       16.139   911.3
3.5900        -1150.034    -1166.018       15.985   902.7
3.5950        -1150.032    -1165.972       15.940   900.1
3.6000        -1150.024    -1165.807       15.783   891.2
3.6050        -1149.980    -1165.143       15.164   856.3
3.6100        -1149.868    -1164.515       14.646   827.1
3.6150        -1149.747    -1164.786       15.040   849.3
3.6200        -1149.689    -1165.496       15.807   892.6
3.6250        -1149.689    -1165.731       16.042   905.9
3.6300        -1149.683    -1165.416       15.733   888.5
3.6350        -1149.645    -1165.135       15.490   874.7
3.6400        -1149.595    -1165.102       15.507   875.7
3.6450        -1149.553    -1165.094       15.541   877.6
3.6500        -1149.499    -1164.822       15.322   865.2
3.6550        -1149.432    -1164.734       15.302   864.1
3.6600        -1149.382    -1165.210       15.828   893.8
3.6650        -1149.402    -1165.876       16.474   930.3
3.6700        -1149.450    -1165.756       16.306   920.8
3.6750        -1149.447    -1164.857       15.410   870.2
3.6800        -1149.355    -1164.194       14.839   838.0
3.6850        -1149.249    -1164.245       14.996   846.8
3.6900        -1149.176    -1164.482       15.307   864.4
3.6950        -1149.103    -1164.036       14.933   843.3
3.7000        -1148.978    -1163.524       14.546   821.4
3.7050        -1148.863    -1164.116       15.253   861.3
3.7100        -1148.853    -1165.275       16.421   927.3
3.7150        -1148.926    -1165.645       16.718   944.1
3.7200        -1148.985    -1165.217       16.232   916.6
3.7250        -1149.010    -1165.244       16.234   916.7
3.7300        -1149.067    -1165.940       16.874   952.8
3.7350        -1149.186    -1166.395       17.209   971.8
3.7400        -1149.284    -1165.771       16.487   931.0
3.7450        -1149.309    -1165.197       15.888   897.2
3.7500        -1149.298    -1165.086       15.788   891.5
3.7550        -1149.286    -1165.132       15.846   894.8
3.7600        -1149.285    -1165.319       16.034   905.4
3.7650        -1149.314    -1165.780       16.466   929.8
3.7700        -1149.392    -1166.356       16.965   958.0
3.7750        -1149.509    -1166.702       17.192   970.9
3.7800        -1149.626    -1166.540       16.914   955.1
3.7850        -1149.701    -1166.065       16.364   924.1
3.7900        -1149.716    -1165.503       15.787   891.5
3.7950        -1149.697    -1165.481       15.784   891.3
3.8000        -1149.698    -1165.797       16.099   909.1
3.8050        -1149.717    -1165.867       16.150   912.0
3.8100        -1149.739    -1165.897       16.158   912.5
3.8150        -1149.765    -1166.089       16.324   921.8
3.8200        -1149.821    -1166.457       16.636   939.4
3.8250        -1149.885    -1166.217       16.332   922.3
3.8300        -1149.886    -1165.394       15.508   875.8
3.8350        -1149.832    -1165.239       15.407   870.0
3.8400        -1149.799    -1165.555       15.756   889.8
3.8450        -1149.775    -1165.259       15.484   874.4
3.8500        -1149.712    -1164.839       15.126   854.2
3.8550        -1149.637    -1164.951       15.314   864.8
3.8600        -1149.597    -1165.262       15.665   884.6
3.8650        -1149.551    -1164.559       15.008   847.5
3.8700        -1149.407    -1163.539       14.132   798.0
3.8750        -1149.247    -1164.073       14.826   837.2
3.8800        -1149.188    -1165.193       16.005   903.8
3.8850        -1149.220    -1165.522       16.301   920.5
3.8900        -1149.232    -1165.026       15.795   891.9
3.8950        -1149.209    -1164.992       15.783   891.3
3.9000        -1149.213    -1165.496       16.283   919.5
3.9050        -1149.265    -1165.791       16.527   933.3
3.9100        -1149.311    -1165.479       16.169   913.1
3.9150        -1149.303    -1164.831       15.528   876.9
3.9200        -1149.270    -1165.080       15.810   892.8
3.9250        -1149.282    -1165.612       16.330   922.2
3.9300        -1149.307    -1165.011       15.704   886.8
3.9350        -1149.250    -1164.582       15.332   865.8
3.9400        -1149.200    -1165.029       15.830   893.9
3.9450        -1149.189    -1165.227       16.037   905.6
3.9500        -1149.222    -1165.249       16.027   905.1
3.9550        -1149.225    -1165.069       15.844   894.7
3.9600        -1149.218    -1165.344       16.126   910.6
3.9650        -1149.257    -1165.715       16.458   929.4
3.9700        -1149.310    -1165.474       16.164   912.8
3.9750        -1149.317    -1164.913       15.596   880.7
3.9800        -1149.283    -1164.639       15.356   867.2
3.9850        -1149.259    -1165.228       15.969   901.8
3.9900        -1149.305    -1165.743       16.438   928.3
3.9950        -1149.366    -1165.607       16.241   917.1
4.0000        -1149.370    -1164.635       15.265   862.0
4.0050        -1149.282    -1164.010       14.728   831.7
4.0100        -1149.186    -1164.449       15.264   861.9
4.0150        -1149.183    -1165.626       16.443   928.5
4.0200        -1149.264    -1166.096       16.832   950.5
4.0250        -1149.358    -1166.061       16.703   943.2
4.0300        -1149.408    -1165.678       16.270   918.8
4.0350        -1149.442    -1165.694       16.252   917.7
4.0400        -1149.459    -1165.562       16.103   909.4
4.0450        -1149.481    -1165.859       16.378   924.9
4.0500        -1149.531    -1166.285       16.754   946.1
4.0550        -1149.628    -1166.851       17.223   972.6
4.0600        -1149.753    -1166.920       17.166   969.4
4.0650        -1149.837    -1166.399       16.562   935.2
4.0700        -1149.893    -1166.368       16.475   930.3
4.0750        -1149.953    -1166.610       16.657   940.6
4.0800        -1150.052    -1167.044       16.992   959.6
4.0850        -1150.128    -1166.353       16.226   916.3
4.0900        -1150.103    -1165.327       15.223   859.7
4.0950        -1149.999    -1164.549       14.549   821.6
4.1000        -1149.853    -1164.516       14.663   828.0
4.1050        -1149.758    -1164.957       15.199   858.3
4.1100        -1149.678    -1164.808       15.131   854.4
4.1150        -1149.609    -1164.875       15.266   862.1
4.1200        -1149.559    -1165.181       15.622   882.2
4.1250        -1149.541    -1165.523       15.981   902.5
4.1300        -1149.547    -1165.456       15.909   898.3
4.1350        -1149.510    -1164.539       15.029   848.7
4.1400        -1149.404    -1164.075       14.671   828.5
4.1450        -1149.294    -1164.432       15.139   854.9
4.1500        -1149.243    -1164.975       15.732   888.4
4.1550        -1149.242    -1165.224       15.981   902.5
4.1600        -1149.199    -1164.398       15.199   858.3
4.1650        -1149.119    -1164.144       15.026   848.5
4.1700        -1149.039    -1164.291       15.252   861.3
4.1750        -1149.000    -1164.823       15.823   893.5
4.1800        -1148.990    -1164.709       15.719   887.6
4.1850        -1148.977    -1164.820       15.843   894.7
4.1900        -1148.995    -1165.621       16.625   938.8
4.1950        -1149.097    -1166.299       17.202   971.4
4.2000        -1149.204    -1166.075       16.871   952.7
4.2050        -1149.264    -1165.518       16.254   917.8
4.2100        -1149.272    -1165.345       16.073   907.6
4.2150        -1149.285    -1165.443       16.158   912.5
4.2200        -1149.298    -1165.448       16.150   912.0
4.2250        -1149.316    -1165.396       16.079   908.0
4.2300        -1149.318    -1165.214       15.895   897.6
4.2350        -1149.318    -1165.264       15.947   900.5
4.2400        -1149.331    -1165.678       16.346   923.1
4.2450        -1149.418    -1166.626       17.207   971.7
4.2500        -1149.557    -1166.944       17.387   981.8
4.2550        -1149.684    -1166.498       16.814   949.5
4.2600        -1149.715    -1165.271       15.556   878.4
4.2650        -1149.638    -1164.560       14.922   842.7
4.2700        -1149.553    -1165.037       15.484   874.4
4.2750        -1149.560    -1166.118       16.558   935.0
4.2800        -1149.636    -1166.229       16.594   937.0
4.2850        -1149.669    -1165.385       15.716   887.5
4.2900        -1149.636    -1165.430       15.793   891.8
4.2950        -1149.658    -1166.205       16.547   934.4
4.3000        -1149.733    -1166.295       16.562   935.3
4.3050        -1149.764    -1165.553       15.789   891.6
4.3100        -1149.727    -1165.164       15.437   871.7
4.3150        -1149.695    -1165.584       15.889   897.3
4.3200        -1149.729    -1166.382       16.654   940.4
4.3250        -1149.810    -1166.418       16.608   937.8
4.3300        -1149.847    -1165.662       15.815   893.1
4.3350        -1149.805    -1164.804       15.000   847.0
4.3400        -1149.699    -1164.614       14.914   842.2
4.3450        -1149.604    -1164.677       15.073   851.2
4.3500        -1149.515    -1164.426       14.911   842.0
4.3550        -1149.377    -1163.667       14.290   807.0
4.3600        -1149.203    -1163.557       14.354   810.6
4.3650        -1149.073    -1164.255       15.182   857.3
4.3700        -1149.041    -1165.075       16.034   905.4
4.3750        -1149.035    -1164.703       15.668   884.8
4.3800        -1148.991    -1164.563       15.572   879.4
4.3850        -1148.989    -1165.548       16.559   935.1
4.3900        -1149.112    -1166.882       17.770  1003.5
4.3950        -1149.284    -1166.495       17.210   971.9
4.4000        -1149.340    -1165.078       15.738   888.7
4.4050        -1149.269    -1164.160       14.891   840.9
4.4100        -1149.179    -1164.630       15.451   872.5
4.4150        -1149.174    -1165.444       16.270   918.8
4.4200        -1149.225    -1165.775       16.550   934.6
4.4250        -1149.273    -1165.518       16.244   917.3
4.4300        -1149.303    -1165.691       16.388   925.4
4.4350        -1149.399    -1166.910       17.511   988.8
4.4400        -1149.570    -1167.017       17.447   985.2
4.4450        -1149.669    -1165.930       16.260   918.2
4.4500        -1149.632    -1164.567       14.935   843.4
4.4550        -1149.520    -1164.394       14.874   839.9
4.4600        -1149.434    -1164.728       15.295   863.7
4.4650        -1149.391    -1164.838       15.447   872.3
4.4700        -1149.339    -1164.586       15.246   861.0
4.4750        -1149.287    -1164.911       15.624   882.3
4.4800        -1149.308    -1165.902       16.595   937.1
4.4850        -1149.412    -1166.509       17.098   965.5
4.4900        -1149.511    -1166.032       16.521   932.9
4.4950        -1149.543    -1165.465       15.922   899.1
4.5000        -1149.540    -1165.482       15.942   900.2
4.5050        -1149.568    -1166.092       16.524   933.1
4.5100        -1149.633    -1166.228       16.595   937.1
4.5150        -1149.682    -1166.007       16.325   921.9
4.5200        -1149.714    -1166.021       16.308   920.9
4.5250        -1149.764    -1166.329       16.564   935.4
4.5300        -1149.806    -1165.805       15.999   903.5
4.5350        -1149.781    -1165.097       15.317   864.9
4.5400        -1149.702    -1164.770       15.068   850.9
4.5450        -1149.642    -1165.319       15.677   885.3
4.5500        -1149.654    -1165.897       16.243   917.2
4.5550        -1149.703    -1166.106       16.403   926.3
4.5600        -1149.719    -1165.298       15.580   879.8
4.5650        -1149.644    -1164.381       14.737   832.2
4.5700        -1149.514    -1164.085       14.571   822.8
4.5750        -1149.407    -1164.550       15.144   855.2
4.5800        -1149.355    -1164.783       15.429   871.3
4.5850        -1149.306    -1164.623       15.317   864.9
4.5900        -1149.237    -1164.367       15.130   854.4
4.5950        -1149.181    -1164.810       15.629   882.6
4.6000        -1149.191    -1165.490       16.299   920.4
4.6050        -1149.249    -1165.651       16.402   926.2
4.6100        -1149.278    -1165.176       15.897   897.7
4.6150        -1149.273    -1165.028       15.755   889.7
4.6200        -1149.249    -1164.905       15.656   884.1
4.6250        -1149.224    -1164.782       15.558   878.5
4.6300        -1149.179    -1164.511       15.332   865.8
4.6350        -1149.127    -1164.634       15.507   875.7
4.6400        -1149.110    -1165.074       15.964   901.5
4.6450        -1149.137    -1165.568       16.431   927.8
4.6500        -1149.200    -1166.144       16.944   956.8
4.6550        -1149.330    -1166.805       17.474   986.8
4.6600        -1149.483    -1166.888       17.405   982.8
4.6650        -1149.615    -1166.611       16.997   959.8
4.6700        -1149.692    -1166.019       16.327   922.0
4.6750        -1149.701    -1165.450       15.749   889.3
4.6800        -1149.674    -1165.324       15.650   883.8
4.6850        -1149.648    -1165.351       15.704   886.8
4.6900        -1149.633    -1165.529       15.896   897.6
4.6950        -1149.636    -1165.742       16.106   909.5
4.7000        -1149.674    -1166.293       16.620   938.5
4.7050        -1149.764    -1166.758       16.993   959.6
4.7100        -1149.863    -1166.637       16.775   947.3
4.7150        -1149.931    -1166.384       16.453   929.1
4.7200        -1149.974    -1166.243       16.269   918.7
4.7250        -1150.005    -1166.243       16.238   917.0
4.7300        -1150.037    -1166.287       16.250   917.6
4.7350        -1150.068    -1166.265       16.197   914.6
4.7400        -1150.076    -1165.864       15.787   891.5
4.7450        -1150.048    -1165.642       15.594   880.6
4.7500        -1150.022    -1165.790       15.768   890.4
4.7550        -1150.011    -1165.781       15.770   890.5
4.7600        -1149.966    -1165.020       15.053   850.0
4.7650        -1149.858    -1164.669       14.811   836.4
4.7700        -1149.759    -1164.872       15.113   853.4
4.7750        -1149.693    -1165.066       15.373   868.1
4.7800        -1149.613    -1164.343       14.730   831.8
4.7850        -1149.463    -1163.636       14.173   800.4
4.7900        -1149.289    -1163.711       14.422   814.4
4.7950        -1149.173    -1164.536       15.362   867.5
4.8000        -1149.149    -1165.168       16.019   904.6
4.8050        -1149.165    -1165.366       16.202   914.9
4.8100        -1149.189    -1165.464       16.275   919.0
4.8150        -1149.244    -1165.981       16.737   945.2
4.8200        -1149.330    -1166.055       16.725   944.5
4.8250        -1149.384    -1165.451       16.067   907.3
4.8300        -1149.371    -1164.874       15.503   875.5
4.8350        -1149.340    -1165.231       15.891   897.4
4.8400        -1149.381    -1166.180       16.799   948.6
4.8450        -1149.500    -1166.788       17.287   976.2
4.8500        -1149.624    -1166.597       16.972   958.4
4.8550        -1149.733    -1166.800       17.067   963.8
4.8600        -1149.853    -1166.933       17.080   964.5
4.8650        -1149.953    -1166.554       16.601   937.4
4.8700        -1149.979    -1165.625       15.645   883.5
4.8750        -1149.927    -1165.112       15.185   857.5
4.8800        -1149.847    -1164.950       15.103   852.9
4.8850        -1149.777    -1165.101       15.325   865.4
4.8900        -1149.729    -1165.307       15.578   879.7
4.8950        -1149.714    -1165.704       15.990   902.9
4.9000        -1149.736    -1166.009       16.273   918.9
4.9050        -1149.777    -1166.076       16.299   920.4
4.9100        -1149.796    -1165.753       15.957   901.1
4.9150        -1149.796    -1165.832       16.036   905.5
4.9200        -1149.829    -1166.442       16.612   938.1
4.9250        -1149.918    -1166.831       16.913   955.1
4.9300        -1149.998    -1166.412       16.413   926.9
4.9350        -1150.010    -1165.554       15.545   877.8
4.9400        -1149.935    -1164.720       14.785   834.9
4.9450        -1149.810    -1164.470       14.660   827.8
4.9500        -1149.712    -1165.075       15.364   867.6
4.9550        -1149.700    -1165.963       16.263   918.4
4.9600        -1149.740    -1166.071       16.331   922.2
4.9650        -1149.764    -1165.877       16.113   909.9
4.9700        -1149.786    -1166.022       16.236   916.9
4.9750        -1149.816    -1165.992       16.176   913.5
4.9800        -1149.823    -1165.552       15.729   888.2
4.9850        -1149.783    -1165.103       15.320   865.1
4.9900        -1149.719    -1164.981       15.262   861.8
4.9950        -1149.662    -1165.184       15.523   876.6
5.0000        -1149.645    -1165.758       16.113   909.9
