2024-12-15 19:03:38,947 - INFO - Logs will be saved to pretraining_results/logs/2024-12-15_19-03-38
2024-12-15 19:03:38,947 - INFO - Loading dataset...
2024-12-15 19:03:38,953 - INFO - Dataset loaded successfully
2024-12-15 19:03:38,953 - INFO - Initializing model and trainer...
2024-12-15 19:03:39,652 - INFO - Starting training...
2024-12-15 19:03:49,443 - INFO - Epoch 1/50:
2024-12-15 19:03:49,443 - INFO -   Train Loss: 8.760385
2024-12-15 19:03:49,443 - INFO -   Val Loss: 5.782248
2024-12-15 19:03:58,492 - INFO - Epoch 2/50:
2024-12-15 19:03:58,492 - INFO -   Train Loss: 6.070067
2024-12-15 19:03:58,492 - INFO -   Val Loss: 5.950463
2024-12-15 19:04:07,655 - INFO - Epoch 3/50:
2024-12-15 19:04:07,655 - INFO -   Train Loss: 5.947214
2024-12-15 19:04:07,655 - INFO -   Val Loss: 5.564318
2024-12-15 19:04:16,854 - INFO - Epoch 4/50:
2024-12-15 19:04:16,855 - INFO -   Train Loss: 5.995440
2024-12-15 19:04:16,855 - INFO -   Val Loss: 5.681818
2024-12-15 19:04:25,808 - INFO - Epoch 5/50:
2024-12-15 19:04:25,808 - INFO -   Train Loss: 6.572689
2024-12-15 19:04:25,808 - INFO -   Val Loss: 5.979223
2024-12-15 19:04:34,727 - INFO - Epoch 6/50:
2024-12-15 19:04:34,727 - INFO -   Train Loss: 4.613896
2024-12-15 19:04:34,727 - INFO -   Val Loss: 5.018882
2024-12-15 19:04:43,701 - INFO - Epoch 7/50:
2024-12-15 19:04:43,701 - INFO -   Train Loss: 5.092680
2024-12-15 19:04:43,701 - INFO -   Val Loss: 4.405831
2024-12-15 19:04:52,742 - INFO - Epoch 8/50:
2024-12-15 19:04:52,742 - INFO -   Train Loss: 3.646470
2024-12-15 19:04:52,742 - INFO -   Val Loss: 5.322627
2024-12-15 19:05:01,704 - INFO - Epoch 9/50:
2024-12-15 19:05:01,705 - INFO -   Train Loss: 3.314681
2024-12-15 19:05:01,705 - INFO -   Val Loss: 3.118077
2024-12-15 19:05:10,544 - INFO - Epoch 10/50:
2024-12-15 19:05:10,544 - INFO -   Train Loss: 2.586575
2024-12-15 19:05:10,544 - INFO -   Val Loss: 3.608071
2024-12-15 19:05:19,573 - INFO - Epoch 11/50:
2024-12-15 19:05:19,573 - INFO -   Train Loss: 2.531411
2024-12-15 19:05:19,573 - INFO -   Val Loss: 3.209724
2024-12-15 19:05:28,386 - INFO - Epoch 12/50:
2024-12-15 19:05:28,386 - INFO -   Train Loss: 2.612333
2024-12-15 19:05:28,386 - INFO -   Val Loss: 2.888588
2024-12-15 19:05:37,224 - INFO - Epoch 13/50:
2024-12-15 19:05:37,225 - INFO -   Train Loss: 2.449374
2024-12-15 19:05:37,225 - INFO -   Val Loss: 2.649586
2024-12-15 19:05:46,278 - INFO - Epoch 14/50:
2024-12-15 19:05:46,278 - INFO -   Train Loss: 1.747311
2024-12-15 19:05:46,279 - INFO -   Val Loss: 2.591745
2024-12-15 19:05:55,298 - INFO - Epoch 15/50:
2024-12-15 19:05:55,299 - INFO -   Train Loss: 1.584849
2024-12-15 19:05:55,299 - INFO -   Val Loss: 2.859638
2024-12-15 19:06:04,149 - INFO - Epoch 16/50:
2024-12-15 19:06:04,149 - INFO -   Train Loss: 1.600505
2024-12-15 19:06:04,149 - INFO -   Val Loss: 3.014705
2024-12-15 19:06:12,593 - INFO - Epoch 17/50:
2024-12-15 19:06:12,593 - INFO -   Train Loss: 1.412033
2024-12-15 19:06:12,593 - INFO -   Val Loss: 2.705246
2024-12-15 19:06:21,041 - INFO - Epoch 18/50:
2024-12-15 19:06:21,041 - INFO -   Train Loss: 1.116858
2024-12-15 19:06:21,041 - INFO -   Val Loss: 2.689278
2024-12-15 19:06:29,371 - INFO - Epoch 19/50:
2024-12-15 19:06:29,371 - INFO -   Train Loss: 1.262508
2024-12-15 19:06:29,372 - INFO -   Val Loss: 2.932469
2024-12-15 19:06:37,623 - INFO - Epoch 20/50:
2024-12-15 19:06:37,623 - INFO -   Train Loss: 1.223275
2024-12-15 19:06:37,623 - INFO -   Val Loss: 2.627719
2024-12-15 19:06:45,938 - INFO - Epoch 21/50:
2024-12-15 19:06:45,939 - INFO -   Train Loss: 1.076470
2024-12-15 19:06:45,939 - INFO -   Val Loss: 3.263519
2024-12-15 19:06:54,462 - INFO - Epoch 22/50:
2024-12-15 19:06:54,462 - INFO -   Train Loss: 1.039968
2024-12-15 19:06:54,462 - INFO -   Val Loss: 2.989000
2024-12-15 19:07:02,919 - INFO - Epoch 23/50:
2024-12-15 19:07:02,919 - INFO -   Train Loss: 0.876171
2024-12-15 19:07:02,919 - INFO -   Val Loss: 3.348410
2024-12-15 19:07:11,190 - INFO - Epoch 24/50:
2024-12-15 19:07:11,190 - INFO -   Train Loss: 0.947716
2024-12-15 19:07:11,190 - INFO -   Val Loss: 2.823260
2024-12-15 19:07:19,515 - INFO - Epoch 25/50:
2024-12-15 19:07:19,515 - INFO -   Train Loss: 0.918767
2024-12-15 19:07:19,515 - INFO -   Val Loss: 2.920428
2024-12-15 19:07:27,904 - INFO - Epoch 26/50:
2024-12-15 19:07:27,904 - INFO -   Train Loss: 0.770510
2024-12-15 19:07:27,904 - INFO -   Val Loss: 2.600170
2024-12-15 19:07:36,185 - INFO - Epoch 27/50:
2024-12-15 19:07:36,186 - INFO -   Train Loss: 1.011086
2024-12-15 19:07:36,186 - INFO -   Val Loss: 2.703672
2024-12-15 19:07:44,515 - INFO - Epoch 28/50:
2024-12-15 19:07:44,515 - INFO -   Train Loss: 0.773605
2024-12-15 19:07:44,515 - INFO -   Val Loss: 2.639669
2024-12-15 19:07:53,043 - INFO - Epoch 29/50:
2024-12-15 19:07:53,044 - INFO -   Train Loss: 0.601177
2024-12-15 19:07:53,044 - INFO -   Val Loss: 2.672015
2024-12-15 19:08:01,432 - INFO - Epoch 30/50:
2024-12-15 19:08:01,432 - INFO -   Train Loss: 0.482237
2024-12-15 19:08:01,432 - INFO -   Val Loss: 2.744938
2024-12-15 19:08:09,989 - INFO - Epoch 31/50:
2024-12-15 19:08:09,989 - INFO -   Train Loss: 0.471383
2024-12-15 19:08:09,989 - INFO -   Val Loss: 2.818486
2024-12-15 19:08:18,524 - INFO - Epoch 32/50:
2024-12-15 19:08:18,524 - INFO -   Train Loss: 0.477604
2024-12-15 19:08:18,524 - INFO -   Val Loss: 2.797335
2024-12-15 19:08:26,909 - INFO - Epoch 33/50:
2024-12-15 19:08:26,910 - INFO -   Train Loss: 0.361428
2024-12-15 19:08:26,910 - INFO -   Val Loss: 2.738451
2024-12-15 19:08:35,235 - INFO - Epoch 34/50:
2024-12-15 19:08:35,236 - INFO -   Train Loss: 0.422403
2024-12-15 19:08:35,236 - INFO -   Val Loss: 2.979499
2024-12-15 19:08:43,474 - INFO - Epoch 35/50:
2024-12-15 19:08:43,474 - INFO -   Train Loss: 0.327603
2024-12-15 19:08:43,474 - INFO -   Val Loss: 2.917588
2024-12-15 19:08:51,930 - INFO - Epoch 36/50:
2024-12-15 19:08:51,931 - INFO -   Train Loss: 0.306274
2024-12-15 19:08:51,931 - INFO -   Val Loss: 2.900099
2024-12-15 19:09:00,220 - INFO - Epoch 37/50:
2024-12-15 19:09:00,220 - INFO -   Train Loss: 0.254664
2024-12-15 19:09:00,220 - INFO -   Val Loss: 3.001147
2024-12-15 19:09:08,578 - INFO - Epoch 38/50:
2024-12-15 19:09:08,578 - INFO -   Train Loss: 0.237688
2024-12-15 19:09:08,578 - INFO -   Val Loss: 3.012887
2024-12-15 19:09:16,901 - INFO - Epoch 39/50:
2024-12-15 19:09:16,902 - INFO -   Train Loss: 0.225440
2024-12-15 19:09:16,902 - INFO -   Val Loss: 2.943894
2024-12-15 19:09:25,257 - INFO - Epoch 40/50:
2024-12-15 19:09:25,257 - INFO -   Train Loss: 0.219679
2024-12-15 19:09:25,257 - INFO -   Val Loss: 2.986184
2024-12-15 19:09:33,561 - INFO - Epoch 41/50:
2024-12-15 19:09:33,562 - INFO -   Train Loss: 0.188024
2024-12-15 19:09:33,562 - INFO -   Val Loss: 2.972072
2024-12-15 19:09:41,860 - INFO - Epoch 42/50:
2024-12-15 19:09:41,860 - INFO -   Train Loss: 0.189745
2024-12-15 19:09:41,861 - INFO -   Val Loss: 2.981509
2024-12-15 19:09:50,505 - INFO - Epoch 43/50:
2024-12-15 19:09:50,505 - INFO -   Train Loss: 0.184309
2024-12-15 19:09:50,505 - INFO -   Val Loss: 2.981010
2024-12-15 19:09:59,104 - INFO - Epoch 44/50:
2024-12-15 19:09:59,104 - INFO -   Train Loss: 0.171972
2024-12-15 19:09:59,104 - INFO -   Val Loss: 3.010346
2024-12-15 19:10:07,509 - INFO - Epoch 45/50:
2024-12-15 19:10:07,509 - INFO -   Train Loss: 0.173070
2024-12-15 19:10:07,509 - INFO -   Val Loss: 3.014329
2024-12-15 19:10:15,911 - INFO - Epoch 46/50:
2024-12-15 19:10:15,911 - INFO -   Train Loss: 0.170086
2024-12-15 19:10:15,911 - INFO -   Val Loss: 3.011046
2024-12-15 19:10:24,387 - INFO - Epoch 47/50:
2024-12-15 19:10:24,387 - INFO -   Train Loss: 0.153306
2024-12-15 19:10:24,387 - INFO -   Val Loss: 3.007275
2024-12-15 19:10:33,103 - INFO - Epoch 48/50:
2024-12-15 19:10:33,104 - INFO -   Train Loss: 0.156001
2024-12-15 19:10:33,104 - INFO -   Val Loss: 3.007209
2024-12-15 19:10:43,042 - INFO - Epoch 49/50:
2024-12-15 19:10:43,043 - INFO -   Train Loss: 0.151555
2024-12-15 19:10:43,043 - INFO -   Val Loss: 3.010168
2024-12-15 19:10:53,058 - INFO - Epoch 50/50:
2024-12-15 19:10:53,058 - INFO -   Train Loss: 0.147884
2024-12-15 19:10:53,058 - INFO -   Val Loss: 3.011960
2024-12-15 19:10:53,089 - INFO - Model saved to pretraining_results/checkpoints/chgnet_model.pth
2024-12-15 19:10:54,866 - INFO - Training curves saved to pretraining_results/training_curves.png
2024-12-15 19:10:54,867 - INFO - Training completed successfully
2024-12-15 19:30:53,124 - INFO - Logs will be saved to pretraining_results/logs/2024-12-15_19-30-53
2024-12-15 19:30:53,124 - INFO - Loading dataset...
2024-12-15 19:30:53,130 - INFO - Dataset loaded successfully
2024-12-15 19:30:53,130 - INFO - Initializing model and trainer...
2024-12-15 19:30:53,672 - INFO - Starting training...
2024-12-15 19:31:03,414 - INFO - Epoch 1/20:
2024-12-15 19:31:03,415 - INFO -   Train Loss: 24.552659
2024-12-15 19:31:03,415 - INFO -   Val Loss: 24.268839
2024-12-15 19:31:13,187 - INFO - Epoch 2/20:
2024-12-15 19:31:13,188 - INFO -   Train Loss: 24.538467
2024-12-15 19:31:13,188 - INFO -   Val Loss: 24.254423
2024-12-15 19:31:22,192 - INFO - Epoch 3/20:
2024-12-15 19:31:22,193 - INFO -   Train Loss: 24.523812
2024-12-15 19:31:22,193 - INFO -   Val Loss: 24.239283
2024-12-15 19:31:32,149 - INFO - Epoch 4/20:
2024-12-15 19:31:32,149 - INFO -   Train Loss: 24.507994
2024-12-15 19:31:32,149 - INFO -   Val Loss: 24.223160
2024-12-15 19:31:41,992 - INFO - Epoch 5/20:
2024-12-15 19:31:41,993 - INFO -   Train Loss: 24.490637
2024-12-15 19:31:41,993 - INFO -   Val Loss: 24.205194
2024-12-15 19:31:51,463 - INFO - Epoch 6/20:
2024-12-15 19:31:51,464 - INFO -   Train Loss: 24.471648
2024-12-15 19:31:51,464 - INFO -   Val Loss: 24.185630
2024-12-15 19:32:01,108 - INFO - Epoch 7/20:
2024-12-15 19:32:01,108 - INFO -   Train Loss: 24.451919
2024-12-15 19:32:01,109 - INFO -   Val Loss: 24.165423
2024-12-15 19:32:10,015 - INFO - Epoch 8/20:
2024-12-15 19:32:10,015 - INFO -   Train Loss: 24.430682
2024-12-15 19:32:10,015 - INFO -   Val Loss: 24.143486
2024-12-15 19:32:18,956 - INFO - Epoch 9/20:
2024-12-15 19:32:18,956 - INFO -   Train Loss: 24.408895
2024-12-15 19:32:18,956 - INFO -   Val Loss: 24.121648
2024-12-15 19:32:28,401 - INFO - Epoch 10/20:
2024-12-15 19:32:28,402 - INFO -   Train Loss: 24.387278
2024-12-15 19:32:28,402 - INFO -   Val Loss: 24.100235
2024-12-15 19:32:37,550 - INFO - Epoch 11/20:
2024-12-15 19:32:37,550 - INFO -   Train Loss: 24.366753
2024-12-15 19:32:37,550 - INFO -   Val Loss: 24.080201
2024-12-15 19:32:46,857 - INFO - Epoch 12/20:
2024-12-15 19:32:46,857 - INFO -   Train Loss: 24.347966
2024-12-15 19:32:46,857 - INFO -   Val Loss: 24.062203
2024-12-15 19:32:56,445 - INFO - Epoch 13/20:
2024-12-15 19:32:56,446 - INFO -   Train Loss: 24.331378
2024-12-15 19:32:56,446 - INFO -   Val Loss: 24.047018
2024-12-15 19:33:05,353 - INFO - Epoch 14/20:
2024-12-15 19:33:05,353 - INFO -   Train Loss: 24.317671
2024-12-15 19:33:05,353 - INFO -   Val Loss: 24.034930
2024-12-15 19:33:14,749 - INFO - Epoch 15/20:
2024-12-15 19:33:14,749 - INFO -   Train Loss: 24.307043
2024-12-15 19:33:14,749 - INFO -   Val Loss: 24.025612
2024-12-15 19:33:23,439 - INFO - Epoch 16/20:
2024-12-15 19:33:23,439 - INFO -   Train Loss: 24.299285
2024-12-15 19:33:23,439 - INFO -   Val Loss: 24.019043
2024-12-15 19:33:31,917 - INFO - Epoch 17/20:
2024-12-15 19:33:31,917 - INFO -   Train Loss: 24.293953
2024-12-15 19:33:31,917 - INFO -   Val Loss: 24.014839
2024-12-15 19:33:40,343 - INFO - Epoch 18/20:
2024-12-15 19:33:40,343 - INFO -   Train Loss: 24.290728
2024-12-15 19:33:40,343 - INFO -   Val Loss: 24.012435
2024-12-15 19:33:49,139 - INFO - Epoch 19/20:
2024-12-15 19:33:49,139 - INFO -   Train Loss: 24.288977
2024-12-15 19:33:49,139 - INFO -   Val Loss: 24.011244
2024-12-15 19:33:57,756 - INFO - Epoch 20/20:
2024-12-15 19:33:57,757 - INFO -   Train Loss: 24.288141
2024-12-15 19:33:57,757 - INFO -   Val Loss: 24.010659
2024-12-15 19:33:57,782 - INFO - Model saved to pretraining_results/checkpoints/chgnet_model.pth
2024-12-15 19:33:59,527 - INFO - Training curves saved to pretraining_results/training_curves.png
2024-12-15 19:33:59,528 - INFO - Training completed successfully
2024-12-15 22:24:50,329 - INFO - Logs will be saved to pretraining_results/logs/2024-12-15_22-24-50
2024-12-15 22:24:50,329 - INFO - Loading dataset...
2024-12-15 22:24:50,334 - INFO - Dataset loaded successfully
2024-12-15 22:24:50,335 - INFO - Initializing model and trainer...
2024-12-15 22:24:50,876 - INFO - Starting training...
2024-12-15 22:25:02,171 - INFO - Epoch 1/40:
2024-12-15 22:25:02,172 - INFO -   Train Loss: 24.159596
2024-12-15 22:25:02,172 - INFO -   Val Loss: 21.011857
2024-12-15 22:25:13,029 - INFO - Epoch 2/40:
2024-12-15 22:25:13,030 - INFO -   Train Loss: 15.851063
2024-12-15 22:25:13,030 - INFO -   Val Loss: 4.887139
2025-02-06 17:11:34,315 - INFO - Logs will be saved to pretraining_results/logs/2025-02-06_17-11-34
2025-02-06 17:11:34,316 - INFO - Loading dataset...
2025-02-06 17:11:34,325 - INFO - Dataset loaded successfully
2025-02-06 17:11:34,325 - INFO - Initializing model and trainer...
2025-02-06 17:11:35,277 - INFO - Starting training...
2025-02-06 17:11:47,128 - INFO - Epoch 1/100:
2025-02-06 17:11:47,129 - INFO -   Train Loss: 24.399149
2025-02-06 17:11:47,129 - INFO -   Val Loss: 25.296513
2025-02-06 17:11:59,029 - INFO - Epoch 2/100:
2025-02-06 17:11:59,029 - INFO -   Train Loss: 24.361578
2025-02-06 17:11:59,029 - INFO -   Val Loss: 25.254577
2025-02-06 17:12:11,553 - INFO - Epoch 3/100:
2025-02-06 17:12:11,554 - INFO -   Train Loss: 24.313168
2025-02-06 17:12:11,554 - INFO -   Val Loss: 25.196771
2025-02-06 17:12:24,012 - INFO - Epoch 4/100:
2025-02-06 17:12:24,013 - INFO -   Train Loss: 24.243405
2025-02-06 17:12:24,013 - INFO -   Val Loss: 25.114595
2025-02-06 17:12:36,989 - INFO - Epoch 5/100:
2025-02-06 17:12:36,991 - INFO -   Train Loss: 24.144369
2025-02-06 17:12:36,991 - INFO -   Val Loss: 24.995722
2025-02-06 17:12:48,896 - INFO - Epoch 6/100:
2025-02-06 17:12:48,896 - INFO -   Train Loss: 23.997095
2025-02-06 17:12:48,896 - INFO -   Val Loss: 24.820343
2025-02-06 17:12:59,955 - INFO - Epoch 7/100:
2025-02-06 17:12:59,955 - INFO -   Train Loss: 23.786570
2025-02-06 17:12:59,955 - INFO -   Val Loss: 24.560848
2025-02-06 17:13:12,386 - INFO - Epoch 8/100:
2025-02-06 17:13:12,387 - INFO -   Train Loss: 23.478033
2025-02-06 17:13:12,387 - INFO -   Val Loss: 24.186463
2025-02-06 17:13:24,261 - INFO - Epoch 9/100:
2025-02-06 17:13:24,262 - INFO -   Train Loss: 23.028442
2025-02-06 17:13:24,262 - INFO -   Val Loss: 23.657303
2025-02-06 17:13:35,797 - INFO - Epoch 10/100:
2025-02-06 17:13:35,797 - INFO -   Train Loss: 22.424500
2025-02-06 17:13:35,797 - INFO -   Val Loss: 22.947154
2025-02-06 17:13:47,813 - INFO - Epoch 11/100:
2025-02-06 17:13:47,813 - INFO -   Train Loss: 21.624043
2025-02-06 17:13:47,813 - INFO -   Val Loss: 22.030490
2025-02-06 17:14:01,968 - INFO - Epoch 12/100:
2025-02-06 17:14:01,973 - INFO -   Train Loss: 20.578165
2025-02-06 17:14:01,973 - INFO -   Val Loss: 20.868874
2025-02-06 17:14:16,628 - INFO - Epoch 13/100:
2025-02-06 17:14:16,632 - INFO -   Train Loss: 19.343148
2025-02-06 17:14:16,632 - INFO -   Val Loss: 19.533403
2025-02-06 17:14:29,263 - INFO - Epoch 14/100:
2025-02-06 17:14:29,264 - INFO -   Train Loss: 17.896504
2025-02-06 17:14:29,264 - INFO -   Val Loss: 17.997649
2025-02-06 17:14:41,805 - INFO - Epoch 15/100:
2025-02-06 17:14:41,806 - INFO -   Train Loss: 16.296633
2025-02-06 17:14:41,806 - INFO -   Val Loss: 16.347165
2025-02-06 17:14:54,001 - INFO - Epoch 16/100:
2025-02-06 17:14:54,002 - INFO -   Train Loss: 14.612852
2025-02-06 17:14:54,002 - INFO -   Val Loss: 14.617718
2025-02-06 17:15:04,842 - INFO - Epoch 17/100:
2025-02-06 17:15:04,843 - INFO -   Train Loss: 12.894158
2025-02-06 17:15:04,843 - INFO -   Val Loss: 12.874934
2025-02-06 17:15:16,505 - INFO - Epoch 18/100:
2025-02-06 17:15:16,506 - INFO -   Train Loss: 11.171203
2025-02-06 17:15:16,506 - INFO -   Val Loss: 11.128750
2025-02-06 17:15:29,165 - INFO - Epoch 19/100:
2025-02-06 17:15:29,166 - INFO -   Train Loss: 9.547840
2025-02-06 17:15:29,166 - INFO -   Val Loss: 9.471272
2025-02-06 17:15:43,027 - INFO - Epoch 20/100:
2025-02-06 17:15:43,028 - INFO -   Train Loss: 8.166006
2025-02-06 17:15:43,028 - INFO -   Val Loss: 7.952714
2025-02-06 17:15:55,593 - INFO - Epoch 21/100:
2025-02-06 17:15:55,594 - INFO -   Train Loss: 7.133865
2025-02-06 17:15:55,594 - INFO -   Val Loss: 6.727244
2025-02-06 17:16:08,508 - INFO - Epoch 22/100:
2025-02-06 17:16:08,509 - INFO -   Train Loss: 6.271310
2025-02-06 17:16:08,509 - INFO -   Val Loss: 6.019576
2025-02-06 17:16:21,652 - INFO - Epoch 23/100:
2025-02-06 17:16:21,652 - INFO -   Train Loss: 5.770413
2025-02-06 17:16:21,652 - INFO -   Val Loss: 5.587218
2025-02-06 17:16:34,252 - INFO - Epoch 24/100:
2025-02-06 17:16:34,272 - INFO -   Train Loss: 5.393022
2025-02-06 17:16:34,272 - INFO -   Val Loss: 5.330538
2025-02-06 17:16:46,555 - INFO - Epoch 25/100:
2025-02-06 17:16:46,556 - INFO -   Train Loss: 5.135066
2025-02-06 17:16:46,556 - INFO -   Val Loss: 5.136176
2025-02-06 17:16:57,564 - INFO - Epoch 26/100:
2025-02-06 17:16:57,565 - INFO -   Train Loss: 4.993244
2025-02-06 17:16:57,565 - INFO -   Val Loss: 4.967720
2025-02-06 17:17:09,281 - INFO - Epoch 27/100:
2025-02-06 17:17:09,282 - INFO -   Train Loss: 4.880678
2025-02-06 17:17:09,282 - INFO -   Val Loss: 4.878978
2025-02-06 17:17:23,028 - INFO - Epoch 28/100:
2025-02-06 17:17:23,029 - INFO -   Train Loss: 4.824693
2025-02-06 17:17:23,029 - INFO -   Val Loss: 4.874536
2025-02-06 17:17:36,675 - INFO - Epoch 29/100:
2025-02-06 17:17:36,675 - INFO -   Train Loss: 4.778677
2025-02-06 17:17:36,675 - INFO -   Val Loss: 4.867060
2025-02-06 17:17:48,377 - INFO - Epoch 30/100:
2025-02-06 17:17:48,377 - INFO -   Train Loss: 4.759314
2025-02-06 17:17:48,377 - INFO -   Val Loss: 4.887151
2025-02-06 17:18:00,225 - INFO - Epoch 31/100:
2025-02-06 17:18:00,226 - INFO -   Train Loss: 4.740549
2025-02-06 17:18:00,226 - INFO -   Val Loss: 4.894246
2025-02-06 17:18:14,615 - INFO - Epoch 32/100:
2025-02-06 17:18:14,616 - INFO -   Train Loss: 4.723650
2025-02-06 17:18:14,616 - INFO -   Val Loss: 4.897088
2025-02-06 17:18:26,873 - INFO - Epoch 33/100:
2025-02-06 17:18:26,874 - INFO -   Train Loss: 4.702305
2025-02-06 17:18:26,874 - INFO -   Val Loss: 4.903221
2025-02-06 17:18:39,134 - INFO - Epoch 34/100:
2025-02-06 17:18:39,135 - INFO -   Train Loss: 4.687094
2025-02-06 17:18:39,135 - INFO -   Val Loss: 4.912656
2025-02-06 17:18:53,107 - INFO - Epoch 35/100:
2025-02-06 17:18:53,108 - INFO -   Train Loss: 4.658228
2025-02-06 17:18:53,108 - INFO -   Val Loss: 4.914340
2025-02-06 17:19:09,965 - INFO - Epoch 36/100:
2025-02-06 17:19:10,006 - INFO -   Train Loss: 4.644937
2025-02-06 17:19:10,006 - INFO -   Val Loss: 4.907722
2025-02-06 17:19:25,063 - INFO - Epoch 37/100:
2025-02-06 17:19:25,064 - INFO -   Train Loss: 4.622717
2025-02-06 17:19:25,064 - INFO -   Val Loss: 4.897654
2025-02-06 17:19:38,519 - INFO - Epoch 38/100:
2025-02-06 17:19:38,520 - INFO -   Train Loss: 4.597943
2025-02-06 17:19:38,520 - INFO -   Val Loss: 4.906357
2025-02-06 17:19:54,420 - INFO - Epoch 39/100:
2025-02-06 17:19:54,428 - INFO -   Train Loss: 4.580347
2025-02-06 17:19:54,429 - INFO -   Val Loss: 4.900599
2025-02-06 17:20:07,983 - INFO - Epoch 40/100:
2025-02-06 17:20:07,984 - INFO -   Train Loss: 4.549146
2025-02-06 17:20:07,984 - INFO -   Val Loss: 4.888573
2025-02-06 17:20:19,334 - INFO - Epoch 41/100:
2025-02-06 17:20:19,335 - INFO -   Train Loss: 4.541945
2025-02-06 17:20:19,335 - INFO -   Val Loss: 4.896943
2025-02-06 17:20:31,598 - INFO - Epoch 42/100:
2025-02-06 17:20:31,599 - INFO -   Train Loss: 4.503886
2025-02-06 17:20:31,599 - INFO -   Val Loss: 4.872941
2025-02-06 17:20:45,493 - INFO - Epoch 43/100:
2025-02-06 17:20:45,494 - INFO -   Train Loss: 4.469079
2025-02-06 17:20:45,494 - INFO -   Val Loss: 4.844682
2025-02-06 17:20:57,842 - INFO - Epoch 44/100:
2025-02-06 17:20:57,843 - INFO -   Train Loss: 4.444252
2025-02-06 17:20:57,843 - INFO -   Val Loss: 4.844430
2025-02-06 17:21:11,087 - INFO - Epoch 45/100:
2025-02-06 17:21:11,088 - INFO -   Train Loss: 4.419477
2025-02-06 17:21:11,088 - INFO -   Val Loss: 4.851307
2025-02-06 17:21:22,092 - INFO - Epoch 46/100:
2025-02-06 17:21:22,092 - INFO -   Train Loss: 4.393601
2025-02-06 17:21:22,092 - INFO -   Val Loss: 4.831235
2025-02-06 17:21:34,464 - INFO - Epoch 47/100:
2025-02-06 17:21:34,465 - INFO -   Train Loss: 4.362807
2025-02-06 17:21:34,465 - INFO -   Val Loss: 4.822341
2025-02-06 17:21:47,532 - INFO - Epoch 48/100:
2025-02-06 17:21:47,532 - INFO -   Train Loss: 4.349168
2025-02-06 17:21:47,532 - INFO -   Val Loss: 4.809128
2025-02-06 17:22:01,349 - INFO - Epoch 49/100:
2025-02-06 17:22:01,350 - INFO -   Train Loss: 4.312640
2025-02-06 17:22:01,350 - INFO -   Val Loss: 4.802073
2025-02-06 17:22:15,474 - INFO - Epoch 50/100:
2025-02-06 17:22:15,475 - INFO -   Train Loss: 4.293003
2025-02-06 17:22:15,475 - INFO -   Val Loss: 4.799407
2025-02-06 17:22:26,536 - INFO - Epoch 51/100:
2025-02-06 17:22:26,537 - INFO -   Train Loss: 4.255606
2025-02-06 17:22:26,537 - INFO -   Val Loss: 4.776535
2025-02-06 17:22:37,896 - INFO - Epoch 52/100:
2025-02-06 17:22:37,899 - INFO -   Train Loss: 4.226581
2025-02-06 17:22:37,899 - INFO -   Val Loss: 4.779055
2025-02-06 17:22:49,738 - INFO - Epoch 53/100:
2025-02-06 17:22:49,739 - INFO -   Train Loss: 4.211904
2025-02-06 17:22:49,739 - INFO -   Val Loss: 4.765141
2025-02-06 17:23:02,730 - INFO - Epoch 54/100:
2025-02-06 17:23:02,731 - INFO -   Train Loss: 4.192991
2025-02-06 17:23:02,731 - INFO -   Val Loss: 4.755174
2025-02-06 17:23:16,902 - INFO - Epoch 55/100:
2025-02-06 17:23:16,903 - INFO -   Train Loss: 4.156245
2025-02-06 17:23:16,903 - INFO -   Val Loss: 4.737303
2025-02-06 17:23:29,435 - INFO - Epoch 56/100:
2025-02-06 17:23:29,436 - INFO -   Train Loss: 4.139574
2025-02-06 17:23:29,436 - INFO -   Val Loss: 4.731851
2025-02-06 17:23:43,796 - INFO - Epoch 57/100:
2025-02-06 17:23:43,797 - INFO -   Train Loss: 4.132284
2025-02-06 17:23:43,797 - INFO -   Val Loss: 4.730646
2025-02-06 17:23:59,017 - INFO - Epoch 58/100:
2025-02-06 17:23:59,023 - INFO -   Train Loss: 4.093459
2025-02-06 17:23:59,023 - INFO -   Val Loss: 4.711826
2025-02-06 17:24:15,091 - INFO - Epoch 59/100:
2025-02-06 17:24:15,092 - INFO -   Train Loss: 4.066018
2025-02-06 17:24:15,092 - INFO -   Val Loss: 4.703389
2025-02-06 17:24:26,931 - INFO - Epoch 60/100:
2025-02-06 17:24:26,931 - INFO -   Train Loss: 4.042474
2025-02-06 17:24:26,931 - INFO -   Val Loss: 4.685798
2025-02-06 17:24:39,312 - INFO - Epoch 61/100:
2025-02-06 17:24:39,313 - INFO -   Train Loss: 4.012919
2025-02-06 17:24:39,313 - INFO -   Val Loss: 4.680468
2025-02-06 17:24:51,317 - INFO - Epoch 62/100:
2025-02-06 17:24:51,318 - INFO -   Train Loss: 4.005769
2025-02-06 17:24:51,318 - INFO -   Val Loss: 4.674127
2025-02-06 17:25:02,741 - INFO - Epoch 63/100:
2025-02-06 17:25:02,741 - INFO -   Train Loss: 3.978165
2025-02-06 17:25:02,741 - INFO -   Val Loss: 4.661752
2025-02-06 17:25:14,654 - INFO - Epoch 64/100:
2025-02-06 17:25:14,655 - INFO -   Train Loss: 3.968313
2025-02-06 17:25:14,655 - INFO -   Val Loss: 4.653106
2025-02-06 17:25:26,231 - INFO - Epoch 65/100:
2025-02-06 17:25:26,232 - INFO -   Train Loss: 3.938111
2025-02-06 17:25:26,232 - INFO -   Val Loss: 4.643298
2025-02-06 17:25:38,214 - INFO - Epoch 66/100:
2025-02-06 17:25:38,215 - INFO -   Train Loss: 3.922555
2025-02-06 17:25:38,215 - INFO -   Val Loss: 4.635247
2025-02-06 17:25:52,026 - INFO - Epoch 67/100:
2025-02-06 17:25:52,028 - INFO -   Train Loss: 3.907070
2025-02-06 17:25:52,028 - INFO -   Val Loss: 4.627265
2025-02-06 17:26:04,678 - INFO - Epoch 68/100:
2025-02-06 17:26:04,679 - INFO -   Train Loss: 3.894632
2025-02-06 17:26:04,679 - INFO -   Val Loss: 4.618700
2025-02-06 17:26:17,869 - INFO - Epoch 69/100:
2025-02-06 17:26:17,869 - INFO -   Train Loss: 3.878467
2025-02-06 17:26:17,869 - INFO -   Val Loss: 4.612029
2025-02-06 17:26:30,436 - INFO - Epoch 70/100:
2025-02-06 17:26:30,437 - INFO -   Train Loss: 3.858300
2025-02-06 17:26:30,437 - INFO -   Val Loss: 4.597993
2025-02-06 17:26:45,310 - INFO - Epoch 71/100:
2025-02-06 17:26:45,311 - INFO -   Train Loss: 3.845094
2025-02-06 17:26:45,311 - INFO -   Val Loss: 4.595443
2025-02-06 17:26:58,130 - INFO - Epoch 72/100:
2025-02-06 17:26:58,130 - INFO -   Train Loss: 3.828644
2025-02-06 17:26:58,131 - INFO -   Val Loss: 4.589588
2025-02-06 17:27:12,727 - INFO - Epoch 73/100:
2025-02-06 17:27:12,728 - INFO -   Train Loss: 3.818861
2025-02-06 17:27:12,728 - INFO -   Val Loss: 4.582543
2025-02-06 17:27:30,997 - INFO - Epoch 74/100:
2025-02-06 17:27:31,003 - INFO -   Train Loss: 3.812908
2025-02-06 17:27:31,003 - INFO -   Val Loss: 4.575033
2025-02-06 17:27:44,803 - INFO - Epoch 75/100:
2025-02-06 17:27:44,804 - INFO -   Train Loss: 3.792245
2025-02-06 17:27:44,804 - INFO -   Val Loss: 4.574122
2025-02-06 17:27:57,768 - INFO - Epoch 76/100:
2025-02-06 17:27:57,769 - INFO -   Train Loss: 3.781290
2025-02-06 17:27:57,769 - INFO -   Val Loss: 4.565380
2025-02-06 17:28:11,564 - INFO - Epoch 77/100:
2025-02-06 17:28:11,567 - INFO -   Train Loss: 3.769905
2025-02-06 17:28:11,567 - INFO -   Val Loss: 4.560151
2025-02-06 17:28:23,442 - INFO - Epoch 78/100:
2025-02-06 17:28:23,454 - INFO -   Train Loss: 3.769890
2025-02-06 17:28:23,454 - INFO -   Val Loss: 4.559884
2025-02-06 17:28:35,028 - INFO - Epoch 79/100:
2025-02-06 17:28:35,029 - INFO -   Train Loss: 3.758429
2025-02-06 17:28:35,029 - INFO -   Val Loss: 4.554286
2025-02-06 17:28:47,971 - INFO - Epoch 80/100:
2025-02-06 17:28:47,972 - INFO -   Train Loss: 3.752148
2025-02-06 17:28:47,972 - INFO -   Val Loss: 4.551652
2025-02-06 17:29:01,336 - INFO - Epoch 81/100:
2025-02-06 17:29:01,337 - INFO -   Train Loss: 3.742700
2025-02-06 17:29:01,337 - INFO -   Val Loss: 4.546264
2025-02-06 17:29:17,738 - INFO - Epoch 82/100:
2025-02-06 17:29:17,739 - INFO -   Train Loss: 3.736951
2025-02-06 17:29:17,739 - INFO -   Val Loss: 4.544994
2025-02-06 17:29:33,743 - INFO - Epoch 83/100:
2025-02-06 17:29:33,744 - INFO -   Train Loss: 3.732711
2025-02-06 17:29:33,744 - INFO -   Val Loss: 4.543624
2025-02-06 17:29:52,679 - INFO - Epoch 84/100:
2025-02-06 17:29:52,681 - INFO -   Train Loss: 3.726271
2025-02-06 17:29:52,681 - INFO -   Val Loss: 4.541812
2025-02-06 17:30:07,807 - INFO - Epoch 85/100:
2025-02-06 17:30:07,809 - INFO -   Train Loss: 3.721801
2025-02-06 17:30:07,809 - INFO -   Val Loss: 4.536783
2025-02-06 17:30:18,758 - INFO - Epoch 86/100:
2025-02-06 17:30:18,759 - INFO -   Train Loss: 3.719070
2025-02-06 17:30:18,759 - INFO -   Val Loss: 4.537102
2025-02-06 17:30:32,526 - INFO - Epoch 87/100:
2025-02-06 17:30:32,527 - INFO -   Train Loss: 3.714735
2025-02-06 17:30:32,527 - INFO -   Val Loss: 4.534980
2025-02-06 17:30:43,484 - INFO - Epoch 88/100:
2025-02-06 17:30:43,486 - INFO -   Train Loss: 3.712197
2025-02-06 17:30:43,486 - INFO -   Val Loss: 4.534175
2025-02-06 17:30:55,118 - INFO - Epoch 89/100:
2025-02-06 17:30:55,121 - INFO -   Train Loss: 3.709092
2025-02-06 17:30:55,121 - INFO -   Val Loss: 4.532636
2025-02-06 17:31:08,312 - INFO - Epoch 90/100:
2025-02-06 17:31:08,316 - INFO -   Train Loss: 3.706061
2025-02-06 17:31:08,317 - INFO -   Val Loss: 4.530868
2025-02-06 17:31:22,234 - INFO - Epoch 91/100:
2025-02-06 17:31:22,239 - INFO -   Train Loss: 3.702894
2025-02-06 17:31:22,239 - INFO -   Val Loss: 4.529565
2025-02-06 17:31:33,545 - INFO - Epoch 92/100:
2025-02-06 17:31:33,551 - INFO -   Train Loss: 3.701392
2025-02-06 17:31:33,551 - INFO -   Val Loss: 4.529093
2025-02-06 17:31:48,033 - INFO - Epoch 93/100:
2025-02-06 17:31:48,035 - INFO -   Train Loss: 3.699008
2025-02-06 17:31:48,035 - INFO -   Val Loss: 4.527520
2025-02-06 17:32:02,337 - INFO - Epoch 94/100:
2025-02-06 17:32:02,338 - INFO -   Train Loss: 3.698026
2025-02-06 17:32:02,338 - INFO -   Val Loss: 4.527824
2025-02-06 17:32:16,083 - INFO - Epoch 95/100:
2025-02-06 17:32:16,084 - INFO -   Train Loss: 3.696836
2025-02-06 17:32:16,085 - INFO -   Val Loss: 4.527112
2025-02-06 17:32:29,902 - INFO - Epoch 96/100:
2025-02-06 17:32:29,903 - INFO -   Train Loss: 3.695869
2025-02-06 17:32:29,903 - INFO -   Val Loss: 4.526400
2025-02-06 17:32:42,631 - INFO - Epoch 97/100:
2025-02-06 17:32:42,633 - INFO -   Train Loss: 3.694892
2025-02-06 17:32:42,633 - INFO -   Val Loss: 4.526105
2025-02-06 17:32:55,219 - INFO - Epoch 98/100:
2025-02-06 17:32:55,220 - INFO -   Train Loss: 3.693859
2025-02-06 17:32:55,220 - INFO -   Val Loss: 4.525779
2025-02-06 17:33:07,250 - INFO - Epoch 99/100:
2025-02-06 17:33:07,251 - INFO -   Train Loss: 3.693306
2025-02-06 17:33:07,251 - INFO -   Val Loss: 4.525572
2025-02-06 17:33:18,869 - INFO - Epoch 100/100:
2025-02-06 17:33:18,870 - INFO -   Train Loss: 3.692823
2025-02-06 17:33:18,870 - INFO -   Val Loss: 4.525273
2025-02-06 17:33:18,938 - INFO - Model saved to pretraining_results/checkpoints/chgnet_model.pth
2025-02-06 17:33:21,155 - INFO - Training curves saved to pretraining_results/training_curves.png
2025-02-06 17:33:21,156 - INFO - Training completed successfully
