2024-12-23 12:54:40,828 - INFO - Loading structure from: ./structures/BaZrO3_333.cif
2024-12-23 12:54:40,851 - INFO - Structure loaded: BaZrO3
2024-12-23 12:54:40,862 - INFO - Added proton 1/1:
2024-12-23 12:54:40,862 - INFO -   Near O atom: 54
2024-12-23 12:54:40,864 - INFO -   Position: [1.78609679 2.096      0.92970963]
2024-12-23 12:54:40,864 - INFO -   OH distance: 0.980 Å
2024-12-23 12:54:40,864 - INFO - Successfully added 1 protons
2024-12-23 12:54:40,864 - INFO - Final composition: HBa27O81Zr27
2024-12-23 12:54:40,864 - INFO - Added 1 protons at indices: [135]
2024-12-23 12:54:40,864 - INFO - Performing structure optimization after adding protons...
2024-12-23 12:54:47,370 - INFO - Structure optimization completed
2024-12-23 12:54:47,370 - INFO - 
Starting simulation at 500K...
2024-12-23 12:54:47,371 - INFO - Assigning initial velocities at 500K
2024-12-23 12:54:47,371 - INFO - Initializing MD simulation...
2024-12-23 12:54:47,395 - INFO - Running MD at 500K...
2024-12-23 12:54:47,479 - INFO - Temperature 500K - Step 0/20000
2024-12-23 12:54:52,393 - INFO - Temperature 500K - Step 100/20000
2024-12-23 12:54:57,371 - INFO - Temperature 500K - Step 200/20000
2024-12-23 12:55:02,331 - INFO - Temperature 500K - Step 300/20000
2024-12-23 12:55:07,176 - INFO - Temperature 500K - Step 400/20000
2024-12-23 12:55:12,155 - INFO - Temperature 500K - Step 500/20000
2024-12-23 12:55:17,126 - INFO - Temperature 500K - Step 600/20000
2024-12-23 12:55:22,118 - INFO - Temperature 500K - Step 700/20000
2024-12-23 12:55:27,093 - INFO - Temperature 500K - Step 800/20000
2024-12-23 12:55:31,976 - INFO - Temperature 500K - Step 900/20000
2024-12-23 12:55:36,952 - INFO - Temperature 500K - Step 1000/20000
2024-12-23 12:55:41,933 - INFO - Temperature 500K - Step 1100/20000
2024-12-23 12:55:46,901 - INFO - Temperature 500K - Step 1200/20000
2024-12-23 12:55:51,768 - INFO - Temperature 500K - Step 1300/20000
2024-12-23 12:55:56,743 - INFO - Temperature 500K - Step 1400/20000
2024-12-23 12:56:01,711 - INFO - Temperature 500K - Step 1500/20000
2024-12-23 12:56:06,681 - INFO - Temperature 500K - Step 1600/20000
2024-12-23 12:56:11,594 - INFO - Temperature 500K - Step 1700/20000
2024-12-23 12:56:16,233 - INFO - Temperature 500K - Step 1800/20000
2024-12-23 12:56:20,980 - INFO - Temperature 500K - Step 1900/20000
2024-12-23 12:56:25,722 - INFO - Temperature 500K - Step 2000/20000
2024-12-23 12:56:30,469 - INFO - Temperature 500K - Step 2100/20000
2024-12-23 12:56:35,230 - INFO - Temperature 500K - Step 2200/20000
2024-12-23 12:56:40,158 - INFO - Temperature 500K - Step 2300/20000
2024-12-23 12:56:45,192 - INFO - Temperature 500K - Step 2400/20000
2024-12-23 12:56:50,271 - INFO - Temperature 500K - Step 2500/20000
2024-12-23 12:56:55,354 - INFO - Temperature 500K - Step 2600/20000
2024-12-23 12:57:00,282 - INFO - Temperature 500K - Step 2700/20000
2024-12-23 12:57:05,395 - INFO - Temperature 500K - Step 2800/20000
2024-12-23 12:57:10,468 - INFO - Temperature 500K - Step 2900/20000
2024-12-23 12:57:15,484 - INFO - Temperature 500K - Step 3000/20000
2024-12-23 12:57:20,485 - INFO - Temperature 500K - Step 3100/20000
2024-12-23 12:57:25,348 - INFO - Temperature 500K - Step 3200/20000
2024-12-23 12:57:30,336 - INFO - Temperature 500K - Step 3300/20000
2024-12-23 12:57:35,306 - INFO - Temperature 500K - Step 3400/20000
2024-12-23 12:57:40,273 - INFO - Temperature 500K - Step 3500/20000
2024-12-23 12:57:45,183 - INFO - Temperature 500K - Step 3600/20000
2024-12-23 12:57:50,059 - INFO - Temperature 500K - Step 3700/20000
2024-12-23 12:57:54,996 - INFO - Temperature 500K - Step 3800/20000
2024-12-23 12:57:59,933 - INFO - Temperature 500K - Step 3900/20000
2024-12-23 12:58:04,860 - INFO - Temperature 500K - Step 4000/20000
2024-12-23 12:58:09,661 - INFO - Temperature 500K - Step 4100/20000
2024-12-23 12:58:14,692 - INFO - Temperature 500K - Step 4200/20000
2024-12-23 12:58:19,683 - INFO - Temperature 500K - Step 4300/20000
2024-12-23 12:58:24,708 - INFO - Temperature 500K - Step 4400/20000
2024-12-23 12:58:29,615 - INFO - Temperature 500K - Step 4500/20000
2024-12-23 12:58:34,496 - INFO - Temperature 500K - Step 4600/20000
2024-12-23 12:58:39,358 - INFO - Temperature 500K - Step 4700/20000
2024-12-23 12:58:44,143 - INFO - Temperature 500K - Step 4800/20000
2024-12-23 12:58:49,033 - INFO - Temperature 500K - Step 4900/20000
2024-12-23 12:58:54,084 - INFO - Temperature 500K - Step 5000/20000
2024-12-23 12:58:58,964 - INFO - Temperature 500K - Step 5100/20000
2024-12-23 12:59:04,086 - INFO - Temperature 500K - Step 5200/20000
2024-12-23 12:59:08,885 - INFO - Temperature 500K - Step 5300/20000
2024-12-23 12:59:13,801 - INFO - Temperature 500K - Step 5400/20000
2024-12-23 12:59:18,728 - INFO - Temperature 500K - Step 5500/20000
2024-12-23 12:59:23,811 - INFO - Temperature 500K - Step 5600/20000
2024-12-23 12:59:28,737 - INFO - Temperature 500K - Step 5700/20000
2024-12-23 12:59:33,703 - INFO - Temperature 500K - Step 5800/20000
2024-12-23 12:59:38,668 - INFO - Temperature 500K - Step 5900/20000
2024-12-23 12:59:43,756 - INFO - Temperature 500K - Step 6000/20000
2024-12-23 12:59:48,888 - INFO - Temperature 500K - Step 6100/20000
2024-12-23 12:59:53,969 - INFO - Temperature 500K - Step 6200/20000
2024-12-23 12:59:59,022 - INFO - Temperature 500K - Step 6300/20000
2024-12-23 13:00:04,001 - INFO - Temperature 500K - Step 6400/20000
2024-12-23 13:00:09,129 - INFO - Temperature 500K - Step 6500/20000
2024-12-23 13:00:14,209 - INFO - Temperature 500K - Step 6600/20000
2024-12-23 13:00:19,225 - INFO - Temperature 500K - Step 6700/20000
2024-12-23 13:00:24,189 - INFO - Temperature 500K - Step 6800/20000
2024-12-23 13:00:29,191 - INFO - Temperature 500K - Step 6900/20000
2024-12-23 13:00:34,238 - INFO - Temperature 500K - Step 7000/20000
2024-12-23 13:00:39,279 - INFO - Temperature 500K - Step 7100/20000
2024-12-23 13:00:44,432 - INFO - Temperature 500K - Step 7200/20000
2024-12-23 13:00:49,585 - INFO - Temperature 500K - Step 7300/20000
2024-12-23 13:00:54,658 - INFO - Temperature 500K - Step 7400/20000
2024-12-23 13:00:59,739 - INFO - Temperature 500K - Step 7500/20000
2024-12-23 13:01:04,758 - INFO - Temperature 500K - Step 7600/20000
2024-12-23 13:01:09,630 - INFO - Temperature 500K - Step 7700/20000
2024-12-23 13:01:14,786 - INFO - Temperature 500K - Step 7800/20000
2024-12-23 13:01:19,918 - INFO - Temperature 500K - Step 7900/20000
2024-12-23 13:01:24,964 - INFO - Temperature 500K - Step 8000/20000
2024-12-23 13:01:29,996 - INFO - Temperature 500K - Step 8100/20000
2024-12-23 13:01:35,121 - INFO - Temperature 500K - Step 8200/20000
2024-12-23 13:01:40,213 - INFO - Temperature 500K - Step 8300/20000
2024-12-23 13:01:45,254 - INFO - Temperature 500K - Step 8400/20000
2024-12-23 13:01:50,347 - INFO - Temperature 500K - Step 8500/20000
2024-12-23 13:01:55,551 - INFO - Temperature 500K - Step 8600/20000
2024-12-23 13:02:00,730 - INFO - Temperature 500K - Step 8700/20000
2024-12-23 13:02:05,913 - INFO - Temperature 500K - Step 8800/20000
2024-12-23 13:02:10,810 - INFO - Temperature 500K - Step 8900/20000
2024-12-23 13:02:15,851 - INFO - Temperature 500K - Step 9000/20000
2024-12-23 13:02:20,978 - INFO - Temperature 500K - Step 9100/20000
2024-12-23 13:02:26,233 - INFO - Temperature 500K - Step 9200/20000
2024-12-23 13:02:31,303 - INFO - Temperature 500K - Step 9300/20000
2024-12-23 13:02:36,837 - INFO - Temperature 500K - Step 9400/20000
2024-12-23 13:02:42,401 - INFO - Temperature 500K - Step 9500/20000
2024-12-23 13:02:47,727 - INFO - Temperature 500K - Step 9600/20000
2024-12-23 13:02:52,860 - INFO - Temperature 500K - Step 9700/20000
2024-12-23 13:02:58,128 - INFO - Temperature 500K - Step 9800/20000
2024-12-23 13:03:03,518 - INFO - Temperature 500K - Step 9900/20000
2024-12-23 13:03:08,976 - INFO - Temperature 500K - Step 10000/20000
2024-12-23 13:03:14,393 - INFO - Temperature 500K - Step 10100/20000
2024-12-23 13:03:19,795 - INFO - Temperature 500K - Step 10200/20000
2024-12-23 13:03:25,103 - INFO - Temperature 500K - Step 10300/20000
2024-12-23 13:03:30,323 - INFO - Temperature 500K - Step 10400/20000
2024-12-23 13:03:35,773 - INFO - Temperature 500K - Step 10500/20000
2024-12-23 13:03:41,236 - INFO - Temperature 500K - Step 10600/20000
2024-12-23 13:03:46,658 - INFO - Temperature 500K - Step 10700/20000
2024-12-23 13:03:51,889 - INFO - Temperature 500K - Step 10800/20000
2024-12-23 13:03:57,439 - INFO - Temperature 500K - Step 10900/20000
2024-12-23 13:04:02,827 - INFO - Temperature 500K - Step 11000/20000
2024-12-23 13:04:08,005 - INFO - Temperature 500K - Step 11100/20000
2024-12-23 13:04:13,581 - INFO - Temperature 500K - Step 11200/20000
2024-12-23 13:04:18,995 - INFO - Temperature 500K - Step 11300/20000
2024-12-23 13:04:24,326 - INFO - Temperature 500K - Step 11400/20000
2024-12-23 13:04:29,677 - INFO - Temperature 500K - Step 11500/20000
2024-12-23 13:04:35,025 - INFO - Temperature 500K - Step 11600/20000
2024-12-23 13:04:40,434 - INFO - Temperature 500K - Step 11700/20000
2024-12-23 13:04:45,798 - INFO - Temperature 500K - Step 11800/20000
2024-12-23 13:04:51,114 - INFO - Temperature 500K - Step 11900/20000
2024-12-23 13:04:56,318 - INFO - Temperature 500K - Step 12000/20000
2024-12-23 13:05:01,727 - INFO - Temperature 500K - Step 12100/20000
2024-12-23 13:05:06,806 - INFO - Temperature 500K - Step 12200/20000
2024-12-23 13:05:12,488 - INFO - Temperature 500K - Step 12300/20000
2024-12-23 13:05:17,901 - INFO - Temperature 500K - Step 12400/20000
2024-12-23 13:05:23,231 - INFO - Temperature 500K - Step 12500/20000
2024-12-23 13:05:28,579 - INFO - Temperature 500K - Step 12600/20000
2024-12-23 13:05:34,046 - INFO - Temperature 500K - Step 12700/20000
2024-12-23 13:05:39,276 - INFO - Temperature 500K - Step 12800/20000
2024-12-23 13:05:44,748 - INFO - Temperature 500K - Step 12900/20000
2024-12-23 13:05:50,187 - INFO - Temperature 500K - Step 13000/20000
2024-12-23 13:05:56,036 - INFO - Temperature 500K - Step 13100/20000
2024-12-23 13:06:01,266 - INFO - Temperature 500K - Step 13200/20000
2024-12-23 13:06:06,664 - INFO - Temperature 500K - Step 13300/20000
2024-12-23 13:06:11,941 - INFO - Temperature 500K - Step 13400/20000
2024-12-23 13:06:17,159 - INFO - Temperature 500K - Step 13500/20000
2024-12-23 13:06:22,568 - INFO - Temperature 500K - Step 13600/20000
2024-12-23 13:06:27,838 - INFO - Temperature 500K - Step 13700/20000
2024-12-23 13:06:33,118 - INFO - Temperature 500K - Step 13800/20000
2024-12-23 13:06:38,542 - INFO - Temperature 500K - Step 13900/20000
2024-12-23 13:06:43,918 - INFO - Temperature 500K - Step 14000/20000
2024-12-23 13:06:49,395 - INFO - Temperature 500K - Step 14100/20000
2024-12-23 13:06:54,913 - INFO - Temperature 500K - Step 14200/20000
2024-12-23 13:07:00,488 - INFO - Temperature 500K - Step 14300/20000
2024-12-23 13:07:05,882 - INFO - Temperature 500K - Step 14400/20000
2024-12-23 13:07:11,316 - INFO - Temperature 500K - Step 14500/20000
2024-12-23 13:07:16,720 - INFO - Temperature 500K - Step 14600/20000
2024-12-23 13:07:22,150 - INFO - Temperature 500K - Step 14700/20000
2024-12-23 13:07:27,456 - INFO - Temperature 500K - Step 14800/20000
2024-12-23 13:07:32,877 - INFO - Temperature 500K - Step 14900/20000
2024-12-23 13:07:38,396 - INFO - Temperature 500K - Step 15000/20000
2024-12-23 13:07:43,847 - INFO - Temperature 500K - Step 15100/20000
2024-12-23 13:07:49,253 - INFO - Temperature 500K - Step 15200/20000
2024-12-23 13:07:54,969 - INFO - Temperature 500K - Step 15300/20000
2024-12-23 13:08:00,319 - INFO - Temperature 500K - Step 15400/20000
2024-12-23 13:08:05,763 - INFO - Temperature 500K - Step 15500/20000
2024-12-23 13:08:11,235 - INFO - Temperature 500K - Step 15600/20000
2024-12-23 13:08:17,151 - INFO - Temperature 500K - Step 15700/20000
2024-12-23 13:08:22,597 - INFO - Temperature 500K - Step 15800/20000
2024-12-23 13:08:28,093 - INFO - Temperature 500K - Step 15900/20000
2024-12-23 13:08:33,455 - INFO - Temperature 500K - Step 16000/20000
2024-12-23 13:08:38,982 - INFO - Temperature 500K - Step 16100/20000
2024-12-23 13:08:44,704 - INFO - Temperature 500K - Step 16200/20000
2024-12-23 13:08:50,068 - INFO - Temperature 500K - Step 16300/20000
2024-12-23 13:08:55,584 - INFO - Temperature 500K - Step 16400/20000
2024-12-23 13:09:01,270 - INFO - Temperature 500K - Step 16500/20000
2024-12-23 13:09:06,954 - INFO - Temperature 500K - Step 16600/20000
2024-12-23 13:09:12,428 - INFO - Temperature 500K - Step 16700/20000
2024-12-23 13:09:18,203 - INFO - Temperature 500K - Step 16800/20000
2024-12-23 13:09:23,751 - INFO - Temperature 500K - Step 16900/20000
2024-12-23 13:09:29,498 - INFO - Temperature 500K - Step 17000/20000
2024-12-23 13:09:35,147 - INFO - Temperature 500K - Step 17100/20000
2024-12-23 13:09:40,656 - INFO - Temperature 500K - Step 17200/20000
2024-12-23 13:09:46,296 - INFO - Temperature 500K - Step 17300/20000
2024-12-23 13:09:52,409 - INFO - Temperature 500K - Step 17400/20000
2024-12-23 13:09:58,204 - INFO - Temperature 500K - Step 17500/20000
2024-12-23 13:10:03,522 - INFO - Temperature 500K - Step 17600/20000
2024-12-23 13:10:09,296 - INFO - Temperature 500K - Step 17700/20000
2024-12-23 13:10:14,961 - INFO - Temperature 500K - Step 17800/20000
2024-12-23 13:10:20,783 - INFO - Temperature 500K - Step 17900/20000
2024-12-23 13:10:26,217 - INFO - Temperature 500K - Step 18000/20000
2024-12-23 13:10:31,876 - INFO - Temperature 500K - Step 18100/20000
2024-12-23 13:10:37,323 - INFO - Temperature 500K - Step 18200/20000
2024-12-23 13:10:43,091 - INFO - Temperature 500K - Step 18300/20000
2024-12-23 13:10:48,587 - INFO - Temperature 500K - Step 18400/20000
2024-12-23 13:10:54,436 - INFO - Temperature 500K - Step 18500/20000
2024-12-23 13:11:00,067 - INFO - Temperature 500K - Step 18600/20000
2024-12-23 13:11:05,635 - INFO - Temperature 500K - Step 18700/20000
2024-12-23 13:11:11,440 - INFO - Temperature 500K - Step 18800/20000
2024-12-23 13:11:17,248 - INFO - Temperature 500K - Step 18900/20000
2024-12-23 13:11:23,047 - INFO - Temperature 500K - Step 19000/20000
2024-12-23 13:11:28,723 - INFO - Temperature 500K - Step 19100/20000
2024-12-23 13:11:34,391 - INFO - Temperature 500K - Step 19200/20000
2024-12-23 13:11:40,282 - INFO - Temperature 500K - Step 19300/20000
2024-12-23 13:11:46,000 - INFO - Temperature 500K - Step 19400/20000
2024-12-23 13:11:51,842 - INFO - Temperature 500K - Step 19500/20000
2024-12-23 13:11:57,598 - INFO - Temperature 500K - Step 19600/20000
2024-12-23 13:12:03,115 - INFO - Temperature 500K - Step 19700/20000
2024-12-23 13:12:09,017 - INFO - Temperature 500K - Step 19800/20000
2024-12-23 13:12:14,505 - INFO - Temperature 500K - Step 19900/20000
2024-12-23 13:12:20,111 - INFO - Simulation at 500K completed
2024-12-23 13:12:20,111 - INFO - 
Starting simulation at 700K...
2024-12-23 13:12:20,112 - INFO - Assigning initial velocities at 700K
2024-12-23 13:12:20,112 - INFO - Initializing MD simulation...
2024-12-23 13:12:20,138 - INFO - Running MD at 700K...
2024-12-23 13:12:20,220 - INFO - Temperature 700K - Step 0/20000
2024-12-23 13:12:25,848 - INFO - Temperature 700K - Step 100/20000
2024-12-23 13:12:31,408 - INFO - Temperature 700K - Step 200/20000
2024-12-23 13:12:37,291 - INFO - Temperature 700K - Step 300/20000
2024-12-23 13:12:42,852 - INFO - Temperature 700K - Step 400/20000
2024-12-23 13:12:48,688 - INFO - Temperature 700K - Step 500/20000
2024-12-23 13:12:54,453 - INFO - Temperature 700K - Step 600/20000
2024-12-23 13:13:00,185 - INFO - Temperature 700K - Step 700/20000
2024-12-23 13:13:05,893 - INFO - Temperature 700K - Step 800/20000
2024-12-23 13:13:11,611 - INFO - Temperature 700K - Step 900/20000
2024-12-23 13:13:17,396 - INFO - Temperature 700K - Step 1000/20000
2024-12-23 13:13:23,283 - INFO - Temperature 700K - Step 1100/20000
2024-12-23 13:13:29,021 - INFO - Temperature 700K - Step 1200/20000
2024-12-23 13:13:34,415 - INFO - Temperature 700K - Step 1300/20000
2024-12-23 13:13:40,307 - INFO - Temperature 700K - Step 1400/20000
2024-12-23 13:13:46,042 - INFO - Temperature 700K - Step 1500/20000
2024-12-23 13:13:51,742 - INFO - Temperature 700K - Step 1600/20000
2024-12-23 13:13:57,535 - INFO - Temperature 700K - Step 1700/20000
2024-12-23 13:14:03,146 - INFO - Temperature 700K - Step 1800/20000
2024-12-23 13:14:08,796 - INFO - Temperature 700K - Step 1900/20000
2024-12-23 13:14:14,535 - INFO - Temperature 700K - Step 2000/20000
2024-12-23 13:14:20,335 - INFO - Temperature 700K - Step 2100/20000
2024-12-23 13:14:26,048 - INFO - Temperature 700K - Step 2200/20000
2024-12-23 13:14:31,775 - INFO - Temperature 700K - Step 2300/20000
2024-12-23 13:14:37,300 - INFO - Temperature 700K - Step 2400/20000
2024-12-23 13:14:43,243 - INFO - Temperature 700K - Step 2500/20000
2024-12-23 13:14:48,794 - INFO - Temperature 700K - Step 2600/20000
2024-12-23 13:14:54,552 - INFO - Temperature 700K - Step 2700/20000
2024-12-23 13:15:00,314 - INFO - Temperature 700K - Step 2800/20000
2024-12-23 13:15:06,182 - INFO - Temperature 700K - Step 2900/20000
2024-12-23 13:15:11,904 - INFO - Temperature 700K - Step 3000/20000
2024-12-23 13:15:17,739 - INFO - Temperature 700K - Step 3100/20000
2024-12-23 13:15:23,719 - INFO - Temperature 700K - Step 3200/20000
2024-12-23 13:15:29,696 - INFO - Temperature 700K - Step 3300/20000
2024-12-23 13:15:35,395 - INFO - Temperature 700K - Step 3400/20000
2024-12-23 13:15:41,304 - INFO - Temperature 700K - Step 3500/20000
2024-12-23 13:15:47,041 - INFO - Temperature 700K - Step 3600/20000
2024-12-23 13:15:52,974 - INFO - Temperature 700K - Step 3700/20000
2024-12-23 13:15:58,738 - INFO - Temperature 700K - Step 3800/20000
2024-12-23 13:16:04,405 - INFO - Temperature 700K - Step 3900/20000
2024-12-23 13:16:10,174 - INFO - Temperature 700K - Step 4000/20000
2024-12-23 13:16:16,182 - INFO - Temperature 700K - Step 4100/20000
2024-12-23 13:16:21,857 - INFO - Temperature 700K - Step 4200/20000
2024-12-23 13:16:27,719 - INFO - Temperature 700K - Step 4300/20000
2024-12-23 13:16:33,437 - INFO - Temperature 700K - Step 4400/20000
2024-12-23 13:16:39,212 - INFO - Temperature 700K - Step 4500/20000
2024-12-23 13:16:45,255 - INFO - Temperature 700K - Step 4600/20000
2024-12-23 13:16:51,272 - INFO - Temperature 700K - Step 4700/20000
2024-12-23 13:16:57,092 - INFO - Temperature 700K - Step 4800/20000
2024-12-23 13:17:02,701 - INFO - Temperature 700K - Step 4900/20000
2024-12-23 13:17:08,504 - INFO - Temperature 700K - Step 5000/20000
2024-12-23 13:17:14,477 - INFO - Temperature 700K - Step 5100/20000
2024-12-23 13:17:20,209 - INFO - Temperature 700K - Step 5200/20000
2024-12-23 13:17:26,095 - INFO - Temperature 700K - Step 5300/20000
2024-12-23 13:17:31,927 - INFO - Temperature 700K - Step 5400/20000
2024-12-23 13:17:37,825 - INFO - Temperature 700K - Step 5500/20000
2024-12-23 13:17:43,739 - INFO - Temperature 700K - Step 5600/20000
2024-12-23 13:17:49,463 - INFO - Temperature 700K - Step 5700/20000
2024-12-23 13:17:55,603 - INFO - Temperature 700K - Step 5800/20000
2024-12-23 13:18:01,530 - INFO - Temperature 700K - Step 5900/20000
2024-12-23 13:18:07,395 - INFO - Temperature 700K - Step 6000/20000
2024-12-23 13:18:13,098 - INFO - Temperature 700K - Step 6100/20000
2024-12-23 13:18:18,843 - INFO - Temperature 700K - Step 6200/20000
2024-12-23 13:18:24,945 - INFO - Temperature 700K - Step 6300/20000
2024-12-23 13:18:30,603 - INFO - Temperature 700K - Step 6400/20000
2024-12-23 13:18:36,293 - INFO - Temperature 700K - Step 6500/20000
2024-12-23 13:18:41,974 - INFO - Temperature 700K - Step 6600/20000
2024-12-23 13:18:47,951 - INFO - Temperature 700K - Step 6700/20000
2024-12-23 13:18:53,474 - INFO - Temperature 700K - Step 6800/20000
2024-12-23 13:18:59,112 - INFO - Temperature 700K - Step 6900/20000
2024-12-23 13:19:04,860 - INFO - Temperature 700K - Step 7000/20000
2024-12-23 13:19:10,520 - INFO - Temperature 700K - Step 7100/20000
2024-12-23 13:19:16,176 - INFO - Temperature 700K - Step 7200/20000
2024-12-23 13:19:21,872 - INFO - Temperature 700K - Step 7300/20000
2024-12-23 13:19:27,620 - INFO - Temperature 700K - Step 7400/20000
2024-12-23 13:19:33,309 - INFO - Temperature 700K - Step 7500/20000
2024-12-23 13:19:38,920 - INFO - Temperature 700K - Step 7600/20000
2024-12-23 13:19:44,501 - INFO - Temperature 700K - Step 7700/20000
2024-12-23 13:19:50,303 - INFO - Temperature 700K - Step 7800/20000
2024-12-23 13:19:56,072 - INFO - Temperature 700K - Step 7900/20000
2024-12-23 13:20:01,883 - INFO - Temperature 700K - Step 8000/20000
2024-12-23 13:20:07,722 - INFO - Temperature 700K - Step 8100/20000
2024-12-23 13:20:13,532 - INFO - Temperature 700K - Step 8200/20000
2024-12-23 13:20:19,217 - INFO - Temperature 700K - Step 8300/20000
2024-12-23 13:20:25,196 - INFO - Temperature 700K - Step 8400/20000
2024-12-23 13:20:31,031 - INFO - Temperature 700K - Step 8500/20000
2024-12-23 13:20:36,866 - INFO - Temperature 700K - Step 8600/20000
2024-12-23 13:20:42,615 - INFO - Temperature 700K - Step 8700/20000
2024-12-23 13:20:48,596 - INFO - Temperature 700K - Step 8800/20000
2024-12-23 13:20:54,462 - INFO - Temperature 700K - Step 8900/20000
2024-12-23 13:21:00,270 - INFO - Temperature 700K - Step 9000/20000
2024-12-23 13:21:06,141 - INFO - Temperature 700K - Step 9100/20000
2024-12-23 13:21:11,837 - INFO - Temperature 700K - Step 9200/20000
2024-12-23 13:21:17,579 - INFO - Temperature 700K - Step 9300/20000
2024-12-23 13:21:23,385 - INFO - Temperature 700K - Step 9400/20000
2024-12-23 13:21:29,071 - INFO - Temperature 700K - Step 9500/20000
2024-12-23 13:21:34,736 - INFO - Temperature 700K - Step 9600/20000
2024-12-23 13:21:40,799 - INFO - Temperature 700K - Step 9700/20000
2024-12-23 13:21:46,695 - INFO - Temperature 700K - Step 9800/20000
2024-12-23 13:21:52,575 - INFO - Temperature 700K - Step 9900/20000
2024-12-23 13:21:58,188 - INFO - Temperature 700K - Step 10000/20000
2024-12-23 13:22:04,244 - INFO - Temperature 700K - Step 10100/20000
2024-12-23 13:22:09,810 - INFO - Temperature 700K - Step 10200/20000
2024-12-23 13:22:15,599 - INFO - Temperature 700K - Step 10300/20000
2024-12-23 13:22:21,352 - INFO - Temperature 700K - Step 10400/20000
2024-12-23 13:22:27,199 - INFO - Temperature 700K - Step 10500/20000
2024-12-23 13:22:32,936 - INFO - Temperature 700K - Step 10600/20000
2024-12-23 13:22:38,650 - INFO - Temperature 700K - Step 10700/20000
2024-12-23 13:22:44,348 - INFO - Temperature 700K - Step 10800/20000
2024-12-23 13:22:50,056 - INFO - Temperature 700K - Step 10900/20000
2024-12-23 13:22:55,934 - INFO - Temperature 700K - Step 11000/20000
2024-12-23 13:23:01,664 - INFO - Temperature 700K - Step 11100/20000
2024-12-23 13:23:07,570 - INFO - Temperature 700K - Step 11200/20000
2024-12-23 13:23:13,158 - INFO - Temperature 700K - Step 11300/20000
2024-12-23 13:23:18,809 - INFO - Temperature 700K - Step 11400/20000
2024-12-23 13:23:24,496 - INFO - Temperature 700K - Step 11500/20000
2024-12-23 13:23:30,622 - INFO - Temperature 700K - Step 11600/20000
2024-12-23 13:23:36,556 - INFO - Temperature 700K - Step 11700/20000
2024-12-23 13:23:42,344 - INFO - Temperature 700K - Step 11800/20000
2024-12-23 13:23:48,249 - INFO - Temperature 700K - Step 11900/20000
2024-12-23 13:23:54,187 - INFO - Temperature 700K - Step 12000/20000
2024-12-23 13:24:00,165 - INFO - Temperature 700K - Step 12100/20000
2024-12-23 13:24:05,995 - INFO - Temperature 700K - Step 12200/20000
2024-12-23 13:24:11,778 - INFO - Temperature 700K - Step 12300/20000
2024-12-23 13:24:17,725 - INFO - Temperature 700K - Step 12400/20000
2024-12-23 13:24:23,381 - INFO - Temperature 700K - Step 12500/20000
2024-12-23 13:24:29,391 - INFO - Temperature 700K - Step 12600/20000
2024-12-23 13:24:35,278 - INFO - Temperature 700K - Step 12700/20000
2024-12-23 13:24:41,207 - INFO - Temperature 700K - Step 12800/20000
2024-12-23 13:24:46,953 - INFO - Temperature 700K - Step 12900/20000
2024-12-23 13:24:52,553 - INFO - Temperature 700K - Step 13000/20000
2024-12-23 13:24:58,267 - INFO - Temperature 700K - Step 13100/20000
2024-12-23 13:25:04,053 - INFO - Temperature 700K - Step 13200/20000
2024-12-23 13:25:09,751 - INFO - Temperature 700K - Step 13300/20000
2024-12-23 13:25:15,415 - INFO - Temperature 700K - Step 13400/20000
2024-12-23 13:25:21,173 - INFO - Temperature 700K - Step 13500/20000
2024-12-23 13:25:27,127 - INFO - Temperature 700K - Step 13600/20000
2024-12-23 13:25:32,866 - INFO - Temperature 700K - Step 13700/20000
2024-12-23 13:25:38,681 - INFO - Temperature 700K - Step 13800/20000
2024-12-23 13:25:44,403 - INFO - Temperature 700K - Step 13900/20000
2024-12-23 13:25:50,061 - INFO - Temperature 700K - Step 14000/20000
2024-12-23 13:25:56,006 - INFO - Temperature 700K - Step 14100/20000
2024-12-23 13:26:01,950 - INFO - Temperature 700K - Step 14200/20000
2024-12-23 13:26:08,021 - INFO - Temperature 700K - Step 14300/20000
2024-12-23 13:26:13,555 - INFO - Temperature 700K - Step 14400/20000
2024-12-23 13:26:19,384 - INFO - Temperature 700K - Step 14500/20000
2024-12-23 13:26:25,476 - INFO - Temperature 700K - Step 14600/20000
2024-12-23 13:26:31,414 - INFO - Temperature 700K - Step 14700/20000
2024-12-23 13:26:37,319 - INFO - Temperature 700K - Step 14800/20000
2024-12-23 13:26:43,290 - INFO - Temperature 700K - Step 14900/20000
2024-12-23 13:26:49,259 - INFO - Temperature 700K - Step 15000/20000
2024-12-23 13:26:55,198 - INFO - Temperature 700K - Step 15100/20000
2024-12-23 13:27:00,952 - INFO - Temperature 700K - Step 15200/20000
2024-12-23 13:27:07,024 - INFO - Temperature 700K - Step 15300/20000
2024-12-23 13:27:12,899 - INFO - Temperature 700K - Step 15400/20000
2024-12-23 13:27:18,520 - INFO - Temperature 700K - Step 15500/20000
2024-12-23 13:27:24,407 - INFO - Temperature 700K - Step 15600/20000
2024-12-23 13:27:30,062 - INFO - Temperature 700K - Step 15700/20000
2024-12-23 13:27:35,916 - INFO - Temperature 700K - Step 15800/20000
2024-12-23 13:27:41,778 - INFO - Temperature 700K - Step 15900/20000
2024-12-23 13:27:47,722 - INFO - Temperature 700K - Step 16000/20000
2024-12-23 13:27:53,590 - INFO - Temperature 700K - Step 16100/20000
2024-12-23 13:27:59,293 - INFO - Temperature 700K - Step 16200/20000
2024-12-23 13:28:05,091 - INFO - Temperature 700K - Step 16300/20000
2024-12-23 13:28:11,015 - INFO - Temperature 700K - Step 16400/20000
2024-12-23 13:28:16,655 - INFO - Temperature 700K - Step 16500/20000
2024-12-23 13:28:22,469 - INFO - Temperature 700K - Step 16600/20000
2024-12-23 13:28:28,379 - INFO - Temperature 700K - Step 16700/20000
2024-12-23 13:28:33,937 - INFO - Temperature 700K - Step 16800/20000
2024-12-23 13:28:39,721 - INFO - Temperature 700K - Step 16900/20000
2024-12-23 13:28:45,418 - INFO - Temperature 700K - Step 17000/20000
2024-12-23 13:28:51,111 - INFO - Temperature 700K - Step 17100/20000
2024-12-23 13:28:56,990 - INFO - Temperature 700K - Step 17200/20000
2024-12-23 13:29:02,620 - INFO - Temperature 700K - Step 17300/20000
2024-12-23 13:29:08,189 - INFO - Temperature 700K - Step 17400/20000
2024-12-23 13:29:13,888 - INFO - Temperature 700K - Step 17500/20000
2024-12-23 13:29:19,525 - INFO - Temperature 700K - Step 17600/20000
2024-12-23 13:29:25,290 - INFO - Temperature 700K - Step 17700/20000
2024-12-23 13:29:30,908 - INFO - Temperature 700K - Step 17800/20000
2024-12-23 13:29:36,632 - INFO - Temperature 700K - Step 17900/20000
2024-12-23 13:29:42,403 - INFO - Temperature 700K - Step 18000/20000
2024-12-23 13:29:48,280 - INFO - Temperature 700K - Step 18100/20000
2024-12-23 13:29:53,994 - INFO - Temperature 700K - Step 18200/20000
2024-12-23 13:29:59,685 - INFO - Temperature 700K - Step 18300/20000
2024-12-23 13:30:05,520 - INFO - Temperature 700K - Step 18400/20000
2024-12-23 13:30:11,183 - INFO - Temperature 700K - Step 18500/20000
2024-12-23 13:30:17,165 - INFO - Temperature 700K - Step 18600/20000
2024-12-23 13:30:23,043 - INFO - Temperature 700K - Step 18700/20000
2024-12-23 13:30:28,818 - INFO - Temperature 700K - Step 18800/20000
2024-12-23 13:30:34,451 - INFO - Temperature 700K - Step 18900/20000
2024-12-23 13:30:40,153 - INFO - Temperature 700K - Step 19000/20000
2024-12-23 13:30:45,904 - INFO - Temperature 700K - Step 19100/20000
2024-12-23 13:30:51,840 - INFO - Temperature 700K - Step 19200/20000
2024-12-23 13:30:57,621 - INFO - Temperature 700K - Step 19300/20000
2024-12-23 13:31:03,420 - INFO - Temperature 700K - Step 19400/20000
2024-12-23 13:31:09,158 - INFO - Temperature 700K - Step 19500/20000
2024-12-23 13:31:14,985 - INFO - Temperature 700K - Step 19600/20000
2024-12-23 13:31:20,749 - INFO - Temperature 700K - Step 19700/20000
2024-12-23 13:31:26,542 - INFO - Temperature 700K - Step 19800/20000
2024-12-23 13:31:32,354 - INFO - Temperature 700K - Step 19900/20000
2024-12-23 13:31:38,310 - INFO - Simulation at 700K completed
2024-12-23 13:31:38,310 - INFO - 
Starting simulation at 1000K...
2024-12-23 13:31:38,322 - INFO - Assigning initial velocities at 1000K
2024-12-23 13:31:38,323 - INFO - Initializing MD simulation...
2024-12-23 13:31:38,356 - INFO - Running MD at 1000K...
2024-12-23 13:31:38,452 - INFO - Temperature 1000K - Step 0/20000
2024-12-23 13:31:44,418 - INFO - Temperature 1000K - Step 100/20000
2024-12-23 13:31:50,097 - INFO - Temperature 1000K - Step 200/20000
2024-12-23 13:31:55,986 - INFO - Temperature 1000K - Step 300/20000
2024-12-23 13:32:01,926 - INFO - Temperature 1000K - Step 400/20000
2024-12-23 13:32:07,857 - INFO - Temperature 1000K - Step 500/20000
2024-12-23 13:32:13,811 - INFO - Temperature 1000K - Step 600/20000
2024-12-23 13:32:19,429 - INFO - Temperature 1000K - Step 700/20000
2024-12-23 13:32:25,363 - INFO - Temperature 1000K - Step 800/20000
2024-12-23 13:32:31,241 - INFO - Temperature 1000K - Step 900/20000
2024-12-23 13:32:37,094 - INFO - Temperature 1000K - Step 1000/20000
2024-12-23 13:32:43,054 - INFO - Temperature 1000K - Step 1100/20000
2024-12-23 13:32:48,982 - INFO - Temperature 1000K - Step 1200/20000
2024-12-23 13:32:54,886 - INFO - Temperature 1000K - Step 1300/20000
2024-12-23 13:33:00,912 - INFO - Temperature 1000K - Step 1400/20000
2024-12-23 13:33:06,664 - INFO - Temperature 1000K - Step 1500/20000
2024-12-23 13:33:12,542 - INFO - Temperature 1000K - Step 1600/20000
2024-12-23 13:33:18,223 - INFO - Temperature 1000K - Step 1700/20000
2024-12-23 13:33:24,092 - INFO - Temperature 1000K - Step 1800/20000
2024-12-23 13:33:29,689 - INFO - Temperature 1000K - Step 1900/20000
2024-12-23 13:33:35,586 - INFO - Temperature 1000K - Step 2000/20000
2024-12-23 13:33:41,355 - INFO - Temperature 1000K - Step 2100/20000
2024-12-23 13:33:47,179 - INFO - Temperature 1000K - Step 2200/20000
2024-12-23 13:33:53,005 - INFO - Temperature 1000K - Step 2300/20000
2024-12-23 13:33:58,767 - INFO - Temperature 1000K - Step 2400/20000
2024-12-23 13:34:04,613 - INFO - Temperature 1000K - Step 2500/20000
2024-12-23 13:34:10,593 - INFO - Temperature 1000K - Step 2600/20000
2024-12-23 13:34:16,524 - INFO - Temperature 1000K - Step 2700/20000
2024-12-23 13:34:22,444 - INFO - Temperature 1000K - Step 2800/20000
2024-12-23 13:34:28,004 - INFO - Temperature 1000K - Step 2900/20000
2024-12-23 13:34:33,880 - INFO - Temperature 1000K - Step 3000/20000
2024-12-23 13:34:39,760 - INFO - Temperature 1000K - Step 3100/20000
2024-12-23 13:34:45,740 - INFO - Temperature 1000K - Step 3200/20000
2024-12-23 13:34:51,519 - INFO - Temperature 1000K - Step 3300/20000
2024-12-23 13:34:57,258 - INFO - Temperature 1000K - Step 3400/20000
2024-12-23 13:35:03,017 - INFO - Temperature 1000K - Step 3500/20000
2024-12-23 13:35:08,913 - INFO - Temperature 1000K - Step 3600/20000
2024-12-23 13:35:14,591 - INFO - Temperature 1000K - Step 3700/20000
2024-12-23 13:35:20,610 - INFO - Temperature 1000K - Step 3800/20000
2024-12-23 13:35:26,521 - INFO - Temperature 1000K - Step 3900/20000
2024-12-23 13:35:32,292 - INFO - Temperature 1000K - Step 4000/20000
2024-12-23 13:35:38,035 - INFO - Temperature 1000K - Step 4100/20000
2024-12-23 13:35:43,687 - INFO - Temperature 1000K - Step 4200/20000
2024-12-23 13:35:49,454 - INFO - Temperature 1000K - Step 4300/20000
2024-12-23 13:35:55,379 - INFO - Temperature 1000K - Step 4400/20000
2024-12-23 13:36:01,118 - INFO - Temperature 1000K - Step 4500/20000
2024-12-23 13:36:06,890 - INFO - Temperature 1000K - Step 4600/20000
2024-12-23 13:36:12,729 - INFO - Temperature 1000K - Step 4700/20000
2024-12-23 13:36:18,529 - INFO - Temperature 1000K - Step 4800/20000
2024-12-23 13:36:24,243 - INFO - Temperature 1000K - Step 4900/20000
2024-12-23 13:36:29,997 - INFO - Temperature 1000K - Step 5000/20000
2024-12-23 13:36:35,739 - INFO - Temperature 1000K - Step 5100/20000
2024-12-23 13:36:41,525 - INFO - Temperature 1000K - Step 5200/20000
2024-12-23 13:36:47,524 - INFO - Temperature 1000K - Step 5300/20000
2024-12-23 13:36:53,642 - INFO - Temperature 1000K - Step 5400/20000
2024-12-23 13:36:59,469 - INFO - Temperature 1000K - Step 5500/20000
2024-12-23 13:37:05,464 - INFO - Temperature 1000K - Step 5600/20000
2024-12-23 13:37:11,280 - INFO - Temperature 1000K - Step 5700/20000
2024-12-23 13:37:17,279 - INFO - Temperature 1000K - Step 5800/20000
2024-12-23 13:37:23,188 - INFO - Temperature 1000K - Step 5900/20000
2024-12-23 13:37:28,947 - INFO - Temperature 1000K - Step 6000/20000
2024-12-23 13:37:34,758 - INFO - Temperature 1000K - Step 6100/20000
2024-12-23 13:37:40,594 - INFO - Temperature 1000K - Step 6200/20000
2024-12-23 13:37:46,445 - INFO - Temperature 1000K - Step 6300/20000
2024-12-23 13:37:52,195 - INFO - Temperature 1000K - Step 6400/20000
2024-12-23 13:37:58,047 - INFO - Temperature 1000K - Step 6500/20000
2024-12-23 13:38:03,880 - INFO - Temperature 1000K - Step 6600/20000
2024-12-23 13:38:09,672 - INFO - Temperature 1000K - Step 6700/20000
2024-12-23 13:38:15,439 - INFO - Temperature 1000K - Step 6800/20000
2024-12-23 13:38:21,579 - INFO - Temperature 1000K - Step 6900/20000
2024-12-23 13:38:27,549 - INFO - Temperature 1000K - Step 7000/20000
2024-12-23 13:38:33,562 - INFO - Temperature 1000K - Step 7100/20000
2024-12-23 13:38:39,333 - INFO - Temperature 1000K - Step 7200/20000
2024-12-23 13:38:45,382 - INFO - Temperature 1000K - Step 7300/20000
2024-12-23 13:38:51,420 - INFO - Temperature 1000K - Step 7400/20000
2024-12-23 13:38:57,485 - INFO - Temperature 1000K - Step 7500/20000
2024-12-23 13:39:03,280 - INFO - Temperature 1000K - Step 7600/20000
2024-12-23 13:39:09,352 - INFO - Temperature 1000K - Step 7700/20000
2024-12-23 13:39:15,315 - INFO - Temperature 1000K - Step 7800/20000
2024-12-23 13:39:21,698 - INFO - Temperature 1000K - Step 7900/20000
2024-12-23 13:39:27,821 - INFO - Temperature 1000K - Step 8000/20000
2024-12-23 13:39:34,212 - INFO - Temperature 1000K - Step 8100/20000
2024-12-23 13:39:40,525 - INFO - Temperature 1000K - Step 8200/20000
2024-12-23 13:39:46,349 - INFO - Temperature 1000K - Step 8300/20000
2024-12-23 13:39:52,335 - INFO - Temperature 1000K - Step 8400/20000
2024-12-23 13:39:58,381 - INFO - Temperature 1000K - Step 8500/20000
2024-12-23 13:40:04,402 - INFO - Temperature 1000K - Step 8600/20000
2024-12-23 13:40:10,314 - INFO - Temperature 1000K - Step 8700/20000
2024-12-23 13:40:16,163 - INFO - Temperature 1000K - Step 8800/20000
2024-12-23 13:40:22,051 - INFO - Temperature 1000K - Step 8900/20000
2024-12-23 13:40:28,105 - INFO - Temperature 1000K - Step 9000/20000
2024-12-23 13:40:34,135 - INFO - Temperature 1000K - Step 9100/20000
2024-12-23 13:40:40,133 - INFO - Temperature 1000K - Step 9200/20000
2024-12-23 13:40:46,439 - INFO - Temperature 1000K - Step 9300/20000
2024-12-23 13:40:52,819 - INFO - Temperature 1000K - Step 9400/20000
2024-12-23 13:40:58,991 - INFO - Temperature 1000K - Step 9500/20000
2024-12-23 13:41:05,235 - INFO - Temperature 1000K - Step 9600/20000
2024-12-23 13:41:11,177 - INFO - Temperature 1000K - Step 9700/20000
2024-12-23 13:41:17,227 - INFO - Temperature 1000K - Step 9800/20000
2024-12-23 13:41:23,273 - INFO - Temperature 1000K - Step 9900/20000
2024-12-23 13:41:29,325 - INFO - Temperature 1000K - Step 10000/20000
2024-12-23 13:41:35,172 - INFO - Temperature 1000K - Step 10100/20000
2024-12-23 13:41:41,032 - INFO - Temperature 1000K - Step 10200/20000
2024-12-23 13:41:47,032 - INFO - Temperature 1000K - Step 10300/20000
2024-12-23 13:41:52,786 - INFO - Temperature 1000K - Step 10400/20000
2024-12-23 13:41:58,667 - INFO - Temperature 1000K - Step 10500/20000
2024-12-23 13:42:04,730 - INFO - Temperature 1000K - Step 10600/20000
2024-12-23 13:42:10,629 - INFO - Temperature 1000K - Step 10700/20000
2024-12-23 13:42:16,587 - INFO - Temperature 1000K - Step 10800/20000
2024-12-23 13:42:22,257 - INFO - Temperature 1000K - Step 10900/20000
2024-12-23 13:42:28,098 - INFO - Temperature 1000K - Step 11000/20000
2024-12-23 13:42:33,971 - INFO - Temperature 1000K - Step 11100/20000
2024-12-23 13:42:39,737 - INFO - Temperature 1000K - Step 11200/20000
2024-12-23 13:42:45,726 - INFO - Temperature 1000K - Step 11300/20000
2024-12-23 13:42:51,809 - INFO - Temperature 1000K - Step 11400/20000
2024-12-23 13:42:57,684 - INFO - Temperature 1000K - Step 11500/20000
2024-12-23 13:43:03,713 - INFO - Temperature 1000K - Step 11600/20000
2024-12-23 13:43:09,839 - INFO - Temperature 1000K - Step 11700/20000
2024-12-23 13:43:15,851 - INFO - Temperature 1000K - Step 11800/20000
2024-12-23 13:43:21,485 - INFO - Temperature 1000K - Step 11900/20000
2024-12-23 13:43:27,474 - INFO - Temperature 1000K - Step 12000/20000
2024-12-23 13:43:33,272 - INFO - Temperature 1000K - Step 12100/20000
2024-12-23 13:43:39,083 - INFO - Temperature 1000K - Step 12200/20000
2024-12-23 13:43:44,887 - INFO - Temperature 1000K - Step 12300/20000
2024-12-23 13:43:50,772 - INFO - Temperature 1000K - Step 12400/20000
2024-12-23 13:43:56,662 - INFO - Temperature 1000K - Step 12500/20000
2024-12-23 13:44:02,490 - INFO - Temperature 1000K - Step 12600/20000
2024-12-23 13:44:08,375 - INFO - Temperature 1000K - Step 12700/20000
2024-12-23 13:44:14,105 - INFO - Temperature 1000K - Step 12800/20000
2024-12-23 13:44:20,040 - INFO - Temperature 1000K - Step 12900/20000
2024-12-23 13:44:25,965 - INFO - Temperature 1000K - Step 13000/20000
2024-12-23 13:44:31,890 - INFO - Temperature 1000K - Step 13100/20000
2024-12-23 13:44:37,660 - INFO - Temperature 1000K - Step 13200/20000
2024-12-23 13:44:43,573 - INFO - Temperature 1000K - Step 13300/20000
2024-12-23 13:44:49,442 - INFO - Temperature 1000K - Step 13400/20000
2024-12-23 13:44:55,269 - INFO - Temperature 1000K - Step 13500/20000
2024-12-23 13:45:00,827 - INFO - Temperature 1000K - Step 13600/20000
2024-12-23 13:45:06,487 - INFO - Temperature 1000K - Step 13700/20000
2024-12-23 13:45:12,169 - INFO - Temperature 1000K - Step 13800/20000
2024-12-23 13:45:17,778 - INFO - Temperature 1000K - Step 13900/20000
2024-12-23 13:45:23,574 - INFO - Temperature 1000K - Step 14000/20000
2024-12-23 13:45:29,434 - INFO - Temperature 1000K - Step 14100/20000
2024-12-23 13:45:35,210 - INFO - Temperature 1000K - Step 14200/20000
2024-12-23 13:45:41,352 - INFO - Temperature 1000K - Step 14300/20000
2024-12-23 13:45:47,275 - INFO - Temperature 1000K - Step 14400/20000
2024-12-23 13:45:53,310 - INFO - Temperature 1000K - Step 14500/20000
2024-12-23 13:45:59,228 - INFO - Temperature 1000K - Step 14600/20000
2024-12-23 13:46:05,124 - INFO - Temperature 1000K - Step 14700/20000
2024-12-23 13:46:10,884 - INFO - Temperature 1000K - Step 14800/20000
2024-12-23 13:46:16,492 - INFO - Temperature 1000K - Step 14900/20000
2024-12-23 13:46:22,377 - INFO - Temperature 1000K - Step 15000/20000
2024-12-23 13:46:28,201 - INFO - Temperature 1000K - Step 15100/20000
2024-12-23 13:46:33,892 - INFO - Temperature 1000K - Step 15200/20000
2024-12-23 13:46:39,810 - INFO - Temperature 1000K - Step 15300/20000
2024-12-23 13:46:45,690 - INFO - Temperature 1000K - Step 15400/20000
2024-12-23 13:46:51,611 - INFO - Temperature 1000K - Step 15500/20000
2024-12-23 13:46:57,462 - INFO - Temperature 1000K - Step 15600/20000
2024-12-23 13:47:03,127 - INFO - Temperature 1000K - Step 15700/20000
2024-12-23 13:47:08,909 - INFO - Temperature 1000K - Step 15800/20000
2024-12-23 13:47:14,725 - INFO - Temperature 1000K - Step 15900/20000
2024-12-23 13:47:20,983 - INFO - Temperature 1000K - Step 16000/20000
2024-12-23 13:47:27,202 - INFO - Temperature 1000K - Step 16100/20000
2024-12-23 13:47:33,425 - INFO - Temperature 1000K - Step 16200/20000
2024-12-23 13:47:39,914 - INFO - Temperature 1000K - Step 16300/20000
2024-12-23 13:47:46,128 - INFO - Temperature 1000K - Step 16400/20000
2024-12-23 13:47:51,818 - INFO - Temperature 1000K - Step 16500/20000
2024-12-23 13:47:57,642 - INFO - Temperature 1000K - Step 16600/20000
2024-12-23 13:48:03,381 - INFO - Temperature 1000K - Step 16700/20000
2024-12-23 13:48:09,294 - INFO - Temperature 1000K - Step 16800/20000
2024-12-23 13:48:14,969 - INFO - Temperature 1000K - Step 16900/20000
2024-12-23 13:48:20,730 - INFO - Temperature 1000K - Step 17000/20000
2024-12-23 13:48:26,433 - INFO - Temperature 1000K - Step 17100/20000
2024-12-23 13:48:32,167 - INFO - Temperature 1000K - Step 17200/20000
2024-12-23 13:48:37,764 - INFO - Temperature 1000K - Step 17300/20000
2024-12-23 13:48:43,662 - INFO - Temperature 1000K - Step 17400/20000
2024-12-23 13:48:49,449 - INFO - Temperature 1000K - Step 17500/20000
2024-12-23 13:48:55,220 - INFO - Temperature 1000K - Step 17600/20000
2024-12-23 13:49:01,031 - INFO - Temperature 1000K - Step 17700/20000
2024-12-23 13:49:06,826 - INFO - Temperature 1000K - Step 17800/20000
2024-12-23 13:49:12,683 - INFO - Temperature 1000K - Step 17900/20000
2024-12-23 13:49:18,634 - INFO - Temperature 1000K - Step 18000/20000
2024-12-23 13:49:24,681 - INFO - Temperature 1000K - Step 18100/20000
2024-12-23 13:49:30,700 - INFO - Temperature 1000K - Step 18200/20000
2024-12-23 13:49:36,592 - INFO - Temperature 1000K - Step 18300/20000
2024-12-23 13:49:42,489 - INFO - Temperature 1000K - Step 18400/20000
2024-12-23 13:49:48,608 - INFO - Temperature 1000K - Step 18500/20000
2024-12-23 13:49:54,781 - INFO - Temperature 1000K - Step 18600/20000
2024-12-23 13:50:00,931 - INFO - Temperature 1000K - Step 18700/20000
2024-12-23 13:50:06,802 - INFO - Temperature 1000K - Step 18800/20000
2024-12-23 13:50:12,669 - INFO - Temperature 1000K - Step 18900/20000
2024-12-23 13:50:18,395 - INFO - Temperature 1000K - Step 19000/20000
2024-12-23 13:50:24,229 - INFO - Temperature 1000K - Step 19100/20000
2024-12-23 13:50:30,265 - INFO - Temperature 1000K - Step 19200/20000
2024-12-23 13:50:36,415 - INFO - Temperature 1000K - Step 19300/20000
2024-12-23 13:50:42,329 - INFO - Temperature 1000K - Step 19400/20000
2024-12-23 13:50:48,395 - INFO - Temperature 1000K - Step 19500/20000
2024-12-23 13:50:54,334 - INFO - Temperature 1000K - Step 19600/20000
2024-12-23 13:51:00,245 - INFO - Temperature 1000K - Step 19700/20000
2024-12-23 13:51:06,317 - INFO - Temperature 1000K - Step 19800/20000
2024-12-23 13:51:12,194 - INFO - Temperature 1000K - Step 19900/20000
2024-12-23 13:51:18,286 - INFO - Simulation at 1000K completed
2024-12-23 13:51:18,286 - INFO - Starting MSD analysis for 1 protons
2024-12-23 13:51:18,287 - INFO - Proton indices: [135]
2024-12-23 13:51:18,313 - INFO - Analyzing trajectory for 500K...
2024-12-23 13:51:19,379 - INFO - Results for 500K (x-direction):
2024-12-23 13:51:19,380 - INFO -   Diffusion coefficient: 2.0608e-05 [cm²/s]
2024-12-23 13:51:19,380 - INFO -   Maximum MSD: 3.71 Å²
2024-12-23 13:51:19,380 - INFO -   Average MSD: 1.91 Å²
2024-12-23 13:51:19,381 - INFO - Results for 500K (y-direction):
2024-12-23 13:51:19,381 - INFO -   Diffusion coefficient: 1.9600e-06 [cm²/s]
2024-12-23 13:51:19,381 - INFO -   Maximum MSD: 0.86 Å²
2024-12-23 13:51:19,382 - INFO -   Average MSD: 0.39 Å²
2024-12-23 13:51:19,383 - INFO - Results for 500K (z-direction):
2024-12-23 13:51:19,383 - INFO -   Diffusion coefficient: 2.9551e-07 [cm²/s]
2024-12-23 13:51:19,383 - INFO -   Maximum MSD: 0.52 Å²
2024-12-23 13:51:19,383 - INFO -   Average MSD: 0.22 Å²
2024-12-23 13:51:19,385 - INFO - Results for 500K (total-direction):
2024-12-23 13:51:19,385 - INFO -   Diffusion coefficient: 7.6211e-06 [cm²/s]
2024-12-23 13:51:19,385 - INFO -   Maximum MSD: 4.32 Å²
2024-12-23 13:51:19,385 - INFO -   Average MSD: 2.52 Å²
2024-12-23 13:51:19,385 - INFO - Analyzing trajectory for 700K...
2024-12-23 13:51:20,422 - INFO - Results for 700K (x-direction):
2024-12-23 13:51:20,422 - INFO -   Diffusion coefficient: 5.5456e-06 [cm²/s]
2024-12-23 13:51:20,422 - INFO -   Maximum MSD: 1.16 Å²
2024-12-23 13:51:20,422 - INFO -   Average MSD: 0.46 Å²
2024-12-23 13:51:20,424 - INFO - Results for 700K (y-direction):
2024-12-23 13:51:20,424 - INFO -   Diffusion coefficient: 1.3940e-05 [cm²/s]
2024-12-23 13:51:20,424 - INFO -   Maximum MSD: 1.93 Å²
2024-12-23 13:51:20,424 - INFO -   Average MSD: 0.80 Å²
2024-12-23 13:51:20,426 - INFO - Results for 700K (z-direction):
2024-12-23 13:51:20,426 - INFO -   Diffusion coefficient: 4.5389e-05 [cm²/s]
2024-12-23 13:51:20,426 - INFO -   Maximum MSD: 3.89 Å²
2024-12-23 13:51:20,426 - INFO -   Average MSD: 1.38 Å²
2024-12-23 13:51:20,428 - INFO - Results for 700K (total-direction):
2024-12-23 13:51:20,428 - INFO -   Diffusion coefficient: 2.1625e-05 [cm²/s]
2024-12-23 13:51:20,428 - INFO -   Maximum MSD: 5.97 Å²
2024-12-23 13:51:20,428 - INFO -   Average MSD: 2.65 Å²
2024-12-23 13:51:20,428 - INFO - Analyzing trajectory for 1000K...
2024-12-23 13:51:21,468 - INFO - Results for 1000K (x-direction):
2024-12-23 13:51:21,468 - INFO -   Diffusion coefficient: 4.7230e-05 [cm²/s]
2024-12-23 13:51:21,468 - INFO -   Maximum MSD: 5.87 Å²
2024-12-23 13:51:21,468 - INFO -   Average MSD: 2.29 Å²
2024-12-23 13:51:21,470 - INFO - Results for 1000K (y-direction):
2024-12-23 13:51:21,470 - INFO -   Diffusion coefficient: 8.9876e-05 [cm²/s]
2024-12-23 13:51:21,470 - INFO -   Maximum MSD: 10.62 Å²
2024-12-23 13:51:21,470 - INFO -   Average MSD: 3.70 Å²
2024-12-23 13:51:21,472 - INFO - Results for 1000K (z-direction):
2024-12-23 13:51:21,472 - INFO -   Diffusion coefficient: 2.1062e-05 [cm²/s]
2024-12-23 13:51:21,472 - INFO -   Maximum MSD: 4.61 Å²
2024-12-23 13:51:21,472 - INFO -   Average MSD: 2.16 Å²
2024-12-23 13:51:21,474 - INFO - Results for 1000K (total-direction):
2024-12-23 13:51:21,474 - INFO -   Diffusion coefficient: 5.2723e-05 [cm²/s]
2024-12-23 13:51:21,474 - INFO -   Maximum MSD: 17.94 Å²
2024-12-23 13:51:21,474 - INFO -   Average MSD: 8.15 Å²
2024-12-23 13:51:24,849 - INFO - Total Results for 500K:
2024-12-23 13:51:24,849 - INFO -   Diffusion coefficient: 7.9290e-06 [cm²/s]
2024-12-23 13:51:25,868 - INFO - Total Results for 700K:
2024-12-23 13:51:25,868 - INFO -   Diffusion coefficient: 1.8619e-05 [cm²/s]
2024-12-23 13:51:26,887 - INFO - Total Results for 1000K:
2024-12-23 13:51:26,887 - INFO -   Diffusion coefficient: 5.2463e-05 [cm²/s]
2024-12-23 13:51:27,382 - INFO - 
All MD simulations and analysis completed successfully
