Time[ps]      Etot[eV]     Epot[eV]     Ekin[eV]    T[K]
0.0000        -1174.465    -1182.925        8.461   474.3
0.0050        -1174.300    -1182.264        7.964   446.5
0.0100        -1174.147    -1180.816        6.669   373.8
0.0150        -1173.867    -1179.395        5.528   309.9
0.0200        -1173.498    -1178.460        4.963   278.2
0.0250        -1173.092    -1177.850        4.758   266.7
0.0300        -1172.670    -1177.285        4.615   258.7
0.0350        -1172.236    -1176.804        4.568   256.1
0.0400        -1171.809    -1176.615        4.806   269.4
0.0450        -1171.416    -1176.637        5.221   292.7
0.0500        -1171.064    -1176.643        5.579   312.8
0.0550        -1170.737    -1176.473        5.735   321.5
0.0600        -1170.425    -1176.347        5.921   332.0
0.0650        -1170.142    -1176.439        6.298   353.1
0.0700        -1169.896    -1176.531        6.635   372.0
0.0750        -1169.669    -1176.285        6.616   370.9
0.0800        -1169.428    -1175.783        6.355   356.3
0.0850        -1169.161    -1175.324        6.162   345.5
0.0900        -1168.884    -1175.051        6.167   345.7
0.0950        -1168.614    -1174.880        6.266   351.3
0.1000        -1168.346    -1174.535        6.188   346.9
0.1050        -1168.068    -1174.186        6.118   343.0
0.1100        -1167.794    -1174.097        6.303   353.4
0.1150        -1167.551    -1174.276        6.725   377.0
0.1200        -1167.350    -1174.435        7.086   397.2
0.1250        -1167.176    -1174.474        7.299   409.2
0.1300        -1167.025    -1174.626        7.601   426.1
0.1350        -1166.910    -1174.851        7.942   445.2
0.1400        -1166.820    -1174.901        8.081   453.0
0.1450        -1166.737    -1174.825        8.088   453.4
0.1500        -1166.657    -1174.826        8.170   458.0
0.1550        -1166.589    -1174.903        8.315   466.1
0.1600        -1166.536    -1175.034        8.497   476.4
0.1650        -1166.499    -1175.068        8.569   480.4
0.1700        -1166.467    -1175.125        8.658   485.4
0.1750        -1166.442    -1175.105        8.664   485.7
0.1800        -1166.417    -1175.049        8.633   483.9
0.1850        -1166.387    -1174.995        8.608   482.6
0.1900        -1166.356    -1174.949        8.594   481.8
0.1950        -1166.321    -1174.871        8.550   479.3
0.2000        -1166.283    -1174.875        8.591   481.6
0.2050        -1166.262    -1175.119        8.857   496.5
0.2100        -1166.264    -1175.246        8.982   503.5
0.2150        -1166.273    -1175.262        8.989   503.9
0.2200        -1166.268    -1174.994        8.726   489.2
0.2250        -1166.240    -1174.857        8.617   483.1
0.2300        -1166.213    -1174.979        8.766   491.5
0.2350        -1166.208    -1175.217        9.010   505.1
0.2400        -1166.218    -1175.269        9.050   507.4
0.2450        -1166.232    -1175.375        9.142   512.5
0.2500        -1166.256    -1175.385        9.129   511.8
0.2550        -1166.264    -1175.200        8.936   501.0
0.2600        -1166.259    -1175.093        8.834   495.2
0.2650        -1166.248    -1175.111        8.863   496.9
0.2700        -1166.248    -1175.247        8.999   504.5
0.2750        -1166.263    -1175.503        9.240   518.0
0.2800        -1166.317    -1176.033        9.715   544.7
0.2850        -1166.406    -1176.231        9.825   550.8
0.2900        -1166.481    -1175.790        9.309   521.9
0.2950        -1166.478    -1174.875        8.397   470.7
0.3000        -1166.399    -1174.304        7.905   443.1
0.3050        -1166.299    -1174.292        7.993   448.1
0.3100        -1166.219    -1174.471        8.252   462.6
0.3150        -1166.152    -1174.369        8.216   460.6
0.3200        -1166.075    -1174.153        8.078   452.9
0.3250        -1165.983    -1173.967        7.984   447.6
0.3300        -1165.895    -1174.040        8.145   456.6
0.3350        -1165.827    -1174.123        8.297   465.1
0.3400        -1165.762    -1173.996        8.234   461.6
0.3450        -1165.695    -1173.987        8.292   464.9
0.3500        -1165.647    -1174.284        8.638   484.2
0.3550        -1165.638    -1174.587        8.948   501.6
0.3600        -1165.641    -1174.479        8.837   495.4
0.3650        -1165.628    -1174.322        8.694   487.4
0.3700        -1165.610    -1174.418        8.808   493.8
0.3750        -1165.616    -1174.711        9.095   509.8
0.3800        -1165.638    -1174.666        9.028   506.1
0.3850        -1165.634    -1174.266        8.633   484.0
0.3900        -1165.586    -1173.862        8.276   463.9
0.3950        -1165.521    -1173.825        8.304   465.5
0.4000        -1165.468    -1173.927        8.460   474.3
0.4050        -1165.424    -1173.934        8.510   477.1
0.4100        -1165.387    -1174.048        8.661   485.6
0.4150        -1165.382    -1174.536        9.154   513.2
0.4200        -1165.427    -1175.029        9.602   538.3
0.4250        -1165.503    -1175.218        9.714   544.6
0.4300        -1165.574    -1175.078        9.504   532.8
0.4350        -1165.623    -1174.943        9.320   522.5
0.4400        -1165.653    -1174.723        9.070   508.5
0.4450        -1165.651    -1174.325        8.674   486.3
0.4500        -1165.599    -1173.679        8.081   453.0
0.4550        -1165.493    -1173.194        7.701   431.7
0.4600        -1165.371    -1173.171        7.800   437.3
0.4650        -1165.278    -1173.557        8.280   464.2
0.4700        -1165.230    -1173.875        8.645   484.7
0.4750        -1165.211    -1174.099        8.888   498.3
0.4800        -1165.220    -1174.425        9.205   516.0
0.4850        -1165.260    -1174.767        9.507   532.9
0.4900        -1165.334    -1175.194        9.860   552.7
0.4950        -1165.442    -1175.531       10.089   565.6
0.5000        -1165.551    -1175.415        9.864   553.0
Time[ps]      Etot[eV]     Epot[eV]     Ekin[eV]    T[K]
0.0000        -1171.162    -1180.286        9.125   515.3
0.0050        -1171.202    -1179.550        8.349   471.5
0.0100        -1171.081    -1177.945        6.864   387.6
0.0150        -1170.823    -1176.613        5.790   327.0
0.0200        -1170.496    -1176.021        5.525   312.0
0.0250        -1170.160    -1175.648        5.488   309.9
0.0300        -1169.811    -1175.097        5.286   298.5
0.0350        -1169.447    -1174.700        5.253   296.6
0.0400        -1169.093    -1174.600        5.507   311.0
0.0450        -1168.768    -1174.460        5.692   321.4
0.0500        -1168.437    -1173.820        5.383   304.0
0.0550        -1168.069    -1173.070        5.001   282.4
0.0600        -1167.678    -1172.783        5.105   288.3
0.0650        -1167.331    -1173.073        5.742   324.3
0.0700        -1167.042    -1173.233        6.192   349.6
0.0750        -1166.786    -1173.087        6.301   355.8
0.0800        -1166.528    -1172.693        6.165   348.1
0.0850        -1166.267    -1172.538        6.271   354.1
0.0900        -1166.024    -1172.544        6.520   368.2
0.0950        -1165.801    -1172.380        6.579   371.5
0.1000        -1165.556    -1171.750        6.194   349.8
0.1050        -1165.282    -1171.393        6.111   345.1
0.1100        -1165.012    -1171.391        6.380   360.3
0.1150        -1164.782    -1171.529        6.747   381.0
0.1200        -1164.566    -1171.269        6.703   378.5
0.1250        -1164.354    -1171.190        6.836   386.0
0.1300        -1164.170    -1171.507        7.336   414.3
0.1350        -1164.057    -1172.169        8.113   458.1
0.1400        -1164.004    -1172.459        8.455   477.4
0.1450        -1163.975    -1172.565        8.590   485.1
0.1500        -1163.953    -1172.515        8.562   483.5
0.1550        -1163.931    -1172.647        8.715   492.2
0.1600        -1163.934    -1172.894        8.960   506.0
0.1650        -1163.950    -1172.844        8.894   502.2
0.1700        -1163.950    -1172.583        8.633   487.5
0.1750        -1163.925    -1172.359        8.435   476.3
0.1800        -1163.887    -1172.264        8.377   473.0
0.1850        -1163.846    -1172.237        8.391   473.9
0.1900        -1163.809    -1172.283        8.474   478.5
0.1950        -1163.778    -1172.331        8.553   483.0
0.2000        -1163.756    -1172.292        8.536   482.0
0.2050        -1163.717    -1171.982        8.264   466.7
0.2100        -1163.646    -1171.614        7.968   450.0
0.2150        -1163.558    -1171.562        8.004   452.0
0.2200        -1163.485    -1171.723        8.238   465.2
0.2250        -1163.441    -1171.888        8.448   477.0
0.2300        -1163.401    -1171.830        8.428   475.9
0.2350        -1163.365    -1171.858        8.492   479.6
0.2400        -1163.346    -1172.094        8.749   494.0
0.2450        -1163.356    -1172.426        9.070   512.2
0.2500        -1163.390    -1172.495        9.105   514.2
0.2550        -1163.416    -1172.417        9.001   508.3
0.2600        -1163.433    -1172.445        9.012   508.9
0.2650        -1163.469    -1172.847        9.378   529.6
0.2700        -1163.544    -1173.283        9.740   550.0
0.2750        -1163.645    -1173.551        9.906   559.4
0.2800        -1163.749    -1173.536        9.786   552.6
0.2850        -1163.833    -1173.452        9.619   543.2
0.2900        -1163.897    -1173.246        9.349   527.9
0.2950        -1163.923    -1172.742        8.820   498.0
0.3000        -1163.896    -1172.151        8.255   466.2
0.3050        -1163.818    -1171.732        7.915   446.9
0.3100        -1163.735    -1171.785        8.049   454.5
0.3150        -1163.660    -1171.665        8.005   452.0
0.3200        -1163.573    -1171.375        7.802   440.6
0.3250        -1163.466    -1171.165        7.699   434.8
0.3300        -1163.368    -1171.404        8.036   453.8
0.3350        -1163.294    -1171.470        8.176   461.7
0.3400        -1163.223    -1171.442        8.218   464.1
0.3450        -1163.158    -1171.442        8.284   467.8
0.3500        -1163.105    -1171.603        8.498   479.9
0.3550        -1163.081    -1171.793        8.712   491.9
0.3600        -1163.072    -1171.885        8.814   497.7
0.3650        -1163.076    -1172.047        8.971   506.6
0.3700        -1163.099    -1172.227        9.128   515.4
0.3750        -1163.129    -1172.243        9.114   514.7
0.3800        -1163.147    -1172.024        8.877   501.3
0.3850        -1163.142    -1171.790        8.649   488.4
0.3900        -1163.102    -1171.314        8.211   463.7
0.3950        -1163.027    -1170.932        7.905   446.4
0.4000        -1162.919    -1170.632        7.713   435.6
0.4050        -1162.807    -1170.679        7.872   444.5
0.4100        -1162.716    -1170.863        8.146   460.0
0.4150        -1162.664    -1171.310        8.646   488.2
0.4200        -1162.657    -1171.677        9.019   509.3
0.4250        -1162.685    -1172.004        9.319   526.3
0.4300        -1162.746    -1172.365        9.619   543.2
0.4350        -1162.833    -1172.709        9.876   557.7
0.4400        -1162.947    -1172.914        9.967   562.8
0.4450        -1163.050    -1172.655        9.606   542.4
0.4500        -1163.112    -1172.271        9.158   517.2
0.4550        -1163.125    -1171.766        8.642   488.0
0.4600        -1163.106    -1171.742        8.636   487.7
0.4650        -1163.111    -1172.151        9.040   510.5
0.4700        -1163.148    -1172.357        9.209   520.0
0.4750        -1163.166    -1171.864        8.698   491.2
0.4800        -1163.129    -1171.380        8.250   465.9
0.4850        -1163.065    -1171.295        8.230   464.7
0.4900        -1163.017    -1171.605        8.588   484.9
0.4950        -1162.999    -1171.794        8.795   496.7
0.5000        -1163.002    -1172.010        9.008   508.7
0.5050        -1163.025    -1172.249        9.224   520.9
0.5100        -1163.074    -1172.522        9.448   533.5
0.5150        -1163.135    -1172.484        9.349   528.0
0.5200        -1163.177    -1172.256        9.079   512.7
0.5250        -1163.194    -1172.038        8.845   499.5
0.5300        -1163.195    -1171.978        8.783   496.0
0.5350        -1163.184    -1171.717        8.532   481.8
0.5400        -1163.151    -1171.597        8.445   476.9
0.5450        -1163.114    -1171.621        8.507   480.4
0.5500        -1163.101    -1171.968        8.868   500.7
0.5550        -1163.115    -1172.071        8.956   505.7
0.5600        -1163.125    -1171.938        8.813   497.7
0.5650        -1163.113    -1171.718        8.605   485.9
0.5700        -1163.094    -1171.892        8.798   496.8
0.5750        -1163.093    -1172.047        8.954   505.6
0.5800        -1163.109    -1172.237        9.128   515.5
0.5850        -1163.126    -1172.011        8.885   501.7
0.5900        -1163.119    -1171.827        8.708   491.7
0.5950        -1163.101    -1171.811        8.711   491.9
0.6000        -1163.102    -1172.139        9.037   510.3
0.6050        -1163.130    -1172.293        9.163   517.4
0.6100        -1163.163    -1172.243        9.080   512.8
0.6150        -1163.171    -1171.832        8.661   489.1
0.6200        -1163.142    -1171.548        8.406   474.7
0.6250        -1163.098    -1171.483        8.385   473.5
0.6300        -1163.065    -1171.665        8.600   485.7
0.6350        -1163.053    -1171.786        8.734   493.2
0.6400        -1163.051    -1171.873        8.822   498.2
0.6450        -1163.050    -1171.817        8.768   495.1
0.6500        -1163.047    -1171.885        8.838   499.1
0.6550        -1163.052    -1171.963        8.911   503.2
0.6600        -1163.065    -1172.100        9.034   510.2
0.6650        -1163.082    -1172.045        8.963   506.1
0.6700        -1163.084    -1171.888        8.804   497.1
0.6750        -1163.061    -1171.519        8.458   477.6
0.6800        -1163.010    -1171.329        8.318   469.7
0.6850        -1162.953    -1171.267        8.314   469.5
0.6900        -1162.895    -1171.136        8.241   465.4
0.6950        -1162.826    -1170.916        8.091   456.9
0.7000        -1162.754    -1170.970        8.216   463.9
0.7050        -1162.690    -1171.024        8.334   470.6
0.7100        -1162.643    -1171.286        8.643   488.1
0.7150        -1162.638    -1171.750        9.113   514.6
0.7200        -1162.674    -1172.098        9.424   532.2
0.7250        -1162.739    -1172.234        9.495   536.2
0.7300        -1162.804    -1172.178        9.375   529.4
0.7350        -1162.856    -1172.205        9.349   527.9
0.7400        -1162.914    -1172.301        9.387   530.1
0.7450        -1162.975    -1172.401        9.427   532.3
0.7500        -1163.033    -1172.358        9.324   526.5
0.7550        -1163.077    -1172.283        9.205   519.8
0.7600        -1163.099    -1172.078        8.979   507.1
0.7650        -1163.099    -1171.888        8.789   496.3
0.7700        -1163.101    -1172.003        8.902   502.7
0.7750        -1163.110    -1172.067        8.956   505.8
0.7800        -1163.123    -1172.164        9.041   510.5
0.7850        -1163.142    -1172.252        9.110   514.4
0.7900        -1163.173    -1172.399        9.226   521.0
0.7950        -1163.209    -1172.434        9.225   520.9
0.8000        -1163.245    -1172.581        9.336   527.2
0.8050        -1163.294    -1172.758        9.464   534.4
0.8100        -1163.351    -1172.766        9.414   531.6
0.8150        -1163.396    -1172.490        9.094   513.5
0.8200        -1163.398    -1171.946        8.549   482.7
0.8250        -1163.353    -1171.518        8.165   461.1
0.8300        -1163.284    -1171.387        8.103   457.6
0.8350        -1163.220    -1171.509        8.289   468.1
0.8400        -1163.179    -1171.674        8.495   479.7
0.8450        -1163.150    -1171.680        8.529   481.7
0.8500        -1163.114    -1171.535        8.421   475.5
0.8550        -1163.072    -1171.565        8.493   479.6
0.8600        -1163.038    -1171.585        8.547   482.7
0.8650        -1163.000    -1171.457        8.457   477.6
0.8700        -1162.944    -1171.185        8.241   465.4
0.8750        -1162.879    -1171.256        8.377   473.0
0.8800        -1162.847    -1171.731        8.884   501.7
0.8850        -1162.865    -1172.127        9.261   523.0
0.8900        -1162.899    -1172.069        9.170   517.8
0.8950        -1162.917    -1171.937        9.020   509.4
0.9000        -1162.926    -1171.940        9.014   509.0
0.9050        -1162.942    -1172.012        9.070   512.2
0.9100        -1162.954    -1171.882        8.928   504.1
0.9150        -1162.954    -1171.796        8.842   499.3
0.9200        -1162.956    -1171.926        8.970   506.5
0.9250        -1162.978    -1172.212        9.234   521.5
0.9300        -1163.018    -1172.209        9.191   519.0
0.9350        -1163.032    -1171.804        8.772   495.4
0.9400        -1163.006    -1171.485        8.479   478.8
0.9450        -1162.969    -1171.628        8.659   489.0
0.9500        -1162.967    -1172.035        9.068   512.0
0.9550        -1162.997    -1172.288        9.291   524.7
0.9600        -1163.040    -1172.337        9.297   525.0
0.9650        -1163.074    -1172.294        9.220   520.6
0.9700        -1163.109    -1172.339        9.229   521.2
0.9750        -1163.137    -1172.240        9.103   514.0
0.9800        -1163.150    -1172.043        8.893   502.2
0.9850        -1163.149    -1171.991        8.842   499.3
0.9900        -1163.161    -1172.338        9.177   518.2
0.9950        -1163.214    -1172.759        9.544   539.0
1.0000        -1163.287    -1172.789        9.502   536.6
1.0050        -1163.331    -1172.407        9.076   512.5
1.0100        -1163.344    -1172.279        8.935   504.6
1.0150        -1163.355    -1172.349        8.995   507.9
1.0200        -1163.368    -1172.198        8.830   498.6
1.0250        -1163.340    -1171.550        8.210   463.6
1.0300        -1163.259    -1171.141        7.881   445.1
1.0350        -1163.173    -1171.264        8.091   456.9
1.0400        -1163.119    -1171.547        8.428   475.9
1.0450        -1163.081    -1171.410        8.329   470.3
1.0500        -1163.021    -1171.078        8.057   455.0
1.0550        -1162.944    -1170.993        8.049   454.5
1.0600        -1162.883    -1171.259        8.375   473.0
1.0650        -1162.856    -1171.464        8.608   486.1
1.0700        -1162.837    -1171.408        8.571   484.0
1.0750        -1162.811    -1171.369        8.558   483.3
1.0800        -1162.801    -1171.761        8.960   506.0
1.0850        -1162.840    -1172.320        9.480   535.3
1.0900        -1162.918    -1172.583        9.665   545.8
1.0950        -1162.989    -1172.359        9.370   529.1
1.1000        -1163.027    -1172.116        9.089   513.2
1.1050        -1163.049    -1172.110        9.061   511.7
1.1100        -1163.077    -1172.278        9.202   519.6
1.1150        -1163.122    -1172.443        9.321   526.4
1.1200        -1163.175    -1172.593        9.418   531.8
1.1250        -1163.240    -1172.786        9.547   539.1
1.1300        -1163.309    -1172.732        9.424   532.1
1.1350        -1163.345    -1172.194        8.849   499.7
1.1400        -1163.318    -1171.634        8.317   469.6
1.1450        -1163.263    -1171.642        8.379   473.2
1.1500        -1163.237    -1172.113        8.876   501.2
1.1550        -1163.256    -1172.474        9.218   520.5
1.1600        -1163.296    -1172.494        9.198   519.4
1.1650        -1163.329    -1172.449        9.120   515.0
1.1700        -1163.341    -1172.159        8.819   498.0
1.1750        -1163.320    -1171.785        8.465   478.0
1.1800        -1163.272    -1171.508        8.235   465.1
1.1850        -1163.212    -1171.453        8.241   465.4
1.1900        -1163.161    -1171.609        8.447   477.0
1.1950        -1163.125    -1171.614        8.489   479.4
1.2000        -1163.081    -1171.362        8.281   467.7
1.2050        -1163.009    -1170.978        7.969   450.0
1.2100        -1162.911    -1170.783        7.872   444.5
1.2150        -1162.821    -1171.021        8.199   463.0
1.2200        -1162.780    -1171.576        8.797   496.7
1.2250        -1162.792    -1172.005        9.213   520.3
1.2300        -1162.828    -1172.061        9.233   521.4
1.2350        -1162.855    -1171.943        9.088   513.2
1.2400        -1162.877    -1172.093        9.216   520.4
1.2450        -1162.926    -1172.496        9.570   540.4
1.2500        -1163.015    -1172.943        9.927   560.6
1.2550        -1163.123    -1172.971        9.848   556.1
1.2600        -1163.206    -1172.614        9.408   531.3
1.2650        -1163.233    -1172.020        8.787   496.2
1.2700        -1163.206    -1171.604        8.398   474.2
1.2750        -1163.154    -1171.523        8.368   472.6
1.2800        -1163.115    -1171.748        8.632   487.5
1.2850        -1163.100    -1171.888        8.788   496.3
1.2900        -1163.093    -1171.908        8.815   497.8
1.2950        -1163.081    -1171.765        8.684   490.4
1.3000        -1163.053    -1171.526        8.473   478.5
1.3050        -1163.007    -1171.365        8.357   471.9
1.3100        -1162.965    -1171.503        8.538   482.1
1.3150        -1162.948    -1171.764        8.815   497.8
1.3200        -1162.950    -1171.730        8.781   495.8
1.3250        -1162.939    -1171.691        8.752   494.2
1.3300        -1162.940    -1171.770        8.829   498.6
1.3350        -1162.927    -1171.407        8.480   478.9
1.3400        -1162.867    -1170.828        7.960   449.5
1.3450        -1162.771    -1170.619        7.848   443.2
1.3500        -1162.690    -1171.068        8.378   473.1
1.3550        -1162.693    -1172.179        9.485   535.6
1.3600        -1162.791    -1172.858       10.067   568.5
1.3650        -1162.901    -1172.709        9.808   553.8
1.3700        -1162.987    -1172.695        9.708   548.2
1.3750        -1163.064    -1172.574        9.510   537.0
1.3800        -1163.120    -1172.466        9.346   527.7
1.3850        -1163.166    -1172.451        9.284   524.3
1.3900        -1163.208    -1172.474        9.266   523.3
1.3950        -1163.253    -1172.598        9.345   527.7
1.4000        -1163.302    -1172.558        9.257   522.7
1.4050        -1163.334    -1172.358        9.024   509.6
1.4100        -1163.332    -1171.974        8.642   488.0
1.4150        -1163.309    -1172.007        8.698   491.2
1.4200        -1163.307    -1172.278        8.970   506.6
1.4250        -1163.327    -1172.488        9.160   517.3
1.4300        -1163.353    -1172.265        8.912   503.3
1.4350        -1163.331    -1171.729        8.397   474.2
1.4400        -1163.282    -1171.700        8.417   475.3
1.4450        -1163.239    -1171.801        8.562   483.5
1.4500        -1163.225    -1172.108        8.883   501.6
1.4550        -1163.229    -1172.165        8.936   504.6
1.4600        -1163.229    -1171.981        8.752   494.2
1.4650        -1163.208    -1171.765        8.557   483.2
1.4700        -1163.177    -1171.717        8.540   482.3
1.4750        -1163.143    -1171.596        8.453   477.4
1.4800        -1163.097    -1171.367        8.270   467.0
1.4850        -1163.032    -1171.217        8.185   462.2
1.4900        -1162.973    -1171.335        8.362   472.2
1.4950        -1162.929    -1171.356        8.426   475.8
1.5000        -1162.884    -1171.208        8.325   470.1
1.5050        -1162.830    -1171.183        8.353   471.7
1.5100        -1162.798    -1171.543        8.745   493.8
1.5150        -1162.809    -1171.916        9.107   514.2
1.5200        -1162.843    -1171.959        9.116   514.8
1.5250        -1162.863    -1171.774        8.912   503.3
1.5300        -1162.866    -1171.760        8.894   502.2
1.5350        -1162.874    -1171.891        9.017   509.2
1.5400        -1162.892    -1171.930        9.038   510.4
1.5450        -1162.897    -1171.673        8.776   495.6
1.5500        -1162.878    -1171.522        8.644   488.1
1.5550        -1162.860    -1171.641        8.781   495.9
1.5600        -1162.857    -1171.802        8.946   505.2
1.5650        -1162.864    -1171.818        8.954   505.6
1.5700        -1162.871    -1171.909        9.038   510.4
1.5750        -1162.904    -1172.298        9.394   530.5
1.5800        -1162.963    -1172.493        9.530   538.1
1.5850        -1163.020    -1172.261        9.241   521.8
1.5900        -1163.031    -1171.769        8.738   493.4
1.5950        -1163.013    -1171.743        8.729   492.9
1.6000        -1163.015    -1172.193        9.178   518.3
1.6050        -1163.071    -1172.636        9.565   540.1
1.6100        -1163.142    -1172.585        9.443   533.3
1.6150        -1163.189    -1172.311        9.122   515.1
1.6200        -1163.207    -1172.059        8.852   499.9
1.6250        -1163.206    -1172.019        8.813   497.7
1.6300        -1163.211    -1172.187        8.977   506.9
1.6350        -1163.233    -1172.338        9.105   514.1
1.6400        -1163.250    -1172.095        8.845   499.5
1.6450        -1163.233    -1171.684        8.451   477.2
1.6500        -1163.178    -1171.333        8.155   460.5
1.6550        -1163.109    -1171.284        8.175   461.7
1.6600        -1163.054    -1171.505        8.451   477.2
1.6650        -1163.028    -1171.716        8.688   490.6
1.6700        -1163.018    -1171.802        8.784   496.0
1.6750        -1163.023    -1172.038        9.015   509.1
1.6800        -1163.046    -1172.230        9.184   518.6
1.6850        -1163.088    -1172.499        9.411   531.4
1.6900        -1163.145    -1172.556        9.411   531.4
1.6950        -1163.189    -1172.330        9.140   516.2
1.7000        -1163.199    -1172.013        8.814   497.7
1.7050        -1163.188    -1171.896        8.708   491.8
1.7100        -1163.166    -1171.762        8.596   485.4
1.7150        -1163.131    -1171.605        8.474   478.5
1.7200        -1163.077    -1171.310        8.233   464.9
1.7250        -1163.008    -1171.198        8.190   462.5
1.7300        -1162.947    -1171.332        8.385   473.5
1.7350        -1162.908    -1171.548        8.640   487.9
1.7400        -1162.894    -1171.731        8.837   499.0
1.7450        -1162.899    -1171.931        9.032   510.0
1.7500        -1162.920    -1171.932        9.012   508.9
1.7550        -1162.929    -1171.699        8.770   495.2
1.7600        -1162.913    -1171.406        8.493   479.6
1.7650        -1162.870    -1171.147        8.277   467.4
1.7700        -1162.813    -1171.074        8.261   466.5
1.7750        -1162.762    -1171.161        8.399   474.3
1.7800        -1162.729    -1171.395        8.666   489.4
1.7850        -1162.721    -1171.609        8.888   501.9
1.7900        -1162.734    -1171.912        9.178   518.3
1.7950        -1162.779    -1172.243        9.465   534.5
1.8000        -1162.837    -1172.246        9.409   531.3
1.8050        -1162.887    -1172.109        9.222   520.8
1.8100        -1162.907    -1171.794        8.886   501.8
1.8150        -1162.911    -1171.807        8.897   502.4
1.8200        -1162.924    -1171.959        9.036   510.2
1.8250        -1162.953    -1172.132        9.179   518.3
1.8300        -1162.993    -1172.223        9.231   521.3
1.8350        -1163.035    -1172.283        9.249   522.3
1.8400        -1163.072    -1172.195        9.123   515.2
1.8450        -1163.098    -1172.155        9.056   511.4
1.8500        -1163.123    -1172.209        9.086   513.1
1.8550        -1163.150    -1172.266        9.116   514.8
1.8600        -1163.172    -1172.084        8.912   503.3
1.8650        -1163.177    -1172.068        8.892   502.1
1.8700        -1163.194    -1172.386        9.192   519.1
1.8750        -1163.244    -1172.710        9.466   534.6
1.8800        -1163.297    -1172.559        9.263   523.1
1.8850        -1163.324    -1172.275        8.951   505.5
1.8900        -1163.323    -1172.062        8.740   493.5
1.8950        -1163.309    -1171.937        8.627   487.2
1.9000        -1163.282    -1171.656        8.375   472.9
1.9050        -1163.223    -1171.319        8.096   457.2
1.9100        -1163.148    -1171.247        8.099   457.4
1.9150        -1163.079    -1171.315        8.235   465.1
1.9200        -1163.022    -1171.300        8.279   467.5
1.9250        -1162.969    -1171.327        8.358   472.0
1.9300        -1162.917    -1171.294        8.377   473.1
1.9350        -1162.869    -1171.329        8.460   477.7
1.9400        -1162.833    -1171.399        8.566   483.7
1.9450        -1162.805    -1171.387        8.581   484.6
1.9500        -1162.787    -1171.471        8.685   490.4
1.9550        -1162.779    -1171.543        8.764   494.9
1.9600        -1162.771    -1171.557        8.786   496.2
1.9650        -1162.755    -1171.367        8.612   486.3
1.9700        -1162.725    -1171.354        8.630   487.3
1.9750        -1162.718    -1171.733        9.015   509.1
1.9800        -1162.749    -1172.016        9.267   523.3
1.9850        -1162.797    -1172.076        9.280   524.0
1.9900        -1162.836    -1171.909        9.073   512.3
1.9950        -1162.854    -1171.823        8.970   506.5
2.0000        -1162.867    -1171.769        8.902   502.7
2.0050        -1162.877    -1171.787        8.910   503.2
2.0100        -1162.884    -1171.765        8.880   501.5
2.0150        -1162.892    -1171.812        8.919   503.7
2.0200        -1162.909    -1171.965        9.056   511.4
2.0250        -1162.942    -1172.188        9.246   522.1
2.0300        -1162.990    -1172.244        9.255   522.6
2.0350        -1163.026    -1172.057        9.031   510.0
2.0400        -1163.030    -1171.689        8.659   489.0
2.0450        -1163.008    -1171.567        8.559   483.3
2.0500        -1162.988    -1171.667        8.679   490.1
2.0550        -1162.984    -1171.845        8.861   500.4
2.0600        -1162.993    -1171.913        8.920   503.7
2.0650        -1163.005    -1171.945        8.940   504.8
2.0700        -1163.014    -1171.875        8.860   500.3
2.0750        -1163.013    -1171.729        8.717   492.2
2.0800        -1162.983    -1171.286        8.303   468.9
2.0850        -1162.907    -1170.877        7.969   450.0
2.0900        -1162.818    -1170.984        8.166   461.1
2.0950        -1162.779    -1171.775        8.996   508.0
2.1000        -1162.827    -1172.558        9.730   549.5
2.1050        -1162.920    -1172.799        9.880   557.9
2.1100        -1163.009    -1172.535        9.526   537.9
2.1150        -1163.040    -1171.940        8.900   502.6
2.1200        -1163.034    -1171.843        8.809   497.4
2.1250        -1163.038    -1172.164        9.126   515.3
2.1300        -1163.079    -1172.513        9.434   532.7
2.1350        -1163.128    -1172.449        9.321   526.4
2.1400        -1163.162    -1172.232        9.071   512.2
2.1450        -1163.169    -1172.092        8.923   503.9
2.1500        -1163.175    -1172.099        8.924   503.9
2.1550        -1163.166    -1171.831        8.665   489.3
2.1600        -1163.127    -1171.486        8.359   472.0
2.1650        -1163.073    -1171.579        8.506   480.3
2.1700        -1163.057    -1172.055        8.998   508.1
2.1750        -1163.078    -1172.224        9.146   516.5
2.1800        -1163.088    -1171.854        8.765   495.0
2.1850        -1163.056    -1171.469        8.414   475.1
2.1900        -1163.005    -1171.404        8.399   474.3
2.1950        -1162.962    -1171.519        8.557   483.2
2.2000        -1162.929    -1171.450        8.521   481.2
2.2050        -1162.882    -1171.188        8.305   469.0
2.2100        -1162.815    -1171.033        8.218   464.1
2.2150        -1162.765    -1171.464        8.698   491.2
2.2200        -1162.776    -1172.113        9.337   527.2
2.2250        -1162.832    -1172.335        9.504   536.7
2.2300        -1162.882    -1172.074        9.192   519.1
2.2350        -1162.894    -1171.745        8.851   499.8
2.2400        -1162.900    -1171.883        8.983   507.3
2.2450        -1162.924    -1172.060        9.137   515.9
2.2500        -1162.955    -1172.043        9.088   513.2
2.2550        -1162.974    -1171.899        8.925   504.0
2.2600        -1162.987    -1171.997        9.010   508.8
2.2650        -1163.017    -1172.231        9.215   520.4
2.2700        -1163.061    -1172.266        9.206   519.8
2.2750        -1163.082    -1171.838        8.755   494.4
2.2800        -1163.053    -1171.370        8.316   469.6
2.2850        -1162.998    -1171.267        8.269   466.9
2.2900        -1162.953    -1171.436        8.483   479.0
2.2950        -1162.927    -1171.555        8.628   487.2
2.3000        -1162.919    -1171.775        8.856   500.1
2.3050        -1162.928    -1171.981        9.053   511.2
2.3100        -1162.947    -1171.985        9.038   510.4
2.3150        -1162.963    -1171.929        8.966   506.3
2.3200        -1162.968    -1171.782        8.814   497.7
2.3250        -1162.958    -1171.663        8.705   491.6
2.3300        -1162.941    -1171.602        8.661   489.1
2.3350        -1162.919    -1171.518        8.600   485.6
2.3400        -1162.894    -1171.539        8.644   488.1
2.3450        -1162.878    -1171.618        8.739   493.5
2.3500        -1162.869    -1171.635        8.766   495.0
2.3550        -1162.860    -1171.625        8.765   495.0
2.3600        -1162.855    -1171.729        8.875   501.1
2.3650        -1162.867    -1171.959        9.092   513.4
2.3700        -1162.900    -1172.192        9.291   524.7
2.3750        -1162.946    -1172.219        9.274   523.7
2.3800        -1162.977    -1172.000        9.023   509.5
2.3850        -1162.981    -1171.741        8.761   494.7
2.3900        -1162.968    -1171.709        8.741   493.6
2.3950        -1162.965    -1171.905        8.941   504.9
2.4000        -1162.984    -1172.148        9.164   517.5
2.4050        -1163.021    -1172.309        9.288   524.5
2.4100        -1163.065    -1172.323        9.259   522.8
2.4150        -1163.099    -1172.201        9.102   514.0
2.4200        -1163.115    -1172.027        8.912   503.3
2.4250        -1163.114    -1171.895        8.781   495.9
2.4300        -1163.103    -1171.833        8.730   493.0
2.4350        -1163.096    -1172.004        8.908   503.0
2.4400        -1163.115    -1172.328        9.212   520.2
2.4450        -1163.156    -1172.406        9.250   522.4
2.4500        -1163.184    -1172.142        8.959   505.9
2.4550        -1163.178    -1171.798        8.620   486.8
2.4600        -1163.142    -1171.489        8.347   471.3
2.4650        -1163.077    -1171.131        8.053   454.8
2.4700        -1162.988    -1170.903        7.915   447.0
2.4750        -1162.901    -1171.030        8.129   459.0
2.4800        -1162.849    -1171.455        8.606   486.0
2.4850        -1162.844    -1171.838        8.994   507.9
2.4900        -1162.863    -1171.914        9.051   511.1
2.4950        -1162.877    -1171.811        8.934   504.5
2.5000        -1162.881    -1171.763        8.882   501.5
2.5050        -1162.885    -1171.793        8.908   503.0
2.5100        -1162.889    -1171.747        8.858   500.2
2.5150        -1162.880    -1171.510        8.630   487.4
2.5200        -1162.848    -1171.325        8.477   478.7
2.5250        -1162.815    -1171.423        8.608   486.1
2.5300        -1162.800    -1171.631        8.831   498.7
2.5350        -1162.805    -1171.759        8.954   505.7
2.5400        -1162.817    -1171.834        9.017   509.2
2.5450        -1162.836    -1171.944        9.108   514.3
2.5500        -1162.868    -1172.143        9.274   523.7
2.5550        -1162.917    -1172.302        9.385   530.0
2.5600        -1162.968    -1172.319        9.351   528.0
2.5650        -1163.018    -1172.358        9.340   527.4
2.5700        -1163.065    -1172.342        9.277   523.9
2.5750        -1163.102    -1172.237        9.136   515.9
2.5800        -1163.121    -1172.061        8.940   504.8
2.5850        -1163.125    -1172.028        8.902   502.7
2.5900        -1163.136    -1172.195        9.059   511.5
2.5950        -1163.169    -1172.497        9.328   526.8
2.6000        -1163.229    -1172.825        9.596   541.9
2.6050        -1163.308    -1172.950        9.642   544.5
2.6100        -1163.376    -1172.748        9.372   529.2
2.6150        -1163.410    -1172.398        8.988   507.6
2.6200        -1163.412    -1172.217        8.805   497.2
2.6250        -1163.409    -1172.260        8.851   499.8
2.6300        -1163.408    -1172.208        8.801   497.0
2.6350        -1163.391    -1171.873        8.482   479.0
2.6400        -1163.332    -1171.363        8.030   453.5
2.6450        -1163.237    -1171.024        7.787   439.7
2.6500        -1163.127    -1170.876        7.749   437.6
2.6550        -1163.025    -1170.996        7.972   450.2
2.6600        -1162.957    -1171.382        8.426   475.8
2.6650        -1162.935    -1171.768        8.834   498.8
2.6700        -1162.939    -1171.862        8.923   503.9
2.6750        -1162.941    -1171.747        8.806   497.2
2.6800        -1162.930    -1171.625        8.695   491.0
2.6850        -1162.915    -1171.656        8.741   493.6
2.6900        -1162.908    -1171.761        8.853   499.9
2.6950        -1162.915    -1171.916        9.001   508.3
2.7000        -1162.937    -1172.101        9.164   517.5
2.7050        -1162.971    -1172.143        9.172   518.0
2.7100        -1162.991    -1171.884        8.893   502.2
2.7150        -1162.981    -1171.617        8.636   487.7
2.7200        -1162.956    -1171.572        8.616   486.5
2.7250        -1162.935    -1171.625        8.690   490.7
2.7300        -1162.919    -1171.600        8.681   490.2
2.7350        -1162.897    -1171.473        8.577   484.3
2.7400        -1162.868    -1171.446        8.579   484.4
2.7450        -1162.846    -1171.574        8.727   492.8
2.7500        -1162.841    -1171.723        8.882   501.5
2.7550        -1162.849    -1171.861        9.011   508.9
2.7600        -1162.871    -1171.997        9.125   515.3
2.7650        -1162.900    -1172.018        9.118   514.9
2.7700        -1162.920    -1171.849        8.929   504.2
2.7750        -1162.917    -1171.598        8.681   490.2
2.7800        -1162.892    -1171.461        8.569   483.9
2.7850        -1162.869    -1171.605        8.735   493.3
2.7900        -1162.868    -1171.817        8.949   505.4
2.7950        -1162.883    -1171.913        9.030   509.9
2.8000        -1162.897    -1171.827        8.930   504.3
2.8050        -1162.894    -1171.606        8.712   492.0
2.8100        -1162.880    -1171.698        8.818   497.9
2.8150        -1162.892    -1172.045        9.154   516.9
2.8200        -1162.938    -1172.465        9.527   538.0
2.8250        -1163.022    -1172.910        9.887   558.3
2.8300        -1163.135    -1173.172       10.036   566.8
2.8350        -1163.247    -1173.051        9.804   553.7
2.8400        -1163.318    -1172.579        9.261   522.9
2.8450        -1163.338    -1172.223        8.885   501.7
2.8500        -1163.339    -1172.248        8.909   503.1
2.8550        -1163.360    -1172.625        9.264   523.2
2.8600        -1163.405    -1172.626        9.222   520.7
2.8650        -1163.427    -1172.318        8.891   502.1
2.8700        -1163.419    -1172.082        8.663   489.2
2.8750        -1163.398    -1171.982        8.585   484.8
2.8800        -1163.362    -1171.727        8.364   472.3
2.8850        -1163.298    -1171.300        8.002   451.9
2.8900        -1163.198    -1170.897        7.700   434.8
2.8950        -1163.082    -1170.843        7.761   438.3
2.9000        -1162.988    -1171.107        8.119   458.5
2.9050        -1162.935    -1171.487        8.553   483.0
2.9100        -1162.921    -1171.785        8.864   500.5
2.9150        -1162.930    -1171.947        9.017   509.2
2.9200        -1162.949    -1172.058        9.109   514.4
2.9250        -1162.979    -1172.116        9.137   516.0
2.9300        -1162.995    -1171.813        8.818   498.0
2.9350        -1162.973    -1171.423        8.450   477.2
2.9400        -1162.929    -1171.383        8.455   477.4
2.9450        -1162.904    -1171.700        8.797   496.8
2.9500        -1162.911    -1171.958        9.047   510.9
2.9550        -1162.934    -1172.062        9.128   515.5
2.9600        -1162.968    -1172.230        9.262   523.0
2.9650        -1163.016    -1172.437        9.421   532.0
2.9700        -1163.075    -1172.500        9.425   532.2
2.9750        -1163.123    -1172.312        9.189   518.9
2.9800        -1163.142    -1172.005        8.864   500.5
2.9850        -1163.132    -1171.772        8.641   487.9
2.9900        -1163.103    -1171.571        8.468   478.2
2.9950        -1163.056    -1171.360        8.304   468.9
3.0000        -1163.001    -1171.375        8.374   472.9
3.0050        -1162.966    -1171.623        8.657   488.8
3.0100        -1162.954    -1171.730        8.776   495.6
3.0150        -1162.941    -1171.581        8.641   487.9
3.0200        -1162.916    -1171.537        8.621   486.8
3.0250        -1162.901    -1171.736        8.836   499.0
3.0300        -1162.912    -1172.031        9.119   514.9
3.0350        -1162.942    -1172.051        9.109   514.4
3.0400        -1162.953    -1171.701        8.748   494.0
3.0450        -1162.926    -1171.382        8.455   477.5
3.0500        -1162.884    -1171.333        8.449   477.1
3.0550        -1162.848    -1171.409        8.560   483.4
3.0600        -1162.822    -1171.428        8.606   486.0
3.0650        -1162.798    -1171.447        8.650   488.4
3.0700        -1162.787    -1171.715        8.927   504.1
3.0750        -1162.815    -1172.168        9.354   528.2
3.0800        -1162.875    -1172.371        9.496   536.3
3.0850        -1162.925    -1172.038        9.113   514.6
3.0900        -1162.929    -1171.636        8.706   491.6
3.0950        -1162.913    -1171.663        8.749   494.1
3.1000        -1162.915    -1171.904        8.989   507.6
3.1050        -1162.927    -1171.844        8.917   503.5
3.1100        -1162.925    -1171.681        8.756   494.4
3.1150        -1162.915    -1171.753        8.838   499.1
3.1200        -1162.928    -1172.070        9.143   516.3
3.1250        -1162.961    -1172.107        9.146   516.5
3.1300        -1162.973    -1171.696        8.723   492.6
3.1350        -1162.939    -1171.277        8.337   470.8
3.1400        -1162.887    -1171.287        8.401   474.4
3.1450        -1162.855    -1171.562        8.707   491.7
3.1500        -1162.848    -1171.677        8.829   498.6
3.1550        -1162.839    -1171.490        8.651   488.5
3.1600        -1162.806    -1171.183        8.377   473.1
3.1650        -1162.753    -1171.104        8.351   471.6
3.1700        -1162.715    -1171.383        8.668   489.5
3.1750        -1162.718    -1171.888        9.170   517.8
3.1800        -1162.770    -1172.348        9.578   540.9
3.1850        -1162.852    -1172.613        9.761   551.2
3.1900        -1162.943    -1172.698        9.754   550.8
3.1950        -1163.029    -1172.677        9.647   544.8
3.2000        -1163.098    -1172.490        9.392   530.4
3.2050        -1163.139    -1172.281        9.142   516.2
3.2100        -1163.161    -1172.156        8.995   507.9
3.2150        -1163.172    -1172.147        8.975   506.8
3.2200        -1163.193    -1172.382        9.189   518.9
3.2250        -1163.236    -1172.607        9.371   529.2
3.2300        -1163.287    -1172.566        9.279   524.0
3.2350        -1163.315    -1172.263        8.948   505.3
3.2400        -1163.312    -1172.006        8.694   490.9
3.2450        -1163.288    -1171.821        8.532   481.8
3.2500        -1163.250    -1171.661        8.411   474.9
3.2550        -1163.204    -1171.597        8.393   474.0
3.2600        -1163.159    -1171.576        8.416   475.3
3.2650        -1163.114    -1171.490        8.376   473.0
3.2700        -1163.063    -1171.336        8.274   467.2
3.2750        -1163.001    -1171.262        8.261   466.5
3.2800        -1162.955    -1171.514        8.559   483.3
3.2850        -1162.940    -1171.772        8.832   498.7
3.2900        -1162.937    -1171.684        8.747   494.0
3.2950        -1162.913    -1171.387        8.474   478.5
3.3000        -1162.874    -1171.420        8.546   482.6
3.3050        -1162.864    -1171.884        9.020   509.3
3.3100        -1162.900    -1172.237        9.337   527.3
3.3150        -1162.945    -1172.154        9.209   520.0
3.3200        -1162.967    -1171.905        8.938   504.7
3.3250        -1162.970    -1171.826        8.856   500.1
3.3300        -1162.975    -1171.931        8.956   505.7
3.3350        -1162.984    -1171.838        8.854   500.0
3.3400        -1162.969    -1171.502        8.533   481.9
3.3450        -1162.928    -1171.311        8.383   473.4
3.3500        -1162.882    -1171.337        8.454   477.4
3.3550        -1162.850    -1171.501        8.651   488.5
3.3600        -1162.840    -1171.717        8.877   501.3
3.3650        -1162.852    -1171.943        9.091   513.4
3.3700        -1162.882    -1172.100        9.217   520.5
3.3750        -1162.918    -1172.141        9.222   520.8
3.3800        -1162.957    -1172.235        9.278   523.9
3.3850        -1163.001    -1172.299        9.298   525.0
3.3900        -1163.041    -1172.241        9.200   519.5
3.3950        -1163.071    -1172.182        9.111   514.5
3.4000        -1163.094    -1172.139        9.045   510.8
3.4050        -1163.106    -1171.928        8.822   498.2
3.4100        -1163.088    -1171.620        8.533   481.8
3.4150        -1163.058    -1171.702        8.644   488.1
3.4200        -1163.045    -1171.904        8.858   500.2
3.4250        -1163.063    -1172.300        9.237   521.6
3.4300        -1163.094    -1172.156        9.062   511.7
3.4350        -1163.100    -1171.746        8.646   488.3
3.4400        -1163.072    -1171.710        8.638   487.8
3.4450        -1163.059    -1171.811        8.751   494.2
3.4500        -1163.066    -1172.057        8.991   507.7
3.4550        -1163.092    -1172.342        9.249   522.3
3.4600        -1163.129    -1172.338        9.210   520.1
3.4650        -1163.158    -1172.360        9.202   519.6
3.4700        -1163.180    -1172.205        9.025   509.6
3.4750        -1163.178    -1171.966        8.788   496.3
3.4800        -1163.167    -1171.994        8.827   498.5
3.4850        -1163.160    -1172.107        8.947   505.3
3.4900        -1163.176    -1172.209        9.033   510.1
3.4950        -1163.176    -1171.898        8.722   492.5
3.5000        -1163.161    -1171.721        8.560   483.4
3.5050        -1163.130    -1171.537        8.408   474.8
3.5100        -1163.096    -1171.603        8.507   480.4
3.5150        -1163.075    -1171.726        8.650   488.5
3.5200        -1163.066    -1171.859        8.793   496.5
3.5250        -1163.067    -1171.811        8.745   493.8
3.5300        -1163.060    -1171.710        8.650   488.5
3.5350        -1163.036    -1171.436        8.401   474.4
3.5400        -1162.998    -1171.472        8.474   478.5
3.5450        -1162.971    -1171.661        8.690   490.7
3.5500        -1162.982    -1172.176        9.193   519.1
3.5550        -1163.033    -1172.461        9.428   532.4
3.5600        -1163.100    -1172.531        9.430   532.5
3.5650        -1163.145    -1172.122        8.977   506.9
3.5700        -1163.145    -1171.734        8.589   485.0
3.5750        -1163.107    -1171.400        8.293   468.3
3.5800        -1163.057    -1171.373        8.316   469.6
3.5850        -1163.012    -1171.438        8.426   475.8
3.5900        -1162.987    -1171.631        8.645   488.2
3.5950        -1162.973    -1171.619        8.646   488.2
3.6000        -1162.952    -1171.514        8.562   483.5
3.6050        -1162.927    -1171.444        8.517   481.0
3.6100        -1162.909    -1171.698        8.789   496.3
3.6150        -1162.909    -1171.825        8.917   503.5
3.6200        -1162.924    -1171.975        9.051   511.1
3.6250        -1162.944    -1171.915        8.971   506.6
3.6300        -1162.959    -1171.936        8.976   506.9
3.6350        -1162.983    -1172.081        9.098   513.8
3.6400        -1163.023    -1172.329        9.306   525.5
3.6450        -1163.075    -1172.285        9.210   520.1
3.6500        -1163.101    -1171.908        8.807   497.3
3.6550        -1163.082    -1171.435        8.352   471.7
3.6600        -1163.032    -1171.289        8.257   466.3
3.6650        -1162.987    -1171.453        8.465   478.0
3.6700        -1162.968    -1171.725        8.757   494.5
3.6750        -1162.973    -1171.906        8.933   504.4
3.6800        -1162.995    -1172.103        9.108   514.3
3.6850        -1163.035    -1172.327        9.291   524.7
3.6900        -1163.094    -1172.550        9.457   534.0
3.6950        -1163.150    -1172.297        9.146   516.5
3.7000        -1163.160    -1171.843        8.683   490.4
3.7050        -1163.130    -1171.592        8.462   477.9
3.7100        -1163.100    -1171.786        8.686   490.5
3.7150        -1163.093    -1172.007        8.914   503.4
3.7200        -1163.105    -1172.245        9.139   516.1
3.7250        -1163.135    -1172.387        9.252   522.4
3.7300        -1163.180    -1172.682        9.502   536.6
3.7350        -1163.252    -1172.763        9.511   537.1
3.7400        -1163.296    -1172.298        9.002   508.3
3.7450        -1163.294    -1171.888        8.594   485.3
3.7500        -1163.254    -1171.522        8.267   466.9
3.7550        -1163.187    -1171.229        8.041   454.1
3.7600        -1163.101    -1170.962        7.861   443.9
3.7650        -1163.012    -1171.136        8.124   458.8
3.7700        -1162.959    -1171.571        8.612   486.3
3.7750        -1162.954    -1171.975        9.021   509.4
3.7800        -1162.970    -1171.966        8.996   508.0
3.7850        -1162.967    -1171.697        8.729   492.9
3.7900        -1162.945    -1171.580        8.635   487.6
3.7950        -1162.925    -1171.726        8.801   497.0
3.8000        -1162.922    -1171.829        8.907   503.0
3.8050        -1162.925    -1171.856        8.931   504.3
3.8100        -1162.930    -1171.866        8.936   504.6
3.8150        -1162.935    -1171.802        8.867   500.7
3.8200        -1162.920    -1171.440        8.520   481.1
3.8250        -1162.872    -1171.156        8.284   467.8
3.8300        -1162.819    -1171.270        8.451   477.2
3.8350        -1162.797    -1171.584        8.787   496.2
3.8400        -1162.796    -1171.658        8.862   500.4
3.8450        -1162.796    -1171.592        8.796   496.7
3.8500        -1162.786    -1171.553        8.767   495.1
3.8550        -1162.786    -1171.769        8.983   507.2
3.8600        -1162.809    -1172.022        9.213   520.2
3.8650        -1162.850    -1172.173        9.323   526.4
3.8700        -1162.891    -1172.163        9.272   523.6
3.8750        -1162.934    -1172.354        9.420   531.9
3.8800        -1162.995    -1172.581        9.585   541.3
3.8850        -1163.061    -1172.536        9.474   535.0
3.8900        -1163.106    -1172.283        9.177   518.2
3.8950        -1163.132    -1172.325        9.193   519.1
3.9000        -1163.172    -1172.523        9.351   528.1
3.9050        -1163.217    -1172.470        9.254   522.5
3.9100        -1163.234    -1171.992        8.758   494.5
3.9150        -1163.198    -1171.489        8.291   468.2
3.9200        -1163.131    -1171.335        8.204   463.3
3.9250        -1163.077    -1171.586        8.509   480.5
3.9300        -1163.053    -1171.802        8.749   494.1
3.9350        -1163.041    -1171.804        8.763   494.8
3.9400        -1163.027    -1171.772        8.745   493.8
3.9450        -1163.018    -1171.907        8.890   502.0
3.9500        -1163.029    -1172.138        9.109   514.4
3.9550        -1163.055    -1172.269        9.215   520.3
3.9600        -1163.093    -1172.356        9.262   523.0
3.9650        -1163.122    -1172.202        9.080   512.7
3.9700        -1163.135    -1172.105        8.970   506.5
3.9750        -1163.138    -1171.984        8.846   499.5
3.9800        -1163.124    -1171.686        8.562   483.5
3.9850        -1163.080    -1171.332        8.252   466.0
3.9900        -1163.006    -1170.965        7.959   449.4
3.9950        -1162.919    -1170.992        8.072   455.8
4.0000        -1162.869    -1171.506        8.636   487.7
4.0050        -1162.878    -1171.949        9.070   512.2
4.0100        -1162.908    -1171.980        9.073   512.3
4.0150        -1162.928    -1171.816        8.888   501.9
4.0200        -1162.936    -1171.814        8.878   501.3
4.0250        -1162.955    -1172.079        9.124   515.2
4.0300        -1163.000    -1172.358        9.358   528.4
4.0350        -1163.057    -1172.387        9.329   526.8
4.0400        -1163.102    -1172.218        9.117   514.8
4.0450        -1163.122    -1171.973        8.850   499.8
4.0500        -1163.116    -1171.777        8.660   489.1
4.0550        -1163.096    -1171.648        8.551   482.9
4.0600        -1163.065    -1171.551        8.486   479.2
4.0650        -1163.034    -1171.585        8.551   482.9
4.0700        -1163.011    -1171.656        8.645   488.2
4.0750        -1162.993    -1171.631        8.638   487.8
4.0800        -1162.984    -1171.856        8.872   501.0
4.0850        -1163.014    -1172.386        9.373   529.3
4.0900        -1163.086    -1172.679        9.593   541.7
4.0950        -1163.151    -1172.443        9.293   524.8
4.1000        -1163.182    -1172.317        9.135   515.9
4.1050        -1163.211    -1172.423        9.212   520.2
4.1100        -1163.242    -1172.404        9.162   517.4
4.1150        -1163.258    -1172.046        8.788   496.2
4.1200        -1163.223    -1171.476        8.253   466.0
4.1250        -1163.153    -1171.235        8.082   456.4
4.1300        -1163.076    -1171.213        8.137   459.5
4.1350        -1163.011    -1171.227        8.217   464.0
4.1400        -1162.945    -1171.081        8.136   459.5
4.1450        -1162.880    -1171.188        8.307   469.1
4.1500        -1162.840    -1171.534        8.694   491.0
4.1550        -1162.847    -1172.069        9.222   520.8
4.1600        -1162.894    -1172.396        9.501   536.5
4.1650        -1162.959    -1172.481        9.522   537.7
4.1700        -1163.014    -1172.397        9.383   529.9
4.1750        -1163.064    -1172.503        9.439   533.0
4.1800        -1163.118    -1172.512        9.394   530.5
4.1850        -1163.151    -1172.177        9.026   509.7
4.1900        -1163.144    -1171.784        8.639   487.9
4.1950        -1163.114    -1171.724        8.610   486.2
4.2000        -1163.099    -1171.934        8.836   499.0
4.2050        -1163.097    -1171.937        8.839   499.2
4.2100        -1163.091    -1171.805        8.714   492.1
4.2150        -1163.068    -1171.615        8.547   482.6
4.2200        -1163.033    -1171.484        8.452   477.3
4.2250        -1162.991    -1171.445        8.454   477.4
4.2300        -1162.959    -1171.593        8.633   487.5
4.2350        -1162.944    -1171.684        8.740   493.5
4.2400        -1162.939    -1171.762        8.823   498.3
4.2450        -1162.940    -1171.760        8.819   498.0
4.2500        -1162.936    -1171.731        8.795   496.6
4.2550        -1162.936    -1171.804        8.868   500.8
4.2600        -1162.943    -1171.933        8.989   507.6
4.2650        -1162.958    -1171.920        8.963   506.1
4.2700        -1162.959    -1171.774        8.815   497.8
4.2750        -1162.950    -1171.692        8.743   493.7
4.2800        -1162.944    -1171.892        8.947   505.3
4.2850        -1162.966    -1172.179        9.214   520.3
4.2900        -1162.998    -1172.104        9.106   514.2
4.2950        -1163.013    -1171.869        8.856   500.1
4.3000        -1163.007    -1171.787        8.781   495.8
4.3050        -1163.012    -1172.041        9.029   509.9
4.3100        -1163.039    -1172.182        9.143   516.3
4.3150        -1163.070    -1172.231        9.161   517.3
4.3200        -1163.101    -1172.281        9.180   518.4
4.3250        -1163.139    -1172.449        9.310   525.7
4.3300        -1163.177    -1172.351        9.175   518.1
4.3350        -1163.187    -1172.062        8.876   501.2
4.3400        -1163.180    -1172.019        8.839   499.1
4.3450        -1163.180    -1172.268        9.088   513.2
4.3500        -1163.209    -1172.444        9.234   521.5
4.3550        -1163.225    -1172.130        8.904   502.8
4.3600        -1163.216    -1171.929        8.713   492.0
4.3650        -1163.198    -1172.037        8.838   499.1
4.3700        -1163.207    -1172.202        8.995   507.9
4.3750        -1163.209    -1171.929        8.720   492.4
4.3800        -1163.183    -1171.603        8.419   475.4
4.3850        -1163.135    -1171.487        8.352   471.6
4.3900        -1163.096    -1171.654        8.558   483.3
4.3950        -1163.073    -1171.760        8.687   490.6
4.4000        -1163.062    -1171.859        8.797   496.8
4.4050        -1163.059    -1171.857        8.798   496.8
4.4100        -1163.049    -1171.698        8.648   488.4
4.4150        -1163.031    -1171.633        8.602   485.8
4.4200        -1163.008    -1171.545        8.537   482.1
4.4250        -1162.981    -1171.543        8.562   483.5
4.4300        -1162.971    -1171.882        8.910   503.2
4.4350        -1162.991    -1172.107        9.116   514.8
4.4400        -1163.024    -1172.186        9.162   517.4
4.4450        -1163.046    -1171.895        8.849   499.7
4.4500        -1163.029    -1171.507        8.478   478.7
4.4550        -1162.987    -1171.339        8.352   471.6
4.4600        -1162.945    -1171.469        8.523   481.3
4.4650        -1162.923    -1171.645        8.722   492.5
4.4700        -1162.918    -1171.795        8.877   501.3
4.4750        -1162.918    -1171.759        8.841   499.2
4.4800        -1162.911    -1171.727        8.816   497.8
4.4850        -1162.900    -1171.573        8.672   489.7
4.4900        -1162.876    -1171.540        8.664   489.3
4.4950        -1162.861    -1171.671        8.811   497.5
4.5000        -1162.863    -1171.893        9.030   509.9
4.5050        -1162.888    -1172.160        9.271   523.5
4.5100        -1162.941    -1172.505        9.563   540.0
4.5150        -1163.013    -1172.634        9.621   543.3
4.5200        -1163.082    -1172.559        9.477   535.1
4.5250        -1163.126    -1172.253        9.127   515.4
4.5300        -1163.137    -1171.999        8.862   500.4
4.5350        -1163.127    -1171.834        8.707   491.7
4.5400        -1163.113    -1171.932        8.819   498.0
4.5450        -1163.114    -1172.139        9.026   509.7
4.5500        -1163.141    -1172.423        9.282   524.1
4.5550        -1163.181    -1172.435        9.254   522.6
4.5600        -1163.210    -1172.304        9.094   513.5
4.5650        -1163.224    -1172.238        9.014   509.0
4.5700        -1163.239    -1172.278        9.040   510.5
4.5750        -1163.244    -1172.063        8.819   498.0
4.5800        -1163.226    -1171.862        8.636   487.7
4.5850        -1163.199    -1171.874        8.675   489.9
4.5900        -1163.183    -1172.033        8.850   499.8
4.5950        -1163.184    -1172.082        8.898   502.5
4.6000        -1163.175    -1171.919        8.744   493.8
4.6050        -1163.155    -1171.732        8.577   484.4
4.6100        -1163.119    -1171.679        8.560   483.4
4.6150        -1163.089    -1171.659        8.570   484.0
4.6200        -1163.055    -1171.626        8.571   484.0
4.6250        -1163.031    -1171.665        8.634   487.6
4.6300        -1163.000    -1171.448        8.448   477.1
4.6350        -1162.955    -1171.318        8.363   472.3
4.6400        -1162.915    -1171.470        8.555   483.1
4.6450        -1162.905    -1171.828        8.923   503.9
4.6500        -1162.927    -1172.015        9.088   513.2
4.6550        -1162.949    -1171.866        8.917   503.5
4.6600        -1162.946    -1171.636        8.689   490.7
4.6650        -1162.935    -1171.730        8.795   496.7
4.6700        -1162.938    -1171.889        8.951   505.4
4.6750        -1162.945    -1171.778        8.834   498.8
4.6800        -1162.920    -1171.316        8.396   474.1
4.6850        -1162.854    -1170.948        8.094   457.1
4.6900        -1162.774    -1170.934        8.160   460.8
4.6950        -1162.712    -1171.207        8.494   479.7
4.7000        -1162.695    -1171.620        8.925   504.0
4.7050        -1162.711    -1171.861        9.151   516.7
4.7100        -1162.746    -1171.998        9.252   522.4
4.7150        -1162.785    -1172.056        9.271   523.6
4.7200        -1162.829    -1172.131        9.302   525.3
4.7250        -1162.870    -1172.067        9.197   519.3
4.7300        -1162.899    -1171.961        9.062   511.7
4.7350        -1162.914    -1171.848        8.934   504.5
4.7400        -1162.925    -1171.896        8.971   506.6
4.7450        -1162.946    -1172.056        9.110   514.4
4.7500        -1162.980    -1172.188        9.208   520.0
4.7550        -1163.013    -1172.091        9.078   512.6
4.7600        -1163.030    -1171.937        8.907   503.0
4.7650        -1163.031    -1171.911        8.880   501.5
4.7700        -1163.043    -1172.133        9.091   513.3
4.7750        -1163.070    -1172.313        9.243   522.0
4.7800        -1163.112    -1172.433        9.321   526.3
4.7850        -1163.147    -1172.248        9.102   514.0
4.7900        -1163.151    -1171.831        8.680   490.2
4.7950        -1163.111    -1171.489        8.378   473.1
4.8000        -1163.066    -1171.643        8.576   484.3
4.8050        -1163.053    -1172.095        9.042   510.6
4.8100        -1163.088    -1172.446        9.358   528.4
4.8150        -1163.129    -1172.341        9.213   520.2
4.8200        -1163.149    -1172.111        8.962   506.1
4.8250        -1163.152    -1172.109        8.957   505.8
4.8300        -1163.168    -1172.282        9.114   514.7
4.8350        -1163.186    -1172.204        9.018   509.2
4.8400        -1163.188    -1171.918        8.730   493.0
4.8450        -1163.155    -1171.548        8.393   474.0
4.8500        -1163.100    -1171.392        8.292   468.2
4.8550        -1163.043    -1171.405        8.362   472.2
4.8600        -1163.000    -1171.489        8.488   479.3
4.8650        -1162.965    -1171.510        8.545   482.5
4.8700        -1162.944    -1171.654        8.710   491.9
4.8750        -1162.939    -1171.807        8.868   500.7
4.8800        -1162.946    -1171.801        8.856   500.1
4.8850        -1162.937    -1171.526        8.589   485.0
4.8900        -1162.903    -1171.285        8.382   473.3
4.8950        -1162.857    -1171.238        8.381   473.3
4.9000        -1162.820    -1171.310        8.491   479.5
4.9050        -1162.790    -1171.309        8.519   481.1
4.9100        -1162.764    -1171.395        8.631   487.4
4.9150        -1162.763    -1171.803        9.040   510.5
4.9200        -1162.811    -1172.405        9.594   541.8
4.9250        -1162.906    -1172.779        9.873   557.5
4.9300        -1163.008    -1172.729        9.721   549.0
4.9350        -1163.077    -1172.323        9.246   522.1
4.9400        -1163.099    -1171.911        8.812   497.6
4.9450        -1163.087    -1171.744        8.657   488.9
4.9500        -1163.078    -1171.958        8.880   501.4
4.9550        -1163.101    -1172.282        9.181   518.5
4.9600        -1163.142    -1172.350        9.208   520.0
4.9650        -1163.169    -1172.066        8.897   502.4
4.9700        -1163.160    -1171.712        8.551   482.9
4.9750        -1163.129    -1171.585        8.456   477.5
4.9800        -1163.099    -1171.739        8.640   487.9
4.9850        -1163.094    -1171.992        8.899   502.5
4.9900        -1163.112    -1172.226        9.114   514.6
4.9950        -1163.145    -1172.279        9.134   515.8
5.0000        -1163.175    -1172.249        9.074   512.4
