Time[ps]      Etot[eV]     Epot[eV]     Ekin[eV]    T[K]
0.0000        -1167.876    -1182.925       15.050   843.7
0.0050        -1167.698    -1181.496       13.798   773.5
0.0100        -1167.527    -1178.606       11.079   621.1
0.0150        -1167.120    -1176.579        9.459   530.3
0.0200        -1166.627    -1175.886        9.259   519.1
0.0250        -1166.110    -1174.867        8.757   490.9
0.0300        -1165.521    -1173.461        7.939   445.1
0.0350        -1164.870    -1172.603        7.732   433.5
0.0400        -1164.249    -1172.799        8.550   479.3
0.0450        -1163.724    -1173.160        9.436   529.0
0.0500        -1163.248    -1172.641        9.393   526.6
0.0550        -1162.730    -1171.534        8.804   493.6
0.0600        -1162.197    -1171.596        9.399   526.9
0.0650        -1161.786    -1172.903       11.118   623.3
0.0700        -1161.534    -1173.819       12.285   688.7
0.0750        -1161.325    -1173.076       11.751   658.8
0.0800        -1161.009    -1171.366       10.357   580.6
0.0850        -1160.562    -1169.903        9.341   523.7
0.0900        -1160.057    -1169.329        9.272   519.8
0.0950        -1159.575    -1169.282        9.707   544.2
0.1000        -1159.128    -1169.018        9.890   554.5
0.1050        -1158.700    -1168.832       10.132   568.0
0.1100        -1158.307    -1168.982       10.676   598.5
0.1150        -1157.981    -1169.388       11.407   639.5
0.1200        -1157.723    -1169.730       12.007   673.1
0.1250        -1157.515    -1169.951       12.436   697.1
0.1300        -1157.332    -1169.694       12.362   693.0
0.1350        -1157.135    -1169.422       12.287   688.8
0.1400        -1156.946    -1169.444       12.498   700.7
0.1450        -1156.785    -1169.616       12.831   719.3
0.1500        -1156.655    -1169.721       13.066   732.5
0.1550        -1156.540    -1169.683       13.143   736.8
0.1600        -1156.437    -1169.882       13.445   753.7
0.1650        -1156.379    -1170.337       13.958   782.5
0.1700        -1156.360    -1170.548       14.188   795.4
0.1750        -1156.353    -1170.599       14.247   798.7
0.1800        -1156.354    -1170.642       14.288   801.0
0.1850        -1156.351    -1170.509       14.157   793.7
0.1900        -1156.340    -1170.484       14.144   792.9
0.1950        -1156.327    -1170.475       14.148   793.1
0.2000        -1156.326    -1170.712       14.386   806.5
0.2050        -1156.346    -1170.859       14.513   813.6
0.2100        -1156.371    -1170.855       14.484   812.0
0.2150        -1156.391    -1170.904       14.513   813.6
0.2200        -1156.426    -1171.170       14.744   826.5
0.2250        -1156.472    -1171.079       14.606   818.8
0.2300        -1156.480    -1170.513       14.033   786.7
0.2350        -1156.437    -1170.149       13.712   768.7
0.2400        -1156.386    -1170.221       13.835   775.6
0.2450        -1156.345    -1170.135       13.790   773.1
0.2500        -1156.279    -1169.689       13.410   751.8
0.2550        -1156.187    -1169.596       13.409   751.7
0.2600        -1156.126    -1170.174       14.048   787.5
0.2650        -1156.140    -1170.964       14.825   831.1
0.2700        -1156.219    -1171.479       15.260   855.5
0.2750        -1156.311    -1171.261       14.950   838.1
0.2800        -1156.342    -1170.483       14.141   792.8
0.2850        -1156.310    -1170.127       13.818   774.6
0.2900        -1156.279    -1170.480       14.201   796.1
0.2950        -1156.285    -1170.678       14.393   806.9
0.3000        -1156.280    -1170.186       13.905   779.5
0.3050        -1156.212    -1169.432       13.221   741.2
0.3100        -1156.099    -1169.261       13.162   737.9
0.3150        -1156.003    -1169.445       13.442   753.5
0.3200        -1155.927    -1169.391       13.464   754.8
0.3250        -1155.831    -1168.945       13.115   735.2
0.3300        -1155.709    -1168.824       13.115   735.2
0.3350        -1155.608    -1169.089       13.481   755.8
0.3400        -1155.541    -1169.250       13.709   768.5
0.3450        -1155.475    -1169.031       13.556   760.0
0.3500        -1155.407    -1169.272       13.864   777.2
0.3550        -1155.412    -1170.319       14.907   835.7
0.3600        -1155.509    -1171.021       15.513   869.6
0.3650        -1155.626    -1170.799       15.173   850.6
0.3700        -1155.668    -1169.744       14.076   789.1
0.3750        -1155.604    -1168.833       13.230   741.7
0.3800        -1155.488    -1168.648       13.160   737.7
0.3850        -1155.382    -1168.640       13.259   743.3
0.3900        -1155.272    -1168.382       13.110   734.9
0.3950        -1155.155    -1168.372       13.218   741.0
0.4000        -1155.071    -1168.822       13.750   770.8
0.4050        -1155.038    -1169.085       14.047   787.5
0.4100        -1155.017    -1169.064       14.047   787.5
0.4150        -1155.008    -1169.349       14.341   804.0
0.4200        -1155.036    -1169.765       14.728   825.7
0.4250        -1155.091    -1169.920       14.829   831.3
0.4300        -1155.140    -1169.752       14.612   819.2
0.4350        -1155.172    -1169.845       14.673   822.6
0.4400        -1155.223    -1170.176       14.953   838.3
0.4450        -1155.300    -1170.442       15.142   848.9
0.4500        -1155.383    -1170.348       14.965   839.0
0.4550        -1155.423    -1169.744       14.321   802.8
0.4600        -1155.398    -1169.206       13.808   774.1
0.4650        -1155.354    -1169.403       14.050   787.6
0.4700        -1155.358    -1169.846       14.488   812.2
0.4750        -1155.365    -1169.558       14.192   795.6
0.4800        -1155.352    -1169.607       14.255   799.2
0.4850        -1155.375    -1170.264       14.890   834.7
0.4900        -1155.444    -1170.299       14.855   832.8
0.4950        -1155.472    -1169.806       14.334   803.6
0.5000        -1155.486    -1170.176       14.690   823.6
Time[ps]      Etot[eV]     Epot[eV]     Ekin[eV]    T[K]
0.0000        -1165.908    -1180.286       14.378   811.9
0.0050        -1166.024    -1179.262       13.237   747.5
0.0100        -1165.832    -1176.925       11.092   626.4
0.0150        -1165.439    -1174.913        9.474   535.0
0.0200        -1164.939    -1173.978        9.039   510.4
0.0250        -1164.424    -1173.326        8.901   502.6
0.0300        -1163.883    -1172.365        8.483   479.0
0.0350        -1163.303    -1171.540        8.237   465.1
0.0400        -1162.720    -1171.123        8.402   474.5
0.0450        -1162.158    -1170.710        8.552   482.9
0.0500        -1161.596    -1170.032        8.436   476.4
0.0550        -1161.029    -1169.625        8.596   485.4
0.0600        -1160.498    -1169.710        9.213   520.3
0.0650        -1160.041    -1170.051       10.010   565.3
0.0700        -1159.637    -1169.841       10.203   576.2
0.0750        -1159.224    -1169.079        9.856   556.5
0.0800        -1158.770    -1168.301        9.531   538.2
0.0850        -1158.301    -1167.907        9.606   542.4
0.0900        -1157.851    -1167.606        9.755   550.9
0.0950        -1157.399    -1166.970        9.571   540.5
0.1000        -1156.918    -1166.124        9.206   519.9
0.1050        -1156.416    -1165.754        9.338   527.3
0.1100        -1155.960    -1166.050       10.090   569.8
0.1150        -1155.588    -1166.568       10.980   620.0
0.1200        -1155.289    -1166.764       11.476   648.0
0.1250        -1155.016    -1166.559       11.543   651.8
0.1300        -1154.757    -1166.373       11.616   655.9
0.1350        -1154.498    -1166.204       11.706   661.0
0.1400        -1154.267    -1166.345       12.078   682.0
0.1450        -1154.062    -1166.450       12.388   699.5
0.1500        -1153.904    -1166.750       12.847   725.4
0.1550        -1153.787    -1167.122       13.335   753.0
0.1600        -1153.731    -1167.564       13.833   781.1
0.1650        -1153.698    -1167.447       13.749   776.4
0.1700        -1153.642    -1166.966       13.324   752.4
0.1750        -1153.538    -1166.404       12.866   726.5
0.1800        -1153.404    -1166.129       12.725   718.6
0.1850        -1153.262    -1166.029       12.768   721.0
0.1900        -1153.139    -1166.194       13.056   737.3
0.1950        -1153.046    -1166.412       13.366   754.8
0.2000        -1152.990    -1166.726       13.736   775.7
0.2050        -1152.968    -1166.972       14.003   790.8
0.2100        -1152.964    -1167.087       14.123   797.5
0.2150        -1152.965    -1167.129       14.164   799.9
0.2200        -1152.981    -1167.473       14.492   818.4
0.2250        -1153.028    -1167.834       14.806   836.1
0.2300        -1153.112    -1168.304       15.193   857.9
0.2350        -1153.230    -1168.889       15.659   884.2
0.2400        -1153.413    -1169.872       16.459   929.4
0.2450        -1153.644    -1170.160       16.516   932.6
0.2500        -1153.844    -1169.659       15.816   893.1
0.2550        -1153.965    -1169.085       15.120   853.8
0.2600        -1154.046    -1169.140       15.094   852.4
0.2650        -1154.162    -1169.668       15.506   875.6
0.2700        -1154.313    -1169.899       15.586   880.1
0.2750        -1154.438    -1169.571       15.133   854.6
0.2800        -1154.501    -1169.033       14.531   820.6
0.2850        -1154.524    -1168.987       14.463   816.7
0.2900        -1154.545    -1168.867       14.322   808.8
0.2950        -1154.531    -1168.418       13.886   784.2
0.3000        -1154.491    -1168.192       13.701   773.7
0.3050        -1154.430    -1167.955       13.524   763.7
0.3100        -1154.361    -1167.533       13.171   743.8
0.3150        -1154.221    -1166.336       12.115   684.1
0.3200        -1153.990    -1165.595       11.605   655.3
0.3250        -1153.748    -1165.701       11.953   675.0
0.3300        -1153.565    -1166.259       12.694   716.8
0.3350        -1153.439    -1166.475       13.036   736.1
0.3400        -1153.337    -1166.573       13.237   747.5
0.3450        -1153.242    -1166.542       13.300   751.0
0.3500        -1153.157    -1166.482       13.325   752.5
0.3550        -1153.049    -1165.927       12.879   727.2
0.3600        -1152.906    -1165.579       12.673   715.7
0.3650        -1152.748    -1165.419       12.672   715.6
0.3700        -1152.617    -1165.751       13.134   741.7
0.3750        -1152.530    -1166.101       13.572   766.4
0.3800        -1152.484    -1166.297       13.813   780.0
0.3850        -1152.418    -1165.668       13.250   748.2
0.3900        -1152.294    -1165.155       12.861   726.3
0.3950        -1152.174    -1165.555       13.382   755.7
0.4000        -1152.121    -1166.241       14.120   797.3
0.4050        -1152.153    -1167.035       14.882   840.4
0.4100        -1152.226    -1167.308       15.082   851.7
0.4150        -1152.305    -1167.353       15.048   849.7
0.4200        -1152.379    -1167.329       14.950   844.2
0.4250        -1152.447    -1167.444       14.997   846.9
0.4300        -1152.538    -1167.833       15.295   863.7
0.4350        -1152.635    -1167.601       14.966   845.1
0.4400        -1152.695    -1167.370       14.675   828.7
0.4450        -1152.726    -1167.155       14.430   814.8
0.4500        -1152.750    -1167.313       14.564   822.4
0.4550        -1152.791    -1167.479       14.688   829.4
0.4600        -1152.835    -1167.460       14.625   825.9
0.4650        -1152.858    -1167.047       14.190   801.3
0.4700        -1152.826    -1166.582       13.756   776.8
0.4750        -1152.777    -1166.647       13.870   783.2
0.4800        -1152.763    -1167.197       14.434   815.1
0.4850        -1152.794    -1167.352       14.558   822.1
0.4900        -1152.813    -1167.031       14.218   802.9
0.4950        -1152.791    -1166.662       13.871   783.3
0.5000        -1152.775    -1167.044       14.269   805.8
0.5050        -1152.810    -1167.566       14.757   833.3
0.5100        -1152.873    -1167.612       14.739   832.3
0.5150        -1152.911    -1167.183       14.272   805.9
0.5200        -1152.913    -1167.163       14.250   804.7
0.5250        -1152.932    -1167.604       14.672   828.5
0.5300        -1152.999    -1168.093       15.094   852.4
0.5350        -1153.074    -1167.861       14.786   835.0
0.5400        -1153.097    -1167.274       14.178   800.6
0.5450        -1153.085    -1167.212       14.127   797.8
0.5500        -1153.091    -1167.773       14.681   829.1
0.5550        -1153.169    -1168.439       15.270   862.3
0.5600        -1153.269    -1168.378       15.109   853.2
0.5650        -1153.348    -1167.975       14.628   826.0
0.5700        -1153.372    -1167.637       14.265   805.6
0.5750        -1153.391    -1167.736       14.345   810.1
0.5800        -1153.411    -1167.610       14.200   801.8
0.5850        -1153.402    -1167.221       13.818   780.3
0.5900        -1153.358    -1166.784       13.427   758.2
0.5950        -1153.283    -1166.655       13.372   755.1
0.6000        -1153.196    -1166.502       13.306   751.4
0.6050        -1153.098    -1166.200       13.103   739.9
0.6100        -1152.988    -1165.978       12.990   733.5
0.6150        -1152.885    -1166.130       13.245   748.0
0.6200        -1152.811    -1166.380       13.569   766.3
0.6250        -1152.747    -1166.178       13.431   758.4
0.6300        -1152.660    -1165.875       13.215   746.3
0.6350        -1152.559    -1165.790       13.231   747.1
0.6400        -1152.475    -1166.033       13.558   765.6
0.6450        -1152.429    -1166.321       13.892   784.5
0.6500        -1152.398    -1166.295       13.897   784.7
0.6550        -1152.356    -1166.050       13.694   773.3
0.6600        -1152.305    -1166.126       13.821   780.5
0.6650        -1152.281    -1166.489       14.208   802.3
0.6700        -1152.300    -1166.946       14.646   827.0
0.6750        -1152.354    -1167.234       14.881   840.3
0.6800        -1152.428    -1167.525       15.097   852.5
0.6850        -1152.532    -1167.882       15.349   866.8
0.6900        -1152.654    -1167.904       15.250   861.2
0.6950        -1152.751    -1167.540       14.789   835.2
0.7000        -1152.801    -1167.259       14.459   816.5
0.7050        -1152.835    -1167.402       14.567   822.6
0.7100        -1152.889    -1167.753       14.864   839.4
0.7150        -1152.964    -1168.022       15.059   850.4
0.7200        -1153.058    -1168.203       15.146   855.3
0.7250        -1153.144    -1168.097       14.953   844.4
0.7300        -1153.192    -1167.540       14.348   810.2
0.7350        -1153.168    -1166.919       13.750   776.5
0.7400        -1153.128    -1167.033       13.906   785.2
0.7450        -1153.109    -1167.432       14.322   808.8
0.7500        -1153.143    -1167.752       14.610   825.0
0.7550        -1153.165    -1167.488       14.323   808.8
0.7600        -1153.163    -1167.212       14.049   793.3
0.7650        -1153.144    -1167.322       14.179   800.7
0.7700        -1153.157    -1167.571       14.414   813.9
0.7750        -1153.165    -1167.298       14.133   798.1
0.7800        -1153.155    -1167.147       13.992   790.1
0.7850        -1153.143    -1167.289       14.146   798.8
0.7900        -1153.166    -1167.547       14.381   812.1
0.7950        -1153.179    -1167.229       14.051   793.4
0.8000        -1153.166    -1167.126       13.960   788.3
0.8050        -1153.152    -1167.234       14.081   795.2
0.8100        -1153.159    -1167.551       14.392   812.7
0.8150        -1153.171    -1167.473       14.302   807.6
0.8200        -1153.171    -1167.328       14.157   799.5
0.8250        -1153.172    -1167.619       14.446   815.8
0.8300        -1153.220    -1168.031       14.811   836.4
0.8350        -1153.280    -1168.083       14.803   835.9
0.8400        -1153.311    -1167.558       14.247   804.5
0.8450        -1153.303    -1167.297       13.994   790.2
0.8500        -1153.271    -1166.857       13.587   767.2
0.8550        -1153.172    -1165.923       12.751   720.1
0.8600        -1152.998    -1165.238       12.240   691.2
0.8650        -1152.818    -1165.553       12.734   719.1
0.8700        -1152.706    -1166.219       13.513   763.1
0.8750        -1152.675    -1166.818       14.143   798.7
0.8800        -1152.683    -1166.896       14.213   802.6
0.8850        -1152.693    -1166.963       14.270   805.8
0.8900        -1152.714    -1167.132       14.417   814.1
0.8950        -1152.749    -1167.183       14.434   815.1
0.9000        -1152.753    -1166.723       13.970   788.9
0.9050        -1152.734    -1166.837       14.103   796.4
0.9100        -1152.740    -1167.015       14.275   806.1
0.9150        -1152.768    -1167.568       14.800   835.7
0.9200        -1152.851    -1167.910       15.060   850.4
0.9250        -1152.929    -1167.811       14.882   840.4
0.9300        -1152.986    -1167.594       14.608   824.9
0.9350        -1153.028    -1167.698       14.670   828.4
0.9400        -1153.077    -1167.643       14.566   822.5
0.9450        -1153.101    -1167.477       14.376   811.8
0.9500        -1153.121    -1167.433       14.312   808.2
0.9550        -1153.132    -1167.583       14.452   816.1
0.9600        -1153.178    -1168.005       14.827   837.3
0.9650        -1153.231    -1167.756       14.524   820.2
0.9700        -1153.237    -1167.148       13.911   785.5
0.9750        -1153.176    -1166.591       13.415   757.5
0.9800        -1153.102    -1166.559       13.457   759.9
0.9850        -1153.024    -1166.572       13.548   765.1
0.9900        -1152.963    -1166.487       13.524   763.7
0.9950        -1152.878    -1166.094       13.216   746.3
1.0000        -1152.786    -1166.093       13.306   751.4
1.0050        -1152.706    -1166.182       13.475   761.0
1.0100        -1152.651    -1166.375       13.723   775.0
1.0150        -1152.611    -1166.347       13.736   775.7
1.0200        -1152.557    -1166.076       13.518   763.4
1.0250        -1152.498    -1166.277       13.779   778.1
1.0300        -1152.501    -1167.197       14.696   829.9
1.0350        -1152.584    -1167.836       15.251   861.2
1.0400        -1152.686    -1167.641       14.955   844.5
1.0450        -1152.739    -1167.227       14.488   818.1
1.0500        -1152.778    -1167.491       14.713   830.9
1.0550        -1152.846    -1167.766       14.919   842.5
1.0600        -1152.913    -1167.442       14.529   820.5
1.0650        -1152.920    -1166.927       14.007   791.0
1.0700        -1152.923    -1167.331       14.409   813.7
1.0750        -1152.961    -1167.517       14.556   822.0
1.0800        -1152.983    -1167.001       14.018   791.6
1.0850        -1152.937    -1166.455       13.518   763.3
1.0900        -1152.891    -1166.853       13.962   788.4
1.0950        -1152.896    -1167.254       14.358   810.8
1.1000        -1152.918    -1167.223       14.305   807.8
1.1050        -1152.925    -1167.183       14.258   805.1
1.1100        -1152.958    -1167.687       14.728   831.7
1.1150        -1153.025    -1167.925       14.900   841.4
1.1200        -1153.093    -1167.814       14.722   831.3
1.1250        -1153.135    -1167.648       14.513   819.5
1.1300        -1153.175    -1167.818       14.643   826.9
1.1350        -1153.217    -1167.709       14.492   818.4
1.1400        -1153.231    -1167.266       14.035   792.6
1.1450        -1153.195    -1166.851       13.655   771.1
1.1500        -1153.148    -1166.932       13.785   778.4
1.1550        -1153.128    -1167.337       14.209   802.4
1.1600        -1153.159    -1167.802       14.644   826.9
1.1650        -1153.186    -1167.260       14.074   794.7
1.1700        -1153.171    -1167.216       14.046   793.2
1.1750        -1153.185    -1167.674       14.489   818.2
1.1800        -1153.233    -1167.905       14.672   828.5
1.1850        -1153.247    -1166.942       13.695   773.4
1.1900        -1153.157    -1166.320       13.162   743.3
1.1950        -1153.093    -1167.161       14.069   794.4
1.2000        -1153.091    -1167.456       14.365   811.2
1.2050        -1153.107    -1167.099       13.992   790.1
1.2100        -1153.046    -1166.297       13.251   748.3
1.2150        -1152.974    -1166.558       13.584   767.1
1.2200        -1152.921    -1166.477       13.555   765.5
1.2250        -1152.868    -1166.305       13.437   758.8
1.2300        -1152.789    -1166.309       13.520   763.5
1.2350        -1152.726    -1166.455       13.730   775.3
1.2400        -1152.708    -1166.870       14.162   799.7
1.2450        -1152.712    -1167.001       14.289   806.9
1.2500        -1152.721    -1166.823       14.102   796.4
1.2550        -1152.721    -1166.780       14.059   793.9
1.2600        -1152.727    -1167.000       14.273   806.0
1.2650        -1152.761    -1167.320       14.559   822.2
1.2700        -1152.822    -1167.582       14.759   833.5
1.2750        -1152.893    -1167.487       14.594   824.1
1.2800        -1152.931    -1167.093       14.162   799.7
1.2850        -1152.909    -1166.479       13.570   766.3
1.2900        -1152.841    -1166.311       13.470   760.6
1.2950        -1152.776    -1166.302       13.526   763.8
1.3000        -1152.699    -1166.081       13.382   755.7
1.3050        -1152.615    -1165.880       13.264   749.0
1.3100        -1152.512    -1165.764       13.252   748.3
1.3150        -1152.435    -1166.009       13.574   766.5
1.3200        -1152.379    -1166.300       13.922   786.1
1.3250        -1152.396    -1167.180       14.784   834.9
1.3300        -1152.491    -1167.886       15.395   869.4
1.3350        -1152.651    -1168.640       15.989   902.9
1.3400        -1152.844    -1168.731       15.888   897.2
1.3450        -1153.005    -1168.446       15.442   872.0
1.3500        -1153.086    -1167.671       14.585   823.6
1.3550        -1153.119    -1167.726       14.607   824.9
1.3600        -1153.170    -1168.092       14.922   842.6
1.3650        -1153.262    -1168.694       15.432   871.4
1.3700        -1153.384    -1168.740       15.356   867.2
1.3750        -1153.478    -1168.363       14.884   840.5
1.3800        -1153.507    -1167.711       14.204   802.1
1.3850        -1153.487    -1167.419       13.932   786.8
1.3900        -1153.445    -1167.147       13.703   773.8
1.3950        -1153.379    -1166.929       13.549   765.1
1.4000        -1153.308    -1166.832       13.525   763.7
1.4050        -1153.244    -1167.020       13.775   777.9
1.4100        -1153.228    -1167.427       14.199   801.8
1.4150        -1153.227    -1167.226       13.999   790.5
1.4200        -1153.186    -1166.558       13.371   755.1
1.4250        -1153.089    -1166.104       13.015   734.9
1.4300        -1153.001    -1166.716       13.715   774.5
1.4350        -1152.987    -1167.204       14.216   802.8
1.4400        -1152.978    -1166.723       13.744   776.1
1.4450        -1152.890    -1165.713       12.824   724.1
1.4500        -1152.753    -1165.661       12.908   728.9
1.4550        -1152.664    -1166.413       13.749   776.4
1.4600        -1152.660    -1167.162       14.502   818.9
1.4650        -1152.676    -1166.687       14.011   791.2
1.4700        -1152.637    -1166.191       13.554   765.4
1.4750        -1152.586    -1166.676       14.090   795.7
1.4800        -1152.629    -1167.929       15.300   864.0
1.4850        -1152.747    -1168.034       15.287   863.3
1.4900        -1152.806    -1167.036       14.230   803.6
1.4950        -1152.776    -1166.370       13.595   767.7
1.5000        -1152.715    -1166.494       13.779   778.1
1.5050        -1152.683    -1166.721       14.039   792.8
1.5100        -1152.653    -1166.594       13.941   787.3
1.5150        -1152.624    -1166.580       13.956   788.1
1.5200        -1152.598    -1166.552       13.955   788.0
1.5250        -1152.570    -1166.325       13.754   776.7
1.5300        -1152.506    -1165.938       13.432   758.5
1.5350        -1152.461    -1166.339       13.879   783.7
1.5400        -1152.459    -1166.586       14.128   797.8
1.5450        -1152.464    -1166.579       14.116   797.1
1.5500        -1152.470    -1166.699       14.229   803.5
1.5550        -1152.504    -1167.292       14.788   835.1
1.5600        -1152.601    -1167.914       15.313   864.7
1.5650        -1152.728    -1168.077       15.349   866.8
1.5700        -1152.796    -1167.122       14.326   809.0
1.5750        -1152.794    -1167.048       14.253   804.9
1.5800        -1152.826    -1167.420       14.593   824.1
1.5850        -1152.849    -1166.938       14.088   795.6
1.5900        -1152.823    -1166.402       13.578   766.8
1.5950        -1152.772    -1166.621       13.849   782.0
1.6000        -1152.790    -1167.731       14.941   843.7
1.6050        -1152.886    -1168.129       15.242   860.7
1.6100        -1152.997    -1168.506       15.510   875.8
1.6150        -1153.146    -1168.873       15.727   888.1
1.6200        -1153.291    -1168.603       15.312   864.7
1.6250        -1153.385    -1168.114       14.729   831.8
1.6300        -1153.431    -1167.582       14.151   799.1
1.6350        -1153.409    -1167.009       13.600   768.0
1.6400        -1153.362    -1166.979       13.617   768.9
1.6450        -1153.318    -1166.860       13.542   764.7
1.6500        -1153.253    -1166.424       13.171   743.8
1.6550        -1153.158    -1166.170       13.012   734.8
1.6600        -1153.044    -1166.020       12.976   732.7
1.6650        -1152.929    -1165.913       12.985   733.2
1.6700        -1152.803    -1165.800       12.997   733.9
1.6750        -1152.697    -1166.129       13.432   758.5
1.6800        -1152.639    -1166.558       13.920   786.0
1.6850        -1152.622    -1166.880       14.258   805.1
1.6900        -1152.622    -1166.887       14.265   805.5
1.6950        -1152.621    -1166.782       14.160   799.6
1.7000        -1152.608    -1166.731       14.123   797.5
1.7050        -1152.608    -1166.838       14.230   803.6
1.7100        -1152.615    -1166.833       14.218   802.9
1.7150        -1152.627    -1166.927       14.300   807.5
1.7200        -1152.653    -1167.165       14.513   819.5
1.7250        -1152.716    -1167.739       15.023   848.3
1.7300        -1152.807    -1167.908       15.101   852.7
1.7350        -1152.897    -1167.865       14.968   845.2
1.7400        -1152.929    -1167.073       14.144   798.7
1.7450        -1152.887    -1166.346       13.459   760.0
1.7500        -1152.791    -1165.970       13.180   744.2
1.7550        -1152.688    -1165.963       13.276   749.7
1.7600        -1152.614    -1166.196       13.582   767.0
1.7650        -1152.572    -1166.397       13.824   780.6
1.7700        -1152.554    -1166.734       14.180   800.7
1.7750        -1152.584    -1167.100       14.516   819.7
1.7800        -1152.625    -1167.307       14.682   829.1
1.7850        -1152.673    -1167.267       14.593   824.1
1.7900        -1152.713    -1167.291       14.579   823.2
1.7950        -1152.752    -1167.181       14.429   814.8
1.8000        -1152.759    -1166.855       14.096   796.0
1.8050        -1152.740    -1166.487       13.747   776.3
1.8100        -1152.679    -1166.103       13.424   758.1
1.8150        -1152.602    -1166.057       13.455   759.8
1.8200        -1152.540    -1166.459       13.919   786.0
1.8250        -1152.531    -1166.800       14.270   805.8
1.8300        -1152.537    -1166.913       14.376   811.8
1.8350        -1152.559    -1167.084       14.526   820.3
1.8400        -1152.599    -1167.262       14.663   828.0
1.8450        -1152.652    -1167.253       14.601   824.5
1.8500        -1152.694    -1167.223       14.529   820.5
1.8550        -1152.739    -1167.429       14.690   829.6
1.8600        -1152.804    -1167.659       14.855   838.8
1.8650        -1152.877    -1167.693       14.816   836.7
1.8700        -1152.940    -1167.630       14.689   829.5
1.8750        -1152.988    -1167.396       14.408   813.6
1.8800        -1153.005    -1167.258       14.253   804.9
1.8850        -1153.031    -1167.704       14.673   828.6
1.8900        -1153.105    -1168.109       15.003   847.2
1.8950        -1153.181    -1167.869       14.688   829.4
1.9000        -1153.198    -1167.093       13.895   784.6
1.9050        -1153.152    -1166.612       13.460   760.1
1.9100        -1153.087    -1166.738       13.651   770.9
1.9150        -1153.077    -1167.465       14.388   812.5
1.9200        -1153.121    -1167.612       14.492   818.3
1.9250        -1153.153    -1167.346       14.193   801.5
1.9300        -1153.139    -1166.800       13.660   771.4
1.9350        -1153.073    -1166.436       13.363   754.6
1.9400        -1152.985    -1166.333       13.349   753.8
1.9450        -1152.920    -1166.679       13.758   776.9
1.9500        -1152.901    -1166.983       14.082   795.2
1.9550        -1152.903    -1167.094       14.191   801.3
1.9600        -1152.917    -1167.250       14.333   809.4
1.9650        -1152.926    -1166.948       14.022   791.8
1.9700        -1152.900    -1166.729       13.829   780.9
1.9750        -1152.880    -1166.945       14.066   794.3
1.9800        -1152.884    -1167.203       14.318   808.6
1.9850        -1152.915    -1167.485       14.570   822.7
1.9900        -1152.953    -1167.292       14.340   809.8
1.9950        -1152.949    -1166.789       13.840   781.6
2.0000        -1152.909    -1166.671       13.762   777.1
2.0050        -1152.872    -1166.713       13.840   781.6
2.0100        -1152.822    -1166.438       13.617   768.9
2.0150        -1152.760    -1166.435       13.675   772.2
2.0200        -1152.714    -1166.704       13.990   790.0
2.0250        -1152.716    -1167.024       14.308   808.0
2.0300        -1152.726    -1166.838       14.112   796.9
2.0350        -1152.724    -1166.963       14.239   804.0
2.0400        -1152.745    -1167.228       14.482   817.8
2.0450        -1152.791    -1167.468       14.677   828.8
2.0500        -1152.854    -1167.653       14.799   835.7
2.0550        -1152.912    -1167.425       14.513   819.5
2.0600        -1152.921    -1166.829       13.908   785.4
2.0650        -1152.901    -1166.949       14.048   793.3
2.0700        -1152.905    -1167.278       14.373   811.7
2.0750        -1152.932    -1167.433       14.500   818.8
2.0800        -1152.956    -1167.157       14.201   801.9
2.0850        -1152.938    -1166.732       13.794   779.0
2.0900        -1152.905    -1166.727       13.822   780.5
2.0950        -1152.876    -1166.770       13.894   784.6
2.1000        -1152.857    -1166.822       13.964   788.6
2.1050        -1152.840    -1166.884       14.043   793.0
2.1100        -1152.852    -1167.327       14.475   817.4
2.1150        -1152.903    -1167.709       14.806   836.1
2.1200        -1152.978    -1167.831       14.853   838.7
2.1250        -1153.050    -1167.803       14.753   833.1
2.1300        -1153.118    -1168.001       14.883   840.4
2.1350        -1153.190    -1168.051       14.861   839.2
2.1400        -1153.252    -1167.939       14.687   829.4
2.1450        -1153.290    -1167.693       14.404   813.4
2.1500        -1153.298    -1167.456       14.158   799.5
2.1550        -1153.297    -1167.563       14.266   805.6
2.1600        -1153.309    -1167.823       14.515   819.6
2.1650        -1153.334    -1167.689       14.355   810.6
2.1700        -1153.321    -1167.042       13.721   774.8
2.1750        -1153.242    -1166.445       13.204   745.6
2.1800        -1153.145    -1166.577       13.432   758.5
2.1850        -1153.080    -1166.743       13.664   771.6
2.1900        -1153.017    -1166.513       13.496   762.1
2.1950        -1152.936    -1166.229       13.293   750.7
2.2000        -1152.836    -1166.069       13.233   747.3
2.2050        -1152.760    -1166.344       13.584   767.1
2.2100        -1152.707    -1166.566       13.858   782.6
2.2150        -1152.707    -1167.234       14.527   820.3
2.2200        -1152.740    -1167.164       14.424   814.5
2.2250        -1152.758    -1166.868       14.110   796.8
2.2300        -1152.728    -1166.222       13.494   762.0
2.2350        -1152.648    -1165.912       13.265   749.0
2.2400        -1152.576    -1166.222       13.646   770.6
2.2450        -1152.570    -1167.188       14.619   825.5
2.2500        -1152.647    -1167.725       15.078   851.4
2.2550        -1152.743    -1167.683       14.940   843.6
2.2600        -1152.798    -1167.174       14.376   811.8
2.2650        -1152.801    -1166.842       14.041   792.9
2.2700        -1152.800    -1167.100       14.300   807.5
2.2750        -1152.847    -1167.726       14.879   840.2
2.2800        -1152.931    -1167.763       14.833   837.6
2.2850        -1152.986    -1167.405       14.419   814.2
2.2900        -1153.011    -1167.281       14.270   805.8
2.2950        -1153.036    -1167.443       14.408   813.6
2.3000        -1153.076    -1167.600       14.523   820.1
2.3050        -1153.124    -1167.678       14.553   821.8
2.3100        -1153.165    -1167.499       14.333   809.4
2.3150        -1153.179    -1167.282       14.103   796.4
2.3200        -1153.160    -1167.097       13.937   787.0
2.3250        -1153.136    -1167.111       13.975   789.2
2.3300        -1153.103    -1166.896       13.793   778.9
2.3350        -1153.058    -1166.949       13.891   784.4
2.3400        -1153.041    -1167.156       14.115   797.1
2.3450        -1153.021    -1167.003       13.982   789.5
2.3500        -1153.017    -1167.341       14.324   808.9
2.3550        -1153.026    -1167.267       14.241   804.2
2.3600        -1153.035    -1167.285       14.250   804.7
2.3650        -1153.043    -1167.267       14.224   803.2
2.3700        -1153.044    -1167.161       14.117   797.2
2.3750        -1153.031    -1166.980       13.949   787.7
2.3800        -1153.003    -1166.754       13.751   776.5
2.3850        -1152.947    -1166.478       13.530   764.1
2.3900        -1152.888    -1166.463       13.575   766.6
2.3950        -1152.831    -1166.534       13.703   773.8
2.4000        -1152.820    -1167.192       14.373   811.6
2.4050        -1152.898    -1168.127       15.229   860.0
2.4100        -1153.033    -1168.548       15.515   876.1
2.4150        -1153.141    -1167.923       14.783   834.8
2.4200        -1153.180    -1167.354       14.175   800.4
2.4250        -1153.166    -1167.069       13.903   785.1
2.4300        -1153.134    -1166.824       13.690   773.1
2.4350        -1153.089    -1166.764       13.676   772.3
2.4400        -1153.041    -1166.880       13.839   781.5
2.4450        -1153.025    -1167.208       14.183   800.9
2.4500        -1153.010    -1166.813       13.803   779.4
2.4550        -1152.960    -1166.680       13.721   774.8
2.4600        -1152.930    -1167.165       14.235   803.8
2.4650        -1152.961    -1167.693       14.731   831.9
2.4700        -1153.004    -1167.538       14.534   820.7
2.4750        -1153.040    -1167.610       14.570   822.8
2.4800        -1153.077    -1167.646       14.568   822.7
2.4850        -1153.111    -1167.584       14.474   817.3
2.4900        -1153.114    -1167.053       13.939   787.1
2.4950        -1153.074    -1166.764       13.690   773.0
2.5000        -1153.041    -1167.092       14.051   793.4
2.5050        -1153.038    -1167.226       14.188   801.2
2.5100        -1153.048    -1167.284       14.236   803.9
2.5150        -1153.070    -1167.562       14.492   818.3
2.5200        -1153.126    -1167.989       14.864   839.3
2.5250        -1153.201    -1168.005       14.804   836.0
2.5300        -1153.252    -1167.466       14.214   802.7
2.5350        -1153.227    -1166.811       13.583   767.0
2.5400        -1153.185    -1166.922       13.736   775.7
2.5450        -1153.152    -1167.002       13.850   782.1
2.5500        -1153.121    -1166.802       13.681   772.6
2.5550        -1153.059    -1166.539       13.479   761.2
2.5600        -1153.002    -1166.680       13.678   772.4
2.5650        -1152.975    -1167.230       14.255   805.0
2.5700        -1153.019    -1167.883       14.864   839.4
2.5750        -1153.094    -1167.963       14.869   839.7
2.5800        -1153.157    -1167.583       14.426   814.6
2.5850        -1153.171    -1167.130       13.958   788.2
2.5900        -1153.143    -1166.657       13.514   763.1
2.5950        -1153.065    -1166.046       12.981   733.0
2.6000        -1152.944    -1165.776       12.832   724.6
2.6050        -1152.835    -1166.160       13.325   752.5
2.6100        -1152.798    -1167.027       14.229   803.5
2.6150        -1152.829    -1167.291       14.462   816.6
2.6200        -1152.846    -1167.117       14.271   805.9
2.6250        -1152.856    -1167.236       14.380   812.0
2.6300        -1152.886    -1167.808       14.922   842.7
2.6350        -1152.970    -1168.229       15.259   861.7
2.6400        -1153.061    -1168.061       15.000   847.0
2.6450        -1153.119    -1167.860       14.741   832.4
2.6500        -1153.173    -1168.194       15.021   848.2
2.6550        -1153.283    -1168.785       15.502   875.4
2.6600        -1153.398    -1168.542       15.144   855.2
2.6650        -1153.474    -1168.001       14.526   820.3
2.6700        -1153.489    -1167.531       14.041   792.9
2.6750        -1153.485    -1167.533       14.047   793.2
2.6800        -1153.454    -1167.010       13.556   765.5
2.6850        -1153.367    -1166.498       13.131   741.5
2.6900        -1153.268    -1166.693       13.426   758.1
2.6950        -1153.225    -1167.331       14.105   796.5
2.7000        -1153.215    -1167.367       14.153   799.2
2.7050        -1153.198    -1167.197       14.000   790.6
2.7100        -1153.181    -1167.199       14.019   791.6
2.7150        -1153.162    -1167.089       13.927   786.5
2.7200        -1153.117    -1166.686       13.568   766.2
2.7250        -1153.024    -1166.097       13.074   738.3
2.7300        -1152.897    -1165.880       12.983   733.2
2.7350        -1152.783    -1166.033       13.250   748.2
2.7400        -1152.709    -1166.308       13.599   767.9
2.7450        -1152.658    -1166.271       13.614   768.8
2.7500        -1152.597    -1166.159       13.562   765.8
2.7550        -1152.540    -1166.185       13.645   770.5
2.7600        -1152.485    -1166.217       13.733   775.5
2.7650        -1152.434    -1166.237       13.803   779.5
2.7700        -1152.408    -1166.773       14.365   811.2
2.7750        -1152.474    -1167.904       15.429   871.3
2.7800        -1152.620    -1168.555       15.935   899.8
2.7850        -1152.782    -1168.356       15.574   879.5
2.7900        -1152.902    -1168.082       15.180   857.2
2.7950        -1152.992    -1167.932       14.940   843.6
2.8000        -1153.051    -1167.838       14.786   835.0
2.8050        -1153.103    -1167.755       14.652   827.4
2.8100        -1153.126    -1167.469       14.344   810.0
2.8150        -1153.151    -1167.621       14.471   817.2
2.8200        -1153.184    -1167.693       14.509   819.3
2.8250        -1153.217    -1167.562       14.345   810.0
2.8300        -1153.221    -1167.274       14.053   793.6
2.8350        -1153.221    -1167.358       14.137   798.3
2.8400        -1153.210    -1167.044       13.834   781.2
2.8450        -1153.169    -1166.589       13.420   757.8
2.8500        -1153.103    -1166.457       13.355   754.1
2.8550        -1153.046    -1166.771       13.725   775.1
2.8600        -1153.014    -1166.896       13.882   783.9
2.8650        -1152.990    -1166.917       13.927   786.4
2.8700        -1152.961    -1166.776       13.816   780.2
2.8750        -1152.940    -1167.137       14.196   801.7
2.8800        -1152.957    -1167.497       14.540   821.1
2.8850        -1153.007    -1167.695       14.687   829.4
2.8900        -1153.043    -1167.316       14.272   806.0
2.8950        -1153.038    -1166.939       13.901   785.0
2.9000        -1153.002    -1166.779       13.776   778.0
2.9050        -1152.973    -1166.966       13.993   790.2
2.9100        -1152.960    -1166.993       14.033   792.5
2.9150        -1152.946    -1166.942       13.996   790.4
2.9200        -1152.939    -1166.947       14.009   791.1
2.9250        -1152.924    -1166.893       13.969   788.9
2.9300        -1152.895    -1166.605       13.709   774.2
2.9350        -1152.853    -1166.694       13.842   781.6
2.9400        -1152.849    -1167.307       14.458   816.4
2.9450        -1152.906    -1167.816       14.910   842.0
2.9500        -1152.982    -1167.673       14.691   829.6
2.9550        -1153.024    -1167.392       14.368   811.3
2.9600        -1153.032    -1167.086       14.054   793.6
2.9650        -1153.008    -1166.693       13.685   772.8
2.9700        -1152.949    -1166.440       13.491   761.8
2.9750        -1152.902    -1167.062       14.161   799.6
2.9800        -1152.940    -1167.980       15.040   849.3
2.9850        -1153.045    -1168.390       15.345   866.5
2.9900        -1153.137    -1167.908       14.772   834.2
2.9950        -1153.157    -1167.231       14.074   794.8
3.0000        -1153.125    -1166.817       13.691   773.2
3.0050        -1153.066    -1166.603       13.538   764.5
3.0100        -1153.005    -1166.735       13.729   775.3
3.0150        -1152.993    -1167.577       14.584   823.5
3.0200        -1153.081    -1168.582       15.501   875.3
3.0250        -1153.223    -1168.835       15.612   881.6
3.0300        -1153.344    -1168.466       15.122   854.0
3.0350        -1153.419    -1168.248       14.829   837.4
3.0400        -1153.475    -1168.064       14.590   823.9
3.0450        -1153.493    -1167.610       14.117   797.2
3.0500        -1153.450    -1166.836       13.386   755.9
3.0550        -1153.337    -1166.214       12.877   727.2
3.0600        -1153.203    -1166.148       12.945   731.0
3.0650        -1153.090    -1166.395       13.305   751.3
3.0700        -1153.028    -1166.799       13.772   777.7
3.0750        -1152.997    -1167.046       14.049   793.3
3.0800        -1153.008    -1167.516       14.508   819.3
3.0850        -1153.048    -1167.609       14.561   822.3
3.0900        -1153.088    -1167.535       14.448   815.9
3.0950        -1153.110    -1167.312       14.202   802.0
3.1000        -1153.107    -1167.061       13.954   788.0
3.1050        -1153.061    -1166.464       13.403   756.9
3.1100        -1152.970    -1166.174       13.205   745.7
3.1150        -1152.878    -1166.376       13.498   762.2
3.1200        -1152.837    -1167.015       14.178   800.6
3.1250        -1152.861    -1167.678       14.817   836.7
3.1300        -1152.947    -1168.213       15.266   862.1
3.1350        -1153.041    -1167.879       14.838   837.9
3.1400        -1153.066    -1167.185       14.119   797.3
3.1450        -1153.042    -1166.781       13.739   775.8
3.1500        -1152.983    -1166.576       13.593   767.6
3.1550        -1152.950    -1167.053       14.103   796.4
3.1600        -1152.970    -1167.506       14.536   820.9
3.1650        -1153.013    -1167.429       14.416   814.1
3.1700        -1153.007    -1166.563       13.556   765.5
3.1750        -1152.918    -1165.817       12.899   728.4
3.1800        -1152.791    -1165.625       12.834   724.7
3.1850        -1152.682    -1165.965       13.283   750.1
3.1900        -1152.608    -1166.100       13.491   761.9
3.1950        -1152.567    -1166.657       14.090   795.6
3.2000        -1152.586    -1167.247       14.661   827.9
3.2050        -1152.660    -1167.783       15.123   854.0
3.2100        -1152.757    -1167.931       15.174   856.8
3.2150        -1152.859    -1168.091       15.232   860.2
3.2200        -1152.956    -1168.116       15.160   856.1
3.2250        -1153.056    -1168.413       15.357   867.2
3.2300        -1153.179    -1168.701       15.522   876.5
3.2350        -1153.301    -1168.637       15.336   866.0
3.2400        -1153.400    -1168.455       15.055   850.2
3.2450        -1153.475    -1168.415       14.940   843.7
3.2500        -1153.543    -1168.270       14.727   831.6
3.2550        -1153.560    -1167.502       13.942   787.3
3.2600        -1153.507    -1166.771       13.264   749.0
3.2650        -1153.406    -1166.426       13.020   735.2
3.2700        -1153.316    -1166.788       13.472   760.8
3.2750        -1153.285    -1167.411       14.126   797.7
3.2800        -1153.305    -1167.804       14.499   818.7
3.2850        -1153.318    -1167.324       14.006   790.9
3.2900        -1153.263    -1166.520       13.257   748.6
3.2950        -1153.158    -1166.153       12.995   733.8
3.3000        -1153.064    -1166.517       13.453   759.7
3.3050        -1153.019    -1167.029       14.010   791.1
3.3100        -1153.005    -1167.140       14.134   798.2
3.3150        -1152.995    -1167.116       14.121   797.4
3.3200        -1152.996    -1167.185       14.189   801.3
3.3250        -1152.989    -1166.891       13.902   785.0
3.3300        -1152.953    -1166.545       13.592   767.5
3.3350        -1152.879    -1166.091       13.212   746.1
3.3400        -1152.769    -1165.766       12.997   733.9
3.3450        -1152.642    -1165.617       12.975   732.7
3.3500        -1152.529    -1165.922       13.393   756.3
3.3550        -1152.479    -1166.538       14.059   793.9
3.3600        -1152.479    -1166.871       14.392   812.7
3.3650        -1152.511    -1167.097       14.587   823.7
3.3700        -1152.559    -1167.451       14.892   841.0
3.3750        -1152.648    -1167.811       15.163   856.3
3.3800        -1152.727    -1167.459       14.732   831.9
3.3850        -1152.762    -1167.046       14.283   806.6
3.3900        -1152.773    -1167.062       14.289   806.9
3.3950        -1152.815    -1167.678       14.863   839.3
3.4000        -1152.910    -1168.063       15.154   855.7
3.4050        -1152.999    -1167.842       14.842   838.1
3.4100        -1153.028    -1167.234       14.206   802.2
3.4150        -1153.023    -1167.295       14.272   805.9
3.4200        -1153.041    -1167.568       14.527   820.3
3.4250        -1153.081    -1167.882       14.801   835.8
3.4300        -1153.155    -1168.300       15.145   855.2
3.4350        -1153.254    -1168.522       15.268   862.2
3.4400        -1153.353    -1168.313       14.960   844.8
3.4450        -1153.388    -1167.540       14.153   799.2
3.4500        -1153.357    -1167.062       13.706   773.9
3.4550        -1153.313    -1167.359       14.046   793.2
3.4600        -1153.321    -1167.872       14.551   821.7
3.4650        -1153.360    -1168.079       14.720   831.2
3.4700        -1153.410    -1168.050       14.640   826.7
3.4750        -1153.441    -1167.894       14.453   816.2
3.4800        -1153.452    -1167.556       14.104   796.4
3.4850        -1153.406    -1166.848       13.441   759.0
3.4900        -1153.312    -1166.468       13.156   742.9
3.4950        -1153.213    -1166.703       13.490   761.8
3.5000        -1153.172    -1167.231       14.059   793.9
3.5050        -1153.159    -1167.252       14.093   795.9
3.5100        -1153.138    -1166.916       13.778   778.0
3.5150        -1153.080    -1166.573       13.493   761.9
3.5200        -1153.006    -1166.537       13.531   764.1
3.5250        -1152.946    -1166.658       13.712   774.3
3.5300        -1152.899    -1166.576       13.678   772.4
3.5350        -1152.837    -1166.455       13.618   769.0
3.5400        -1152.792    -1166.634       13.841   781.6
3.5450        -1152.758    -1166.794       14.036   792.6
3.5500        -1152.757    -1166.961       14.204   802.1
3.5550        -1152.746    -1166.798       14.052   793.5
3.5600        -1152.730    -1166.834       14.105   796.5
3.5650        -1152.725    -1167.037       14.312   808.2
3.5700        -1152.737    -1166.969       14.232   803.7
3.5750        -1152.722    -1166.730       14.009   791.1
3.5800        -1152.714    -1167.024       14.309   808.1
3.5850        -1152.742    -1167.402       14.659   827.8
3.5900        -1152.800    -1167.513       14.713   830.8
3.5950        -1152.831    -1166.963       14.132   798.1
3.6000        -1152.822    -1166.834       14.013   791.3
3.6050        -1152.830    -1167.209       14.379   812.0
3.6100        -1152.873    -1167.513       14.639   826.7
3.6150        -1152.902    -1167.084       14.181   800.8
3.6200        -1152.866    -1166.562       13.696   773.4
3.6250        -1152.826    -1166.783       13.957   788.2
3.6300        -1152.814    -1167.184       14.371   811.5
3.6350        -1152.844    -1167.462       14.619   825.5
3.6400        -1152.868    -1167.404       14.536   820.8
3.6450        -1152.917    -1167.845       14.928   843.0
3.6500        -1153.002    -1168.413       15.411   870.2
3.6550        -1153.128    -1168.473       15.345   866.5
3.6600        -1153.196    -1167.616       14.421   814.3
3.6650        -1153.191    -1167.026       13.834   781.2
3.6700        -1153.142    -1166.897       13.754   776.7
3.6750        -1153.121    -1167.207       14.086   795.4
3.6800        -1153.100    -1167.004       13.904   785.1
3.6850        -1153.071    -1166.767       13.696   773.4
3.6900        -1153.013    -1166.585       13.572   766.4
3.6950        -1152.971    -1166.830       13.858   782.6
3.7000        -1152.948    -1166.948       14.000   790.6
3.7050        -1152.940    -1166.993       14.053   793.6
3.7100        -1152.915    -1166.836       13.921   786.1
3.7150        -1152.897    -1166.951       14.054   793.6
3.7200        -1152.868    -1166.684       13.816   780.2
3.7250        -1152.832    -1166.616       13.784   778.4
3.7300        -1152.794    -1166.724       13.930   786.6
3.7350        -1152.809    -1167.384       14.576   823.1
3.7400        -1152.877    -1167.764       14.887   840.7
3.7450        -1152.954    -1167.714       14.761   833.5
3.7500        -1153.005    -1167.316       14.312   808.2
3.7550        -1153.013    -1167.147       14.134   798.1
3.7600        -1152.991    -1166.729       13.738   775.8
3.7650        -1152.945    -1166.693       13.748   776.3
3.7700        -1152.906    -1166.864       13.958   788.2
3.7750        -1152.907    -1167.324       14.417   814.1
3.7800        -1152.932    -1167.314       14.382   812.1
3.7850        -1152.945    -1167.191       14.246   804.5
3.7900        -1152.930    -1166.891       13.961   788.4
3.7950        -1152.917    -1167.173       14.256   805.1
3.8000        -1152.918    -1166.928       14.010   791.1
3.8050        -1152.892    -1166.851       13.959   788.3
3.8100        -1152.858    -1166.612       13.754   776.7
3.8150        -1152.815    -1166.660       13.846   781.9
3.8200        -1152.790    -1166.884       14.094   795.9
3.8250        -1152.807    -1167.501       14.694   829.8
3.8300        -1152.864    -1167.624       14.760   833.5
3.8350        -1152.911    -1167.412       14.501   818.9
3.8400        -1152.923    -1167.053       14.130   797.9
3.8450        -1152.922    -1166.932       14.010   791.2
3.8500        -1152.883    -1166.384       13.501   762.4
3.8550        -1152.792    -1165.891       13.098   739.7
3.8600        -1152.681    -1165.721       13.039   736.3
3.8650        -1152.585    -1166.044       13.459   760.0
3.8700        -1152.541    -1166.400       13.859   782.6
3.8750        -1152.515    -1166.467       13.952   787.9
3.8800        -1152.509    -1166.770       14.261   805.3
3.8850        -1152.540    -1167.264       14.724   831.5
3.8900        -1152.630    -1167.963       15.333   865.8
3.8950        -1152.750    -1168.087       15.337   866.1
3.9000        -1152.854    -1167.869       15.016   847.9
3.9050        -1152.928    -1167.809       14.882   840.4
3.9100        -1153.012    -1168.200       15.189   857.7
3.9150        -1153.122    -1168.477       15.355   867.1
3.9200        -1153.233    -1168.409       15.176   857.0
3.9250        -1153.327    -1168.412       15.085   851.8
3.9300        -1153.413    -1168.289       14.876   840.0
3.9350        -1153.445    -1167.439       13.994   790.2
3.9400        -1153.395    -1166.752       13.357   754.3
3.9450        -1153.298    -1166.421       13.123   741.0
3.9500        -1153.206    -1166.734       13.528   763.9
3.9550        -1153.175    -1167.402       14.227   803.4
3.9600        -1153.195    -1167.600       14.405   813.4
3.9650        -1153.196    -1167.040       13.843   781.7
3.9700        -1153.134    -1166.409       13.274   749.6
3.9750        -1153.032    -1166.118       13.086   738.9
3.9800        -1152.927    -1166.101       13.174   743.9
3.9850        -1152.835    -1166.245       13.410   757.3
3.9900        -1152.780    -1166.670       13.890   784.4
3.9950        -1152.773    -1167.085       14.312   808.2
4.0000        -1152.787    -1166.968       14.181   800.8
4.0050        -1152.760    -1166.353       13.592   767.6
4.0100        -1152.684    -1165.986       13.302   751.2
4.0150        -1152.610    -1166.302       13.692   773.2
4.0200        -1152.592    -1166.890       14.298   807.4
4.0250        -1152.617    -1167.058       14.441   815.5
4.0300        -1152.639    -1166.946       14.307   807.9
4.0350        -1152.657    -1167.105       14.448   815.9
4.0400        -1152.703    -1167.438       14.735   832.1
4.0450        -1152.753    -1167.222       14.469   817.1
4.0500        -1152.763    -1166.783       14.020   791.7
4.0550        -1152.737    -1166.579       13.842   781.7
4.0600        -1152.718    -1166.946       14.227   803.4
4.0650        -1152.757    -1167.645       14.887   840.7
4.0700        -1152.844    -1167.881       15.037   849.1
4.0750        -1152.913    -1167.475       14.563   822.3
4.0800        -1152.929    -1166.977       14.048   793.3
4.0850        -1152.902    -1166.636       13.734   775.6
4.0900        -1152.854    -1166.531       13.677   772.3
4.0950        -1152.814    -1166.757       13.944   787.4
4.1000        -1152.817    -1167.386       14.569   822.7
4.1050        -1152.881    -1167.914       15.033   848.9
4.1100        -1152.966    -1167.812       14.847   838.4
4.1150        -1153.011    -1167.406       14.395   812.9
4.1200        -1153.032    -1167.510       14.478   817.5
4.1250        -1153.076    -1167.743       14.667   828.2
4.1300        -1153.109    -1167.255       14.146   798.8
4.1350        -1153.076    -1166.619       13.542   764.7
4.1400        -1153.000    -1166.246       13.246   748.0
4.1450        -1152.913    -1166.325       13.412   757.4
4.1500        -1152.854    -1166.547       13.694   773.3
4.1550        -1152.806    -1166.489       13.684   772.7
4.1600        -1152.776    -1166.902       14.126   797.7
4.1650        -1152.794    -1167.407       14.613   825.2
4.1700        -1152.853    -1167.718       14.865   839.4
4.1750        -1152.921    -1167.672       14.752   833.0
4.1800        -1152.960    -1167.355       14.395   812.9
4.1850        -1152.983    -1167.506       14.523   820.1
4.1900        -1153.034    -1167.876       14.842   838.1
4.1950        -1153.103    -1167.933       14.830   837.4
4.2000        -1153.145    -1167.434       14.289   806.9
4.2050        -1153.145    -1167.243       14.099   796.1
4.2100        -1153.128    -1166.975       13.847   782.0
4.2150        -1153.089    -1166.760       13.671   772.0
4.2200        -1153.027    -1166.405       13.379   755.5
4.2250        -1152.950    -1166.404       13.454   759.8
4.2300        -1152.890    -1166.521       13.631   769.7
4.2350        -1152.846    -1166.669       13.823   780.6
4.2400        -1152.824    -1166.851       14.028   792.1
4.2450        -1152.816    -1167.000       14.184   801.0
4.2500        -1152.828    -1167.108       14.280   806.4
4.2550        -1152.830    -1166.871       14.041   792.9
4.2600        -1152.813    -1166.734       13.922   786.2
4.2650        -1152.791    -1166.826       14.036   792.6
4.2700        -1152.790    -1167.063       14.273   806.0
4.2750        -1152.797    -1166.877       14.080   795.1
4.2800        -1152.775    -1166.598       13.823   780.6
4.2850        -1152.739    -1166.536       13.797   779.1
4.2900        -1152.704    -1166.595       13.891   784.4
4.2950        -1152.687    -1166.840       14.152   799.2
4.3000        -1152.694    -1166.989       14.295   807.2
4.3050        -1152.705    -1166.930       14.226   803.3
4.3100        -1152.704    -1166.810       14.107   796.6
4.3150        -1152.701    -1166.932       14.231   803.6
4.3200        -1152.717    -1167.115       14.399   813.1
4.3250        -1152.739    -1167.103       14.364   811.1
4.3300        -1152.753    -1167.052       14.299   807.5
4.3350        -1152.776    -1167.341       14.565   822.5
4.3400        -1152.836    -1167.862       15.025   848.5
4.3450        -1152.934    -1168.074       15.140   855.0
4.3500        -1153.006    -1167.453       14.447   815.8
4.3550        -1152.995    -1166.697       13.702   773.7
4.3600        -1152.948    -1166.799       13.851   782.2
4.3650        -1152.948    -1167.487       14.539   821.0
4.3700        -1153.003    -1167.848       14.845   838.3
4.3750        -1153.067    -1167.773       14.706   830.4
4.3800        -1153.109    -1167.573       14.465   816.8
4.3850        -1153.132    -1167.478       14.345   810.1
4.3900        -1153.140    -1167.187       14.047   793.2
4.3950        -1153.101    -1166.544       13.443   759.1
4.4000        -1153.008    -1166.120       13.112   740.4
4.4050        -1152.916    -1166.455       13.538   764.5
4.4100        -1152.887    -1167.130       14.242   804.3
4.4150        -1152.907    -1167.275       14.368   811.4
4.4200        -1152.909    -1166.876       13.968   788.7
4.4250        -1152.877    -1166.691       13.813   780.0
4.4300        -1152.851    -1166.883       14.033   792.4
4.4350        -1152.843    -1166.937       14.093   795.8
4.4400        -1152.821    -1166.583       13.761   777.1
4.4450        -1152.775    -1166.463       13.688   773.0
4.4500        -1152.730    -1166.526       13.795   779.0
4.4550        -1152.701    -1166.661       13.960   788.3
4.4600        -1152.681    -1166.578       13.896   784.7
4.4650        -1152.636    -1166.091       13.455   759.8
4.4700        -1152.545    -1165.625       13.080   738.6
4.4750        -1152.433    -1165.526       13.093   739.4
4.4800        -1152.349    -1166.065       13.716   774.6
4.4850        -1152.345    -1166.906       14.562   822.3
4.4900        -1152.405    -1167.292       14.887   840.7
4.4950        -1152.467    -1167.120       14.653   827.5
4.5000        -1152.513    -1167.220       14.707   830.5
4.5050        -1152.586    -1167.725       15.139   854.9
4.5100        -1152.699    -1168.106       15.408   870.1
4.5150        -1152.816    -1167.988       15.172   856.7
4.5200        -1152.894    -1167.596       14.702   830.2
4.5250        -1152.933    -1167.385       14.452   816.1
4.5300        -1152.962    -1167.466       14.504   819.0
4.5350        -1153.003    -1167.665       14.661   827.9
4.5400        -1153.052    -1167.645       14.593   824.1
4.5450        -1153.078    -1167.305       14.227   803.4
4.5500        -1153.074    -1167.135       14.061   794.0
4.5550        -1153.064    -1167.157       14.093   795.8
4.5600        -1153.061    -1167.280       14.218   802.9
4.5650        -1153.068    -1167.232       14.164   799.8
4.5700        -1153.048    -1166.756       13.707   774.0
4.5750        -1152.987    -1166.402       13.415   757.5
4.5800        -1152.910    -1166.347       13.436   758.8
4.5850        -1152.844    -1166.414       13.569   766.3
4.5900        -1152.780    -1166.206       13.426   758.2
4.5950        -1152.700    -1166.115       13.414   757.5
4.6000        -1152.648    -1166.655       14.007   791.0
4.6050        -1152.665    -1167.333       14.668   828.3
4.6100        -1152.724    -1167.433       14.709   830.6
4.6150        -1152.754    -1166.873       14.119   797.3
4.6200        -1152.725    -1166.434       13.710   774.2
4.6250        -1152.688    -1166.698       14.010   791.1
4.6300        -1152.696    -1167.166       14.470   817.1
4.6350        -1152.737    -1167.427       14.689   829.5
4.6400        -1152.800    -1167.700       14.901   841.4
4.6450        -1152.875    -1167.706       14.831   837.5
4.6500        -1152.919    -1167.240       14.322   808.7
4.6550        -1152.917    -1166.916       13.999   790.5
4.6600        -1152.900    -1166.990       14.090   795.7
4.6650        -1152.913    -1167.519       14.606   824.8
4.6700        -1152.980    -1168.021       15.042   849.4
4.6750        -1153.068    -1168.002       14.934   843.3
4.6800        -1153.118    -1167.412       14.295   807.2
4.6850        -1153.100    -1166.807       13.706   774.0
4.6900        -1153.044    -1166.605       13.561   765.8
4.6950        -1152.986    -1166.601       13.615   768.8
4.7000        -1152.931    -1166.539       13.608   768.4
4.7050        -1152.870    -1166.317       13.446   759.3
4.7100        -1152.787    -1166.042       13.255   748.5
4.7150        -1152.704    -1166.220       13.516   763.3
4.7200        -1152.660    -1166.596       13.937   787.0
4.7250        -1152.647    -1166.831       14.184   801.0
4.7300        -1152.659    -1166.996       14.337   809.6
4.7350        -1152.668    -1166.805       14.136   798.3
4.7400        -1152.658    -1166.671       14.013   791.3
4.7450        -1152.650    -1166.875       14.225   803.3
4.7500        -1152.670    -1167.184       14.514   819.6
4.7550        -1152.709    -1167.279       14.571   822.8
4.7600        -1152.755    -1167.543       14.788   835.1
4.7650        -1152.845    -1168.250       15.405   869.9
4.7700        -1152.983    -1168.484       15.501   875.3
4.7750        -1153.076    -1167.580       14.504   819.0
4.7800        -1153.067    -1166.820       13.754   776.7
4.7850        -1153.028    -1166.889       13.861   782.7
4.7900        -1152.996    -1166.730       13.734   775.6
4.7950        -1152.940    -1166.504       13.564   766.0
4.8000        -1152.902    -1167.092       14.190   801.3
4.8050        -1152.951    -1168.105       15.154   855.8
4.8100        -1153.066    -1168.391       15.324   865.4
4.8150        -1153.158    -1167.912       14.754   833.1
4.8200        -1153.198    -1167.632       14.435   815.1
4.8250        -1153.225    -1167.645       14.420   814.3
4.8300        -1153.238    -1167.289       14.052   793.5
4.8350        -1153.201    -1166.794       13.592   767.6
4.8400        -1153.144    -1166.853       13.708   774.1
4.8450        -1153.117    -1167.192       14.075   794.8
4.8500        -1153.107    -1167.023       13.916   785.8
4.8550        -1153.052    -1166.295       13.243   747.9
4.8600        -1152.941    -1165.921       12.979   732.9
4.8650        -1152.837    -1166.181       13.343   753.5
4.8700        -1152.772    -1166.435       13.663   771.5
4.8750        -1152.724    -1166.359       13.635   770.0
4.8800        -1152.659    -1166.047       13.387   756.0
4.8850        -1152.580    -1166.035       13.455   759.8
4.8900        -1152.531    -1166.563       14.031   792.4
4.8950        -1152.552    -1167.325       14.773   834.2
4.9000        -1152.634    -1167.772       15.138   854.8
4.9050        -1152.719    -1167.460       14.741   832.4
4.9100        -1152.741    -1166.707       13.966   788.7
4.9150        -1152.700    -1166.353       13.652   770.9
4.9200        -1152.660    -1166.650       13.990   790.0
4.9250        -1152.669    -1167.238       14.569   822.7
4.9300        -1152.717    -1167.386       14.670   828.4
4.9350        -1152.763    -1167.428       14.665   828.2
4.9400        -1152.826    -1167.766       14.941   843.7
4.9450        -1152.917    -1168.093       15.176   857.0
4.9500        -1153.010    -1167.827       14.816   836.7
4.9550        -1153.033    -1166.915       13.882   783.9
4.9600        -1152.990    -1166.714       13.724   775.0
4.9650        -1152.973    -1167.344       14.371   811.5
4.9700        -1153.034    -1168.209       15.175   857.0
4.9750        -1153.142    -1168.219       15.077   851.4
4.9800        -1153.204    -1167.735       14.531   820.5
4.9850        -1153.229    -1167.480       14.250   804.7
4.9900        -1153.220    -1167.138       13.918   786.0
4.9950        -1153.190    -1166.880       13.690   773.1
5.0000        -1153.118    -1166.373       13.255   748.5
