2024-12-06 13:54:50,561 - INFO - Logs will be saved to training_results/logs/2024-12-06_13-54-50
2024-12-06 13:54:50,561 - INFO - Loading dataset...
2024-12-06 13:54:50,562 - INFO - Dataset loaded successfully
2024-12-06 13:54:50,562 - INFO - Initializing model and trainer...
2024-12-06 13:54:51,065 - INFO - Starting training...
2024-12-06 13:54:52,081 - INFO - Epoch 1/50:
2024-12-06 13:54:52,082 - INFO -   Train Loss: 32.730442
2024-12-06 13:54:52,082 - INFO -   Val Loss: 25.804840
2024-12-06 13:54:52,731 - INFO - Epoch 2/50:
2024-12-06 13:54:52,731 - INFO -   Train Loss: 16.104687
2024-12-06 13:54:52,731 - INFO -   Val Loss: 13.495586
2024-12-06 13:54:53,398 - INFO - Epoch 3/50:
2024-12-06 13:54:53,398 - INFO -   Train Loss: 8.225930
2024-12-06 13:54:53,398 - INFO -   Val Loss: 6.102051
2024-12-06 13:54:54,046 - INFO - Epoch 4/50:
2024-12-06 13:54:54,046 - INFO -   Train Loss: 3.102588
2024-12-06 13:54:54,046 - INFO -   Val Loss: 1.857365
2024-12-06 13:54:54,697 - INFO - Epoch 5/50:
2024-12-06 13:54:54,697 - INFO -   Train Loss: 1.687445
2024-12-06 13:54:54,697 - INFO -   Val Loss: 0.800198
2024-12-06 13:54:55,305 - INFO - Epoch 6/50:
2024-12-06 13:54:55,305 - INFO -   Train Loss: 1.125383
2024-12-06 13:54:55,305 - INFO -   Val Loss: 1.648701
2024-12-06 13:54:55,933 - INFO - Epoch 7/50:
2024-12-06 13:54:55,933 - INFO -   Train Loss: 1.042690
2024-12-06 13:54:55,933 - INFO -   Val Loss: 1.170193
2024-12-06 13:54:56,583 - INFO - Epoch 8/50:
2024-12-06 13:54:56,583 - INFO -   Train Loss: 0.809426
2024-12-06 13:54:56,583 - INFO -   Val Loss: 0.393417
2024-12-06 13:54:57,416 - INFO - Epoch 9/50:
2024-12-06 13:54:57,416 - INFO -   Train Loss: 0.589740
2024-12-06 13:54:57,416 - INFO -   Val Loss: 0.235043
2024-12-06 13:54:58,039 - INFO - Epoch 10/50:
2024-12-06 13:54:58,040 - INFO -   Train Loss: 0.417262
2024-12-06 13:54:58,040 - INFO -   Val Loss: 0.647972
2024-12-06 13:54:58,672 - INFO - Epoch 11/50:
2024-12-06 13:54:58,672 - INFO -   Train Loss: 0.420620
2024-12-06 13:54:58,672 - INFO -   Val Loss: 0.456951
2024-12-06 13:54:59,385 - INFO - Epoch 12/50:
2024-12-06 13:54:59,385 - INFO -   Train Loss: 0.328576
2024-12-06 13:54:59,385 - INFO -   Val Loss: 0.117435
2024-12-06 13:55:00,006 - INFO - Epoch 13/50:
2024-12-06 13:55:00,006 - INFO -   Train Loss: 0.203510
2024-12-06 13:55:00,006 - INFO -   Val Loss: 0.270470
2024-12-06 13:55:00,665 - INFO - Epoch 14/50:
2024-12-06 13:55:00,666 - INFO -   Train Loss: 0.192590
2024-12-06 13:55:00,666 - INFO -   Val Loss: 0.219490
2024-12-06 13:55:01,298 - INFO - Epoch 15/50:
2024-12-06 13:55:01,298 - INFO -   Train Loss: 0.166832
2024-12-06 13:55:01,298 - INFO -   Val Loss: 0.071430
2024-12-06 13:55:01,938 - INFO - Epoch 16/50:
2024-12-06 13:55:01,938 - INFO -   Train Loss: 0.105011
2024-12-06 13:55:01,938 - INFO -   Val Loss: 0.187809
2024-12-06 13:55:02,538 - INFO - Epoch 17/50:
2024-12-06 13:55:02,538 - INFO -   Train Loss: 0.130705
2024-12-06 13:55:02,538 - INFO -   Val Loss: 0.033794
2024-12-06 13:55:03,208 - INFO - Epoch 18/50:
2024-12-06 13:55:03,208 - INFO -   Train Loss: 0.069268
2024-12-06 13:55:03,208 - INFO -   Val Loss: 0.044243
2024-12-06 13:55:03,844 - INFO - Epoch 19/50:
2024-12-06 13:55:03,844 - INFO -   Train Loss: 0.076366
2024-12-06 13:55:03,844 - INFO -   Val Loss: 0.123230
2024-12-06 13:55:04,523 - INFO - Epoch 20/50:
2024-12-06 13:55:04,523 - INFO -   Train Loss: 0.073919
2024-12-06 13:55:04,523 - INFO -   Val Loss: 0.077065
2024-12-06 13:55:05,133 - INFO - Epoch 21/50:
2024-12-06 13:55:05,133 - INFO -   Train Loss: 0.044735
2024-12-06 13:55:05,133 - INFO -   Val Loss: 0.015316
2024-12-06 13:55:05,764 - INFO - Epoch 22/50:
2024-12-06 13:55:05,764 - INFO -   Train Loss: 0.024541
2024-12-06 13:55:05,764 - INFO -   Val Loss: 0.040215
2024-12-06 13:55:06,443 - INFO - Epoch 23/50:
2024-12-06 13:55:06,443 - INFO -   Train Loss: 0.024465
2024-12-06 13:55:06,443 - INFO -   Val Loss: 0.066391
2024-12-06 13:55:07,045 - INFO - Epoch 24/50:
2024-12-06 13:55:07,045 - INFO -   Train Loss: 0.030613
2024-12-06 13:55:07,045 - INFO -   Val Loss: 0.038322
2024-12-06 13:55:07,677 - INFO - Epoch 25/50:
2024-12-06 13:55:07,677 - INFO -   Train Loss: 0.023486
2024-12-06 13:55:07,677 - INFO -   Val Loss: 0.016933
2024-12-06 13:55:08,287 - INFO - Epoch 26/50:
2024-12-06 13:55:08,287 - INFO -   Train Loss: 0.040094
2024-12-06 13:55:08,287 - INFO -   Val Loss: 0.018559
2024-12-06 13:55:08,885 - INFO - Epoch 27/50:
2024-12-06 13:55:08,885 - INFO -   Train Loss: 0.023244
2024-12-06 13:55:08,885 - INFO -   Val Loss: 0.051380
2024-12-06 13:55:09,579 - INFO - Epoch 28/50:
2024-12-06 13:55:09,579 - INFO -   Train Loss: 0.022243
2024-12-06 13:55:09,579 - INFO -   Val Loss: 0.026768
2024-12-06 13:55:10,223 - INFO - Epoch 29/50:
2024-12-06 13:55:10,223 - INFO -   Train Loss: 0.022113
2024-12-06 13:55:10,223 - INFO -   Val Loss: 0.031349
2024-12-06 13:55:10,846 - INFO - Epoch 30/50:
2024-12-06 13:55:10,846 - INFO -   Train Loss: 0.046074
2024-12-06 13:55:10,846 - INFO -   Val Loss: 0.057152
2024-12-06 13:55:11,534 - INFO - Epoch 31/50:
2024-12-06 13:55:11,534 - INFO -   Train Loss: 0.024144
2024-12-06 13:55:11,534 - INFO -   Val Loss: 0.065380
2024-12-06 13:55:12,135 - INFO - Epoch 32/50:
2024-12-06 13:55:12,135 - INFO -   Train Loss: 0.021670
2024-12-06 13:55:12,135 - INFO -   Val Loss: 0.003952
2024-12-06 13:55:12,760 - INFO - Epoch 33/50:
2024-12-06 13:55:12,760 - INFO -   Train Loss: 0.034772
2024-12-06 13:55:12,760 - INFO -   Val Loss: 0.032665
2024-12-06 13:55:13,407 - INFO - Epoch 34/50:
2024-12-06 13:55:13,407 - INFO -   Train Loss: 0.053155
2024-12-06 13:55:13,408 - INFO -   Val Loss: 0.003296
2024-12-06 13:55:14,049 - INFO - Epoch 35/50:
2024-12-06 13:55:14,049 - INFO -   Train Loss: 0.039974
2024-12-06 13:55:14,049 - INFO -   Val Loss: 0.086407
2024-12-06 13:55:14,711 - INFO - Epoch 36/50:
2024-12-06 13:55:14,711 - INFO -   Train Loss: 0.045715
2024-12-06 13:55:14,711 - INFO -   Val Loss: 0.087528
2024-12-06 13:55:15,358 - INFO - Epoch 37/50:
2024-12-06 13:55:15,358 - INFO -   Train Loss: 0.052412
2024-12-06 13:55:15,358 - INFO -   Val Loss: 0.041630
2024-12-06 13:55:16,010 - INFO - Epoch 38/50:
2024-12-06 13:55:16,010 - INFO -   Train Loss: 0.053607
2024-12-06 13:55:16,010 - INFO -   Val Loss: 0.040367
2024-12-06 13:55:16,660 - INFO - Epoch 39/50:
2024-12-06 13:55:16,660 - INFO -   Train Loss: 0.062491
2024-12-06 13:55:16,660 - INFO -   Val Loss: 0.043232
2024-12-06 13:55:17,335 - INFO - Epoch 40/50:
2024-12-06 13:55:17,335 - INFO -   Train Loss: 0.025994
2024-12-06 13:55:17,335 - INFO -   Val Loss: 0.081028
2024-12-06 13:55:17,961 - INFO - Epoch 41/50:
2024-12-06 13:55:17,961 - INFO -   Train Loss: 0.037727
2024-12-06 13:55:17,961 - INFO -   Val Loss: 0.040009
2024-12-06 13:55:18,610 - INFO - Epoch 42/50:
2024-12-06 13:55:18,610 - INFO -   Train Loss: 0.026653
2024-12-06 13:55:18,610 - INFO -   Val Loss: 0.002602
2024-12-06 13:55:19,258 - INFO - Epoch 43/50:
2024-12-06 13:55:19,258 - INFO -   Train Loss: 0.034196
2024-12-06 13:55:19,258 - INFO -   Val Loss: 0.037670
2024-12-06 13:55:19,895 - INFO - Epoch 44/50:
2024-12-06 13:55:19,895 - INFO -   Train Loss: 0.045660
2024-12-06 13:55:19,895 - INFO -   Val Loss: 0.005718
2024-12-06 13:55:20,557 - INFO - Epoch 45/50:
2024-12-06 13:55:20,557 - INFO -   Train Loss: 0.036864
2024-12-06 13:55:20,557 - INFO -   Val Loss: 0.011143
2024-12-06 13:55:21,157 - INFO - Epoch 46/50:
2024-12-06 13:55:21,157 - INFO -   Train Loss: 0.025750
2024-12-06 13:55:21,157 - INFO -   Val Loss: 0.025120
2024-12-06 13:55:21,786 - INFO - Epoch 47/50:
2024-12-06 13:55:21,787 - INFO -   Train Loss: 0.013226
2024-12-06 13:55:21,787 - INFO -   Val Loss: 0.028595
2024-12-06 13:55:22,412 - INFO - Epoch 48/50:
2024-12-06 13:55:22,412 - INFO -   Train Loss: 0.015535
2024-12-06 13:55:22,413 - INFO -   Val Loss: 0.020226
2024-12-06 13:55:23,021 - INFO - Epoch 49/50:
2024-12-06 13:55:23,021 - INFO -   Train Loss: 0.022371
2024-12-06 13:55:23,021 - INFO -   Val Loss: 0.009243
2024-12-06 13:55:23,674 - INFO - Epoch 50/50:
2024-12-06 13:55:23,674 - INFO -   Train Loss: 0.031914
2024-12-06 13:55:23,674 - INFO -   Val Loss: 0.005947
2024-12-06 13:55:23,688 - INFO - Model saved to training_results/checkpoints/chgnet_model.pth
2024-12-06 13:55:25,317 - INFO - Training curves saved to training_results/training_curves.png
2024-12-06 13:55:25,318 - INFO - Training completed successfully
