2024-12-23 14:42:44,859 - INFO - Loading structure from: ./structures/BaZrO3_333.cif
2024-12-23 14:42:44,886 - INFO - Structure loaded: BaZrO3
2024-12-23 14:42:44,899 - INFO - Added proton 1/2:
2024-12-23 14:42:44,899 - INFO -   Near O atom: 54
2024-12-23 14:42:44,901 - INFO -   Position: [1.78609679 2.096      0.92970963]
2024-12-23 14:42:44,901 - INFO -   OH distance: 0.980 Å
2024-12-23 14:42:44,910 - INFO - Added proton 2/2:
2024-12-23 14:42:44,910 - INFO -   Near O atom: 55
2024-12-23 14:42:44,910 - INFO -   Position: [1.69591668 0.40008332 1.29583335]
2024-12-23 14:42:44,910 - INFO -   OH distance: 0.980 Å
2024-12-23 14:42:44,910 - INFO - Successfully added 2 protons
2024-12-23 14:42:44,910 - INFO - Final composition: H2Ba27O81Zr27
2024-12-23 14:42:44,910 - INFO - Added 2 protons at indices: [135, 136]
2024-12-23 14:42:44,910 - INFO - Performing structure optimization after adding protons...
2024-12-23 14:42:50,761 - INFO - Structure optimization completed
2024-12-23 14:42:50,762 - INFO - 
Starting simulation at 500K...
2024-12-23 14:42:50,762 - INFO - Assigning initial velocities at 500K
2024-12-23 14:42:50,763 - INFO - Initializing MD simulation...
2024-12-23 14:42:50,804 - INFO - Running MD at 500K...
2024-12-23 14:42:50,916 - INFO - Temperature 500K - Step 0/10000
2024-12-23 14:42:57,149 - INFO - Temperature 500K - Step 100/10000
2024-12-23 14:43:03,322 - INFO - Temperature 500K - Step 200/10000
2024-12-23 14:43:09,687 - INFO - Temperature 500K - Step 300/10000
2024-12-23 14:43:16,048 - INFO - Temperature 500K - Step 400/10000
2024-12-23 14:43:22,454 - INFO - Temperature 500K - Step 500/10000
2024-12-23 14:43:28,746 - INFO - Temperature 500K - Step 600/10000
2024-12-23 14:43:35,018 - INFO - Temperature 500K - Step 700/10000
2024-12-23 14:43:41,331 - INFO - Temperature 500K - Step 800/10000
2024-12-23 14:43:47,617 - INFO - Temperature 500K - Step 900/10000
2024-12-23 14:43:53,964 - INFO - Temperature 500K - Step 1000/10000
2024-12-23 14:44:00,189 - INFO - Temperature 500K - Step 1100/10000
2024-12-23 14:44:06,274 - INFO - Temperature 500K - Step 1200/10000
2024-12-23 14:44:12,836 - INFO - Temperature 500K - Step 1300/10000
2024-12-23 14:44:19,046 - INFO - Temperature 500K - Step 1400/10000
2024-12-23 14:44:25,152 - INFO - Temperature 500K - Step 1500/10000
2024-12-23 14:44:31,452 - INFO - Temperature 500K - Step 1600/10000
2024-12-23 14:44:37,675 - INFO - Temperature 500K - Step 1700/10000
2024-12-23 14:44:43,950 - INFO - Temperature 500K - Step 1800/10000
2024-12-23 14:44:50,187 - INFO - Temperature 500K - Step 1900/10000
2024-12-23 14:44:56,409 - INFO - Temperature 500K - Step 2000/10000
2024-12-23 14:45:02,555 - INFO - Temperature 500K - Step 2100/10000
2024-12-23 14:45:08,842 - INFO - Temperature 500K - Step 2200/10000
2024-12-23 14:45:15,153 - INFO - Temperature 500K - Step 2300/10000
2024-12-23 14:45:21,486 - INFO - Temperature 500K - Step 2400/10000
2024-12-23 14:45:27,813 - INFO - Temperature 500K - Step 2500/10000
2024-12-23 14:45:34,064 - INFO - Temperature 500K - Step 2600/10000
2024-12-23 14:45:40,410 - INFO - Temperature 500K - Step 2700/10000
2024-12-23 14:45:46,675 - INFO - Temperature 500K - Step 2800/10000
2024-12-23 14:45:53,058 - INFO - Temperature 500K - Step 2900/10000
2024-12-23 14:45:59,488 - INFO - Temperature 500K - Step 3000/10000
2024-12-23 14:46:05,675 - INFO - Temperature 500K - Step 3100/10000
2024-12-23 14:46:12,010 - INFO - Temperature 500K - Step 3200/10000
2024-12-23 14:46:17,976 - INFO - Temperature 500K - Step 3300/10000
2024-12-23 14:46:24,270 - INFO - Temperature 500K - Step 3400/10000
2024-12-23 14:46:30,549 - INFO - Temperature 500K - Step 3500/10000
2024-12-23 14:46:36,769 - INFO - Temperature 500K - Step 3600/10000
2024-12-23 14:46:43,144 - INFO - Temperature 500K - Step 3700/10000
2024-12-23 14:46:49,476 - INFO - Temperature 500K - Step 3800/10000
2024-12-23 14:46:55,850 - INFO - Temperature 500K - Step 3900/10000
2024-12-23 14:47:02,177 - INFO - Temperature 500K - Step 4000/10000
2024-12-23 14:47:08,538 - INFO - Temperature 500K - Step 4100/10000
2024-12-23 14:47:14,908 - INFO - Temperature 500K - Step 4200/10000
2024-12-23 14:47:21,111 - INFO - Temperature 500K - Step 4300/10000
2024-12-23 14:47:27,449 - INFO - Temperature 500K - Step 4400/10000
2024-12-23 14:47:33,882 - INFO - Temperature 500K - Step 4500/10000
2024-12-23 14:47:40,246 - INFO - Temperature 500K - Step 4600/10000
2024-12-23 14:47:46,501 - INFO - Temperature 500K - Step 4700/10000
2024-12-23 14:47:52,877 - INFO - Temperature 500K - Step 4800/10000
2024-12-23 14:47:59,285 - INFO - Temperature 500K - Step 4900/10000
2024-12-23 14:48:05,601 - INFO - Temperature 500K - Step 5000/10000
2024-12-23 14:48:12,018 - INFO - Temperature 500K - Step 5100/10000
2024-12-23 14:48:18,159 - INFO - Temperature 500K - Step 5200/10000
2024-12-23 14:48:24,443 - INFO - Temperature 500K - Step 5300/10000
2024-12-23 14:48:30,497 - INFO - Temperature 500K - Step 5400/10000
2024-12-23 14:48:36,599 - INFO - Temperature 500K - Step 5500/10000
2024-12-23 14:48:42,550 - INFO - Temperature 500K - Step 5600/10000
2024-12-23 14:48:48,610 - INFO - Temperature 500K - Step 5700/10000
2024-12-23 14:48:54,715 - INFO - Temperature 500K - Step 5800/10000
2024-12-23 14:49:00,805 - INFO - Temperature 500K - Step 5900/10000
2024-12-23 14:49:06,868 - INFO - Temperature 500K - Step 6000/10000
2024-12-23 14:49:12,906 - INFO - Temperature 500K - Step 6100/10000
2024-12-23 14:49:18,987 - INFO - Temperature 500K - Step 6200/10000
2024-12-23 14:49:24,973 - INFO - Temperature 500K - Step 6300/10000
2024-12-23 14:49:31,100 - INFO - Temperature 500K - Step 6400/10000
2024-12-23 14:49:37,131 - INFO - Temperature 500K - Step 6500/10000
2024-12-23 14:49:43,076 - INFO - Temperature 500K - Step 6600/10000
2024-12-23 14:49:49,150 - INFO - Temperature 500K - Step 6700/10000
2024-12-23 14:49:55,607 - INFO - Temperature 500K - Step 6800/10000
2024-12-23 14:50:02,881 - INFO - Temperature 500K - Step 6900/10000
2024-12-23 14:50:10,243 - INFO - Temperature 500K - Step 7000/10000
2024-12-23 14:50:17,340 - INFO - Temperature 500K - Step 7100/10000
2024-12-23 14:50:24,783 - INFO - Temperature 500K - Step 7200/10000
2024-12-23 14:50:31,873 - INFO - Temperature 500K - Step 7300/10000
2024-12-23 14:50:39,308 - INFO - Temperature 500K - Step 7400/10000
2024-12-23 14:50:46,672 - INFO - Temperature 500K - Step 7500/10000
2024-12-23 14:50:53,940 - INFO - Temperature 500K - Step 7600/10000
2024-12-23 14:51:01,340 - INFO - Temperature 500K - Step 7700/10000
2024-12-23 14:51:08,648 - INFO - Temperature 500K - Step 7800/10000
2024-12-23 14:51:15,770 - INFO - Temperature 500K - Step 7900/10000
2024-12-23 14:51:23,214 - INFO - Temperature 500K - Step 8000/10000
2024-12-23 14:51:30,438 - INFO - Temperature 500K - Step 8100/10000
2024-12-23 14:51:37,900 - INFO - Temperature 500K - Step 8200/10000
2024-12-23 14:51:45,372 - INFO - Temperature 500K - Step 8300/10000
2024-12-23 14:51:52,531 - INFO - Temperature 500K - Step 8400/10000
2024-12-23 14:51:59,955 - INFO - Temperature 500K - Step 8500/10000
2024-12-23 14:52:07,297 - INFO - Temperature 500K - Step 8600/10000
2024-12-23 14:52:14,343 - INFO - Temperature 500K - Step 8700/10000
2024-12-23 14:52:21,778 - INFO - Temperature 500K - Step 8800/10000
2024-12-23 14:52:29,158 - INFO - Temperature 500K - Step 8900/10000
2024-12-23 14:52:36,124 - INFO - Temperature 500K - Step 9000/10000
2024-12-23 14:52:43,584 - INFO - Temperature 500K - Step 9100/10000
2024-12-23 14:52:50,910 - INFO - Temperature 500K - Step 9200/10000
2024-12-23 14:52:58,183 - INFO - Temperature 500K - Step 9300/10000
2024-12-23 14:53:05,644 - INFO - Temperature 500K - Step 9400/10000
2024-12-23 14:53:12,961 - INFO - Temperature 500K - Step 9500/10000
2024-12-23 14:53:20,306 - INFO - Temperature 500K - Step 9600/10000
2024-12-23 14:53:27,743 - INFO - Temperature 500K - Step 9700/10000
2024-12-23 14:53:34,926 - INFO - Temperature 500K - Step 9800/10000
2024-12-23 14:53:42,154 - INFO - Temperature 500K - Step 9900/10000
2024-12-23 14:53:49,526 - INFO - Simulation at 500K completed
2024-12-23 14:53:49,526 - INFO - 
Starting simulation at 600K...
2024-12-23 14:53:49,527 - INFO - Assigning initial velocities at 600K
2024-12-23 14:53:49,527 - INFO - Initializing MD simulation...
2024-12-23 14:53:49,564 - INFO - Running MD at 600K...
2024-12-23 14:53:49,726 - INFO - Temperature 600K - Step 0/10000
2024-12-23 14:53:57,073 - INFO - Temperature 600K - Step 100/10000
2024-12-23 14:54:04,449 - INFO - Temperature 600K - Step 200/10000
2024-12-23 14:54:12,046 - INFO - Temperature 600K - Step 300/10000
2024-12-23 14:54:19,567 - INFO - Temperature 600K - Step 400/10000
2024-12-23 14:54:26,927 - INFO - Temperature 600K - Step 500/10000
2024-12-23 14:54:34,158 - INFO - Temperature 600K - Step 600/10000
2024-12-23 14:54:41,619 - INFO - Temperature 600K - Step 700/10000
2024-12-23 14:54:48,609 - INFO - Temperature 600K - Step 800/10000
2024-12-23 14:54:56,091 - INFO - Temperature 600K - Step 900/10000
2024-12-23 14:55:03,646 - INFO - Temperature 600K - Step 1000/10000
2024-12-23 14:55:10,573 - INFO - Temperature 600K - Step 1100/10000
2024-12-23 14:55:17,954 - INFO - Temperature 600K - Step 1200/10000
2024-12-23 14:55:25,549 - INFO - Temperature 600K - Step 1300/10000
2024-12-23 14:55:32,788 - INFO - Temperature 600K - Step 1400/10000
2024-12-23 14:55:40,200 - INFO - Temperature 600K - Step 1500/10000
2024-12-23 14:55:47,567 - INFO - Temperature 600K - Step 1600/10000
2024-12-23 14:55:54,788 - INFO - Temperature 600K - Step 1700/10000
2024-12-23 14:56:02,280 - INFO - Temperature 600K - Step 1800/10000
2024-12-23 14:56:09,808 - INFO - Temperature 600K - Step 1900/10000
2024-12-23 14:56:16,982 - INFO - Temperature 600K - Step 2000/10000
2024-12-23 14:56:24,293 - INFO - Temperature 600K - Step 2100/10000
2024-12-23 14:56:31,781 - INFO - Temperature 600K - Step 2200/10000
2024-12-23 14:56:38,976 - INFO - Temperature 600K - Step 2300/10000
2024-12-23 14:56:46,556 - INFO - Temperature 600K - Step 2400/10000
2024-12-23 14:56:53,892 - INFO - Temperature 600K - Step 2500/10000
2024-12-23 14:57:01,384 - INFO - Temperature 600K - Step 2600/10000
2024-12-23 14:57:08,582 - INFO - Temperature 600K - Step 2700/10000
2024-12-23 14:57:15,884 - INFO - Temperature 600K - Step 2800/10000
2024-12-23 14:57:23,085 - INFO - Temperature 600K - Step 2900/10000
2024-12-23 14:57:30,748 - INFO - Temperature 600K - Step 3000/10000
2024-12-23 14:57:37,851 - INFO - Temperature 600K - Step 3100/10000
2024-12-23 14:57:45,348 - INFO - Temperature 600K - Step 3200/10000
2024-12-23 14:57:52,753 - INFO - Temperature 600K - Step 3300/10000
2024-12-23 14:58:00,084 - INFO - Temperature 600K - Step 3400/10000
2024-12-23 14:58:07,662 - INFO - Temperature 600K - Step 3500/10000
2024-12-23 14:58:15,252 - INFO - Temperature 600K - Step 3600/10000
2024-12-23 14:58:22,400 - INFO - Temperature 600K - Step 3700/10000
2024-12-23 14:58:29,777 - INFO - Temperature 600K - Step 3800/10000
2024-12-23 14:58:37,369 - INFO - Temperature 600K - Step 3900/10000
2024-12-23 14:58:44,342 - INFO - Temperature 600K - Step 4000/10000
2024-12-23 14:58:51,941 - INFO - Temperature 600K - Step 4100/10000
2024-12-23 14:58:59,392 - INFO - Temperature 600K - Step 4200/10000
2024-12-23 14:59:06,692 - INFO - Temperature 600K - Step 4300/10000
2024-12-23 14:59:14,196 - INFO - Temperature 600K - Step 4400/10000
2024-12-23 14:59:21,447 - INFO - Temperature 600K - Step 4500/10000
2024-12-23 14:59:28,650 - INFO - Temperature 600K - Step 4600/10000
2024-12-23 14:59:35,916 - INFO - Temperature 600K - Step 4700/10000
2024-12-23 14:59:43,192 - INFO - Temperature 600K - Step 4800/10000
2024-12-23 14:59:50,710 - INFO - Temperature 600K - Step 4900/10000
2024-12-23 14:59:58,261 - INFO - Temperature 600K - Step 5000/10000
2024-12-23 15:00:05,309 - INFO - Temperature 600K - Step 5100/10000
2024-12-23 15:00:12,932 - INFO - Temperature 600K - Step 5200/10000
2024-12-23 15:00:20,284 - INFO - Temperature 600K - Step 5300/10000
2024-12-23 15:00:27,647 - INFO - Temperature 600K - Step 5400/10000
2024-12-23 15:00:35,194 - INFO - Temperature 600K - Step 5500/10000
2024-12-23 15:00:42,690 - INFO - Temperature 600K - Step 5600/10000
2024-12-23 15:00:49,914 - INFO - Temperature 600K - Step 5700/10000
2024-12-23 15:00:57,442 - INFO - Temperature 600K - Step 5800/10000
2024-12-23 15:01:04,808 - INFO - Temperature 600K - Step 5900/10000
2024-12-23 15:01:12,388 - INFO - Temperature 600K - Step 6000/10000
2024-12-23 15:01:19,767 - INFO - Temperature 600K - Step 6100/10000
2024-12-23 15:01:27,019 - INFO - Temperature 600K - Step 6200/10000
2024-12-23 15:01:34,445 - INFO - Temperature 600K - Step 6300/10000
2024-12-23 15:01:41,648 - INFO - Temperature 600K - Step 6400/10000
2024-12-23 15:01:49,062 - INFO - Temperature 600K - Step 6500/10000
2024-12-23 15:01:56,461 - INFO - Temperature 600K - Step 6600/10000
2024-12-23 15:02:03,843 - INFO - Temperature 600K - Step 6700/10000
2024-12-23 15:02:11,303 - INFO - Temperature 600K - Step 6800/10000
2024-12-23 15:02:18,767 - INFO - Temperature 600K - Step 6900/10000
2024-12-23 15:02:25,925 - INFO - Temperature 600K - Step 7000/10000
2024-12-23 15:02:33,315 - INFO - Temperature 600K - Step 7100/10000
2024-12-23 15:02:40,897 - INFO - Temperature 600K - Step 7200/10000
2024-12-23 15:02:47,933 - INFO - Temperature 600K - Step 7300/10000
2024-12-23 15:02:54,939 - INFO - Temperature 600K - Step 7400/10000
2024-12-23 15:03:01,892 - INFO - Temperature 600K - Step 7500/10000
2024-12-23 15:03:09,060 - INFO - Temperature 600K - Step 7600/10000
2024-12-23 15:03:16,561 - INFO - Temperature 600K - Step 7700/10000
2024-12-23 15:03:23,939 - INFO - Temperature 600K - Step 7800/10000
2024-12-23 15:03:31,434 - INFO - Temperature 600K - Step 7900/10000
2024-12-23 15:03:38,847 - INFO - Temperature 600K - Step 8000/10000
2024-12-23 15:03:46,194 - INFO - Temperature 600K - Step 8100/10000
2024-12-23 15:03:53,777 - INFO - Temperature 600K - Step 8200/10000
2024-12-23 15:04:00,983 - INFO - Temperature 600K - Step 8300/10000
2024-12-23 15:04:08,476 - INFO - Temperature 600K - Step 8400/10000
2024-12-23 15:04:15,972 - INFO - Temperature 600K - Step 8500/10000
2024-12-23 15:04:23,479 - INFO - Temperature 600K - Step 8600/10000
2024-12-23 15:04:30,557 - INFO - Temperature 600K - Step 8700/10000
2024-12-23 15:04:38,119 - INFO - Temperature 600K - Step 8800/10000
2024-12-23 15:04:45,481 - INFO - Temperature 600K - Step 8900/10000
2024-12-23 15:04:52,969 - INFO - Temperature 600K - Step 9000/10000
2024-12-23 15:05:00,351 - INFO - Temperature 600K - Step 9100/10000
2024-12-23 15:05:07,614 - INFO - Temperature 600K - Step 9200/10000
2024-12-23 15:05:15,124 - INFO - Temperature 600K - Step 9300/10000
2024-12-23 15:05:22,610 - INFO - Temperature 600K - Step 9400/10000
2024-12-23 15:05:29,875 - INFO - Temperature 600K - Step 9500/10000
2024-12-23 15:05:37,393 - INFO - Temperature 600K - Step 9600/10000
2024-12-23 15:05:44,862 - INFO - Temperature 600K - Step 9700/10000
2024-12-23 15:05:52,244 - INFO - Temperature 600K - Step 9800/10000
2024-12-23 15:05:59,599 - INFO - Temperature 600K - Step 9900/10000
2024-12-23 15:06:07,176 - INFO - Simulation at 600K completed
2024-12-23 15:06:07,176 - INFO - 
Starting simulation at 700K...
2024-12-23 15:06:07,177 - INFO - Assigning initial velocities at 700K
2024-12-23 15:06:07,177 - INFO - Initializing MD simulation...
2024-12-23 15:06:07,207 - INFO - Running MD at 700K...
2024-12-23 15:06:07,306 - INFO - Temperature 700K - Step 0/10000
2024-12-23 15:06:14,290 - INFO - Temperature 700K - Step 100/10000
2024-12-23 15:06:21,827 - INFO - Temperature 700K - Step 200/10000
2024-12-23 15:06:29,406 - INFO - Temperature 700K - Step 300/10000
2024-12-23 15:06:36,724 - INFO - Temperature 700K - Step 400/10000
2024-12-23 15:06:44,324 - INFO - Temperature 700K - Step 500/10000
2024-12-23 15:06:51,853 - INFO - Temperature 700K - Step 600/10000
2024-12-23 15:06:59,221 - INFO - Temperature 700K - Step 700/10000
2024-12-23 15:07:06,872 - INFO - Temperature 700K - Step 800/10000
2024-12-23 15:07:14,218 - INFO - Temperature 700K - Step 900/10000
2024-12-23 15:07:21,679 - INFO - Temperature 700K - Step 1000/10000
2024-12-23 15:07:29,176 - INFO - Temperature 700K - Step 1100/10000
2024-12-23 15:07:36,378 - INFO - Temperature 700K - Step 1200/10000
2024-12-23 15:07:44,019 - INFO - Temperature 700K - Step 1300/10000
2024-12-23 15:07:51,551 - INFO - Temperature 700K - Step 1400/10000
2024-12-23 15:07:58,742 - INFO - Temperature 700K - Step 1500/10000
2024-12-23 15:08:06,270 - INFO - Temperature 700K - Step 1600/10000
2024-12-23 15:08:13,820 - INFO - Temperature 700K - Step 1700/10000
2024-12-23 15:08:21,185 - INFO - Temperature 700K - Step 1800/10000
2024-12-23 15:08:28,297 - INFO - Temperature 700K - Step 1900/10000
2024-12-23 15:08:35,751 - INFO - Temperature 700K - Step 2000/10000
2024-12-23 15:08:43,287 - INFO - Temperature 700K - Step 2100/10000
2024-12-23 15:08:50,842 - INFO - Temperature 700K - Step 2200/10000
2024-12-23 15:08:58,205 - INFO - Temperature 700K - Step 2300/10000
2024-12-23 15:09:05,765 - INFO - Temperature 700K - Step 2400/10000
2024-12-23 15:09:13,189 - INFO - Temperature 700K - Step 2500/10000
2024-12-23 15:09:20,548 - INFO - Temperature 700K - Step 2600/10000
2024-12-23 15:09:27,968 - INFO - Temperature 700K - Step 2700/10000
2024-12-23 15:09:35,395 - INFO - Temperature 700K - Step 2800/10000
2024-12-23 15:09:43,004 - INFO - Temperature 700K - Step 2900/10000
2024-12-23 15:09:50,386 - INFO - Temperature 700K - Step 3000/10000
2024-12-23 15:09:57,913 - INFO - Temperature 700K - Step 3100/10000
2024-12-23 15:10:05,381 - INFO - Temperature 700K - Step 3200/10000
2024-12-23 15:10:12,551 - INFO - Temperature 700K - Step 3300/10000
2024-12-23 15:10:20,122 - INFO - Temperature 700K - Step 3400/10000
2024-12-23 15:10:27,515 - INFO - Temperature 700K - Step 3500/10000
2024-12-23 15:10:35,090 - INFO - Temperature 700K - Step 3600/10000
2024-12-23 15:10:42,301 - INFO - Temperature 700K - Step 3700/10000
2024-12-23 15:10:49,460 - INFO - Temperature 700K - Step 3800/10000
2024-12-23 15:10:57,244 - INFO - Temperature 700K - Step 3900/10000
2024-12-23 15:11:04,737 - INFO - Temperature 700K - Step 4000/10000
2024-12-23 15:11:12,239 - INFO - Temperature 700K - Step 4100/10000
2024-12-23 15:11:19,746 - INFO - Temperature 700K - Step 4200/10000
2024-12-23 15:11:26,936 - INFO - Temperature 700K - Step 4300/10000
2024-12-23 15:11:34,706 - INFO - Temperature 700K - Step 4400/10000
2024-12-23 15:11:42,102 - INFO - Temperature 700K - Step 4500/10000
2024-12-23 15:11:49,398 - INFO - Temperature 700K - Step 4600/10000
2024-12-23 15:11:56,389 - INFO - Temperature 700K - Step 4700/10000
2024-12-23 15:12:03,389 - INFO - Temperature 700K - Step 4800/10000
2024-12-23 15:12:10,728 - INFO - Temperature 700K - Step 4900/10000
2024-12-23 15:12:18,315 - INFO - Temperature 700K - Step 5000/10000
2024-12-23 15:12:25,807 - INFO - Temperature 700K - Step 5100/10000
2024-12-23 15:12:33,308 - INFO - Temperature 700K - Step 5200/10000
2024-12-23 15:12:40,758 - INFO - Temperature 700K - Step 5300/10000
2024-12-23 15:12:48,072 - INFO - Temperature 700K - Step 5400/10000
2024-12-23 15:12:55,527 - INFO - Temperature 700K - Step 5500/10000
2024-12-23 15:13:02,597 - INFO - Temperature 700K - Step 5600/10000
2024-12-23 15:13:10,031 - INFO - Temperature 700K - Step 5700/10000
2024-12-23 15:13:17,531 - INFO - Temperature 700K - Step 5800/10000
2024-12-23 15:13:24,975 - INFO - Temperature 700K - Step 5900/10000
2024-12-23 15:13:32,383 - INFO - Temperature 700K - Step 6000/10000
2024-12-23 15:13:39,869 - INFO - Temperature 700K - Step 6100/10000
2024-12-23 15:13:47,213 - INFO - Temperature 700K - Step 6200/10000
2024-12-23 15:13:54,717 - INFO - Temperature 700K - Step 6300/10000
2024-12-23 15:14:02,146 - INFO - Temperature 700K - Step 6400/10000
2024-12-23 15:14:09,603 - INFO - Temperature 700K - Step 6500/10000
2024-12-23 15:14:16,942 - INFO - Temperature 700K - Step 6600/10000
2024-12-23 15:14:24,563 - INFO - Temperature 700K - Step 6700/10000
2024-12-23 15:14:31,910 - INFO - Temperature 700K - Step 6800/10000
2024-12-23 15:14:39,523 - INFO - Temperature 700K - Step 6900/10000
2024-12-23 15:14:46,823 - INFO - Temperature 700K - Step 7000/10000
2024-12-23 15:14:54,223 - INFO - Temperature 700K - Step 7100/10000
2024-12-23 15:15:01,850 - INFO - Temperature 700K - Step 7200/10000
2024-12-23 15:15:09,213 - INFO - Temperature 700K - Step 7300/10000
2024-12-23 15:15:16,397 - INFO - Temperature 700K - Step 7400/10000
2024-12-23 15:15:23,992 - INFO - Temperature 700K - Step 7500/10000
2024-12-23 15:15:31,084 - INFO - Temperature 700K - Step 7600/10000
2024-12-23 15:15:38,768 - INFO - Temperature 700K - Step 7700/10000
2024-12-23 15:15:46,320 - INFO - Temperature 700K - Step 7800/10000
2024-12-23 15:15:53,801 - INFO - Temperature 700K - Step 7900/10000
2024-12-23 15:16:01,402 - INFO - Temperature 700K - Step 8000/10000
2024-12-23 15:16:08,575 - INFO - Temperature 700K - Step 8100/10000
2024-12-23 15:16:16,167 - INFO - Temperature 700K - Step 8200/10000
2024-12-23 15:16:23,715 - INFO - Temperature 700K - Step 8300/10000
2024-12-23 15:16:31,220 - INFO - Temperature 700K - Step 8400/10000
2024-12-23 15:16:38,782 - INFO - Temperature 700K - Step 8500/10000
2024-12-23 15:16:46,304 - INFO - Temperature 700K - Step 8600/10000
2024-12-23 15:16:53,910 - INFO - Temperature 700K - Step 8700/10000
2024-12-23 15:17:01,272 - INFO - Temperature 700K - Step 8800/10000
2024-12-23 15:17:08,840 - INFO - Temperature 700K - Step 8900/10000
2024-12-23 15:17:16,282 - INFO - Temperature 700K - Step 9000/10000
2024-12-23 15:17:23,773 - INFO - Temperature 700K - Step 9100/10000
2024-12-23 15:17:30,995 - INFO - Temperature 700K - Step 9200/10000
2024-12-23 15:17:38,354 - INFO - Temperature 700K - Step 9300/10000
2024-12-23 15:17:45,829 - INFO - Temperature 700K - Step 9400/10000
2024-12-23 15:17:53,412 - INFO - Temperature 700K - Step 9500/10000
2024-12-23 15:18:01,054 - INFO - Temperature 700K - Step 9600/10000
2024-12-23 15:18:08,570 - INFO - Temperature 700K - Step 9700/10000
2024-12-23 15:18:16,119 - INFO - Temperature 700K - Step 9800/10000
2024-12-23 15:18:23,508 - INFO - Temperature 700K - Step 9900/10000
2024-12-23 15:18:30,953 - INFO - Simulation at 700K completed
2024-12-23 15:18:30,953 - INFO - 
Starting simulation at 800K...
2024-12-23 15:18:30,955 - INFO - Assigning initial velocities at 800K
2024-12-23 15:18:30,955 - INFO - Initializing MD simulation...
2024-12-23 15:18:30,988 - INFO - Running MD at 800K...
2024-12-23 15:18:31,121 - INFO - Temperature 800K - Step 0/10000
2024-12-23 15:18:38,578 - INFO - Temperature 800K - Step 100/10000
2024-12-23 15:18:46,019 - INFO - Temperature 800K - Step 200/10000
2024-12-23 15:18:53,781 - INFO - Temperature 800K - Step 300/10000
2024-12-23 15:19:00,938 - INFO - Temperature 800K - Step 400/10000
2024-12-23 15:19:07,851 - INFO - Temperature 800K - Step 500/10000
2024-12-23 15:19:14,758 - INFO - Temperature 800K - Step 600/10000
2024-12-23 15:19:22,283 - INFO - Temperature 800K - Step 700/10000
2024-12-23 15:19:29,885 - INFO - Temperature 800K - Step 800/10000
2024-12-23 15:19:37,013 - INFO - Temperature 800K - Step 900/10000
2024-12-23 15:19:44,291 - INFO - Temperature 800K - Step 1000/10000
2024-12-23 15:19:52,060 - INFO - Temperature 800K - Step 1100/10000
2024-12-23 15:19:59,436 - INFO - Temperature 800K - Step 1200/10000
2024-12-23 15:20:07,016 - INFO - Temperature 800K - Step 1300/10000
2024-12-23 15:20:14,443 - INFO - Temperature 800K - Step 1400/10000
2024-12-23 15:20:22,082 - INFO - Temperature 800K - Step 1500/10000
2024-12-23 15:20:29,416 - INFO - Temperature 800K - Step 1600/10000
2024-12-23 15:20:37,000 - INFO - Temperature 800K - Step 1700/10000
2024-12-23 15:20:44,394 - INFO - Temperature 800K - Step 1800/10000
2024-12-23 15:20:51,916 - INFO - Temperature 800K - Step 1900/10000
2024-12-23 15:20:59,616 - INFO - Temperature 800K - Step 2000/10000
2024-12-23 15:21:07,268 - INFO - Temperature 800K - Step 2100/10000
2024-12-23 15:21:14,496 - INFO - Temperature 800K - Step 2200/10000
2024-12-23 15:21:22,069 - INFO - Temperature 800K - Step 2300/10000
2024-12-23 15:21:29,696 - INFO - Temperature 800K - Step 2400/10000
2024-12-23 15:21:37,094 - INFO - Temperature 800K - Step 2500/10000
2024-12-23 15:21:44,706 - INFO - Temperature 800K - Step 2600/10000
2024-12-23 15:21:51,971 - INFO - Temperature 800K - Step 2700/10000
2024-12-23 15:21:59,324 - INFO - Temperature 800K - Step 2800/10000
2024-12-23 15:22:07,017 - INFO - Temperature 800K - Step 2900/10000
2024-12-23 15:22:14,479 - INFO - Temperature 800K - Step 3000/10000
2024-12-23 15:22:21,962 - INFO - Temperature 800K - Step 3100/10000
2024-12-23 15:22:29,568 - INFO - Temperature 800K - Step 3200/10000
2024-12-23 15:22:37,107 - INFO - Temperature 800K - Step 3300/10000
2024-12-23 15:22:44,591 - INFO - Temperature 800K - Step 3400/10000
2024-12-23 15:22:52,180 - INFO - Temperature 800K - Step 3500/10000
2024-12-23 15:22:59,687 - INFO - Temperature 800K - Step 3600/10000
2024-12-23 15:23:06,993 - INFO - Temperature 800K - Step 3700/10000
2024-12-23 15:23:14,590 - INFO - Temperature 800K - Step 3800/10000
2024-12-23 15:23:22,004 - INFO - Temperature 800K - Step 3900/10000
2024-12-23 15:23:29,536 - INFO - Temperature 800K - Step 4000/10000
2024-12-23 15:23:36,940 - INFO - Temperature 800K - Step 4100/10000
2024-12-23 15:23:44,351 - INFO - Temperature 800K - Step 4200/10000
2024-12-23 15:23:51,901 - INFO - Temperature 800K - Step 4300/10000
2024-12-23 15:23:58,966 - INFO - Temperature 800K - Step 4400/10000
2024-12-23 15:24:06,560 - INFO - Temperature 800K - Step 4500/10000
2024-12-23 15:24:13,978 - INFO - Temperature 800K - Step 4600/10000
2024-12-23 15:24:21,673 - INFO - Temperature 800K - Step 4700/10000
2024-12-23 15:24:29,167 - INFO - Temperature 800K - Step 4800/10000
2024-12-23 15:24:36,666 - INFO - Temperature 800K - Step 4900/10000
2024-12-23 15:24:44,080 - INFO - Temperature 800K - Step 5000/10000
2024-12-23 15:24:51,151 - INFO - Temperature 800K - Step 5100/10000
2024-12-23 15:24:58,259 - INFO - Temperature 800K - Step 5200/10000
2024-12-23 15:25:05,281 - INFO - Temperature 800K - Step 5300/10000
2024-12-23 15:25:12,793 - INFO - Temperature 800K - Step 5400/10000
2024-12-23 15:25:20,174 - INFO - Temperature 800K - Step 5500/10000
2024-12-23 15:25:27,543 - INFO - Temperature 800K - Step 5600/10000
2024-12-23 15:25:35,183 - INFO - Temperature 800K - Step 5700/10000
2024-12-23 15:25:42,647 - INFO - Temperature 800K - Step 5800/10000
2024-12-23 15:25:50,217 - INFO - Temperature 800K - Step 5900/10000
2024-12-23 15:25:57,878 - INFO - Temperature 800K - Step 6000/10000
2024-12-23 15:26:05,206 - INFO - Temperature 800K - Step 6100/10000
2024-12-23 15:26:12,204 - INFO - Temperature 800K - Step 6200/10000
2024-12-23 15:26:19,710 - INFO - Temperature 800K - Step 6300/10000
2024-12-23 15:26:27,228 - INFO - Temperature 800K - Step 6400/10000
2024-12-23 15:26:35,011 - INFO - Temperature 800K - Step 6500/10000
2024-12-23 15:26:42,223 - INFO - Temperature 800K - Step 6600/10000
2024-12-23 15:26:49,670 - INFO - Temperature 800K - Step 6700/10000
2024-12-23 15:26:57,334 - INFO - Temperature 800K - Step 6800/10000
2024-12-23 15:27:04,773 - INFO - Temperature 800K - Step 6900/10000
2024-12-23 15:27:12,442 - INFO - Temperature 800K - Step 7000/10000
2024-12-23 15:27:19,993 - INFO - Temperature 800K - Step 7100/10000
2024-12-23 15:27:27,183 - INFO - Temperature 800K - Step 7200/10000
2024-12-23 15:27:34,764 - INFO - Temperature 800K - Step 7300/10000
2024-12-23 15:27:42,397 - INFO - Temperature 800K - Step 7400/10000
2024-12-23 15:27:49,744 - INFO - Temperature 800K - Step 7500/10000
2024-12-23 15:27:57,424 - INFO - Temperature 800K - Step 7600/10000
2024-12-23 15:28:04,945 - INFO - Temperature 800K - Step 7700/10000
2024-12-23 15:28:12,340 - INFO - Temperature 800K - Step 7800/10000
2024-12-23 15:28:19,842 - INFO - Temperature 800K - Step 7900/10000
2024-12-23 15:28:27,170 - INFO - Temperature 800K - Step 8000/10000
2024-12-23 15:28:34,539 - INFO - Temperature 800K - Step 8100/10000
2024-12-23 15:28:42,216 - INFO - Temperature 800K - Step 8200/10000
2024-12-23 15:28:49,743 - INFO - Temperature 800K - Step 8300/10000
2024-12-23 15:28:56,992 - INFO - Temperature 800K - Step 8400/10000
2024-12-23 15:29:04,688 - INFO - Temperature 800K - Step 8500/10000
2024-12-23 15:29:12,185 - INFO - Temperature 800K - Step 8600/10000
2024-12-23 15:29:19,742 - INFO - Temperature 800K - Step 8700/10000
2024-12-23 15:29:27,345 - INFO - Temperature 800K - Step 8800/10000
2024-12-23 15:29:34,763 - INFO - Temperature 800K - Step 8900/10000
2024-12-23 15:29:42,400 - INFO - Temperature 800K - Step 9000/10000
2024-12-23 15:29:49,994 - INFO - Temperature 800K - Step 9100/10000
2024-12-23 15:29:57,585 - INFO - Temperature 800K - Step 9200/10000
2024-12-23 15:30:04,982 - INFO - Temperature 800K - Step 9300/10000
2024-12-23 15:30:12,447 - INFO - Temperature 800K - Step 9400/10000
2024-12-23 15:30:19,961 - INFO - Temperature 800K - Step 9500/10000
2024-12-23 15:30:27,454 - INFO - Temperature 800K - Step 9600/10000
2024-12-23 15:30:34,506 - INFO - Temperature 800K - Step 9700/10000
2024-12-23 15:30:41,180 - INFO - Temperature 800K - Step 9800/10000
2024-12-23 15:30:48,279 - INFO - Temperature 800K - Step 9900/10000
2024-12-23 15:30:55,626 - INFO - Simulation at 800K completed
2024-12-23 15:30:55,626 - INFO - 
Starting simulation at 900K...
2024-12-23 15:30:55,627 - INFO - Assigning initial velocities at 900K
2024-12-23 15:30:55,627 - INFO - Initializing MD simulation...
2024-12-23 15:30:55,898 - INFO - Running MD at 900K...
2024-12-23 15:30:56,031 - INFO - Temperature 900K - Step 0/10000
2024-12-23 15:31:03,303 - INFO - Temperature 900K - Step 100/10000
2024-12-23 15:31:10,839 - INFO - Temperature 900K - Step 200/10000
2024-12-23 15:31:18,456 - INFO - Temperature 900K - Step 300/10000
2024-12-23 15:31:25,965 - INFO - Temperature 900K - Step 400/10000
2024-12-23 15:31:33,535 - INFO - Temperature 900K - Step 500/10000
2024-12-23 15:31:41,141 - INFO - Temperature 900K - Step 600/10000
2024-12-23 15:31:48,306 - INFO - Temperature 900K - Step 700/10000
2024-12-23 15:31:55,935 - INFO - Temperature 900K - Step 800/10000
2024-12-23 15:32:03,443 - INFO - Temperature 900K - Step 900/10000
2024-12-23 15:32:11,033 - INFO - Temperature 900K - Step 1000/10000
2024-12-23 15:32:18,620 - INFO - Temperature 900K - Step 1100/10000
2024-12-23 15:32:25,860 - INFO - Temperature 900K - Step 1200/10000
2024-12-23 15:32:33,510 - INFO - Temperature 900K - Step 1300/10000
2024-12-23 15:32:41,138 - INFO - Temperature 900K - Step 1400/10000
2024-12-23 15:32:48,480 - INFO - Temperature 900K - Step 1500/10000
2024-12-23 15:32:55,752 - INFO - Temperature 900K - Step 1600/10000
2024-12-23 15:33:03,472 - INFO - Temperature 900K - Step 1700/10000
2024-12-23 15:33:10,941 - INFO - Temperature 900K - Step 1800/10000
2024-12-23 15:33:18,531 - INFO - Temperature 900K - Step 1900/10000
2024-12-23 15:33:26,313 - INFO - Temperature 900K - Step 2000/10000
2024-12-23 15:33:33,954 - INFO - Temperature 900K - Step 2100/10000
2024-12-23 15:33:41,677 - INFO - Temperature 900K - Step 2200/10000
2024-12-23 15:33:49,461 - INFO - Temperature 900K - Step 2300/10000
2024-12-23 15:33:56,734 - INFO - Temperature 900K - Step 2400/10000
2024-12-23 15:34:04,448 - INFO - Temperature 900K - Step 2500/10000
2024-12-23 15:34:12,147 - INFO - Temperature 900K - Step 2600/10000
2024-12-23 15:34:19,618 - INFO - Temperature 900K - Step 2700/10000
2024-12-23 15:34:27,282 - INFO - Temperature 900K - Step 2800/10000
2024-12-23 15:34:34,676 - INFO - Temperature 900K - Step 2900/10000
2024-12-23 15:34:42,382 - INFO - Temperature 900K - Step 3000/10000
2024-12-23 15:34:50,066 - INFO - Temperature 900K - Step 3100/10000
2024-12-23 15:34:57,541 - INFO - Temperature 900K - Step 3200/10000
2024-12-23 15:35:05,201 - INFO - Temperature 900K - Step 3300/10000
2024-12-23 15:35:12,725 - INFO - Temperature 900K - Step 3400/10000
2024-12-23 15:35:21,051 - INFO - Temperature 900K - Step 3500/10000
2024-12-23 15:35:28,918 - INFO - Temperature 900K - Step 3600/10000
2024-12-23 15:35:37,093 - INFO - Temperature 900K - Step 3700/10000
2024-12-23 15:35:45,296 - INFO - Temperature 900K - Step 3800/10000
2024-12-23 15:35:53,332 - INFO - Temperature 900K - Step 3900/10000
2024-12-23 15:36:01,557 - INFO - Temperature 900K - Step 4000/10000
2024-12-23 15:36:09,802 - INFO - Temperature 900K - Step 4100/10000
2024-12-23 15:36:17,826 - INFO - Temperature 900K - Step 4200/10000
2024-12-23 15:36:25,864 - INFO - Temperature 900K - Step 4300/10000
2024-12-23 15:36:34,089 - INFO - Temperature 900K - Step 4400/10000
2024-12-23 15:36:42,144 - INFO - Temperature 900K - Step 4500/10000
2024-12-23 15:36:50,375 - INFO - Temperature 900K - Step 4600/10000
2024-12-23 15:36:58,611 - INFO - Temperature 900K - Step 4700/10000
2024-12-23 15:37:06,745 - INFO - Temperature 900K - Step 4800/10000
2024-12-23 15:37:14,608 - INFO - Temperature 900K - Step 4900/10000
2024-12-23 15:37:22,539 - INFO - Temperature 900K - Step 5000/10000
2024-12-23 15:37:30,416 - INFO - Temperature 900K - Step 5100/10000
2024-12-23 15:37:38,122 - INFO - Temperature 900K - Step 5200/10000
2024-12-23 15:37:45,676 - INFO - Temperature 900K - Step 5300/10000
2024-12-23 15:37:53,909 - INFO - Temperature 900K - Step 5400/10000
2024-12-23 15:38:02,031 - INFO - Temperature 900K - Step 5500/10000
2024-12-23 15:38:10,329 - INFO - Temperature 900K - Step 5600/10000
2024-12-23 15:38:18,622 - INFO - Temperature 900K - Step 5700/10000
2024-12-23 15:38:26,728 - INFO - Temperature 900K - Step 5800/10000
2024-12-23 15:38:34,776 - INFO - Temperature 900K - Step 5900/10000
2024-12-23 15:38:42,813 - INFO - Temperature 900K - Step 6000/10000
2024-12-23 15:38:50,990 - INFO - Temperature 900K - Step 6100/10000
2024-12-23 15:38:59,112 - INFO - Temperature 900K - Step 6200/10000
2024-12-23 15:39:07,498 - INFO - Temperature 900K - Step 6300/10000
2024-12-23 15:39:15,721 - INFO - Temperature 900K - Step 6400/10000
2024-12-23 15:39:23,879 - INFO - Temperature 900K - Step 6500/10000
2024-12-23 15:39:31,949 - INFO - Temperature 900K - Step 6600/10000
2024-12-23 15:39:39,626 - INFO - Temperature 900K - Step 6700/10000
2024-12-23 15:39:47,247 - INFO - Temperature 900K - Step 6800/10000
2024-12-23 15:39:54,933 - INFO - Temperature 900K - Step 6900/10000
2024-12-23 15:40:02,429 - INFO - Temperature 900K - Step 7000/10000
2024-12-23 15:40:10,021 - INFO - Temperature 900K - Step 7100/10000
2024-12-23 15:40:17,616 - INFO - Temperature 900K - Step 7200/10000
2024-12-23 15:40:25,327 - INFO - Temperature 900K - Step 7300/10000
2024-12-23 15:40:32,634 - INFO - Temperature 900K - Step 7400/10000
2024-12-23 15:40:39,834 - INFO - Temperature 900K - Step 7500/10000
2024-12-23 15:40:46,799 - INFO - Temperature 900K - Step 7600/10000
2024-12-23 15:40:54,315 - INFO - Temperature 900K - Step 7700/10000
2024-12-23 15:41:02,082 - INFO - Temperature 900K - Step 7800/10000
2024-12-23 15:41:09,612 - INFO - Temperature 900K - Step 7900/10000
2024-12-23 15:41:17,353 - INFO - Temperature 900K - Step 8000/10000
2024-12-23 15:41:24,999 - INFO - Temperature 900K - Step 8100/10000
2024-12-23 15:41:32,691 - INFO - Temperature 900K - Step 8200/10000
2024-12-23 15:41:40,450 - INFO - Temperature 900K - Step 8300/10000
2024-12-23 15:41:48,079 - INFO - Temperature 900K - Step 8400/10000
2024-12-23 15:41:55,664 - INFO - Temperature 900K - Step 8500/10000
2024-12-23 15:42:03,680 - INFO - Temperature 900K - Step 8600/10000
2024-12-23 15:42:11,979 - INFO - Temperature 900K - Step 8700/10000
2024-12-23 15:42:20,234 - INFO - Temperature 900K - Step 8800/10000
2024-12-23 15:42:28,365 - INFO - Temperature 900K - Step 8900/10000
2024-12-23 15:42:36,306 - INFO - Temperature 900K - Step 9000/10000
2024-12-23 15:42:44,437 - INFO - Temperature 900K - Step 9100/10000
2024-12-23 15:42:52,534 - INFO - Temperature 900K - Step 9200/10000
2024-12-23 15:43:00,805 - INFO - Temperature 900K - Step 9300/10000
2024-12-23 15:43:09,053 - INFO - Temperature 900K - Step 9400/10000
2024-12-23 15:43:17,097 - INFO - Temperature 900K - Step 9500/10000
2024-12-23 15:43:25,275 - INFO - Temperature 900K - Step 9600/10000
2024-12-23 15:43:33,178 - INFO - Temperature 900K - Step 9700/10000
2024-12-23 15:43:41,408 - INFO - Temperature 900K - Step 9800/10000
2024-12-23 15:43:49,726 - INFO - Temperature 900K - Step 9900/10000
2024-12-23 15:43:57,730 - INFO - Simulation at 900K completed
2024-12-23 15:43:57,731 - INFO - 
Starting simulation at 1000K...
2024-12-23 15:43:57,731 - INFO - Assigning initial velocities at 1000K
2024-12-23 15:43:57,732 - INFO - Initializing MD simulation...
2024-12-23 15:43:57,764 - INFO - Running MD at 1000K...
2024-12-23 15:43:57,879 - INFO - Temperature 1000K - Step 0/10000
2024-12-23 15:44:05,915 - INFO - Temperature 1000K - Step 100/10000
2024-12-23 15:44:13,978 - INFO - Temperature 1000K - Step 200/10000
2024-12-23 15:44:22,251 - INFO - Temperature 1000K - Step 300/10000
2024-12-23 15:44:30,373 - INFO - Temperature 1000K - Step 400/10000
2024-12-23 15:44:38,496 - INFO - Temperature 1000K - Step 500/10000
2024-12-23 15:44:46,910 - INFO - Temperature 1000K - Step 600/10000
2024-12-23 15:44:54,993 - INFO - Temperature 1000K - Step 700/10000
2024-12-23 15:45:03,270 - INFO - Temperature 1000K - Step 800/10000
2024-12-23 15:45:11,239 - INFO - Temperature 1000K - Step 900/10000
2024-12-23 15:45:19,506 - INFO - Temperature 1000K - Step 1000/10000
2024-12-23 15:45:27,690 - INFO - Temperature 1000K - Step 1100/10000
2024-12-23 15:45:36,124 - INFO - Temperature 1000K - Step 1200/10000
2024-12-23 15:45:44,405 - INFO - Temperature 1000K - Step 1300/10000
2024-12-23 15:45:52,188 - INFO - Temperature 1000K - Step 1400/10000
2024-12-23 15:46:00,037 - INFO - Temperature 1000K - Step 1500/10000
2024-12-23 15:46:07,708 - INFO - Temperature 1000K - Step 1600/10000
2024-12-23 15:46:15,787 - INFO - Temperature 1000K - Step 1700/10000
2024-12-23 15:46:23,791 - INFO - Temperature 1000K - Step 1800/10000
2024-12-23 15:46:31,982 - INFO - Temperature 1000K - Step 1900/10000
2024-12-23 15:46:40,091 - INFO - Temperature 1000K - Step 2000/10000
2024-12-23 15:46:48,071 - INFO - Temperature 1000K - Step 2100/10000
2024-12-23 15:46:56,376 - INFO - Temperature 1000K - Step 2200/10000
2024-12-23 15:47:04,609 - INFO - Temperature 1000K - Step 2300/10000
2024-12-23 15:47:12,877 - INFO - Temperature 1000K - Step 2400/10000
2024-12-23 15:47:21,199 - INFO - Temperature 1000K - Step 2500/10000
2024-12-23 15:47:29,287 - INFO - Temperature 1000K - Step 2600/10000
2024-12-23 15:47:37,344 - INFO - Temperature 1000K - Step 2700/10000
2024-12-23 15:47:46,455 - INFO - Temperature 1000K - Step 2800/10000
2024-12-23 15:47:55,448 - INFO - Temperature 1000K - Step 2900/10000
2024-12-23 15:48:03,815 - INFO - Temperature 1000K - Step 3000/10000
2024-12-23 15:48:11,699 - INFO - Temperature 1000K - Step 3100/10000
2024-12-23 15:48:20,082 - INFO - Temperature 1000K - Step 3200/10000
2024-12-23 15:48:28,192 - INFO - Temperature 1000K - Step 3300/10000
2024-12-23 15:48:36,052 - INFO - Temperature 1000K - Step 3400/10000
2024-12-23 15:48:43,818 - INFO - Temperature 1000K - Step 3500/10000
2024-12-23 15:48:51,199 - INFO - Temperature 1000K - Step 3600/10000
2024-12-23 15:48:58,912 - INFO - Temperature 1000K - Step 3700/10000
2024-12-23 15:49:06,407 - INFO - Temperature 1000K - Step 3800/10000
2024-12-23 15:49:14,232 - INFO - Temperature 1000K - Step 3900/10000
2024-12-23 15:49:21,945 - INFO - Temperature 1000K - Step 4000/10000
2024-12-23 15:49:29,464 - INFO - Temperature 1000K - Step 4100/10000
2024-12-23 15:49:37,198 - INFO - Temperature 1000K - Step 4200/10000
2024-12-23 15:49:45,063 - INFO - Temperature 1000K - Step 4300/10000
2024-12-23 15:49:52,714 - INFO - Temperature 1000K - Step 4400/10000
2024-12-23 15:50:00,589 - INFO - Temperature 1000K - Step 4500/10000
2024-12-23 15:50:08,331 - INFO - Temperature 1000K - Step 4600/10000
2024-12-23 15:50:16,126 - INFO - Temperature 1000K - Step 4700/10000
2024-12-23 15:50:23,521 - INFO - Temperature 1000K - Step 4800/10000
2024-12-23 15:50:30,909 - INFO - Temperature 1000K - Step 4900/10000
2024-12-23 15:50:38,140 - INFO - Temperature 1000K - Step 5000/10000
2024-12-23 15:50:45,952 - INFO - Temperature 1000K - Step 5100/10000
2024-12-23 15:50:53,189 - INFO - Temperature 1000K - Step 5200/10000
2024-12-23 15:51:00,973 - INFO - Temperature 1000K - Step 5300/10000
2024-12-23 15:51:08,766 - INFO - Temperature 1000K - Step 5400/10000
2024-12-23 15:51:16,403 - INFO - Temperature 1000K - Step 5500/10000
2024-12-23 15:51:24,252 - INFO - Temperature 1000K - Step 5600/10000
2024-12-23 15:51:31,998 - INFO - Temperature 1000K - Step 5700/10000
2024-12-23 15:51:39,853 - INFO - Temperature 1000K - Step 5800/10000
2024-12-23 15:51:47,757 - INFO - Temperature 1000K - Step 5900/10000
2024-12-23 15:51:55,181 - INFO - Temperature 1000K - Step 6000/10000
2024-12-23 15:52:03,004 - INFO - Temperature 1000K - Step 6100/10000
2024-12-23 15:52:10,629 - INFO - Temperature 1000K - Step 6200/10000
2024-12-23 15:52:18,475 - INFO - Temperature 1000K - Step 6300/10000
2024-12-23 15:52:26,246 - INFO - Temperature 1000K - Step 6400/10000
2024-12-23 15:52:33,835 - INFO - Temperature 1000K - Step 6500/10000
2024-12-23 15:52:41,535 - INFO - Temperature 1000K - Step 6600/10000
2024-12-23 15:52:49,427 - INFO - Temperature 1000K - Step 6700/10000
2024-12-23 15:52:57,107 - INFO - Temperature 1000K - Step 6800/10000
2024-12-23 15:53:04,538 - INFO - Temperature 1000K - Step 6900/10000
2024-12-23 15:53:12,320 - INFO - Temperature 1000K - Step 7000/10000
2024-12-23 15:53:20,013 - INFO - Temperature 1000K - Step 7100/10000
2024-12-23 15:53:27,855 - INFO - Temperature 1000K - Step 7200/10000
2024-12-23 15:53:35,403 - INFO - Temperature 1000K - Step 7300/10000
2024-12-23 15:53:42,922 - INFO - Temperature 1000K - Step 7400/10000
2024-12-23 15:53:50,623 - INFO - Temperature 1000K - Step 7500/10000
2024-12-23 15:53:58,245 - INFO - Temperature 1000K - Step 7600/10000
2024-12-23 15:54:05,965 - INFO - Temperature 1000K - Step 7700/10000
2024-12-23 15:54:13,827 - INFO - Temperature 1000K - Step 7800/10000
2024-12-23 15:54:21,320 - INFO - Temperature 1000K - Step 7900/10000
2024-12-23 15:54:29,216 - INFO - Temperature 1000K - Step 8000/10000
2024-12-23 15:54:36,984 - INFO - Temperature 1000K - Step 8100/10000
2024-12-23 15:54:44,596 - INFO - Temperature 1000K - Step 8200/10000
2024-12-23 15:54:52,053 - INFO - Temperature 1000K - Step 8300/10000
2024-12-23 15:54:59,284 - INFO - Temperature 1000K - Step 8400/10000
2024-12-23 15:55:06,430 - INFO - Temperature 1000K - Step 8500/10000
2024-12-23 15:55:14,063 - INFO - Temperature 1000K - Step 8600/10000
2024-12-23 15:55:21,813 - INFO - Temperature 1000K - Step 8700/10000
2024-12-23 15:55:29,405 - INFO - Temperature 1000K - Step 8800/10000
2024-12-23 15:55:37,197 - INFO - Temperature 1000K - Step 8900/10000
2024-12-23 15:55:45,058 - INFO - Temperature 1000K - Step 9000/10000
2024-12-23 15:55:52,733 - INFO - Temperature 1000K - Step 9100/10000
2024-12-23 15:56:00,329 - INFO - Temperature 1000K - Step 9200/10000
2024-12-23 15:56:08,014 - INFO - Temperature 1000K - Step 9300/10000
2024-12-23 15:56:15,707 - INFO - Temperature 1000K - Step 9400/10000
2024-12-23 15:56:23,367 - INFO - Temperature 1000K - Step 9500/10000
2024-12-23 15:56:31,214 - INFO - Temperature 1000K - Step 9600/10000
2024-12-23 15:56:38,840 - INFO - Temperature 1000K - Step 9700/10000
2024-12-23 15:56:46,549 - INFO - Temperature 1000K - Step 9800/10000
2024-12-23 15:56:54,301 - INFO - Temperature 1000K - Step 9900/10000
2024-12-23 15:57:02,056 - INFO - Simulation at 1000K completed
2024-12-23 15:57:02,057 - INFO - Starting MSD analysis for 2 protons
2024-12-23 15:57:02,057 - INFO - Proton indices: [135, 136]
2024-12-23 15:57:02,212 - INFO - Analyzing trajectory for 500K...
2024-12-23 15:57:02,732 - INFO - Results for 500K (x-direction):
2024-12-23 15:57:02,733 - INFO -   Diffusion coefficient: 8.6112e-05 [cm²/s]
2024-12-23 15:57:02,733 - INFO -   Maximum MSD: 4.17 Å²
2024-12-23 15:57:02,733 - INFO -   Average MSD: 1.55 Å²
2024-12-23 15:57:02,735 - INFO - Results for 500K (y-direction):
2024-12-23 15:57:02,735 - INFO -   Diffusion coefficient: 7.2918e-05 [cm²/s]
2024-12-23 15:57:02,735 - INFO -   Maximum MSD: 3.59 Å²
2024-12-23 15:57:02,736 - INFO -   Average MSD: 1.26 Å²
2024-12-23 15:57:02,737 - INFO - Results for 500K (z-direction):
2024-12-23 15:57:02,737 - INFO -   Diffusion coefficient: 3.0945e-05 [cm²/s]
2024-12-23 15:57:02,737 - INFO -   Maximum MSD: 1.70 Å²
2024-12-23 15:57:02,737 - INFO -   Average MSD: 0.68 Å²
2024-12-23 15:57:02,739 - INFO - Results for 500K (total-direction):
2024-12-23 15:57:02,739 - INFO -   Diffusion coefficient: 6.3325e-05 [cm²/s]
2024-12-23 15:57:02,739 - INFO -   Maximum MSD: 9.04 Å²
2024-12-23 15:57:02,739 - INFO -   Average MSD: 3.49 Å²
2024-12-23 15:57:02,739 - INFO - Analyzing trajectory for 600K...
2024-12-23 15:57:03,210 - INFO - Results for 600K (x-direction):
2024-12-23 15:57:03,210 - INFO -   Diffusion coefficient: 8.9962e-06 [cm²/s]
2024-12-23 15:57:03,210 - INFO -   Maximum MSD: 0.67 Å²
2024-12-23 15:57:03,210 - INFO -   Average MSD: 0.34 Å²
2024-12-23 15:57:03,212 - INFO - Results for 600K (y-direction):
2024-12-23 15:57:03,212 - INFO -   Diffusion coefficient: 3.6879e-05 [cm²/s]
2024-12-23 15:57:03,212 - INFO -   Maximum MSD: 2.59 Å²
2024-12-23 15:57:03,212 - INFO -   Average MSD: 0.96 Å²
2024-12-23 15:57:03,214 - INFO - Results for 600K (z-direction):
2024-12-23 15:57:03,214 - INFO -   Diffusion coefficient: 1.1156e-05 [cm²/s]
2024-12-23 15:57:03,214 - INFO -   Maximum MSD: 0.94 Å²
2024-12-23 15:57:03,214 - INFO -   Average MSD: 0.47 Å²
2024-12-23 15:57:03,216 - INFO - Results for 600K (total-direction):
2024-12-23 15:57:03,216 - INFO -   Diffusion coefficient: 1.9010e-05 [cm²/s]
2024-12-23 15:57:03,216 - INFO -   Maximum MSD: 3.91 Å²
2024-12-23 15:57:03,216 - INFO -   Average MSD: 1.77 Å²
2024-12-23 15:57:03,216 - INFO - Analyzing trajectory for 700K...
2024-12-23 15:57:03,680 - INFO - Results for 700K (x-direction):
2024-12-23 15:57:03,681 - INFO -   Diffusion coefficient: 8.3771e-06 [cm²/s]
2024-12-23 15:57:03,681 - INFO -   Maximum MSD: 1.10 Å²
2024-12-23 15:57:03,681 - INFO -   Average MSD: 0.54 Å²
2024-12-23 15:57:03,682 - INFO - Results for 700K (y-direction):
2024-12-23 15:57:03,683 - INFO -   Diffusion coefficient: 1.4882e-05 [cm²/s]
2024-12-23 15:57:03,683 - INFO -   Maximum MSD: 1.35 Å²
2024-12-23 15:57:03,683 - INFO -   Average MSD: 0.55 Å²
2024-12-23 15:57:03,685 - INFO - Results for 700K (z-direction):
2024-12-23 15:57:03,685 - INFO -   Diffusion coefficient: 5.1440e-06 [cm²/s]
2024-12-23 15:57:03,685 - INFO -   Maximum MSD: 0.74 Å²
2024-12-23 15:57:03,685 - INFO -   Average MSD: 0.35 Å²
2024-12-23 15:57:03,687 - INFO - Results for 700K (total-direction):
2024-12-23 15:57:03,687 - INFO -   Diffusion coefficient: 9.4675e-06 [cm²/s]
2024-12-23 15:57:03,687 - INFO -   Maximum MSD: 2.96 Å²
2024-12-23 15:57:03,687 - INFO -   Average MSD: 1.45 Å²
2024-12-23 15:57:03,687 - INFO - Analyzing trajectory for 800K...
2024-12-23 15:57:04,361 - INFO - Results for 800K (x-direction):
2024-12-23 15:57:04,362 - INFO -   Diffusion coefficient: 6.9381e-06 [cm²/s]
2024-12-23 15:57:04,362 - INFO -   Maximum MSD: 1.10 Å²
2024-12-23 15:57:04,362 - INFO -   Average MSD: 0.57 Å²
2024-12-23 15:57:04,364 - INFO - Results for 800K (y-direction):
2024-12-23 15:57:04,364 - INFO -   Diffusion coefficient: 2.2620e-05 [cm²/s]
2024-12-23 15:57:04,364 - INFO -   Maximum MSD: 1.69 Å²
2024-12-23 15:57:04,364 - INFO -   Average MSD: 0.73 Å²
2024-12-23 15:57:04,366 - INFO - Results for 800K (z-direction):
2024-12-23 15:57:04,366 - INFO -   Diffusion coefficient: 2.9256e-05 [cm²/s]
2024-12-23 15:57:04,366 - INFO -   Maximum MSD: 1.99 Å²
2024-12-23 15:57:04,366 - INFO -   Average MSD: 0.78 Å²
2024-12-23 15:57:04,368 - INFO - Results for 800K (total-direction):
2024-12-23 15:57:04,368 - INFO -   Diffusion coefficient: 1.9605e-05 [cm²/s]
2024-12-23 15:57:04,368 - INFO -   Maximum MSD: 4.23 Å²
2024-12-23 15:57:04,368 - INFO -   Average MSD: 2.08 Å²
2024-12-23 15:57:04,368 - INFO - Analyzing trajectory for 900K...
2024-12-23 15:57:04,897 - INFO - Results for 900K (x-direction):
2024-12-23 15:57:04,897 - INFO -   Diffusion coefficient: 3.3857e-05 [cm²/s]
2024-12-23 15:57:04,897 - INFO -   Maximum MSD: 3.50 Å²
2024-12-23 15:57:04,897 - INFO -   Average MSD: 1.28 Å²
2024-12-23 15:57:04,900 - INFO - Results for 900K (y-direction):
2024-12-23 15:57:04,900 - INFO -   Diffusion coefficient: 1.8527e-05 [cm²/s]
2024-12-23 15:57:04,900 - INFO -   Maximum MSD: 1.39 Å²
2024-12-23 15:57:04,900 - INFO -   Average MSD: 0.57 Å²
2024-12-23 15:57:04,902 - INFO - Results for 900K (z-direction):
2024-12-23 15:57:04,902 - INFO -   Diffusion coefficient: 5.7777e-05 [cm²/s]
2024-12-23 15:57:04,902 - INFO -   Maximum MSD: 3.34 Å²
2024-12-23 15:57:04,902 - INFO -   Average MSD: 1.93 Å²
2024-12-23 15:57:04,905 - INFO - Results for 900K (total-direction):
2024-12-23 15:57:04,905 - INFO -   Diffusion coefficient: 3.6720e-05 [cm²/s]
2024-12-23 15:57:04,905 - INFO -   Maximum MSD: 7.20 Å²
2024-12-23 15:57:04,905 - INFO -   Average MSD: 3.78 Å²
2024-12-23 15:57:04,905 - INFO - Analyzing trajectory for 1000K...
2024-12-23 15:57:05,376 - INFO - Results for 1000K (x-direction):
2024-12-23 15:57:05,376 - INFO -   Diffusion coefficient: -8.0379e-07 [cm²/s]
2024-12-23 15:57:05,376 - INFO -   Maximum MSD: 1.53 Å²
2024-12-23 15:57:05,376 - INFO -   Average MSD: 0.88 Å²
2024-12-23 15:57:05,379 - INFO - Results for 1000K (y-direction):
2024-12-23 15:57:05,379 - INFO -   Diffusion coefficient: 1.1678e-04 [cm²/s]
2024-12-23 15:57:05,379 - INFO -   Maximum MSD: 6.42 Å²
2024-12-23 15:57:05,379 - INFO -   Average MSD: 2.74 Å²
2024-12-23 15:57:05,381 - INFO - Results for 1000K (z-direction):
2024-12-23 15:57:05,381 - INFO -   Diffusion coefficient: 5.5373e-06 [cm²/s]
2024-12-23 15:57:05,381 - INFO -   Maximum MSD: 0.84 Å²
2024-12-23 15:57:05,381 - INFO -   Average MSD: 0.44 Å²
2024-12-23 15:57:05,384 - INFO - Results for 1000K (total-direction):
2024-12-23 15:57:05,384 - INFO -   Diffusion coefficient: 4.0505e-05 [cm²/s]
2024-12-23 15:57:05,384 - INFO -   Maximum MSD: 7.81 Å²
2024-12-23 15:57:05,384 - INFO -   Average MSD: 4.06 Å²
2024-12-23 15:57:05,384 - INFO -
2024-12-23 15:57:08,715 - INFO - Total Results for 500K:
2024-12-23 15:57:08,716 - INFO -   Diffusion coefficient: 0.1237e-05 [cm²/s]
2024-12-23 15:57:09,171 - INFO - Total Results for 600K:
2024-12-23 15:57:09,171 - INFO -   Diffusion coefficient: 0.9957e-05 [cm²/s]
2024-12-23 15:57:09,650 - INFO - Total Results for 700K:
2024-12-23 15:57:09,650 - INFO -   Diffusion coefficient: 1.2261e-05 [cm²/s]
2024-12-23 15:57:10,133 - INFO - Total Results for 800K:
2024-12-23 15:57:10,133 - INFO -   Diffusion coefficient: 2.0515e-05 [cm²/s]
2024-12-23 15:57:10,607 - INFO - Total Results for 900K:
2024-12-23 15:57:10,607 - INFO -   Diffusion coefficient: 3.8972e-05 [cm²/s]
2024-12-23 15:57:11,063 - INFO - Total Results for 1000K:
2024-12-23 15:57:11,063 - INFO -   Diffusion coefficient: 4.1836e-05 [cm²/s]
2024-12-23 15:57:11,670 - INFO -
All MD simulations and analysis completed successfully
