Time[ps]      Etot[eV]     Epot[eV]     Ekin[eV]    T[K]
0.0000        -1169.735    -1182.925       13.191   739.5
0.0050        -1169.757    -1182.002       12.245   686.5
0.0100        -1169.646    -1179.970       10.324   578.8
0.0150        -1169.351    -1178.153        8.802   493.5
0.0200        -1168.951    -1177.169        8.218   460.7
0.0250        -1168.506    -1176.283        7.777   436.0
0.0300        -1168.005    -1175.069        7.063   396.0
0.0350        -1167.436    -1174.001        6.565   368.0
0.0400        -1166.856    -1173.815        6.959   390.1
0.0450        -1166.344    -1174.148        7.804   437.5
0.0500        -1165.904    -1174.110        8.207   460.1
0.0550        -1165.467    -1173.413        7.946   445.5
0.0600        -1165.014    -1173.066        8.052   451.4
0.0650        -1164.606    -1173.429        8.823   494.6
0.0700        -1164.280    -1173.792        9.512   533.2
0.0750        -1163.984    -1173.251        9.267   519.5
0.0800        -1163.625    -1172.021        8.396   470.7
0.0850        -1163.194    -1171.190        7.996   448.3
0.0900        -1162.768    -1171.292        8.523   477.8
0.0950        -1162.399    -1171.371        8.972   503.0
0.1000        -1162.050    -1170.952        8.902   499.0
0.1050        -1161.675    -1170.296        8.621   483.3
0.1100        -1161.297    -1170.276        8.979   503.3
0.1150        -1160.982    -1170.797        9.816   550.3
0.1200        -1160.750    -1171.330       10.580   593.1
0.1250        -1160.580    -1171.581       11.001   616.7
0.1300        -1160.445    -1171.780       11.336   635.5
0.1350        -1160.342    -1171.964       11.621   651.5
0.1400        -1160.255    -1171.840       11.585   649.5
0.1450        -1160.150    -1171.422       11.272   631.9
0.1500        -1160.014    -1171.037       11.023   617.9
0.1550        -1159.872    -1171.042       11.170   626.2
0.1600        -1159.761    -1171.526       11.764   659.5
0.1650        -1159.716    -1171.979       12.263   687.5
0.1700        -1159.685    -1171.743       12.058   676.0
0.1750        -1159.620    -1171.282       11.662   653.8
0.1800        -1159.532    -1171.156       11.624   651.6
0.1850        -1159.447    -1171.133       11.685   655.1
0.1900        -1159.370    -1171.148       11.778   660.3
0.1950        -1159.298    -1171.098       11.800   661.5
0.2000        -1159.237    -1171.303       12.067   676.5
0.2050        -1159.211    -1171.626       12.415   696.0
0.2100        -1159.208    -1171.735       12.528   702.3
0.2150        -1159.214    -1171.839       12.625   707.8
0.2200        -1159.227    -1171.896       12.669   710.3
0.2250        -1159.247    -1172.006       12.759   715.3
0.2300        -1159.277    -1172.144       12.867   721.3
0.2350        -1159.320    -1172.307       12.988   728.1
0.2400        -1159.368    -1172.344       12.977   727.5
0.2450        -1159.414    -1172.371       12.956   726.3
0.2500        -1159.457    -1172.371       12.913   723.9
0.2550        -1159.504    -1172.569       13.065   732.4
0.2600        -1159.586    -1173.217       13.632   764.2
0.2650        -1159.733    -1174.022       14.289   801.1
0.2700        -1159.923    -1174.271       14.348   804.4
0.2750        -1160.086    -1173.748       13.663   765.9
0.2800        -1160.160    -1172.858       12.698   711.9
0.2850        -1160.155    -1172.336       12.181   682.9
0.2900        -1160.122    -1172.233       12.110   678.9
0.2950        -1160.088    -1172.204       12.117   679.3
0.3000        -1160.044    -1171.888       11.844   664.0
0.3050        -1159.963    -1171.373       11.410   639.6
0.3100        -1159.839    -1170.845       11.006   617.0
0.3150        -1159.690    -1170.672       10.982   615.6
0.3200        -1159.547    -1170.608       11.061   620.1
0.3250        -1159.409    -1170.535       11.126   623.7
0.3300        -1159.280    -1170.609       11.330   635.2
0.3350        -1159.184    -1170.974       11.791   661.0
0.3400        -1159.132    -1171.256       12.124   679.7
0.3450        -1159.100    -1171.264       12.164   681.9
0.3500        -1159.058    -1170.986       11.928   668.7
0.3550        -1158.990    -1170.618       11.628   651.9
0.3600        -1158.890    -1170.231       11.341   635.8
0.3650        -1158.773    -1170.088       11.315   634.3
0.3700        -1158.663    -1170.135       11.473   643.2
0.3750        -1158.569    -1170.193       11.624   651.7
0.3800        -1158.490    -1170.329       11.839   663.7
0.3850        -1158.439    -1170.651       12.211   684.6
0.3900        -1158.428    -1171.012       12.585   705.5
0.3950        -1158.444    -1171.208       12.763   715.5
0.4000        -1158.467    -1171.203       12.735   714.0
0.4050        -1158.490    -1171.303       12.812   718.3
0.4100        -1158.531    -1171.591       13.060   732.1
0.4150        -1158.590    -1171.673       13.083   733.5
0.4200        -1158.634    -1171.387       12.753   715.0
0.4250        -1158.642    -1171.075       12.432   697.0
0.4300        -1158.624    -1170.882       12.257   687.1
0.4350        -1158.601    -1170.917       12.316   690.4
0.4400        -1158.580    -1170.816       12.236   685.9
0.4450        -1158.541    -1170.551       12.011   673.3
0.4500        -1158.487    -1170.482       11.995   672.4
0.4550        -1158.450    -1170.780       12.330   691.3
0.4600        -1158.453    -1171.029       12.576   705.0
0.4650        -1158.457    -1170.837       12.379   694.0
0.4700        -1158.439    -1170.638       12.199   683.9
0.4750        -1158.417    -1170.828       12.411   695.8
0.4800        -1158.439    -1171.493       13.054   731.8
0.4850        -1158.522    -1172.050       13.528   758.4
0.4900        -1158.627    -1172.075       13.448   753.9
0.4950        -1158.710    -1171.897       13.186   739.2
0.5000        -1158.781    -1171.991       13.210   740.6
Time[ps]      Etot[eV]     Epot[eV]     Ekin[eV]    T[K]
0.0000        -1168.206    -1180.286       12.081   682.2
0.0050        -1168.194    -1179.397       11.204   632.7
0.0100        -1167.996    -1177.534        9.538   538.6
0.0150        -1167.638    -1175.910        8.272   467.1
0.0200        -1167.197    -1175.016        7.819   441.5
0.0250        -1166.717    -1174.173        7.456   421.0
0.0300        -1166.198    -1173.216        7.018   396.3
0.0350        -1165.642    -1172.580        6.937   391.7
0.0400        -1165.107    -1172.439        7.332   414.1
0.0450        -1164.610    -1172.239        7.629   430.8
0.0500        -1164.120    -1171.518        7.398   417.8
0.0550        -1163.599    -1170.763        7.164   404.5
0.0600        -1163.076    -1170.517        7.442   420.2
0.0650        -1162.611    -1170.877        8.266   466.8
0.0700        -1162.219    -1171.015        8.796   496.7
0.0750        -1161.859    -1170.740        8.881   501.5
0.0800        -1161.488    -1170.061        8.573   484.1
0.0850        -1161.089    -1169.559        8.470   478.3
0.0900        -1160.702    -1169.380        8.678   490.0
0.0950        -1160.316    -1168.796        8.480   478.9
0.1000        -1159.906    -1168.023        8.117   458.4
0.1050        -1159.463    -1167.587        8.124   458.8
0.1100        -1159.078    -1168.184        9.106   514.2
0.1150        -1158.789    -1168.769        9.980   563.6
0.1200        -1158.575    -1169.011       10.436   589.3
0.1250        -1158.380    -1168.975       10.595   598.3
0.1300        -1158.234    -1169.448       11.215   633.3
0.1350        -1158.144    -1169.800       11.656   658.2
0.1400        -1158.084    -1169.758       11.674   659.2
0.1450        -1158.007    -1169.399       11.392   643.3
0.1500        -1157.914    -1169.312       11.398   643.7
0.1550        -1157.819    -1169.074       11.256   635.6
0.1600        -1157.700    -1168.592       10.892   615.1
0.1650        -1157.541    -1168.167       10.626   600.1
0.1700        -1157.379    -1168.268       10.888   614.9
0.1750        -1157.241    -1168.244       11.003   621.4
0.1800        -1157.113    -1168.098       10.985   620.3
0.1850        -1156.959    -1167.653       10.694   603.9
0.1900        -1156.813    -1167.968       11.155   629.9
0.1950        -1156.745    -1168.790       12.045   680.2
0.2000        -1156.751    -1169.380       12.629   713.2
0.2050        -1156.778    -1169.170       12.392   699.8
0.2100        -1156.792    -1169.529       12.738   719.3
0.2150        -1156.845    -1170.320       13.475   760.9
0.2200        -1156.989    -1171.175       14.187   801.1
0.2250        -1157.160    -1170.834       13.674   772.2
0.2300        -1157.244    -1169.898       12.654   714.6
0.2350        -1157.256    -1169.651       12.394   699.9
0.2400        -1157.266    -1169.722       12.456   703.4
0.2450        -1157.278    -1169.644       12.366   698.3
0.2500        -1157.266    -1169.310       12.044   680.1
0.2550        -1157.233    -1169.485       12.252   691.9
0.2600        -1157.242    -1170.159       12.917   729.4
0.2650        -1157.317    -1170.804       13.487   761.6
0.2700        -1157.426    -1170.848       13.421   757.9
0.2750        -1157.498    -1170.454       12.956   731.6
0.2800        -1157.539    -1170.248       12.709   717.7
0.2850        -1157.555    -1170.088       12.533   707.7
0.2900        -1157.561    -1169.910       12.349   697.4
0.2950        -1157.536    -1169.455       11.918   673.0
0.3000        -1157.481    -1169.185       11.703   660.9
0.3050        -1157.404    -1168.869       11.464   647.4
0.3100        -1157.306    -1168.490       11.183   631.5
0.3150        -1157.174    -1168.005       10.830   611.6
0.3200        -1157.010    -1167.570       10.560   596.3
0.3250        -1156.826    -1167.333       10.506   593.3
0.3300        -1156.658    -1167.549       10.892   615.0
0.3350        -1156.520    -1167.568       11.048   623.9
0.3400        -1156.398    -1167.660       11.262   636.0
0.3450        -1156.310    -1168.164       11.854   669.4
0.3500        -1156.309    -1169.221       12.912   729.2
0.3550        -1156.393    -1169.790       13.397   756.5
0.3600        -1156.489    -1169.567       13.078   738.5
0.3650        -1156.524    -1168.899       12.375   698.8
0.3700        -1156.511    -1168.579       12.068   681.5
0.3750        -1156.473    -1168.386       11.913   672.7
0.3800        -1156.424    -1168.239       11.815   667.2
0.3850        -1156.357    -1168.041       11.684   659.8
0.3900        -1156.303    -1168.249       11.946   674.6
0.3950        -1156.262    -1168.176       11.914   672.8
0.4000        -1156.206    -1167.836       11.630   656.7
0.4050        -1156.122    -1167.517       11.394   643.4
0.4100        -1156.038    -1167.697       11.659   658.4
0.4150        -1155.972    -1167.885       11.913   672.7
0.4200        -1155.955    -1168.475       12.520   707.0
0.4250        -1155.992    -1168.833       12.842   725.2
0.4300        -1156.034    -1168.802       12.767   721.0
0.4350        -1156.057    -1168.596       12.539   708.1
0.4400        -1156.068    -1168.624       12.556   709.0
0.4450        -1156.096    -1168.865       12.770   721.1
0.4500        -1156.125    -1168.743       12.618   712.5
0.4550        -1156.147    -1168.677       12.529   707.5
0.4600        -1156.162    -1168.720       12.558   709.2
0.4650        -1156.191    -1169.003       12.812   723.5
0.4700        -1156.238    -1169.178       12.940   730.7
0.4750        -1156.293    -1169.203       12.910   729.0
0.4800        -1156.336    -1169.162       12.826   724.3
0.4850        -1156.385    -1169.280       12.895   728.2
0.4900        -1156.423    -1169.106       12.683   716.2
0.4950        -1156.435    -1168.775       12.340   696.9
0.5000        -1156.418    -1168.750       12.332   696.4
0.5050        -1156.429    -1169.252       12.823   724.1
0.5100        -1156.484    -1169.642       13.158   743.0
0.5150        -1156.558    -1169.714       13.156   742.9
0.5200        -1156.628    -1169.822       13.193   745.0
0.5250        -1156.716    -1170.063       13.347   753.7
0.5300        -1156.793    -1169.729       12.936   730.5
0.5350        -1156.807    -1168.796       11.990   677.0
0.5400        -1156.719    -1167.882       11.163   630.4
0.5450        -1156.586    -1167.734       11.148   629.5
0.5500        -1156.479    -1168.142       11.663   658.6
0.5550        -1156.439    -1168.788       12.349   697.3
0.5600        -1156.458    -1169.313       12.855   725.9
0.5650        -1156.530    -1169.883       13.352   754.0
0.5700        -1156.642    -1170.186       13.545   764.9
0.5750        -1156.748    -1169.883       13.135   741.7
0.5800        -1156.784    -1168.993       12.209   689.4
0.5850        -1156.739    -1168.403       11.664   658.7
0.5900        -1156.676    -1168.516       11.840   668.6
0.5950        -1156.640    -1168.879       12.238   691.1
0.6000        -1156.626    -1168.873       12.247   691.6
0.6050        -1156.605    -1168.712       12.108   683.7
0.6100        -1156.563    -1168.480       11.917   672.9
0.6150        -1156.508    -1168.372       11.864   669.9
0.6200        -1156.451    -1168.192       11.741   663.0
0.6250        -1156.379    -1167.886       11.507   649.8
0.6300        -1156.284    -1167.697       11.413   644.5
0.6350        -1156.187    -1167.701       11.514   650.2
0.6400        -1156.114    -1168.005       11.891   671.5
0.6450        -1156.075    -1168.241       12.166   687.0
0.6500        -1156.060    -1168.449       12.390   699.6
0.6550        -1156.072    -1168.792       12.720   718.3
0.6600        -1156.114    -1169.045       12.931   730.2
0.6650        -1156.155    -1168.764       12.608   712.0
0.6700        -1156.139    -1167.959       11.821   667.5
0.6750        -1156.057    -1167.444       11.387   643.0
0.6800        -1155.960    -1167.522       11.562   652.9
0.6850        -1155.898    -1167.898       12.000   677.6
0.6900        -1155.872    -1168.157       12.284   693.7
0.6950        -1155.867    -1168.267       12.400   700.2
0.7000        -1155.867    -1168.355       12.488   705.2
0.7050        -1155.890    -1168.748       12.859   726.1
0.7100        -1155.957    -1169.276       13.319   752.1
0.7150        -1156.052    -1169.359       13.307   751.4
0.7200        -1156.129    -1169.203       13.074   738.3
0.7250        -1156.200    -1169.495       13.294   750.7
0.7300        -1156.311    -1170.053       13.741   776.0
0.7350        -1156.449    -1170.168       13.719   774.7
0.7400        -1156.558    -1169.799       13.241   747.7
0.7450        -1156.628    -1169.575       12.947   731.1
0.7500        -1156.669    -1169.313       12.644   714.0
0.7550        -1156.675    -1168.931       12.256   692.1
0.7600        -1156.648    -1168.715       12.066   681.4
0.7650        -1156.620    -1168.824       12.204   689.1
0.7700        -1156.602    -1168.828       12.226   690.4
0.7750        -1156.574    -1168.553       11.978   676.4
0.7800        -1156.513    -1168.166       11.653   658.1
0.7850        -1156.434    -1168.097       11.663   658.6
0.7900        -1156.374    -1168.428       12.054   680.7
0.7950        -1156.358    -1168.851       12.493   705.5
0.8000        -1156.381    -1169.167       12.786   722.0
0.8050        -1156.419    -1169.147       12.728   718.8
0.8100        -1156.437    -1168.861       12.425   701.6
0.8150        -1156.428    -1168.679       12.251   691.8
0.8200        -1156.413    -1168.730       12.317   695.5
0.8250        -1156.414    -1168.945       12.531   707.6
0.8300        -1156.437    -1169.145       12.708   717.6
0.8350        -1156.470    -1169.156       12.686   716.3
0.8400        -1156.491    -1168.932       12.442   702.6
0.8450        -1156.484    -1168.720       12.235   690.9
0.8500        -1156.465    -1168.766       12.301   694.6
0.8550        -1156.466    -1168.966       12.499   705.8
0.8600        -1156.470    -1168.796       12.326   696.0
0.8650        -1156.441    -1168.408       11.967   675.8
0.8700        -1156.391    -1168.357       11.966   675.7
0.8750        -1156.352    -1168.410       12.058   680.9
0.8800        -1156.311    -1168.250       11.939   674.2
0.8850        -1156.264    -1168.169       11.905   672.3
0.8900        -1156.226    -1168.343       12.116   684.2
0.8950        -1156.214    -1168.527       12.314   695.3
0.9000        -1156.202    -1168.304       12.102   683.4
0.9050        -1156.159    -1167.934       11.775   664.9
0.9100        -1156.086    -1167.651       11.565   653.1
0.9150        -1156.003    -1167.636       11.633   656.9
0.9200        -1155.939    -1167.908       11.969   675.9
0.9250        -1155.920    -1168.469       12.550   708.7
0.9300        -1155.961    -1169.034       13.073   738.3
0.9350        -1156.046    -1169.428       13.381   755.6
0.9400        -1156.140    -1169.305       13.164   743.4
0.9450        -1156.199    -1168.977       12.778   721.6
0.9500        -1156.230    -1168.920       12.690   716.6
0.9550        -1156.264    -1169.084       12.819   723.9
0.9600        -1156.312    -1169.346       13.034   736.0
0.9650        -1156.380    -1169.566       13.185   744.6
0.9700        -1156.457    -1169.519       13.062   737.6
0.9750        -1156.498    -1169.013       12.516   706.7
0.9800        -1156.481    -1168.420       11.938   674.2
0.9850        -1156.418    -1168.077       11.659   658.4
0.9900        -1156.345    -1168.048       11.704   660.9
0.9950        -1156.282    -1168.157       11.875   670.6
1.0000        -1156.255    -1168.668       12.413   700.9
1.0050        -1156.274    -1169.002       12.728   718.8
1.0100        -1156.309    -1169.100       12.791   722.3
1.0150        -1156.338    -1168.903       12.566   709.6
1.0200        -1156.345    -1168.764       12.420   701.3
1.0250        -1156.341    -1168.690       12.350   697.4
1.0300        -1156.329    -1168.475       12.146   685.9
1.0350        -1156.285    -1168.022       11.737   662.8
1.0400        -1156.214    -1167.928       11.714   661.5
1.0450        -1156.161    -1168.266       12.105   683.6
1.0500        -1156.158    -1168.802       12.644   714.0
1.0550        -1156.187    -1168.826       12.639   713.7
1.0600        -1156.196    -1168.441       12.245   691.5
1.0650        -1156.156    -1167.834       11.678   659.5
1.0700        -1156.068    -1167.387       11.319   639.2
1.0750        -1155.951    -1167.168       11.217   633.4
1.0800        -1155.849    -1167.504       11.655   658.2
1.0850        -1155.803    -1168.116       12.312   695.3
1.0900        -1155.828    -1168.876       13.049   736.8
1.0950        -1155.914    -1169.439       13.525   763.8
1.1000        -1156.042    -1169.900       13.858   782.5
1.1050        -1156.195    -1170.237       14.042   792.9
1.1100        -1156.363    -1170.457       14.094   795.9
1.1150        -1156.515    -1170.167       13.652   770.9
1.1200        -1156.607    -1169.593       12.986   733.3
1.1250        -1156.646    -1169.359       12.713   717.9
1.1300        -1156.667    -1169.275       12.608   712.0
1.1350        -1156.688    -1169.231       12.544   708.3
1.1400        -1156.684    -1168.851       12.167   687.1
1.1450        -1156.641    -1168.339       11.698   660.6
1.1500        -1156.549    -1167.834       11.285   637.3
1.1550        -1156.434    -1167.639       11.206   632.8
1.1600        -1156.317    -1167.631       11.315   638.9
1.1650        -1156.228    -1167.987       11.758   664.0
1.1700        -1156.188    -1168.432       12.244   691.4
1.1750        -1156.197    -1168.835       12.638   713.7
1.1800        -1156.234    -1168.976       12.743   719.6
1.1850        -1156.270    -1168.894       12.623   712.8
1.1900        -1156.282    -1168.482       12.200   688.9
1.1950        -1156.247    -1168.045       11.798   666.2
1.2000        -1156.187    -1167.918       11.731   662.4
1.2050        -1156.140    -1168.210       12.070   681.6
1.2100        -1156.127    -1168.433       12.305   694.9
1.2150        -1156.120    -1168.295       12.174   687.5
1.2200        -1156.084    -1167.836       11.751   663.6
1.2250        -1156.010    -1167.555       11.546   652.0
1.2300        -1155.929    -1167.629       11.700   660.7
1.2350        -1155.888    -1168.154       12.266   692.7
1.2400        -1155.904    -1168.690       12.786   722.0
1.2450        -1155.963    -1169.024       13.061   737.5
1.2500        -1156.031    -1168.989       12.958   731.7
1.2550        -1156.083    -1168.848       12.764   720.8
1.2600        -1156.116    -1168.651       12.535   707.8
1.2650        -1156.120    -1168.473       12.353   697.6
1.2700        -1156.107    -1168.350       12.243   691.4
1.2750        -1156.096    -1168.516       12.420   701.4
1.2800        -1156.092    -1168.425       12.333   696.4
1.2850        -1156.074    -1168.313       12.239   691.2
1.2900        -1156.056    -1168.387       12.331   696.3
1.2950        -1156.050    -1168.564       12.514   706.7
1.3000        -1156.069    -1168.837       12.768   721.0
1.3050        -1156.111    -1169.122       13.011   734.7
1.3100        -1156.186    -1169.428       13.242   747.8
1.3150        -1156.269    -1169.549       13.280   749.9
1.3200        -1156.372    -1169.849       13.476   761.0
1.3250        -1156.487    -1169.930       13.443   759.1
1.3300        -1156.587    -1169.782       13.195   745.1
1.3350        -1156.646    -1169.396       12.750   720.0
1.3400        -1156.677    -1169.370       12.693   716.8
1.3450        -1156.702    -1169.206       12.504   706.1
1.3500        -1156.698    -1168.901       12.203   689.1
1.3550        -1156.671    -1168.862       12.191   688.4
1.3600        -1156.667    -1169.177       12.510   706.4
1.3650        -1156.682    -1169.127       12.445   702.8
1.3700        -1156.670    -1168.671       12.001   677.7
1.3750        -1156.623    -1168.439       11.816   667.3
1.3800        -1156.582    -1168.722       12.140   685.5
1.3850        -1156.554    -1168.548       11.993   677.2
1.3900        -1156.493    -1167.964       11.471   647.7
1.3950        -1156.395    -1167.848       11.453   646.8
1.4000        -1156.339    -1168.643       12.304   694.8
1.4050        -1156.369    -1169.274       12.905   728.7
1.4100        -1156.414    -1168.907       12.493   705.5
1.4150        -1156.384    -1167.955       11.571   653.4
1.4200        -1156.284    -1167.526       11.242   634.8
1.4250        -1156.184    -1167.772       11.587   654.3
1.4300        -1156.132    -1168.291       12.159   686.6
1.4350        -1156.113    -1168.269       12.157   686.5
1.4400        -1156.077    -1168.000       11.924   673.3
1.4450        -1156.020    -1167.824       11.804   666.6
1.4500        -1155.966    -1167.938       11.973   676.1
1.4550        -1155.926    -1168.034       12.109   683.8
1.4600        -1155.892    -1167.968       12.076   681.9
1.4650        -1155.853    -1167.770       11.917   672.9
1.4700        -1155.794    -1167.597       11.803   666.5
1.4750        -1155.738    -1167.671       11.932   673.8
1.4800        -1155.692    -1167.727       12.035   679.6
1.4850        -1155.663    -1167.906       12.244   691.4
1.4900        -1155.661    -1168.325       12.664   715.1
1.4950        -1155.704    -1168.758       13.053   737.1
1.5000        -1155.776    -1169.032       13.256   748.6
1.5050        -1155.867    -1169.338       13.471   760.7
1.5100        -1155.986    -1169.783       13.798   779.2
1.5150        -1156.128    -1169.894       13.766   777.4
1.5200        -1156.234    -1169.303       13.069   738.0
1.5250        -1156.266    -1168.625       12.359   697.9
1.5300        -1156.244    -1168.313       12.069   681.5
1.5350        -1156.219    -1168.474       12.256   692.1
1.5400        -1156.213    -1168.638       12.424   701.6
1.5450        -1156.226    -1168.847       12.621   712.7
1.5500        -1156.265    -1169.206       12.941   730.8
1.5550        -1156.331    -1169.362       13.031   735.8
1.5600        -1156.383    -1168.990       12.606   711.9
1.5650        -1156.383    -1168.471       12.088   682.6
1.5700        -1156.347    -1168.368       12.021   678.8
1.5750        -1156.332    -1168.877       12.545   708.4
1.5800        -1156.383    -1169.695       13.313   751.8
1.5850        -1156.510    -1170.521       14.011   791.2
1.5900        -1156.684    -1170.818       14.134   798.1
1.5950        -1156.839    -1170.434       13.595   767.7
1.6000        -1156.914    -1169.512       12.598   711.4
1.6050        -1156.897    -1168.733       11.836   668.4
1.6100        -1156.820    -1168.212       11.392   643.3
1.6150        -1156.705    -1167.740       11.034   623.1
1.6200        -1156.557    -1167.258       10.701   604.3
1.6250        -1156.391    -1167.239       10.848   612.6
1.6300        -1156.279    -1168.055       11.776   665.0
1.6350        -1156.246    -1168.469       12.223   690.2
1.6400        -1156.222    -1168.099       11.877   670.7
1.6450        -1156.155    -1167.776       11.621   656.3
1.6500        -1156.099    -1168.298       12.199   688.9
1.6550        -1156.126    -1169.257       13.131   741.5
1.6600        -1156.214    -1169.378       13.163   743.3
1.6650        -1156.263    -1168.728       12.465   703.9
1.6700        -1156.248    -1168.265       12.017   678.6
1.6750        -1156.225    -1168.610       12.385   699.4
1.6800        -1156.238    -1168.645       12.407   700.6
1.6850        -1156.204    -1167.709       11.506   649.7
1.6900        -1156.075    -1166.749       10.674   602.8
1.6950        -1155.900    -1166.699       10.800   609.9
1.7000        -1155.769    -1167.284       11.515   650.2
1.7050        -1155.712    -1167.906       12.194   688.6
1.7100        -1155.704    -1168.238       12.534   707.8
1.7150        -1155.725    -1168.547       12.822   724.0
1.7200        -1155.774    -1168.736       12.962   732.0
1.7250        -1155.826    -1168.714       12.888   727.8
1.7300        -1155.861    -1168.509       12.648   714.2
1.7350        -1155.884    -1168.555       12.671   715.5
1.7400        -1155.913    -1168.675       12.762   720.6
1.7450        -1155.955    -1168.875       12.920   729.6
1.7500        -1156.008    -1169.026       13.018   735.1
1.7550        -1156.077    -1169.304       13.227   746.9
1.7600        -1156.167    -1169.582       13.415   757.5
1.7650        -1156.265    -1169.586       13.321   752.2
1.7700        -1156.334    -1169.133       12.799   722.7
1.7750        -1156.348    -1168.691       12.343   697.0
1.7800        -1156.347    -1168.824       12.477   704.6
1.7850        -1156.378    -1169.201       12.823   724.1
1.7900        -1156.420    -1169.081       12.661   715.0
1.7950        -1156.415    -1168.466       12.051   680.5
1.8000        -1156.365    -1168.326       11.961   675.4
1.8050        -1156.353    -1169.057       12.704   717.4
1.8100        -1156.421    -1169.742       13.321   752.2
1.8150        -1156.514    -1169.753       13.239   747.6
1.8200        -1156.576    -1169.333       12.758   720.4
1.8250        -1156.598    -1169.217       12.618   712.6
1.8300        -1156.630    -1169.485       12.855   725.9
1.8350        -1156.670    -1169.331       12.661   715.0
1.8400        -1156.668    -1168.713       12.045   680.2
1.8450        -1156.594    -1168.010       11.416   644.6
1.8500        -1156.485    -1167.883       11.398   643.6
1.8550        -1156.398    -1168.208       11.810   666.9
1.8600        -1156.351    -1168.501       12.149   686.1
1.8650        -1156.325    -1168.497       12.172   687.3
1.8700        -1156.288    -1168.220       11.932   673.8
1.8750        -1156.227    -1168.023       11.796   666.1
1.8800        -1156.168    -1168.189       12.021   678.8
1.8850        -1156.148    -1168.635       12.487   705.1
1.8900        -1156.172    -1169.088       12.915   729.3
1.8950        -1156.234    -1169.394       13.161   743.2
1.9000        -1156.295    -1169.127       12.832   724.6
1.9050        -1156.300    -1168.315       12.015   678.5
1.9100        -1156.219    -1167.499       11.280   637.0
1.9150        -1156.095    -1167.318       11.223   633.8
1.9200        -1155.984    -1167.493       11.509   649.9
1.9250        -1155.910    -1167.776       11.866   670.1
1.9300        -1155.874    -1168.147       12.274   693.1
1.9350        -1155.889    -1168.670       12.781   721.7
1.9400        -1155.938    -1168.963       13.025   735.5
1.9450        -1156.000    -1168.902       12.903   728.6
1.9500        -1156.023    -1168.356       12.332   696.4
1.9550        -1156.005    -1168.036       12.031   679.4
1.9600        -1155.966    -1167.911       11.945   674.6
1.9650        -1155.927    -1167.946       12.019   678.7
1.9700        -1155.898    -1168.006       12.108   683.7
1.9750        -1155.879    -1168.130       12.251   691.8
1.9800        -1155.874    -1168.345       12.471   704.2
1.9850        -1155.912    -1168.978       13.066   737.8
1.9900        -1156.008    -1169.442       13.433   758.6
1.9950        -1156.102    -1169.044       12.943   730.9
2.0000        -1156.114    -1168.017       11.903   672.2
2.0050        -1156.043    -1167.534       11.492   648.9
2.0100        -1155.964    -1167.749       11.785   665.5
2.0150        -1155.931    -1168.318       12.387   699.5
2.0200        -1155.957    -1168.929       12.972   732.5
2.0250        -1156.042    -1169.558       13.516   763.3
2.0300        -1156.157    -1169.649       13.491   761.9
2.0350        -1156.247    -1169.283       13.037   736.2
2.0400        -1156.285    -1168.899       12.614   712.3
2.0450        -1156.306    -1169.089       12.782   721.8
2.0500        -1156.363    -1169.651       13.288   750.3
2.0550        -1156.465    -1170.028       13.562   765.9
2.0600        -1156.567    -1169.821       13.253   748.4
2.0650        -1156.624    -1169.307       12.683   716.2
2.0700        -1156.621    -1168.659       12.038   679.8
2.0750        -1156.560    -1168.142       11.582   654.0
2.0800        -1156.460    -1167.721       11.261   635.9
2.0850        -1156.340    -1167.595       11.254   635.5
2.0900        -1156.244    -1168.021       11.777   665.1
2.0950        -1156.220    -1168.907       12.687   716.5
2.1000        -1156.282    -1169.584       13.302   751.2
2.1050        -1156.368    -1169.590       13.222   746.7
2.1100        -1156.428    -1169.172       12.745   719.7
2.1150        -1156.443    -1168.958       12.515   706.7
2.1200        -1156.452    -1168.987       12.536   707.9
2.1250        -1156.469    -1169.213       12.744   719.7
2.1300        -1156.513    -1169.416       12.903   728.6
2.1350        -1156.562    -1169.342       12.781   721.7
2.1400        -1156.589    -1169.073       12.484   705.0
2.1450        -1156.575    -1168.550       11.976   676.3
2.1500        -1156.521    -1168.290       11.769   664.6
2.1550        -1156.463    -1168.309       11.846   668.9
2.1600        -1156.413    -1168.229       11.816   667.3
2.1650        -1156.338    -1167.636       11.299   638.0
2.1700        -1156.204    -1166.972       10.767   608.0
2.1750        -1156.030    -1166.630       10.600   598.6
2.1800        -1155.869    -1166.856       10.987   620.4
2.1850        -1155.746    -1167.042       11.296   637.9
2.1900        -1155.645    -1167.155       11.510   650.0
2.1950        -1155.576    -1167.608       12.032   679.4
2.2000        -1155.586    -1168.604       13.018   735.1
2.2050        -1155.696    -1169.594       13.897   784.8
2.2100        -1155.868    -1170.018       14.150   799.0
2.2150        -1156.030    -1169.703       13.673   772.1
2.2200        -1156.136    -1169.243       13.107   740.2
2.2250        -1156.192    -1168.914       12.721   718.4
2.2300        -1156.214    -1168.554       12.340   696.8
2.2350        -1156.192    -1168.104       11.912   672.7
2.2400        -1156.147    -1168.126       11.978   676.4
2.2450        -1156.128    -1168.512       12.383   699.3
2.2500        -1156.148    -1168.781       12.633   713.4
2.2550        -1156.177    -1168.820       12.643   713.9
2.2600        -1156.216    -1169.201       12.985   733.2
2.2650        -1156.307    -1169.893       13.586   767.2
2.2700        -1156.441    -1170.117       13.676   772.3
2.2750        -1156.545    -1169.630       13.085   738.9
2.2800        -1156.595    -1169.354       12.758   720.5
2.2850        -1156.643    -1169.614       12.971   732.5
2.2900        -1156.710    -1169.862       13.153   742.7
2.2950        -1156.768    -1169.504       12.737   719.2
2.3000        -1156.788    -1169.164       12.375   698.8
2.3050        -1156.772    -1168.943       12.171   687.3
2.3100        -1156.748    -1168.999       12.250   691.8
2.3150        -1156.744    -1169.234       12.491   705.4
2.3200        -1156.749    -1169.098       12.349   697.4
2.3250        -1156.721    -1168.615       11.894   671.6
2.3300        -1156.661    -1168.527       11.866   670.1
2.3350        -1156.634    -1169.203       12.569   709.8
2.3400        -1156.678    -1169.742       13.064   737.7
2.3450        -1156.735    -1169.579       12.845   725.3
2.3500        -1156.761    -1169.266       12.505   706.2
2.3550        -1156.758    -1169.090       12.331   696.3
2.3600        -1156.747    -1168.922       12.175   687.5
2.3650        -1156.701    -1168.346       11.646   657.6
2.3700        -1156.598    -1167.699       11.101   626.9
2.3750        -1156.462    -1167.585       11.123   628.1
2.3800        -1156.365    -1168.166       11.800   666.3
2.3850        -1156.328    -1168.498       12.170   687.3
2.3900        -1156.303    -1168.248       11.945   674.5
2.3950        -1156.235    -1167.703       11.468   647.6
2.4000        -1156.141    -1167.592       11.451   646.6
2.4050        -1156.052    -1167.517       11.465   647.4
2.4100        -1155.955    -1167.307       11.352   641.1
2.4150        -1155.848    -1167.248       11.400   643.7
2.4200        -1155.777    -1167.896       12.119   684.4
2.4250        -1155.785    -1168.547       12.762   720.7
2.4300        -1155.829    -1168.693       12.863   726.4
2.4350        -1155.865    -1168.515       12.650   714.3
2.4400        -1155.881    -1168.348       12.467   704.0
2.4450        -1155.874    -1168.006       12.132   685.1
2.4500        -1155.835    -1167.791       11.957   675.2
2.4550        -1155.804    -1168.186       12.382   699.2
2.4600        -1155.840    -1169.039       13.199   745.4
2.4650        -1155.939    -1169.396       13.457   759.9
2.4700        -1156.025    -1168.975       12.950   731.3
2.4750        -1156.055    -1168.593       12.537   708.0
2.4800        -1156.081    -1169.032       12.951   731.3
2.4850        -1156.155    -1169.377       13.222   746.7
2.4900        -1156.228    -1169.210       12.982   733.1
2.4950        -1156.269    -1168.904       12.635   713.5
2.5000        -1156.289    -1168.863       12.574   710.0
2.5050        -1156.311    -1168.948       12.637   713.6
2.5100        -1156.339    -1169.071       12.732   719.0
2.5150        -1156.381    -1169.327       12.946   731.1
2.5200        -1156.456    -1169.802       13.346   753.6
2.5250        -1156.560    -1170.005       13.445   759.2
2.5300        -1156.657    -1169.821       13.163   743.3
2.5350        -1156.709    -1169.310       12.601   711.6
2.5400        -1156.712    -1168.984       12.272   693.0
2.5450        -1156.694    -1168.854       12.160   686.6
2.5500        -1156.668    -1168.771       12.103   683.4
2.5550        -1156.634    -1168.615       11.981   676.6
2.5600        -1156.591    -1168.579       11.988   676.9
2.5650        -1156.553    -1168.592       12.039   679.8
2.5700        -1156.515    -1168.460       11.946   674.6
2.5750        -1156.454    -1168.060       11.606   655.4
2.5800        -1156.367    -1167.941       11.574   653.6
2.5850        -1156.306    -1168.481       12.175   687.5
2.5900        -1156.319    -1169.177       12.858   726.1
2.5950        -1156.372    -1169.180       12.808   723.3
2.6000        -1156.390    -1168.680       12.289   694.0
2.6050        -1156.361    -1168.257       11.896   671.7
2.6100        -1156.313    -1168.285       11.972   676.1
2.6150        -1156.289    -1168.598       12.309   695.1
2.6200        -1156.290    -1168.773       12.483   704.9
2.6250        -1156.300    -1168.749       12.449   703.0
2.6300        -1156.298    -1168.519       12.221   690.1
2.6350        -1156.263    -1168.055       11.792   665.9
2.6400        -1156.198    -1167.915       11.717   661.7
2.6450        -1156.146    -1168.181       12.035   679.6
2.6500        -1156.127    -1168.441       12.313   695.3
2.6550        -1156.121    -1168.419       12.298   694.5
2.6600        -1156.116    -1168.523       12.407   700.6
2.6650        -1156.123    -1168.704       12.581   710.5
2.6700        -1156.146    -1168.886       12.740   719.4
2.6750        -1156.180    -1168.945       12.765   720.9
2.6800        -1156.210    -1168.951       12.741   719.5
2.6850        -1156.244    -1169.032       12.788   722.1
2.6900        -1156.274    -1168.810       12.536   707.9
2.6950        -1156.273    -1168.415       12.141   685.6
2.7000        -1156.244    -1168.301       12.057   680.8
2.7050        -1156.224    -1168.542       12.318   695.6
2.7100        -1156.225    -1168.607       12.382   699.2
2.7150        -1156.211    -1168.300       12.089   682.7
2.7200        -1156.164    -1168.036       11.872   670.4
2.7250        -1156.112    -1168.122       12.010   678.2
2.7300        -1156.094    -1168.464       12.370   698.6
2.7350        -1156.104    -1168.652       12.548   708.6
2.7400        -1156.128    -1168.755       12.628   713.1
2.7450        -1156.157    -1168.850       12.693   716.8
2.7500        -1156.201    -1169.097       12.896   728.2
2.7550        -1156.254    -1169.060       12.806   723.1
2.7600        -1156.289    -1168.850       12.561   709.3
2.7650        -1156.299    -1168.644       12.345   697.1
2.7700        -1156.290    -1168.473       12.183   688.0
2.7750        -1156.260    -1168.188       11.928   673.6
2.7800        -1156.210    -1168.091       11.881   670.9
2.7850        -1156.171    -1168.310       12.140   685.5
2.7900        -1156.171    -1168.806       12.635   713.5
2.7950        -1156.212    -1169.151       12.939   730.7
2.8000        -1156.275    -1169.214       12.939   730.7
2.8050        -1156.316    -1168.888       12.572   709.9
2.8100        -1156.311    -1168.459       12.148   686.0
2.8150        -1156.276    -1168.403       12.127   684.8
2.8200        -1156.270    -1168.976       12.705   717.5
2.8250        -1156.323    -1169.507       13.185   744.5
2.8300        -1156.407    -1169.547       13.140   742.0
2.8350        -1156.460    -1169.181       12.721   718.4
2.8400        -1156.485    -1169.157       12.672   715.6
2.8450        -1156.516    -1169.304       12.787   722.1
2.8500        -1156.556    -1169.274       12.718   718.2
2.8550        -1156.570    -1168.863       12.293   694.2
2.8600        -1156.546    -1168.595       12.049   680.4
2.8650        -1156.517    -1168.748       12.231   690.7
2.8700        -1156.519    -1169.074       12.556   709.0
2.8750        -1156.539    -1169.106       12.566   709.6
2.8800        -1156.551    -1168.900       12.349   697.4
2.8850        -1156.540    -1168.826       12.286   693.8
2.8900        -1156.539    -1169.009       12.471   704.2
2.8950        -1156.545    -1169.015       12.470   704.2
2.9000        -1156.547    -1168.896       12.349   697.3
2.9050        -1156.529    -1168.668       12.139   685.5
2.9100        -1156.491    -1168.376       11.885   671.1
2.9150        -1156.418    -1167.933       11.515   650.2
2.9200        -1156.319    -1167.639       11.319   639.2
2.9250        -1156.207    -1167.594       11.387   643.0
2.9300        -1156.128    -1168.003       11.875   670.6
2.9350        -1156.094    -1168.368       12.274   693.1
2.9400        -1156.089    -1168.409       12.320   695.7
2.9450        -1156.061    -1167.919       11.858   669.6
2.9500        -1155.986    -1167.462       11.476   648.0
2.9550        -1155.886    -1167.347       11.460   647.2
2.9600        -1155.810    -1167.612       11.801   666.4
2.9650        -1155.766    -1167.828       12.062   681.2
2.9700        -1155.751    -1168.169       12.417   701.2
2.9750        -1155.773    -1168.490       12.716   718.1
2.9800        -1155.817    -1168.694       12.877   727.1
2.9850        -1155.868    -1168.694       12.827   724.3
2.9900        -1155.916    -1168.742       12.826   724.3
2.9950        -1155.960    -1168.643       12.683   716.2
3.0000        -1155.990    -1168.626       12.637   713.6
3.0050        -1156.017    -1168.653       12.637   713.6
3.0100        -1156.043    -1168.712       12.669   715.4
3.0150        -1156.067    -1168.699       12.632   713.3
3.0200        -1156.096    -1168.828       12.732   719.0
3.0250        -1156.126    -1168.789       12.663   715.1
3.0300        -1156.149    -1168.738       12.589   710.9
3.0350        -1156.171    -1168.931       12.759   720.5
3.0400        -1156.231    -1169.438       13.207   745.8
3.0450        -1156.317    -1169.544       13.228   747.0
3.0500        -1156.391    -1169.382       12.990   733.6
3.0550        -1156.439    -1169.254       12.816   723.7
3.0600        -1156.481    -1169.405       12.924   729.8
3.0650        -1156.534    -1169.608       13.074   738.3
3.0700        -1156.596    -1169.541       12.945   731.0
3.0750        -1156.635    -1169.360       12.725   718.6
3.0800        -1156.663    -1169.406       12.743   719.6
3.0850        -1156.704    -1169.577       12.874   727.0
3.0900        -1156.741    -1169.295       12.555   709.0
3.0950        -1156.731    -1168.770       12.039   679.8
3.1000        -1156.681    -1168.475       11.794   666.0
3.1050        -1156.624    -1168.517       11.893   671.6
3.1100        -1156.565    -1168.216       11.651   657.9
3.1150        -1156.467    -1167.635       11.169   630.7
3.1200        -1156.328    -1167.282       10.955   618.6
3.1250        -1156.202    -1167.605       11.404   644.0
3.1300        -1156.136    -1168.140       12.004   677.8
3.1350        -1156.114    -1168.276       12.162   686.8
3.1400        -1156.072    -1167.683       11.611   655.7
3.1450        -1155.977    -1167.265       11.288   637.5
3.1500        -1155.882    -1167.640       11.758   664.0
3.1550        -1155.862    -1168.502       12.640   713.8
3.1600        -1155.903    -1168.873       12.970   732.4
3.1650        -1155.960    -1168.848       12.888   727.8
3.1700        -1155.997    -1168.687       12.690   716.6
3.1750        -1156.020    -1168.550       12.529   707.5
3.1800        -1156.012    -1168.092       12.080   682.2
3.1850        -1155.963    -1167.747       11.784   665.4
3.1900        -1155.904    -1167.862       11.958   675.3
3.1950        -1155.884    -1168.367       12.483   704.9
3.2000        -1155.905    -1168.612       12.707   717.6
3.2050        -1155.940    -1168.698       12.758   720.4
3.2100        -1155.979    -1168.829       12.850   725.6
3.2150        -1156.038    -1169.132       13.094   739.4
3.2200        -1156.101    -1168.998       12.897   728.3
3.2250        -1156.141    -1168.770       12.630   713.2
3.2300        -1156.158    -1168.751       12.593   711.1
3.2350        -1156.185    -1168.849       12.664   715.1
3.2400        -1156.193    -1168.431       12.238   691.1
3.2450        -1156.159    -1168.094       11.935   674.0
3.2500        -1156.118    -1168.389       12.271   692.9
3.2550        -1156.141    -1169.097       12.957   731.7
3.2600        -1156.199    -1169.179       12.980   733.0
3.2650        -1156.238    -1168.779       12.541   708.2
3.2700        -1156.233    -1168.469       12.236   691.0
3.2750        -1156.225    -1168.612       12.387   699.5
3.2800        -1156.226    -1168.664       12.437   702.3
3.2850        -1156.242    -1168.899       12.658   714.8
3.2900        -1156.287    -1169.273       12.986   733.3
3.2950        -1156.360    -1169.482       13.122   741.0
3.3000        -1156.419    -1169.116       12.697   717.0
3.3050        -1156.439    -1168.893       12.454   703.2
3.3100        -1156.446    -1168.821       12.374   698.8
3.3150        -1156.441    -1168.629       12.189   688.3
3.3200        -1156.411    -1168.335       11.925   673.4
3.3250        -1156.369    -1168.415       12.045   680.2
3.3300        -1156.357    -1168.816       12.459   703.6
3.3350        -1156.383    -1169.129       12.745   719.7
3.3400        -1156.417    -1168.979       12.561   709.3
3.3450        -1156.429    -1168.867       12.438   702.4
3.3500        -1156.436    -1168.856       12.419   701.3
3.3550        -1156.445    -1168.841       12.396   700.0
3.3600        -1156.437    -1168.606       12.169   687.2
3.3650        -1156.423    -1168.790       12.367   698.4
3.3700        -1156.440    -1169.156       12.716   718.1
3.3750        -1156.492    -1169.433       12.941   730.8
3.3800        -1156.534    -1169.052       12.517   706.8
3.3850        -1156.527    -1168.535       12.008   678.1
3.3900        -1156.470    -1168.047       11.578   653.8
3.3950        -1156.382    -1167.824       11.443   646.2
3.4000        -1156.284    -1167.747       11.462   647.3
3.4050        -1156.209    -1167.993       11.784   665.4
3.4100        -1156.162    -1168.268       12.106   683.6
3.4150        -1156.158    -1168.872       12.714   718.0
3.4200        -1156.216    -1169.610       13.394   756.4
3.4250        -1156.335    -1169.965       13.631   769.7
3.4300        -1156.437    -1169.618       13.181   744.3
3.4350        -1156.498    -1169.323       12.825   724.2
3.4400        -1156.529    -1169.141       12.612   712.2
3.4450        -1156.553    -1169.163       12.610   712.1
3.4500        -1156.563    -1168.807       12.244   691.4
3.4550        -1156.534    -1168.424       11.890   671.4
3.4600        -1156.481    -1168.291       11.811   666.9
3.4650        -1156.436    -1168.484       12.047   680.3
3.4700        -1156.412    -1168.506       12.094   682.9
3.4750        -1156.383    -1168.445       12.062   681.1
3.4800        -1156.340    -1168.134       11.795   666.0
3.4850        -1156.274    -1167.996       11.722   661.9
3.4900        -1156.212    -1168.161       11.949   674.8
3.4950        -1156.192    -1168.761       12.569   709.8
3.5000        -1156.241    -1169.412       13.172   743.8
3.5050        -1156.332    -1169.677       13.344   753.6
3.5100        -1156.405    -1169.195       12.790   722.2
3.5150        -1156.414    -1168.528       12.114   684.1
3.5200        -1156.370    -1168.209       11.839   668.5
3.5250        -1156.324    -1168.357       12.034   679.5
3.5300        -1156.295    -1168.393       12.097   683.1
3.5350        -1156.265    -1168.326       12.061   681.1
3.5400        -1156.234    -1168.272       12.038   679.8
3.5450        -1156.208    -1168.417       12.209   689.4
3.5500        -1156.192    -1168.351       12.159   686.6
3.5550        -1156.168    -1168.269       12.101   683.3
3.5600        -1156.143    -1168.290       12.147   685.9
3.5650        -1156.137    -1168.664       12.527   707.4
3.5700        -1156.161    -1168.829       12.668   715.3
3.5750        -1156.188    -1168.729       12.541   708.2
3.5800        -1156.190    -1168.405       12.215   689.8
3.5850        -1156.172    -1168.374       12.202   689.0
3.5900        -1156.162    -1168.491       12.329   696.2
3.5950        -1156.161    -1168.490       12.329   696.2
3.6000        -1156.147    -1168.254       12.107   683.7
3.6050        -1156.121    -1168.339       12.217   689.9
3.6100        -1156.130    -1168.900       12.770   721.1
3.6150        -1156.192    -1169.384       13.191   744.9
3.6200        -1156.269    -1169.247       12.978   732.9
3.6250        -1156.314    -1168.975       12.661   715.0
3.6300        -1156.345    -1169.133       12.788   722.1
3.6350        -1156.409    -1169.703       13.294   750.7
3.6400        -1156.514    -1170.024       13.510   762.9
3.6450        -1156.618    -1169.834       13.216   746.3
3.6500        -1156.674    -1169.315       12.642   713.9
3.6550        -1156.686    -1169.147       12.460   703.6
3.6600        -1156.698    -1169.245       12.547   708.5
3.6650        -1156.713    -1169.136       12.423   701.5
3.6700        -1156.694    -1168.624       11.930   673.7
3.6750        -1156.633    -1168.307       11.674   659.2
3.6800        -1156.564    -1168.332       11.768   664.5
3.6850        -1156.511    -1168.398       11.886   671.2
3.6900        -1156.450    -1168.024       11.573   653.5
3.6950        -1156.357    -1167.698       11.342   640.5
3.7000        -1156.258    -1167.719       11.460   647.2
3.7050        -1156.182    -1167.946       11.764   664.3
3.7100        -1156.132    -1168.075       11.943   674.4
3.7150        -1156.091    -1168.087       11.995   677.4
3.7200        -1156.051    -1168.059       12.009   678.1
3.7250        -1156.026    -1168.387       12.361   698.0
3.7300        -1156.038    -1168.674       12.636   713.6
3.7350        -1156.067    -1168.730       12.663   715.1
3.7400        -1156.073    -1168.258       12.184   688.0
3.7450        -1156.020    -1167.584       11.564   653.0
3.7500        -1155.936    -1167.509       11.573   653.5
3.7550        -1155.881    -1167.966       12.085   682.4
3.7600        -1155.883    -1168.610       12.727   718.7
3.7650        -1155.941    -1169.008       13.067   737.9
3.7700        -1156.014    -1169.063       13.049   736.9
3.7750        -1156.074    -1168.997       12.923   729.7
3.7800        -1156.144    -1169.409       13.264   749.0
3.7850        -1156.255    -1169.862       13.607   768.4
3.7900        -1156.378    -1169.895       13.517   763.3
3.7950        -1156.471    -1169.433       12.962   731.9
3.8000        -1156.505    -1168.880       12.375   698.8
3.8050        -1156.483    -1168.425       11.942   674.4
3.8100        -1156.434    -1168.330       11.896   671.7
3.8150        -1156.399    -1168.568       12.170   687.2
3.8200        -1156.392    -1168.762       12.370   698.5
3.8250        -1156.382    -1168.475       12.093   682.9
3.8300        -1156.345    -1168.395       12.050   680.5
3.8350        -1156.330    -1168.826       12.497   705.7
3.8400        -1156.365    -1169.309       12.943   730.9
3.8450        -1156.421    -1169.195       12.775   721.4
3.8500        -1156.442    -1168.869       12.426   701.7
3.8550        -1156.454    -1169.023       12.569   709.8
3.8600        -1156.489    -1169.263       12.773   721.3
3.8650        -1156.526    -1169.084       12.559   709.2
3.8700        -1156.536    -1168.908       12.372   698.7
3.8750        -1156.540    -1168.975       12.435   702.2
3.8800        -1156.552    -1169.033       12.481   704.8
3.8850        -1156.551    -1168.872       12.321   695.8
3.8900        -1156.552    -1169.016       12.465   703.9
3.8950        -1156.560    -1168.918       12.358   697.9
3.9000        -1156.551    -1168.716       12.165   687.0
3.9050        -1156.512    -1168.270       11.759   664.0
3.9100        -1156.439    -1167.960       11.521   650.6
3.9150        -1156.352    -1167.855       11.503   649.6
3.9200        -1156.281    -1168.201       11.920   673.1
3.9250        -1156.262    -1168.717       12.455   703.3
3.9300        -1156.291    -1169.119       12.828   724.4
3.9350        -1156.333    -1169.002       12.668   715.4
3.9400        -1156.351    -1168.697       12.346   697.2
3.9450        -1156.336    -1168.327       11.991   677.1
3.9500        -1156.284    -1167.912       11.628   656.6
3.9550        -1156.179    -1167.242       11.063   624.7
3.9600        -1156.050    -1167.304       11.255   635.6
3.9650        -1155.968    -1167.920       11.952   674.9
3.9700        -1155.959    -1168.595       12.636   713.5
3.9750        -1155.983    -1168.534       12.552   708.8
3.9800        -1155.993    -1168.460       12.467   704.0
3.9850        -1156.007    -1168.617       12.610   712.1
3.9900        -1156.041    -1168.828       12.787   722.1
3.9950        -1156.078    -1168.737       12.659   714.8
4.0000        -1156.097    -1168.586       12.490   705.3
4.0050        -1156.117    -1168.949       12.833   724.7
4.0100        -1156.194    -1169.663       13.469   760.6
4.0150        -1156.314    -1169.966       13.652   770.9
4.0200        -1156.425    -1169.653       13.228   747.0
4.0250        -1156.479    -1169.192       12.712   717.9
4.0300        -1156.495    -1168.836       12.341   696.9
4.0350        -1156.463    -1168.419       11.956   675.1
4.0400        -1156.404    -1168.203       11.799   666.3
4.0450        -1156.351    -1168.484       12.133   685.1
4.0500        -1156.353    -1169.100       12.747   719.8
4.0550        -1156.408    -1169.534       13.126   741.2
4.0600        -1156.477    -1169.443       12.965   732.1
4.0650        -1156.512    -1168.987       12.475   704.4
4.0700        -1156.501    -1168.551       12.050   680.5
4.0750        -1156.462    -1168.523       12.061   681.1
4.0800        -1156.451    -1169.043       12.592   711.0
4.0850        -1156.490    -1169.456       12.966   732.2
4.0900        -1156.546    -1169.399       12.853   725.8
4.0950        -1156.577    -1169.125       12.548   708.6
4.1000        -1156.582    -1168.931       12.349   697.4
4.1050        -1156.570    -1168.763       12.193   688.5
4.1100        -1156.549    -1168.683       12.134   685.2
4.1150        -1156.519    -1168.486       11.967   675.8
4.1200        -1156.457    -1168.050       11.593   654.6
4.1250        -1156.357    -1167.705       11.348   640.8
4.1300        -1156.258    -1167.997       11.739   662.9
4.1350        -1156.220    -1168.596       12.376   698.9
4.1400        -1156.225    -1168.789       12.564   709.5
4.1450        -1156.253    -1169.051       12.798   722.7
4.1500        -1156.308    -1169.352       13.044   736.6
4.1550        -1156.374    -1169.334       12.960   731.8
4.1600        -1156.400    -1168.515       12.115   684.1
4.1650        -1156.324    -1167.430       11.105   627.1
4.1700        -1156.180    -1166.936       10.756   607.4
4.1750        -1156.024    -1166.919       10.896   615.3
4.1800        -1155.894    -1167.181       11.287   637.4
4.1850        -1155.812    -1167.775       11.963   675.5
4.1900        -1155.808    -1168.599       12.791   722.3
4.1950        -1155.868    -1169.123       13.255   748.5
4.2000        -1155.945    -1169.039       13.094   739.4
4.2050        -1155.996    -1168.920       12.924   729.8
4.2100        -1156.058    -1169.417       13.359   754.4
4.2150        -1156.176    -1170.147       13.972   789.0
4.2200        -1156.335    -1170.238       13.903   785.1
4.2250        -1156.443    -1169.517       13.073   738.2
4.2300        -1156.461    -1168.552       12.090   682.7
4.2350        -1156.395    -1168.035       11.640   657.3
4.2400        -1156.326    -1168.377       12.051   680.5
4.2450        -1156.313    -1169.023       12.710   717.7
4.2500        -1156.351    -1169.127       12.776   721.4
4.2550        -1156.359    -1168.696       12.337   696.6
4.2600        -1156.352    -1168.874       12.522   707.1
4.2650        -1156.393    -1169.630       13.237   747.5
4.2700        -1156.492    -1169.872       13.380   755.6
4.2750        -1156.562    -1169.338       12.775   721.4
4.2800        -1156.579    -1169.001       12.422   701.5
4.2850        -1156.587    -1169.099       12.512   706.5
4.2900        -1156.598    -1169.070       12.471   704.2
4.2950        -1156.584    -1168.644       12.060   681.0
4.3000        -1156.536    -1168.272       11.736   662.8
4.3050        -1156.469    -1168.304       11.836   668.4
4.3100        -1156.439    -1168.857       12.418   701.3
4.3150        -1156.450    -1169.045       12.596   711.3
4.3200        -1156.457    -1168.705       12.247   691.6
4.3250        -1156.412    -1168.188       11.776   665.0
4.3300        -1156.345    -1168.141       11.796   666.1
4.3350        -1156.289    -1168.269       11.980   676.5
4.3400        -1156.253    -1168.264       12.011   678.3
4.3450        -1156.196    -1167.734       11.539   651.6
4.3500        -1156.092    -1167.363       11.271   636.5
4.3550        -1156.008    -1168.060       12.052   680.6
4.3600        -1156.015    -1168.964       12.950   731.3
4.3650        -1156.096    -1169.419       13.323   752.3
4.3700        -1156.179    -1169.218       13.039   736.3
4.3750        -1156.231    -1168.988       12.757   720.4
4.3800        -1156.259    -1168.943       12.684   716.2
4.3850        -1156.298    -1169.101       12.803   723.0
4.3900        -1156.325    -1168.752       12.426   701.7
4.3950        -1156.305    -1168.161       11.855   669.5
4.4000        -1156.239    -1167.857       11.617   656.0
4.4050        -1156.189    -1168.343       12.154   686.3
4.4100        -1156.191    -1168.768       12.578   710.3
4.4150        -1156.226    -1169.110       12.885   727.6
4.4200        -1156.280    -1169.223       12.943   730.9
4.4250        -1156.331    -1169.134       12.803   723.0
4.4300        -1156.362    -1168.953       12.592   711.1
4.4350        -1156.390    -1169.233       12.843   725.2
4.4400        -1156.457    -1169.668       13.212   746.1
4.4450        -1156.533    -1169.606       13.073   738.2
4.4500        -1156.582    -1169.235       12.653   714.5
4.4550        -1156.588    -1168.823       12.235   690.9
4.4600        -1156.576    -1168.786       12.210   689.5
4.4650        -1156.559    -1168.584       12.025   679.1
4.4700        -1156.506    -1168.025       11.519   650.5
4.4750        -1156.394    -1167.473       11.079   625.6
4.4800        -1156.274    -1167.769       11.494   649.1
4.4850        -1156.209    -1168.356       12.146   685.9
4.4900        -1156.206    -1168.851       12.646   714.1
4.4950        -1156.238    -1169.168       12.930   730.2
4.5000        -1156.298    -1169.486       13.188   744.7
4.5050        -1156.370    -1169.495       13.125   741.2
4.5100        -1156.421    -1169.259       12.838   724.9
4.5150        -1156.449    -1169.101       12.653   714.5
4.5200        -1156.460    -1168.955       12.496   705.6
4.5250        -1156.461    -1168.770       12.309   695.1
4.5300        -1156.441    -1168.451       12.010   678.2
4.5350        -1156.395    -1168.160       11.766   664.4
4.5400        -1156.324    -1167.774       11.450   646.6
4.5450        -1156.228    -1167.599       11.371   642.1
4.5500        -1156.135    -1167.721       11.586   654.2
4.5550        -1156.079    -1168.180       12.101   683.4
4.5600        -1156.066    -1168.456       12.389   699.6
4.5650        -1156.081    -1168.695       12.614   712.3
4.5700        -1156.115    -1168.941       12.826   724.3
4.5750        -1156.173    -1169.235       13.061   737.6
4.5800        -1156.236    -1169.089       12.853   725.8
4.5850        -1156.272    -1168.788       12.517   706.8
4.5900        -1156.281    -1168.664       12.383   699.3
4.5950        -1156.299    -1169.001       12.702   717.3
4.6000        -1156.342    -1169.135       12.793   722.4
4.6050        -1156.396    -1169.346       12.950   731.3
4.6100        -1156.452    -1169.329       12.877   727.1
4.6150        -1156.489    -1169.068       12.578   710.3
4.6200        -1156.481    -1168.471       11.990   677.1
4.6250        -1156.426    -1168.239       11.813   667.1
4.6300        -1156.361    -1168.189       11.828   667.9
4.6350        -1156.322    -1168.585       12.263   692.5
4.6400        -1156.319    -1168.741       12.421   701.4
4.6450        -1156.334    -1169.171       12.837   724.9
4.6500        -1156.395    -1169.588       13.193   745.0
4.6550        -1156.469    -1169.654       13.185   744.5
4.6600        -1156.532    -1169.380       12.848   725.5
4.6650        -1156.547    -1168.921       12.375   698.8
4.6700        -1156.523    -1168.432       11.909   672.5
4.6750        -1156.449    -1167.985       11.536   651.4
4.6800        -1156.363    -1167.920       11.557   652.6
4.6850        -1156.274    -1167.820       11.546   652.0
4.6900        -1156.204    -1167.941       11.737   662.8
4.6950        -1156.148    -1168.088       11.940   674.2
4.7000        -1156.129    -1168.585       12.456   703.4
4.7050        -1156.158    -1169.072       12.914   729.2
4.7100        -1156.236    -1169.493       13.257   748.6
4.7150        -1156.320    -1169.436       13.116   740.7
4.7200        -1156.388    -1169.285       12.897   728.3
4.7250        -1156.416    -1168.853       12.438   702.3
4.7300        -1156.400    -1168.287       11.886   671.2
4.7350        -1156.319    -1167.651       11.332   639.9
4.7400        -1156.218    -1167.677       11.460   647.1
4.7450        -1156.139    -1167.964       11.824   667.7
4.7500        -1156.111    -1168.369       12.258   692.2
4.7550        -1156.112    -1168.504       12.392   699.8
4.7600        -1156.125    -1168.683       12.558   709.2
4.7650        -1156.154    -1168.774       12.620   712.7
4.7700        -1156.184    -1168.835       12.652   714.4
4.7750        -1156.201    -1168.654       12.452   703.2
4.7800        -1156.200    -1168.476       12.277   693.3
4.7850        -1156.160    -1167.972       11.812   667.0
4.7900        -1156.086    -1167.767       11.680   659.6
4.7950        -1156.047    -1168.367       12.321   695.7
4.8000        -1156.074    -1169.078       13.004   734.3
4.8050        -1156.142    -1169.280       13.138   741.9
4.8100        -1156.209    -1169.140       12.931   730.2
4.8150        -1156.248    -1168.964       12.716   718.1
4.8200        -1156.290    -1169.185       12.895   728.2
4.8250        -1156.343    -1169.237       12.893   728.1
4.8300        -1156.389    -1169.059       12.670   715.5
4.8350        -1156.403    -1168.654       12.252   691.8
4.8400        -1156.380    -1168.387       12.008   678.1
4.8450        -1156.342    -1168.251       11.909   672.5
4.8500        -1156.298    -1168.254       11.956   675.1
4.8550        -1156.264    -1168.330       12.066   681.4
4.8600        -1156.244    -1168.536       12.292   694.1
4.8650        -1156.257    -1169.018       12.761   720.6
4.8700        -1156.324    -1169.571       13.246   748.0
4.8750        -1156.406    -1169.324       12.917   729.4
4.8800        -1156.423    -1168.462       12.038   679.8
4.8850        -1156.360    -1167.830       11.470   647.7
4.8900        -1156.272    -1167.884       11.612   655.8
4.8950        -1156.219    -1168.281       12.062   681.1
4.9000        -1156.202    -1168.509       12.307   695.0
4.9050        -1156.198    -1168.510       12.311   695.2
4.9100        -1156.195    -1168.524       12.329   696.2
4.9150        -1156.190    -1168.475       12.285   693.8
4.9200        -1156.188    -1168.682       12.494   705.5
4.9250        -1156.201    -1168.785       12.584   710.6
4.9300        -1156.205    -1168.547       12.342   696.9
4.9350        -1156.197    -1168.479       12.282   693.6
4.9400        -1156.203    -1168.844       12.641   713.8
4.9450        -1156.247    -1169.246       12.999   734.1
4.9500        -1156.293    -1168.914       12.621   712.7
4.9550        -1156.299    -1168.625       12.327   696.1
4.9600        -1156.286    -1168.563       12.276   693.2
4.9650        -1156.276    -1168.592       12.316   695.5
4.9700        -1156.267    -1168.549       12.282   693.5
4.9750        -1156.245    -1168.324       12.079   682.1
4.9800        -1156.211    -1168.309       12.098   683.2
4.9850        -1156.189    -1168.447       12.257   692.2
4.9900        -1156.183    -1168.630       12.447   702.9
4.9950        -1156.186    -1168.521       12.335   696.5
5.0000        -1156.167    -1168.228       12.061   681.1
