2024-12-13 11:31:24,381 - INFO - Logs will be saved to finetuning_results/logs/2024-12-13_11-31-24
2024-12-13 11:31:24,381 - INFO - Loading dataset...
2024-12-13 11:31:24,387 - INFO - Dataset loaded successfully
2024-12-13 11:31:24,387 - INFO - Initializing model...
2024-12-13 11:31:24,439 - INFO - Model layers frozen for finetuning
2024-12-13 11:31:24,894 - INFO - Starting finetuning...
2024-12-13 11:31:32,369 - INFO - Epoch 1/20:
2024-12-13 11:31:32,370 - INFO -   Train Loss: 8.967526
2024-12-13 11:31:32,370 - INFO -   Val Loss: 4.758160
2024-12-13 11:31:39,693 - INFO - Epoch 2/20:
2024-12-13 11:31:39,693 - INFO -   Train Loss: 5.765667
2024-12-13 11:31:39,693 - INFO -   Val Loss: 5.135209
2024-12-13 11:31:47,083 - INFO - Epoch 3/20:
2024-12-13 11:31:47,084 - INFO -   Train Loss: 6.446877
2024-12-13 11:31:47,084 - INFO -   Val Loss: 4.911872
2024-12-13 11:31:54,430 - INFO - Epoch 4/20:
2024-12-13 11:31:54,430 - INFO -   Train Loss: 4.926386
2024-12-13 11:31:54,431 - INFO -   Val Loss: 5.326003
2024-12-13 11:32:02,283 - INFO - Epoch 5/20:
2024-12-13 11:32:02,287 - INFO -   Train Loss: 5.118323
2024-12-13 11:32:02,287 - INFO -   Val Loss: 5.026193
2024-12-13 11:32:09,757 - INFO - Epoch 6/20:
2024-12-13 11:32:09,758 - INFO -   Train Loss: 4.090741
2024-12-13 11:32:09,758 - INFO -   Val Loss: 5.148645
2024-12-13 11:32:17,196 - INFO - Epoch 7/20:
2024-12-13 11:32:17,197 - INFO -   Train Loss: 3.448714
2024-12-13 11:32:17,197 - INFO -   Val Loss: 4.956776
2024-12-13 11:32:24,775 - INFO - Epoch 8/20:
2024-12-13 11:32:24,775 - INFO -   Train Loss: 3.370563
2024-12-13 11:32:24,776 - INFO -   Val Loss: 5.346276
2024-12-13 11:32:31,987 - INFO - Epoch 9/20:
2024-12-13 11:32:31,987 - INFO -   Train Loss: 3.034824
2024-12-13 11:32:31,987 - INFO -   Val Loss: 5.833002
2024-12-13 11:32:39,545 - INFO - Epoch 10/20:
2024-12-13 11:32:39,546 - INFO -   Train Loss: 3.137494
2024-12-13 11:32:39,546 - INFO -   Val Loss: 6.011789
2024-12-13 11:32:47,206 - INFO - Epoch 11/20:
2024-12-13 11:32:47,207 - INFO -   Train Loss: 2.992942
2024-12-13 11:32:47,207 - INFO -   Val Loss: 5.948567
2024-12-13 11:32:54,459 - INFO - Epoch 12/20:
2024-12-13 11:32:54,459 - INFO -   Train Loss: 2.108294
2024-12-13 11:32:54,459 - INFO -   Val Loss: 5.923484
2024-12-13 11:33:01,503 - INFO - Epoch 13/20:
2024-12-13 11:33:01,503 - INFO -   Train Loss: 1.861405
2024-12-13 11:33:01,503 - INFO -   Val Loss: 5.569935
2024-12-13 11:33:08,394 - INFO - Epoch 14/20:
2024-12-13 11:33:08,394 - INFO -   Train Loss: 1.497744
2024-12-13 11:33:08,394 - INFO -   Val Loss: 5.526183
2024-12-13 11:33:15,411 - INFO - Epoch 15/20:
2024-12-13 11:33:15,411 - INFO -   Train Loss: 1.297122
2024-12-13 11:33:15,411 - INFO -   Val Loss: 5.457110
2024-12-13 11:33:23,165 - INFO - Epoch 16/20:
2024-12-13 11:33:23,165 - INFO -   Train Loss: 1.224267
2024-12-13 11:33:23,165 - INFO -   Val Loss: 5.450019
2024-12-13 11:33:31,027 - INFO - Epoch 17/20:
2024-12-13 11:33:31,028 - INFO -   Train Loss: 1.078128
2024-12-13 11:33:31,028 - INFO -   Val Loss: 5.352482
2024-12-13 11:33:39,025 - INFO - Epoch 18/20:
2024-12-13 11:33:39,026 - INFO -   Train Loss: 1.002544
2024-12-13 11:33:39,026 - INFO -   Val Loss: 5.437369
2024-12-13 11:33:47,851 - INFO - Epoch 19/20:
2024-12-13 11:33:47,856 - INFO -   Train Loss: 0.973495
2024-12-13 11:33:47,857 - INFO -   Val Loss: 5.419557
2024-12-13 11:33:55,484 - INFO - Epoch 20/20:
2024-12-13 11:33:55,485 - INFO -   Train Loss: 0.952691
2024-12-13 11:33:55,485 - INFO -   Val Loss: 5.437342
2024-12-13 11:33:55,509 - INFO - Model saved to finetuning_results/checkpoints/chgnet_finetuned.pth
2024-12-13 11:33:57,406 - INFO - Training curves saved to finetuning_results/finetuning_curves.png
2024-12-13 11:33:57,406 - INFO - Finetuning completed successfully
