2024-12-06 14:00:56,562 - INFO - Logs will be saved to finetuning_results/logs/2024-12-06_14-00-56
2024-12-06 14:00:56,562 - INFO - Loading dataset...
2024-12-06 14:00:56,563 - INFO - Dataset loaded successfully
2024-12-06 14:00:56,563 - INFO - Initializing model...
2024-12-06 14:00:56,599 - INFO - Model layers frozen for finetuning
2024-12-06 14:00:57,139 - INFO - Starting finetuning...
2024-12-06 14:00:58,086 - INFO - Epoch 1/50:
2024-12-06 14:00:58,086 - INFO -   Train Loss: 33.255001
2024-12-06 14:00:58,086 - INFO -   Val Loss: 28.830360
2024-12-06 14:00:58,721 - INFO - Epoch 2/50:
2024-12-06 14:00:58,721 - INFO -   Train Loss: 17.065258
2024-12-06 14:00:58,721 - INFO -   Val Loss: 19.686779
2024-12-06 14:00:59,378 - INFO - Epoch 3/50:
2024-12-06 14:00:59,378 - INFO -   Train Loss: 10.738663
2024-12-06 14:00:59,378 - INFO -   Val Loss: 11.726456
2024-12-06 14:01:00,005 - INFO - Epoch 4/50:
2024-12-06 14:01:00,007 - INFO -   Train Loss: 8.140415
2024-12-06 14:01:00,007 - INFO -   Val Loss: 0.639950
2024-12-06 14:01:00,619 - INFO - Epoch 5/50:
2024-12-06 14:01:00,619 - INFO -   Train Loss: 2.010111
2024-12-06 14:01:00,619 - INFO -   Val Loss: 0.317871
2024-12-06 14:01:01,232 - INFO - Epoch 6/50:
2024-12-06 14:01:01,232 - INFO -   Train Loss: 1.608858
2024-12-06 14:01:01,232 - INFO -   Val Loss: 2.674408
2024-12-06 14:01:01,780 - INFO - Epoch 7/50:
2024-12-06 14:01:01,781 - INFO -   Train Loss: 1.752071
2024-12-06 14:01:01,781 - INFO -   Val Loss: 0.153873
2024-12-06 14:01:02,313 - INFO - Epoch 8/50:
2024-12-06 14:01:02,313 - INFO -   Train Loss: 0.873847
2024-12-06 14:01:02,313 - INFO -   Val Loss: 1.509769
2024-12-06 14:01:02,877 - INFO - Epoch 9/50:
2024-12-06 14:01:02,877 - INFO -   Train Loss: 1.087999
2024-12-06 14:01:02,877 - INFO -   Val Loss: 0.834541
2024-12-06 14:01:03,444 - INFO - Epoch 10/50:
2024-12-06 14:01:03,444 - INFO -   Train Loss: 0.766813
2024-12-06 14:01:03,444 - INFO -   Val Loss: 0.636234
2024-12-06 14:01:03,959 - INFO - Epoch 11/50:
2024-12-06 14:01:03,959 - INFO -   Train Loss: 0.659527
2024-12-06 14:01:03,959 - INFO -   Val Loss: 0.839817
2024-12-06 14:01:04,513 - INFO - Epoch 12/50:
2024-12-06 14:01:04,513 - INFO -   Train Loss: 0.555223
2024-12-06 14:01:04,513 - INFO -   Val Loss: 0.148281
2024-12-06 14:01:05,092 - INFO - Epoch 13/50:
2024-12-06 14:01:05,093 - INFO -   Train Loss: 0.400402
2024-12-06 14:01:05,093 - INFO -   Val Loss: 0.610756
2024-12-06 14:01:05,692 - INFO - Epoch 14/50:
2024-12-06 14:01:05,692 - INFO -   Train Loss: 0.411829
2024-12-06 14:01:05,692 - INFO -   Val Loss: 0.073261
2024-12-06 14:01:06,270 - INFO - Epoch 15/50:
2024-12-06 14:01:06,271 - INFO -   Train Loss: 0.246480
2024-12-06 14:01:06,271 - INFO -   Val Loss: 0.394165
2024-12-06 14:01:06,833 - INFO - Epoch 16/50:
2024-12-06 14:01:06,833 - INFO -   Train Loss: 0.265675
2024-12-06 14:01:06,833 - INFO -   Val Loss: 0.072025
2024-12-06 14:01:07,544 - INFO - Epoch 17/50:
2024-12-06 14:01:07,545 - INFO -   Train Loss: 0.185242
2024-12-06 14:01:07,545 - INFO -   Val Loss: 0.250385
2024-12-06 14:01:08,217 - INFO - Epoch 18/50:
2024-12-06 14:01:08,217 - INFO -   Train Loss: 0.171991
2024-12-06 14:01:08,217 - INFO -   Val Loss: 0.175449
2024-12-06 14:01:08,836 - INFO - Epoch 19/50:
2024-12-06 14:01:08,836 - INFO -   Train Loss: 0.147339
2024-12-06 14:01:08,836 - INFO -   Val Loss: 0.095608
2024-12-06 14:01:09,410 - INFO - Epoch 20/50:
2024-12-06 14:01:09,410 - INFO -   Train Loss: 0.115753
2024-12-06 14:01:09,411 - INFO -   Val Loss: 0.162853
2024-12-06 14:01:09,940 - INFO - Epoch 21/50:
2024-12-06 14:01:09,940 - INFO -   Train Loss: 0.115395
2024-12-06 14:01:09,940 - INFO -   Val Loss: 0.068275
2024-12-06 14:01:10,553 - INFO - Epoch 22/50:
2024-12-06 14:01:10,553 - INFO -   Train Loss: 0.092503
2024-12-06 14:01:10,553 - INFO -   Val Loss: 0.041298
2024-12-06 14:01:11,120 - INFO - Epoch 23/50:
2024-12-06 14:01:11,120 - INFO -   Train Loss: 0.051460
2024-12-06 14:01:11,120 - INFO -   Val Loss: 0.111382
2024-12-06 14:01:11,785 - INFO - Epoch 24/50:
2024-12-06 14:01:11,785 - INFO -   Train Loss: 0.075133
2024-12-06 14:01:11,785 - INFO -   Val Loss: 0.048634
2024-12-06 14:01:12,349 - INFO - Epoch 25/50:
2024-12-06 14:01:12,349 - INFO -   Train Loss: 0.051497
2024-12-06 14:01:12,349 - INFO -   Val Loss: 0.036278
2024-12-06 14:01:12,908 - INFO - Epoch 26/50:
2024-12-06 14:01:12,908 - INFO -   Train Loss: 0.028507
2024-12-06 14:01:12,908 - INFO -   Val Loss: 0.002052
2024-12-06 14:01:13,490 - INFO - Epoch 27/50:
2024-12-06 14:01:13,490 - INFO -   Train Loss: 0.023931
2024-12-06 14:01:13,490 - INFO -   Val Loss: 0.011097
2024-12-06 14:01:14,134 - INFO - Epoch 28/50:
2024-12-06 14:01:14,134 - INFO -   Train Loss: 0.019685
2024-12-06 14:01:14,134 - INFO -   Val Loss: 0.004593
2024-12-06 14:01:14,703 - INFO - Epoch 29/50:
2024-12-06 14:01:14,703 - INFO -   Train Loss: 0.024075
2024-12-06 14:01:14,703 - INFO -   Val Loss: 0.002865
2024-12-06 14:01:15,322 - INFO - Epoch 30/50:
2024-12-06 14:01:15,322 - INFO -   Train Loss: 0.015798
2024-12-06 14:01:15,322 - INFO -   Val Loss: 0.030960
2024-12-06 14:01:15,854 - INFO - Epoch 31/50:
2024-12-06 14:01:15,854 - INFO -   Train Loss: 0.031608
2024-12-06 14:01:15,854 - INFO -   Val Loss: 0.030674
2024-12-06 14:01:16,508 - INFO - Epoch 32/50:
2024-12-06 14:01:16,508 - INFO -   Train Loss: 0.024605
2024-12-06 14:01:16,508 - INFO -   Val Loss: 0.008209
2024-12-06 14:01:17,144 - INFO - Epoch 33/50:
2024-12-06 14:01:17,145 - INFO -   Train Loss: 0.030167
2024-12-06 14:01:17,145 - INFO -   Val Loss: 0.043026
2024-12-06 14:01:17,744 - INFO - Epoch 34/50:
2024-12-06 14:01:17,744 - INFO -   Train Loss: 0.042253
2024-12-06 14:01:17,744 - INFO -   Val Loss: 0.022091
2024-12-06 14:01:18,346 - INFO - Epoch 35/50:
2024-12-06 14:01:18,346 - INFO -   Train Loss: 0.041926
2024-12-06 14:01:18,346 - INFO -   Val Loss: 0.035839
2024-12-06 14:01:18,901 - INFO - Epoch 36/50:
2024-12-06 14:01:18,901 - INFO -   Train Loss: 0.030311
2024-12-06 14:01:18,901 - INFO -   Val Loss: 0.040379
2024-12-06 14:01:19,533 - INFO - Epoch 37/50:
2024-12-06 14:01:19,533 - INFO -   Train Loss: 0.024327
2024-12-06 14:01:19,533 - INFO -   Val Loss: 0.033035
2024-12-06 14:01:20,080 - INFO - Epoch 38/50:
2024-12-06 14:01:20,080 - INFO -   Train Loss: 0.021262
2024-12-06 14:01:20,080 - INFO -   Val Loss: 0.013187
2024-12-06 14:01:20,619 - INFO - Epoch 39/50:
2024-12-06 14:01:20,619 - INFO -   Train Loss: 0.021862
2024-12-06 14:01:20,619 - INFO -   Val Loss: 0.029282
2024-12-06 14:01:21,228 - INFO - Epoch 40/50:
2024-12-06 14:01:21,228 - INFO -   Train Loss: 0.017702
2024-12-06 14:01:21,228 - INFO -   Val Loss: 0.041824
2024-12-06 14:01:21,802 - INFO - Epoch 41/50:
2024-12-06 14:01:21,802 - INFO -   Train Loss: 0.041974
2024-12-06 14:01:21,802 - INFO -   Val Loss: 0.034084
2024-12-06 14:01:22,403 - INFO - Epoch 42/50:
2024-12-06 14:01:22,403 - INFO -   Train Loss: 0.029474
2024-12-06 14:01:22,403 - INFO -   Val Loss: 0.000877
2024-12-06 14:01:23,054 - INFO - Epoch 43/50:
2024-12-06 14:01:23,054 - INFO -   Train Loss: 0.019956
2024-12-06 14:01:23,054 - INFO -   Val Loss: 0.026485
2024-12-06 14:01:23,614 - INFO - Epoch 44/50:
2024-12-06 14:01:23,615 - INFO -   Train Loss: 0.042603
2024-12-06 14:01:23,615 - INFO -   Val Loss: 0.084759
2024-12-06 14:01:24,187 - INFO - Epoch 45/50:
2024-12-06 14:01:24,187 - INFO -   Train Loss: 0.054523
2024-12-06 14:01:24,187 - INFO -   Val Loss: 0.062340
2024-12-06 14:01:24,800 - INFO - Epoch 46/50:
2024-12-06 14:01:24,800 - INFO -   Train Loss: 0.057585
2024-12-06 14:01:24,800 - INFO -   Val Loss: 0.019688
2024-12-06 14:01:25,413 - INFO - Epoch 47/50:
2024-12-06 14:01:25,413 - INFO -   Train Loss: 0.032894
2024-12-06 14:01:25,413 - INFO -   Val Loss: 0.009617
2024-12-06 14:01:26,016 - INFO - Epoch 48/50:
2024-12-06 14:01:26,016 - INFO -   Train Loss: 0.020361
2024-12-06 14:01:26,016 - INFO -   Val Loss: 0.027386
2024-12-06 14:01:26,621 - INFO - Epoch 49/50:
2024-12-06 14:01:26,621 - INFO -   Train Loss: 0.024096
2024-12-06 14:01:26,621 - INFO -   Val Loss: 0.001415
2024-12-06 14:01:27,183 - INFO - Epoch 50/50:
2024-12-06 14:01:27,183 - INFO -   Train Loss: 0.023015
2024-12-06 14:01:27,183 - INFO -   Val Loss: 0.012859
2024-12-06 14:01:27,199 - INFO - Model saved to finetuning_results/checkpoints/chgnet_finetuned.pth
2024-12-06 14:01:28,893 - INFO - Training curves saved to finetuning_results/finetuning_curves.png
2024-12-06 14:01:28,894 - INFO - Finetuning completed successfully
